ARM GAS  C:\Users\r\AppData\Local\Temp\ccMB2HJq.s 			page 1


   1              		.syntax unified
   2              		.cpu cortex-m3
   3              		.fpu softvfp
   4              		.eabi_attribute 20, 1
   5              		.eabi_attribute 21, 1
   6              		.eabi_attribute 23, 3
   7              		.eabi_attribute 24, 1
   8              		.eabi_attribute 25, 1
   9              		.eabi_attribute 26, 1
  10              		.eabi_attribute 30, 6
  11              		.eabi_attribute 34, 1
  12              		.eabi_attribute 18, 4
  13              		.thumb
  14              		.syntax unified
  15              		.file	"bits.c"
  16              		.text
  17              	.Ltext0:
  18              		.cfi_sections	.debug_frame
  19              		.global	Lookup_OddParity
  20              		.section	.rodata
  21              		.align	2
  22              		.type	Lookup_OddParity, %object
  23              		.size	Lookup_OddParity, 256
  24              	Lookup_OddParity:
  25 0000 01       		.byte	1
  26 0001 00       		.byte	0
  27 0002 00       		.byte	0
  28 0003 01       		.byte	1
  29 0004 00       		.byte	0
  30 0005 01       		.byte	1
  31 0006 01       		.byte	1
  32 0007 00       		.byte	0
  33 0008 00       		.byte	0
  34 0009 01       		.byte	1
  35 000a 01       		.byte	1
  36 000b 00       		.byte	0
  37 000c 01       		.byte	1
  38 000d 00       		.byte	0
  39 000e 00       		.byte	0
  40 000f 01       		.byte	1
  41 0010 00       		.byte	0
  42 0011 01       		.byte	1
  43 0012 01       		.byte	1
  44 0013 00       		.byte	0
  45 0014 01       		.byte	1
  46 0015 00       		.byte	0
  47 0016 00       		.byte	0
  48 0017 01       		.byte	1
  49 0018 01       		.byte	1
  50 0019 00       		.byte	0
  51 001a 00       		.byte	0
  52 001b 01       		.byte	1
  53 001c 00       		.byte	0
  54 001d 01       		.byte	1
  55 001e 01       		.byte	1
  56 001f 00       		.byte	0
  57 0020 00       		.byte	0
ARM GAS  C:\Users\r\AppData\Local\Temp\ccMB2HJq.s 			page 2


  58 0021 01       		.byte	1
  59 0022 01       		.byte	1
  60 0023 00       		.byte	0
  61 0024 01       		.byte	1
  62 0025 00       		.byte	0
  63 0026 00       		.byte	0
  64 0027 01       		.byte	1
  65 0028 01       		.byte	1
  66 0029 00       		.byte	0
  67 002a 00       		.byte	0
  68 002b 01       		.byte	1
  69 002c 00       		.byte	0
  70 002d 01       		.byte	1
  71 002e 01       		.byte	1
  72 002f 00       		.byte	0
  73 0030 01       		.byte	1
  74 0031 00       		.byte	0
  75 0032 00       		.byte	0
  76 0033 01       		.byte	1
  77 0034 00       		.byte	0
  78 0035 01       		.byte	1
  79 0036 01       		.byte	1
  80 0037 00       		.byte	0
  81 0038 00       		.byte	0
  82 0039 01       		.byte	1
  83 003a 01       		.byte	1
  84 003b 00       		.byte	0
  85 003c 01       		.byte	1
  86 003d 00       		.byte	0
  87 003e 00       		.byte	0
  88 003f 01       		.byte	1
  89 0040 00       		.byte	0
  90 0041 01       		.byte	1
  91 0042 01       		.byte	1
  92 0043 00       		.byte	0
  93 0044 01       		.byte	1
  94 0045 00       		.byte	0
  95 0046 00       		.byte	0
  96 0047 01       		.byte	1
  97 0048 01       		.byte	1
  98 0049 00       		.byte	0
  99 004a 00       		.byte	0
 100 004b 01       		.byte	1
 101 004c 00       		.byte	0
 102 004d 01       		.byte	1
 103 004e 01       		.byte	1
 104 004f 00       		.byte	0
 105 0050 01       		.byte	1
 106 0051 00       		.byte	0
 107 0052 00       		.byte	0
 108 0053 01       		.byte	1
 109 0054 00       		.byte	0
 110 0055 01       		.byte	1
 111 0056 01       		.byte	1
 112 0057 00       		.byte	0
 113 0058 00       		.byte	0
 114 0059 01       		.byte	1
ARM GAS  C:\Users\r\AppData\Local\Temp\ccMB2HJq.s 			page 3


 115 005a 01       		.byte	1
 116 005b 00       		.byte	0
 117 005c 01       		.byte	1
 118 005d 00       		.byte	0
 119 005e 00       		.byte	0
 120 005f 01       		.byte	1
 121 0060 01       		.byte	1
 122 0061 00       		.byte	0
 123 0062 00       		.byte	0
 124 0063 01       		.byte	1
 125 0064 00       		.byte	0
 126 0065 01       		.byte	1
 127 0066 01       		.byte	1
 128 0067 00       		.byte	0
 129 0068 00       		.byte	0
 130 0069 01       		.byte	1
 131 006a 01       		.byte	1
 132 006b 00       		.byte	0
 133 006c 01       		.byte	1
 134 006d 00       		.byte	0
 135 006e 00       		.byte	0
 136 006f 01       		.byte	1
 137 0070 00       		.byte	0
 138 0071 01       		.byte	1
 139 0072 01       		.byte	1
 140 0073 00       		.byte	0
 141 0074 01       		.byte	1
 142 0075 00       		.byte	0
 143 0076 00       		.byte	0
 144 0077 01       		.byte	1
 145 0078 01       		.byte	1
 146 0079 00       		.byte	0
 147 007a 00       		.byte	0
 148 007b 01       		.byte	1
 149 007c 00       		.byte	0
 150 007d 01       		.byte	1
 151 007e 01       		.byte	1
 152 007f 00       		.byte	0
 153 0080 00       		.byte	0
 154 0081 01       		.byte	1
 155 0082 01       		.byte	1
 156 0083 00       		.byte	0
 157 0084 01       		.byte	1
 158 0085 00       		.byte	0
 159 0086 00       		.byte	0
 160 0087 01       		.byte	1
 161 0088 01       		.byte	1
 162 0089 00       		.byte	0
 163 008a 00       		.byte	0
 164 008b 01       		.byte	1
 165 008c 00       		.byte	0
 166 008d 01       		.byte	1
 167 008e 01       		.byte	1
 168 008f 00       		.byte	0
 169 0090 01       		.byte	1
 170 0091 00       		.byte	0
 171 0092 00       		.byte	0
ARM GAS  C:\Users\r\AppData\Local\Temp\ccMB2HJq.s 			page 4


 172 0093 01       		.byte	1
 173 0094 00       		.byte	0
 174 0095 01       		.byte	1
 175 0096 01       		.byte	1
 176 0097 00       		.byte	0
 177 0098 00       		.byte	0
 178 0099 01       		.byte	1
 179 009a 01       		.byte	1
 180 009b 00       		.byte	0
 181 009c 01       		.byte	1
 182 009d 00       		.byte	0
 183 009e 00       		.byte	0
 184 009f 01       		.byte	1
 185 00a0 01       		.byte	1
 186 00a1 00       		.byte	0
 187 00a2 00       		.byte	0
 188 00a3 01       		.byte	1
 189 00a4 00       		.byte	0
 190 00a5 01       		.byte	1
 191 00a6 01       		.byte	1
 192 00a7 00       		.byte	0
 193 00a8 00       		.byte	0
 194 00a9 01       		.byte	1
 195 00aa 01       		.byte	1
 196 00ab 00       		.byte	0
 197 00ac 01       		.byte	1
 198 00ad 00       		.byte	0
 199 00ae 00       		.byte	0
 200 00af 01       		.byte	1
 201 00b0 00       		.byte	0
 202 00b1 01       		.byte	1
 203 00b2 01       		.byte	1
 204 00b3 00       		.byte	0
 205 00b4 01       		.byte	1
 206 00b5 00       		.byte	0
 207 00b6 00       		.byte	0
 208 00b7 01       		.byte	1
 209 00b8 01       		.byte	1
 210 00b9 00       		.byte	0
 211 00ba 00       		.byte	0
 212 00bb 01       		.byte	1
 213 00bc 00       		.byte	0
 214 00bd 01       		.byte	1
 215 00be 01       		.byte	1
 216 00bf 00       		.byte	0
 217 00c0 01       		.byte	1
 218 00c1 00       		.byte	0
 219 00c2 00       		.byte	0
 220 00c3 01       		.byte	1
 221 00c4 00       		.byte	0
 222 00c5 01       		.byte	1
 223 00c6 01       		.byte	1
 224 00c7 00       		.byte	0
 225 00c8 00       		.byte	0
 226 00c9 01       		.byte	1
 227 00ca 01       		.byte	1
 228 00cb 00       		.byte	0
ARM GAS  C:\Users\r\AppData\Local\Temp\ccMB2HJq.s 			page 5


 229 00cc 01       		.byte	1
 230 00cd 00       		.byte	0
 231 00ce 00       		.byte	0
 232 00cf 01       		.byte	1
 233 00d0 00       		.byte	0
 234 00d1 01       		.byte	1
 235 00d2 01       		.byte	1
 236 00d3 00       		.byte	0
 237 00d4 01       		.byte	1
 238 00d5 00       		.byte	0
 239 00d6 00       		.byte	0
 240 00d7 01       		.byte	1
 241 00d8 01       		.byte	1
 242 00d9 00       		.byte	0
 243 00da 00       		.byte	0
 244 00db 01       		.byte	1
 245 00dc 00       		.byte	0
 246 00dd 01       		.byte	1
 247 00de 01       		.byte	1
 248 00df 00       		.byte	0
 249 00e0 00       		.byte	0
 250 00e1 01       		.byte	1
 251 00e2 01       		.byte	1
 252 00e3 00       		.byte	0
 253 00e4 01       		.byte	1
 254 00e5 00       		.byte	0
 255 00e6 00       		.byte	0
 256 00e7 01       		.byte	1
 257 00e8 01       		.byte	1
 258 00e9 00       		.byte	0
 259 00ea 00       		.byte	0
 260 00eb 01       		.byte	1
 261 00ec 00       		.byte	0
 262 00ed 01       		.byte	1
 263 00ee 01       		.byte	1
 264 00ef 00       		.byte	0
 265 00f0 01       		.byte	1
 266 00f1 00       		.byte	0
 267 00f2 00       		.byte	0
 268 00f3 01       		.byte	1
 269 00f4 00       		.byte	0
 270 00f5 01       		.byte	1
 271 00f6 01       		.byte	1
 272 00f7 00       		.byte	0
 273 00f8 00       		.byte	0
 274 00f9 01       		.byte	1
 275 00fa 01       		.byte	1
 276 00fb 00       		.byte	0
 277 00fc 01       		.byte	1
 278 00fd 00       		.byte	0
 279 00fe 00       		.byte	0
 280 00ff 01       		.byte	1
 281              		.section	.text.countBits,"ax",%progbits
 282              		.align	2
 283              		.global	countBits
 284              		.thumb
 285              		.thumb_func
ARM GAS  C:\Users\r\AppData\Local\Temp\ccMB2HJq.s 			page 6


 286              		.type	countBits, %function
 287              	countBits:
 288              	.LFB63:
 289              		.file 1 "..\\..\\src\\bits.c"
   1:..\..\src/bits.c **** //	Copyright (C) 2013 Michael McMaster <michael@codesrc.com>
   2:..\..\src/bits.c **** //
   3:..\..\src/bits.c **** //	This file is part of SCSI2SD.
   4:..\..\src/bits.c **** //
   5:..\..\src/bits.c **** //	SCSI2SD is free software: you can redistribute it and/or modify
   6:..\..\src/bits.c **** //	it under the terms of the GNU General Public License as published by
   7:..\..\src/bits.c **** //	the Free Software Foundation, either version 3 of the License, or
   8:..\..\src/bits.c **** //	(at your option) any later version.
   9:..\..\src/bits.c **** //
  10:..\..\src/bits.c **** //	SCSI2SD is distributed in the hope that it will be useful,
  11:..\..\src/bits.c **** //	but WITHOUT ANY WARRANTY; without even the implied warranty of
  12:..\..\src/bits.c **** //	MERCHANTABILITY or FITNESS FOR A PARTICULAR PURPOSE.  See the
  13:..\..\src/bits.c **** //	GNU General Public License for more details.
  14:..\..\src/bits.c **** //
  15:..\..\src/bits.c **** //	You should have received a copy of the GNU General Public License
  16:..\..\src/bits.c **** //	along with SCSI2SD.  If not, see <http://www.gnu.org/licenses/>.
  17:..\..\src/bits.c **** 
  18:..\..\src/bits.c **** #include "bits.h"
  19:..\..\src/bits.c **** 
  20:..\..\src/bits.c **** const uint8 Lookup_OddParity[] =
  21:..\..\src/bits.c **** {
  22:..\..\src/bits.c **** 1,0,0,1,0,1,1,0,0,1,1,0,1,0,0,1,
  23:..\..\src/bits.c **** 0,1,1,0,1,0,0,1,1,0,0,1,0,1,1,0,
  24:..\..\src/bits.c **** 0,1,1,0,1,0,0,1,1,0,0,1,0,1,1,0,
  25:..\..\src/bits.c **** 1,0,0,1,0,1,1,0,0,1,1,0,1,0,0,1,
  26:..\..\src/bits.c **** 0,1,1,0,1,0,0,1,1,0,0,1,0,1,1,0,
  27:..\..\src/bits.c **** 1,0,0,1,0,1,1,0,0,1,1,0,1,0,0,1,
  28:..\..\src/bits.c **** 1,0,0,1,0,1,1,0,0,1,1,0,1,0,0,1,
  29:..\..\src/bits.c **** 0,1,1,0,1,0,0,1,1,0,0,1,0,1,1,0,
  30:..\..\src/bits.c **** 0,1,1,0,1,0,0,1,1,0,0,1,0,1,1,0,
  31:..\..\src/bits.c **** 1,0,0,1,0,1,1,0,0,1,1,0,1,0,0,1,
  32:..\..\src/bits.c **** 1,0,0,1,0,1,1,0,0,1,1,0,1,0,0,1,
  33:..\..\src/bits.c **** 0,1,1,0,1,0,0,1,1,0,0,1,0,1,1,0,
  34:..\..\src/bits.c **** 1,0,0,1,0,1,1,0,0,1,1,0,1,0,0,1,
  35:..\..\src/bits.c **** 0,1,1,0,1,0,0,1,1,0,0,1,0,1,1,0,
  36:..\..\src/bits.c **** 0,1,1,0,1,0,0,1,1,0,0,1,0,1,1,0,
  37:..\..\src/bits.c **** 1,0,0,1,0,1,1,0,0,1,1,0,1,0,0,1
  38:..\..\src/bits.c **** };
  39:..\..\src/bits.c **** 
  40:..\..\src/bits.c **** uint8 countBits(uint8 value)
  41:..\..\src/bits.c **** {
 290              		.loc 1 41 0
 291              		.cfi_startproc
 292              		@ args = 0, pretend = 0, frame = 16
 293              		@ frame_needed = 1, uses_anonymous_args = 0
 294              		@ link register save eliminated.
 295 0000 80B4     		push	{r7}
 296              		.cfi_def_cfa_offset 4
 297              		.cfi_offset 7, -4
 298 0002 85B0     		sub	sp, sp, #20
 299              		.cfi_def_cfa_offset 24
 300 0004 00AF     		add	r7, sp, #0
 301              		.cfi_def_cfa_register 7
ARM GAS  C:\Users\r\AppData\Local\Temp\ccMB2HJq.s 			page 7


 302 0006 0346     		mov	r3, r0
 303 0008 FB71     		strb	r3, [r7, #7]
  42:..\..\src/bits.c **** 	int i;
  43:..\..\src/bits.c **** 	for (i = 0; value; value >>= 1)
 304              		.loc 1 43 0
 305 000a 0023     		movs	r3, #0
 306 000c FB60     		str	r3, [r7, #12]
 307 000e 08E0     		b	.L2
 308              	.L3:
  44:..\..\src/bits.c **** 	{
  45:..\..\src/bits.c **** 		i += value & 1;
 309              		.loc 1 45 0 discriminator 3
 310 0010 FB79     		ldrb	r3, [r7, #7]	@ zero_extendqisi2
 311 0012 03F00103 		and	r3, r3, #1
 312 0016 FA68     		ldr	r2, [r7, #12]
 313 0018 1344     		add	r3, r3, r2
 314 001a FB60     		str	r3, [r7, #12]
  43:..\..\src/bits.c **** 	{
 315              		.loc 1 43 0 discriminator 3
 316 001c FB79     		ldrb	r3, [r7, #7]	@ zero_extendqisi2
 317 001e 5B08     		lsrs	r3, r3, #1
 318 0020 FB71     		strb	r3, [r7, #7]
 319              	.L2:
  43:..\..\src/bits.c **** 	{
 320              		.loc 1 43 0 is_stmt 0 discriminator 1
 321 0022 FB79     		ldrb	r3, [r7, #7]	@ zero_extendqisi2
 322 0024 002B     		cmp	r3, #0
 323 0026 F3D1     		bne	.L3
  46:..\..\src/bits.c **** 	}
  47:..\..\src/bits.c **** 	return i;
 324              		.loc 1 47 0 is_stmt 1
 325 0028 FB68     		ldr	r3, [r7, #12]
 326 002a DBB2     		uxtb	r3, r3
  48:..\..\src/bits.c **** }...
 327              		.loc 1 48 0
 328 002c 1846     		mov	r0, r3
 329 002e 1437     		adds	r7, r7, #20
 330              		.cfi_def_cfa_offset 4
 331 0030 BD46     		mov	sp, r7
 332              		.cfi_def_cfa_register 13
 333              		@ sp needed
 334 0032 80BC     		pop	{r7}
 335              		.cfi_restore 7
 336              		.cfi_def_cfa_offset 0
 337 0034 7047     		bx	lr
 338              		.cfi_endproc
 339              	.LFE63:
 340              		.size	countBits, .-countBits
 341 0036 00BF     		.text
 342              	.Letext0:
 343              		.file 2 "c:\\program files (x86)\\cypress\\psoc creator\\4.2\\psoc creator\\import\\gnu\\arm\\5.4.
 344              		.file 3 "c:\\program files (x86)\\cypress\\psoc creator\\4.2\\psoc creator\\import\\gnu\\arm\\5.4.
 345              		.file 4 "Generated_Source\\PSoC5/cytypes.h"
 346              		.file 5 "Generated_Source\\PSoC5/core_cm3.h"
 347              		.section	.debug_info,"",%progbits
 348              	.Ldebug_info0:
 349 0000 1D010000 		.4byte	0x11d
ARM GAS  C:\Users\r\AppData\Local\Temp\ccMB2HJq.s 			page 8


 350 0004 0400     		.2byte	0x4
 351 0006 00000000 		.4byte	.Ldebug_abbrev0
 352 000a 04       		.byte	0x4
 353 000b 01       		.uleb128 0x1
 354 000c 7C000000 		.4byte	.LASF19
 355 0010 0C       		.byte	0xc
 356 0011 66010000 		.4byte	.LASF20
 357 0015 87010000 		.4byte	.LASF21
 358 0019 00000000 		.4byte	.Ldebug_ranges0+0
 359 001d 00000000 		.4byte	0
 360 0021 00000000 		.4byte	.Ldebug_line0
 361 0025 02       		.uleb128 0x2
 362 0026 01       		.byte	0x1
 363 0027 06       		.byte	0x6
 364 0028 44010000 		.4byte	.LASF0
 365 002c 02       		.uleb128 0x2
 366 002d 01       		.byte	0x1
 367 002e 08       		.byte	0x8
 368 002f 0A010000 		.4byte	.LASF1
 369 0033 02       		.uleb128 0x2
 370 0034 02       		.byte	0x2
 371 0035 05       		.byte	0x5
 372 0036 7D010000 		.4byte	.LASF2
 373 003a 02       		.uleb128 0x2
 374 003b 02       		.byte	0x2
 375 003c 07       		.byte	0x7
 376 003d 69000000 		.4byte	.LASF3
 377 0041 03       		.uleb128 0x3
 378 0042 5C010000 		.4byte	.LASF9
 379 0046 02       		.byte	0x2
 380 0047 3F       		.byte	0x3f
 381 0048 4C000000 		.4byte	0x4c
 382 004c 02       		.uleb128 0x2
 383 004d 04       		.byte	0x4
 384 004e 05       		.byte	0x5
 385 004f 1D010000 		.4byte	.LASF4
 386 0053 02       		.uleb128 0x2
 387 0054 04       		.byte	0x4
 388 0055 07       		.byte	0x7
 389 0056 40000000 		.4byte	.LASF5
 390 005a 02       		.uleb128 0x2
 391 005b 08       		.byte	0x8
 392 005c 05       		.byte	0x5
 393 005d 00000000 		.4byte	.LASF6
 394 0061 02       		.uleb128 0x2
 395 0062 08       		.byte	0x8
 396 0063 07       		.byte	0x7
 397 0064 52000000 		.4byte	.LASF7
 398 0068 04       		.uleb128 0x4
 399 0069 04       		.byte	0x4
 400 006a 05       		.byte	0x5
 401 006b 696E7400 		.ascii	"int\000"
 402 006f 02       		.uleb128 0x2
 403 0070 04       		.byte	0x4
 404 0071 07       		.byte	0x7
 405 0072 14000000 		.4byte	.LASF8
 406 0076 03       		.uleb128 0x3
ARM GAS  C:\Users\r\AppData\Local\Temp\ccMB2HJq.s 			page 9


 407 0077 38000000 		.4byte	.LASF10
 408 007b 03       		.byte	0x3
 409 007c 2C       		.byte	0x2c
 410 007d 41000000 		.4byte	0x41
 411 0081 05       		.uleb128 0x5
 412 0082 21000000 		.4byte	.LASF11
 413 0086 04       		.byte	0x4
 414 0087 E401     		.2byte	0x1e4
 415 0089 2C000000 		.4byte	0x2c
 416 008d 02       		.uleb128 0x2
 417 008e 04       		.byte	0x4
 418 008f 04       		.byte	0x4
 419 0090 77010000 		.4byte	.LASF12
 420 0094 02       		.uleb128 0x2
 421 0095 08       		.byte	0x8
 422 0096 04       		.byte	0x4
 423 0097 26010000 		.4byte	.LASF13
 424 009b 02       		.uleb128 0x2
 425 009c 01       		.byte	0x1
 426 009d 08       		.byte	0x8
 427 009e 18010000 		.4byte	.LASF14
 428 00a2 02       		.uleb128 0x2
 429 00a3 08       		.byte	0x8
 430 00a4 04       		.byte	0x4
 431 00a5 50010000 		.4byte	.LASF15
 432 00a9 02       		.uleb128 0x2
 433 00aa 04       		.byte	0x4
 434 00ab 07       		.byte	0x7
 435 00ac CC010000 		.4byte	.LASF16
 436 00b0 06       		.uleb128 0x6
 437 00b1 2D010000 		.4byte	.LASF22
 438 00b5 01       		.byte	0x1
 439 00b6 28       		.byte	0x28
 440 00b7 81000000 		.4byte	0x81
 441 00bb 00000000 		.4byte	.LFB63
 442 00bf 36000000 		.4byte	.LFE63-.LFB63
 443 00c3 01       		.uleb128 0x1
 444 00c4 9C       		.byte	0x9c
 445 00c5 E4000000 		.4byte	0xe4
 446 00c9 07       		.uleb128 0x7
 447 00ca 0E000000 		.4byte	.LASF23
 448 00ce 01       		.byte	0x1
 449 00cf 28       		.byte	0x28
 450 00d0 81000000 		.4byte	0x81
 451 00d4 02       		.uleb128 0x2
 452 00d5 91       		.byte	0x91
 453 00d6 6F       		.sleb128 -17
 454 00d7 08       		.uleb128 0x8
 455 00d8 6900     		.ascii	"i\000"
 456 00da 01       		.byte	0x1
 457 00db 2A       		.byte	0x2a
 458 00dc 68000000 		.4byte	0x68
 459 00e0 02       		.uleb128 0x2
 460 00e1 91       		.byte	0x91
 461 00e2 74       		.sleb128 -12
 462 00e3 00       		.byte	0
 463 00e4 09       		.uleb128 0x9
ARM GAS  C:\Users\r\AppData\Local\Temp\ccMB2HJq.s 			page 10


 464 00e5 37010000 		.4byte	.LASF17
 465 00e9 05       		.byte	0x5
 466 00ea 1207     		.2byte	0x712
 467 00ec F0000000 		.4byte	0xf0
 468 00f0 0A       		.uleb128 0xa
 469 00f1 76000000 		.4byte	0x76
 470 00f5 0B       		.uleb128 0xb
 471 00f6 05010000 		.4byte	0x105
 472 00fa 05010000 		.4byte	0x105
 473 00fe 0C       		.uleb128 0xc
 474 00ff A9000000 		.4byte	0xa9
 475 0103 FF       		.byte	0xff
 476 0104 00       		.byte	0
 477 0105 0D       		.uleb128 0xd
 478 0106 81000000 		.4byte	0x81
 479 010a 0E       		.uleb128 0xe
 480 010b 27000000 		.4byte	.LASF18
 481 010f 01       		.byte	0x1
 482 0110 14       		.byte	0x14
 483 0111 1B010000 		.4byte	0x11b
 484 0115 05       		.uleb128 0x5
 485 0116 03       		.byte	0x3
 486 0117 00000000 		.4byte	Lookup_OddParity
 487 011b 0D       		.uleb128 0xd
 488 011c F5000000 		.4byte	0xf5
 489 0120 00       		.byte	0
 490              		.section	.debug_abbrev,"",%progbits
 491              	.Ldebug_abbrev0:
 492 0000 01       		.uleb128 0x1
 493 0001 11       		.uleb128 0x11
 494 0002 01       		.byte	0x1
 495 0003 25       		.uleb128 0x25
 496 0004 0E       		.uleb128 0xe
 497 0005 13       		.uleb128 0x13
 498 0006 0B       		.uleb128 0xb
 499 0007 03       		.uleb128 0x3
 500 0008 0E       		.uleb128 0xe
 501 0009 1B       		.uleb128 0x1b
 502 000a 0E       		.uleb128 0xe
 503 000b 55       		.uleb128 0x55
 504 000c 17       		.uleb128 0x17
 505 000d 11       		.uleb128 0x11
 506 000e 01       		.uleb128 0x1
 507 000f 10       		.uleb128 0x10
 508 0010 17       		.uleb128 0x17
 509 0011 00       		.byte	0
 510 0012 00       		.byte	0
 511 0013 02       		.uleb128 0x2
 512 0014 24       		.uleb128 0x24
 513 0015 00       		.byte	0
 514 0016 0B       		.uleb128 0xb
 515 0017 0B       		.uleb128 0xb
 516 0018 3E       		.uleb128 0x3e
 517 0019 0B       		.uleb128 0xb
 518 001a 03       		.uleb128 0x3
 519 001b 0E       		.uleb128 0xe
 520 001c 00       		.byte	0
ARM GAS  C:\Users\r\AppData\Local\Temp\ccMB2HJq.s 			page 11


 521 001d 00       		.byte	0
 522 001e 03       		.uleb128 0x3
 523 001f 16       		.uleb128 0x16
 524 0020 00       		.byte	0
 525 0021 03       		.uleb128 0x3
 526 0022 0E       		.uleb128 0xe
 527 0023 3A       		.uleb128 0x3a
 528 0024 0B       		.uleb128 0xb
 529 0025 3B       		.uleb128 0x3b
 530 0026 0B       		.uleb128 0xb
 531 0027 49       		.uleb128 0x49
 532 0028 13       		.uleb128 0x13
 533 0029 00       		.byte	0
 534 002a 00       		.byte	0
 535 002b 04       		.uleb128 0x4
 536 002c 24       		.uleb128 0x24
 537 002d 00       		.byte	0
 538 002e 0B       		.uleb128 0xb
 539 002f 0B       		.uleb128 0xb
 540 0030 3E       		.uleb128 0x3e
 541 0031 0B       		.uleb128 0xb
 542 0032 03       		.uleb128 0x3
 543 0033 08       		.uleb128 0x8
 544 0034 00       		.byte	0
 545 0035 00       		.byte	0
 546 0036 05       		.uleb128 0x5
 547 0037 16       		.uleb128 0x16
 548 0038 00       		.byte	0
 549 0039 03       		.uleb128 0x3
 550 003a 0E       		.uleb128 0xe
 551 003b 3A       		.uleb128 0x3a
 552 003c 0B       		.uleb128 0xb
 553 003d 3B       		.uleb128 0x3b
 554 003e 05       		.uleb128 0x5
 555 003f 49       		.uleb128 0x49
 556 0040 13       		.uleb128 0x13
 557 0041 00       		.byte	0
 558 0042 00       		.byte	0
 559 0043 06       		.uleb128 0x6
 560 0044 2E       		.uleb128 0x2e
 561 0045 01       		.byte	0x1
 562 0046 3F       		.uleb128 0x3f
 563 0047 19       		.uleb128 0x19
 564 0048 03       		.uleb128 0x3
 565 0049 0E       		.uleb128 0xe
 566 004a 3A       		.uleb128 0x3a
 567 004b 0B       		.uleb128 0xb
 568 004c 3B       		.uleb128 0x3b
 569 004d 0B       		.uleb128 0xb
 570 004e 27       		.uleb128 0x27
 571 004f 19       		.uleb128 0x19
 572 0050 49       		.uleb128 0x49
 573 0051 13       		.uleb128 0x13
 574 0052 11       		.uleb128 0x11
 575 0053 01       		.uleb128 0x1
 576 0054 12       		.uleb128 0x12
 577 0055 06       		.uleb128 0x6
ARM GAS  C:\Users\r\AppData\Local\Temp\ccMB2HJq.s 			page 12


 578 0056 40       		.uleb128 0x40
 579 0057 18       		.uleb128 0x18
 580 0058 9742     		.uleb128 0x2117
 581 005a 19       		.uleb128 0x19
 582 005b 01       		.uleb128 0x1
 583 005c 13       		.uleb128 0x13
 584 005d 00       		.byte	0
 585 005e 00       		.byte	0
 586 005f 07       		.uleb128 0x7
 587 0060 05       		.uleb128 0x5
 588 0061 00       		.byte	0
 589 0062 03       		.uleb128 0x3
 590 0063 0E       		.uleb128 0xe
 591 0064 3A       		.uleb128 0x3a
 592 0065 0B       		.uleb128 0xb
 593 0066 3B       		.uleb128 0x3b
 594 0067 0B       		.uleb128 0xb
 595 0068 49       		.uleb128 0x49
 596 0069 13       		.uleb128 0x13
 597 006a 02       		.uleb128 0x2
 598 006b 18       		.uleb128 0x18
 599 006c 00       		.byte	0
 600 006d 00       		.byte	0
 601 006e 08       		.uleb128 0x8
 602 006f 34       		.uleb128 0x34
 603 0070 00       		.byte	0
 604 0071 03       		.uleb128 0x3
 605 0072 08       		.uleb128 0x8
 606 0073 3A       		.uleb128 0x3a
 607 0074 0B       		.uleb128 0xb
 608 0075 3B       		.uleb128 0x3b
 609 0076 0B       		.uleb128 0xb
 610 0077 49       		.uleb128 0x49
 611 0078 13       		.uleb128 0x13
 612 0079 02       		.uleb128 0x2
 613 007a 18       		.uleb128 0x18
 614 007b 00       		.byte	0
 615 007c 00       		.byte	0
 616 007d 09       		.uleb128 0x9
 617 007e 34       		.uleb128 0x34
 618 007f 00       		.byte	0
 619 0080 03       		.uleb128 0x3
 620 0081 0E       		.uleb128 0xe
 621 0082 3A       		.uleb128 0x3a
 622 0083 0B       		.uleb128 0xb
 623 0084 3B       		.uleb128 0x3b
 624 0085 05       		.uleb128 0x5
 625 0086 49       		.uleb128 0x49
 626 0087 13       		.uleb128 0x13
 627 0088 3F       		.uleb128 0x3f
 628 0089 19       		.uleb128 0x19
 629 008a 3C       		.uleb128 0x3c
 630 008b 19       		.uleb128 0x19
 631 008c 00       		.byte	0
 632 008d 00       		.byte	0
 633 008e 0A       		.uleb128 0xa
 634 008f 35       		.uleb128 0x35
ARM GAS  C:\Users\r\AppData\Local\Temp\ccMB2HJq.s 			page 13


 635 0090 00       		.byte	0
 636 0091 49       		.uleb128 0x49
 637 0092 13       		.uleb128 0x13
 638 0093 00       		.byte	0
 639 0094 00       		.byte	0
 640 0095 0B       		.uleb128 0xb
 641 0096 01       		.uleb128 0x1
 642 0097 01       		.byte	0x1
 643 0098 49       		.uleb128 0x49
 644 0099 13       		.uleb128 0x13
 645 009a 01       		.uleb128 0x1
 646 009b 13       		.uleb128 0x13
 647 009c 00       		.byte	0
 648 009d 00       		.byte	0
 649 009e 0C       		.uleb128 0xc
 650 009f 21       		.uleb128 0x21
 651 00a0 00       		.byte	0
 652 00a1 49       		.uleb128 0x49
 653 00a2 13       		.uleb128 0x13
 654 00a3 2F       		.uleb128 0x2f
 655 00a4 0B       		.uleb128 0xb
 656 00a5 00       		.byte	0
 657 00a6 00       		.byte	0
 658 00a7 0D       		.uleb128 0xd
 659 00a8 26       		.uleb128 0x26
 660 00a9 00       		.byte	0
 661 00aa 49       		.uleb128 0x49
 662 00ab 13       		.uleb128 0x13
 663 00ac 00       		.byte	0
 664 00ad 00       		.byte	0
 665 00ae 0E       		.uleb128 0xe
 666 00af 34       		.uleb128 0x34
 667 00b0 00       		.byte	0
 668 00b1 03       		.uleb128 0x3
 669 00b2 0E       		.uleb128 0xe
 670 00b3 3A       		.uleb128 0x3a
 671 00b4 0B       		.uleb128 0xb
 672 00b5 3B       		.uleb128 0x3b
 673 00b6 0B       		.uleb128 0xb
 674 00b7 49       		.uleb128 0x49
 675 00b8 13       		.uleb128 0x13
 676 00b9 3F       		.uleb128 0x3f
 677 00ba 19       		.uleb128 0x19
 678 00bb 02       		.uleb128 0x2
 679 00bc 18       		.uleb128 0x18
 680 00bd 00       		.byte	0
 681 00be 00       		.byte	0
 682 00bf 00       		.byte	0
 683              		.section	.debug_aranges,"",%progbits
 684 0000 1C000000 		.4byte	0x1c
 685 0004 0200     		.2byte	0x2
 686 0006 00000000 		.4byte	.Ldebug_info0
 687 000a 04       		.byte	0x4
 688 000b 00       		.byte	0
 689 000c 0000     		.2byte	0
 690 000e 0000     		.2byte	0
 691 0010 00000000 		.4byte	.LFB63
ARM GAS  C:\Users\r\AppData\Local\Temp\ccMB2HJq.s 			page 14


 692 0014 36000000 		.4byte	.LFE63-.LFB63
 693 0018 00000000 		.4byte	0
 694 001c 00000000 		.4byte	0
 695              		.section	.debug_ranges,"",%progbits
 696              	.Ldebug_ranges0:
 697 0000 00000000 		.4byte	.LFB63
 698 0004 36000000 		.4byte	.LFE63
 699 0008 00000000 		.4byte	0
 700 000c 00000000 		.4byte	0
 701              		.section	.debug_line,"",%progbits
 702              	.Ldebug_line0:
 703 0000 7F010000 		.section	.debug_str,"MS",%progbits,1
 703      02005601 
 703      00000201 
 703      FB0E0D00 
 703      01010101 
 704              	.LASF6:
 705 0000 6C6F6E67 		.ascii	"long long int\000"
 705      206C6F6E 
 705      6720696E 
 705      7400
 706              	.LASF23:
 707 000e 76616C75 		.ascii	"value\000"
 707      6500
 708              	.LASF8:
 709 0014 756E7369 		.ascii	"unsigned int\000"
 709      676E6564 
 709      20696E74 
 709      00
 710              	.LASF11:
 711 0021 75696E74 		.ascii	"uint8\000"
 711      3800
 712              	.LASF18:
 713 0027 4C6F6F6B 		.ascii	"Lookup_OddParity\000"
 713      75705F4F 
 713      64645061 
 713      72697479 
 713      00
 714              	.LASF10:
 715 0038 696E7433 		.ascii	"int32_t\000"
 715      325F7400 
 716              	.LASF5:
 717 0040 6C6F6E67 		.ascii	"long unsigned int\000"
 717      20756E73 
 717      69676E65 
 717      6420696E 
 717      7400
 718              	.LASF7:
 719 0052 6C6F6E67 		.ascii	"long long unsigned int\000"
 719      206C6F6E 
 719      6720756E 
 719      7369676E 
 719      65642069 
 720              	.LASF3:
 721 0069 73686F72 		.ascii	"short unsigned int\000"
 721      7420756E 
 721      7369676E 
ARM GAS  C:\Users\r\AppData\Local\Temp\ccMB2HJq.s 			page 15


 721      65642069 
 721      6E7400
 722              	.LASF19:
 723 007c 474E5520 		.ascii	"GNU C11 5.4.1 20160609 (release) [ARM/embedded-5-br"
 723      43313120 
 723      352E342E 
 723      31203230 
 723      31363036 
 724 00af 616E6368 		.ascii	"anch revision 237715] -mcpu=cortex-m3 -mthumb -g -O"
 724      20726576 
 724      6973696F 
 724      6E203233 
 724      37373135 
 725 00e2 30202D66 		.ascii	"0 -ffunction-sections -ffat-lto-objects\000"
 725      66756E63 
 725      74696F6E 
 725      2D736563 
 725      74696F6E 
 726              	.LASF1:
 727 010a 756E7369 		.ascii	"unsigned char\000"
 727      676E6564 
 727      20636861 
 727      7200
 728              	.LASF14:
 729 0118 63686172 		.ascii	"char\000"
 729      00
 730              	.LASF4:
 731 011d 6C6F6E67 		.ascii	"long int\000"
 731      20696E74 
 731      00
 732              	.LASF13:
 733 0126 646F7562 		.ascii	"double\000"
 733      6C6500
 734              	.LASF22:
 735 012d 636F756E 		.ascii	"countBits\000"
 735      74426974 
 735      7300
 736              	.LASF17:
 737 0137 49544D5F 		.ascii	"ITM_RxBuffer\000"
 737      52784275 
 737      66666572 
 737      00
 738              	.LASF0:
 739 0144 7369676E 		.ascii	"signed char\000"
 739      65642063 
 739      68617200 
 740              	.LASF15:
 741 0150 6C6F6E67 		.ascii	"long double\000"
 741      20646F75 
 741      626C6500 
 742              	.LASF9:
 743 015c 5F5F696E 		.ascii	"__int32_t\000"
 743      7433325F 
 743      7400
 744              	.LASF20:
 745 0166 2E2E5C2E 		.ascii	"..\\..\\src\\bits.c\000"
 745      2E5C7372 
ARM GAS  C:\Users\r\AppData\Local\Temp\ccMB2HJq.s 			page 16


 745      635C6269 
 745      74732E63 
 745      00
 746              	.LASF12:
 747 0177 666C6F61 		.ascii	"float\000"
 747      7400
 748              	.LASF2:
 749 017d 73686F72 		.ascii	"short int\000"
 749      7420696E 
 749      7400
 750              	.LASF21:
 751 0187 433A5C55 		.ascii	"C:\\Users\\r\\Documents\\Data Sheets\\apple\\SCSI2S"
 751      73657273 
 751      5C725C44 
 751      6F63756D 
 751      656E7473 
 752 01b4 445C5343 		.ascii	"D\\SCSI2SD_Copy_01.cydsn\000"
 752      53493253 
 752      445F436F 
 752      70795F30 
 752      312E6379 
 753              	.LASF16:
 754 01cc 73697A65 		.ascii	"sizetype\000"
 754      74797065 
 754      00
 755              		.ident	"GCC: (GNU Tools for ARM Embedded Processors) 5.4.1 20160609 (release) [ARM/embedded-5-bran
