ARM GAS  C:\Users\r\AppData\Local\Temp\ccDg2qsA.s 			page 1


   1              		.syntax unified
   2              		.cpu cortex-m3
   3              		.fpu softvfp
   4              		.eabi_attribute 20, 1
   5              		.eabi_attribute 21, 1
   6              		.eabi_attribute 23, 3
   7              		.eabi_attribute 24, 1
   8              		.eabi_attribute 25, 1
   9              		.eabi_attribute 26, 1
  10              		.eabi_attribute 30, 6
  11              		.eabi_attribute 34, 1
  12              		.eabi_attribute 18, 4
  13              		.thumb
  14              		.syntax unified
  15              		.file	"Debug_Timer_Interrupt.c"
  16              		.text
  17              	.Ltext0:
  18              		.cfi_sections	.debug_frame
  19              		.section	.text.Debug_Timer_Interrupt_Start,"ax",%progbits
  20              		.align	2
  21              		.global	Debug_Timer_Interrupt_Start
  22              		.thumb
  23              		.thumb_func
  24              		.type	Debug_Timer_Interrupt_Start, %function
  25              	Debug_Timer_Interrupt_Start:
  26              	.LFB0:
  27              		.file 1 "Generated_Source\\PSoC5\\Debug_Timer_Interrupt.c"
   1:Generated_Source\PSoC5/Debug_Timer_Interrupt.c **** /*******************************************************************************
   2:Generated_Source\PSoC5/Debug_Timer_Interrupt.c **** * File Name: Debug_Timer_Interrupt.c  
   3:Generated_Source\PSoC5/Debug_Timer_Interrupt.c **** * Version 1.70
   4:Generated_Source\PSoC5/Debug_Timer_Interrupt.c **** *
   5:Generated_Source\PSoC5/Debug_Timer_Interrupt.c **** *  Description:
   6:Generated_Source\PSoC5/Debug_Timer_Interrupt.c **** *   API for controlling the state of an interrupt.
   7:Generated_Source\PSoC5/Debug_Timer_Interrupt.c **** *
   8:Generated_Source\PSoC5/Debug_Timer_Interrupt.c **** *
   9:Generated_Source\PSoC5/Debug_Timer_Interrupt.c **** *  Note:
  10:Generated_Source\PSoC5/Debug_Timer_Interrupt.c **** *
  11:Generated_Source\PSoC5/Debug_Timer_Interrupt.c **** ********************************************************************************
  12:Generated_Source\PSoC5/Debug_Timer_Interrupt.c **** * Copyright 2008-2015, Cypress Semiconductor Corporation.  All rights reserved.
  13:Generated_Source\PSoC5/Debug_Timer_Interrupt.c **** * You may use this file only in accordance with the license, terms, conditions, 
  14:Generated_Source\PSoC5/Debug_Timer_Interrupt.c **** * disclaimers, and limitations in the end user license agreement accompanying 
  15:Generated_Source\PSoC5/Debug_Timer_Interrupt.c **** * the software package with which this file was provided.
  16:Generated_Source\PSoC5/Debug_Timer_Interrupt.c **** *******************************************************************************/
  17:Generated_Source\PSoC5/Debug_Timer_Interrupt.c **** 
  18:Generated_Source\PSoC5/Debug_Timer_Interrupt.c **** 
  19:Generated_Source\PSoC5/Debug_Timer_Interrupt.c **** #include <cydevice_trm.h>
  20:Generated_Source\PSoC5/Debug_Timer_Interrupt.c **** #include <CyLib.h>
  21:Generated_Source\PSoC5/Debug_Timer_Interrupt.c **** #include <Debug_Timer_Interrupt.h>
  22:Generated_Source\PSoC5/Debug_Timer_Interrupt.c **** 
  23:Generated_Source\PSoC5/Debug_Timer_Interrupt.c **** 
  24:Generated_Source\PSoC5/Debug_Timer_Interrupt.c **** #if !defined(Debug_Timer_Interrupt__REMOVED) /* Check for removal by optimization */
  25:Generated_Source\PSoC5/Debug_Timer_Interrupt.c **** 
  26:Generated_Source\PSoC5/Debug_Timer_Interrupt.c **** /*******************************************************************************
  27:Generated_Source\PSoC5/Debug_Timer_Interrupt.c **** *  Place your includes, defines and code here 
  28:Generated_Source\PSoC5/Debug_Timer_Interrupt.c **** ********************************************************************************/
  29:Generated_Source\PSoC5/Debug_Timer_Interrupt.c **** /* `#START Debug_Timer_Interrupt_intc` */
  30:Generated_Source\PSoC5/Debug_Timer_Interrupt.c **** 
ARM GAS  C:\Users\r\AppData\Local\Temp\ccDg2qsA.s 			page 2


  31:Generated_Source\PSoC5/Debug_Timer_Interrupt.c **** /* `#END` */
  32:Generated_Source\PSoC5/Debug_Timer_Interrupt.c **** 
  33:Generated_Source\PSoC5/Debug_Timer_Interrupt.c **** #ifndef CYINT_IRQ_BASE
  34:Generated_Source\PSoC5/Debug_Timer_Interrupt.c **** #define CYINT_IRQ_BASE      16
  35:Generated_Source\PSoC5/Debug_Timer_Interrupt.c **** #endif /* CYINT_IRQ_BASE */
  36:Generated_Source\PSoC5/Debug_Timer_Interrupt.c **** #ifndef CYINT_VECT_TABLE
  37:Generated_Source\PSoC5/Debug_Timer_Interrupt.c **** #define CYINT_VECT_TABLE    ((cyisraddress **) CYREG_NVIC_VECT_OFFSET)
  38:Generated_Source\PSoC5/Debug_Timer_Interrupt.c **** #endif /* CYINT_VECT_TABLE */
  39:Generated_Source\PSoC5/Debug_Timer_Interrupt.c **** 
  40:Generated_Source\PSoC5/Debug_Timer_Interrupt.c **** /* Declared in startup, used to set unused interrupts to. */
  41:Generated_Source\PSoC5/Debug_Timer_Interrupt.c **** CY_ISR_PROTO(IntDefaultHandler);
  42:Generated_Source\PSoC5/Debug_Timer_Interrupt.c **** 
  43:Generated_Source\PSoC5/Debug_Timer_Interrupt.c **** 
  44:Generated_Source\PSoC5/Debug_Timer_Interrupt.c **** /*******************************************************************************
  45:Generated_Source\PSoC5/Debug_Timer_Interrupt.c **** * Function Name: Debug_Timer_Interrupt_Start
  46:Generated_Source\PSoC5/Debug_Timer_Interrupt.c **** ********************************************************************************
  47:Generated_Source\PSoC5/Debug_Timer_Interrupt.c **** *
  48:Generated_Source\PSoC5/Debug_Timer_Interrupt.c **** * Summary:
  49:Generated_Source\PSoC5/Debug_Timer_Interrupt.c **** *  Set up the interrupt and enable it. This function disables the interrupt, 
  50:Generated_Source\PSoC5/Debug_Timer_Interrupt.c **** *  sets the default interrupt vector, sets the priority from the value in the
  51:Generated_Source\PSoC5/Debug_Timer_Interrupt.c **** *  Design Wide Resources Interrupt Editor, then enables the interrupt to the 
  52:Generated_Source\PSoC5/Debug_Timer_Interrupt.c **** *  interrupt controller.
  53:Generated_Source\PSoC5/Debug_Timer_Interrupt.c **** *
  54:Generated_Source\PSoC5/Debug_Timer_Interrupt.c **** * Parameters:  
  55:Generated_Source\PSoC5/Debug_Timer_Interrupt.c **** *   None
  56:Generated_Source\PSoC5/Debug_Timer_Interrupt.c **** *
  57:Generated_Source\PSoC5/Debug_Timer_Interrupt.c **** * Return:
  58:Generated_Source\PSoC5/Debug_Timer_Interrupt.c **** *   None
  59:Generated_Source\PSoC5/Debug_Timer_Interrupt.c **** *
  60:Generated_Source\PSoC5/Debug_Timer_Interrupt.c **** *******************************************************************************/
  61:Generated_Source\PSoC5/Debug_Timer_Interrupt.c **** void Debug_Timer_Interrupt_Start(void)
  62:Generated_Source\PSoC5/Debug_Timer_Interrupt.c **** {
  28              		.loc 1 62 0
  29              		.cfi_startproc
  30              		@ args = 0, pretend = 0, frame = 0
  31              		@ frame_needed = 1, uses_anonymous_args = 0
  32 0000 80B5     		push	{r7, lr}
  33              		.cfi_def_cfa_offset 8
  34              		.cfi_offset 7, -8
  35              		.cfi_offset 14, -4
  36 0002 00AF     		add	r7, sp, #0
  37              		.cfi_def_cfa_register 7
  63:Generated_Source\PSoC5/Debug_Timer_Interrupt.c ****     /* For all we know the interrupt is active. */
  64:Generated_Source\PSoC5/Debug_Timer_Interrupt.c ****     Debug_Timer_Interrupt_Disable();
  38              		.loc 1 64 0
  39 0004 FFF7FEFF 		bl	Debug_Timer_Interrupt_Disable
  65:Generated_Source\PSoC5/Debug_Timer_Interrupt.c **** 
  66:Generated_Source\PSoC5/Debug_Timer_Interrupt.c ****     /* Set the ISR to point to the Debug_Timer_Interrupt Interrupt. */
  67:Generated_Source\PSoC5/Debug_Timer_Interrupt.c ****     Debug_Timer_Interrupt_SetVector(&Debug_Timer_Interrupt_Interrupt);
  40              		.loc 1 67 0
  41 0008 0448     		ldr	r0, .L2
  42 000a FFF7FEFF 		bl	Debug_Timer_Interrupt_SetVector
  68:Generated_Source\PSoC5/Debug_Timer_Interrupt.c **** 
  69:Generated_Source\PSoC5/Debug_Timer_Interrupt.c ****     /* Set the priority. */
  70:Generated_Source\PSoC5/Debug_Timer_Interrupt.c ****     Debug_Timer_Interrupt_SetPriority((uint8)Debug_Timer_Interrupt_INTC_PRIOR_NUMBER);
  43              		.loc 1 70 0
  44 000e 0720     		movs	r0, #7
ARM GAS  C:\Users\r\AppData\Local\Temp\ccDg2qsA.s 			page 3


  45 0010 FFF7FEFF 		bl	Debug_Timer_Interrupt_SetPriority
  71:Generated_Source\PSoC5/Debug_Timer_Interrupt.c **** 
  72:Generated_Source\PSoC5/Debug_Timer_Interrupt.c ****     /* Enable it. */
  73:Generated_Source\PSoC5/Debug_Timer_Interrupt.c ****     Debug_Timer_Interrupt_Enable();
  46              		.loc 1 73 0
  47 0014 FFF7FEFF 		bl	Debug_Timer_Interrupt_Enable
  74:Generated_Source\PSoC5/Debug_Timer_Interrupt.c **** }
  48              		.loc 1 74 0
  49 0018 00BF     		nop
  50 001a 80BD     		pop	{r7, pc}
  51              	.L3:
  52              		.align	2
  53              	.L2:
  54 001c 00000000 		.word	Debug_Timer_Interrupt_Interrupt
  55              		.cfi_endproc
  56              	.LFE0:
  57              		.size	Debug_Timer_Interrupt_Start, .-Debug_Timer_Interrupt_Start
  58              		.section	.text.Debug_Timer_Interrupt_StartEx,"ax",%progbits
  59              		.align	2
  60              		.global	Debug_Timer_Interrupt_StartEx
  61              		.thumb
  62              		.thumb_func
  63              		.type	Debug_Timer_Interrupt_StartEx, %function
  64              	Debug_Timer_Interrupt_StartEx:
  65              	.LFB1:
  75:Generated_Source\PSoC5/Debug_Timer_Interrupt.c **** 
  76:Generated_Source\PSoC5/Debug_Timer_Interrupt.c **** 
  77:Generated_Source\PSoC5/Debug_Timer_Interrupt.c **** /*******************************************************************************
  78:Generated_Source\PSoC5/Debug_Timer_Interrupt.c **** * Function Name: Debug_Timer_Interrupt_StartEx
  79:Generated_Source\PSoC5/Debug_Timer_Interrupt.c **** ********************************************************************************
  80:Generated_Source\PSoC5/Debug_Timer_Interrupt.c **** *
  81:Generated_Source\PSoC5/Debug_Timer_Interrupt.c **** * Summary:
  82:Generated_Source\PSoC5/Debug_Timer_Interrupt.c **** *  Sets up the interrupt and enables it. This function disables the interrupt,
  83:Generated_Source\PSoC5/Debug_Timer_Interrupt.c **** *  sets the interrupt vector based on the address passed in, sets the priority 
  84:Generated_Source\PSoC5/Debug_Timer_Interrupt.c **** *  from the value in the Design Wide Resources Interrupt Editor, then enables 
  85:Generated_Source\PSoC5/Debug_Timer_Interrupt.c **** *  the interrupt to the interrupt controller.
  86:Generated_Source\PSoC5/Debug_Timer_Interrupt.c **** *  
  87:Generated_Source\PSoC5/Debug_Timer_Interrupt.c **** *  When defining ISR functions, the CY_ISR and CY_ISR_PROTO macros should be 
  88:Generated_Source\PSoC5/Debug_Timer_Interrupt.c **** *  used to provide consistent definition across compilers:
  89:Generated_Source\PSoC5/Debug_Timer_Interrupt.c **** *  
  90:Generated_Source\PSoC5/Debug_Timer_Interrupt.c **** *  Function definition example:
  91:Generated_Source\PSoC5/Debug_Timer_Interrupt.c **** *   CY_ISR(MyISR)
  92:Generated_Source\PSoC5/Debug_Timer_Interrupt.c **** *   {
  93:Generated_Source\PSoC5/Debug_Timer_Interrupt.c **** *   }
  94:Generated_Source\PSoC5/Debug_Timer_Interrupt.c **** *   Function prototype example:
  95:Generated_Source\PSoC5/Debug_Timer_Interrupt.c **** *   CY_ISR_PROTO(MyISR);
  96:Generated_Source\PSoC5/Debug_Timer_Interrupt.c **** *
  97:Generated_Source\PSoC5/Debug_Timer_Interrupt.c **** * Parameters:  
  98:Generated_Source\PSoC5/Debug_Timer_Interrupt.c **** *   address: Address of the ISR to set in the interrupt vector table.
  99:Generated_Source\PSoC5/Debug_Timer_Interrupt.c **** *
 100:Generated_Source\PSoC5/Debug_Timer_Interrupt.c **** * Return:
 101:Generated_Source\PSoC5/Debug_Timer_Interrupt.c **** *   None
 102:Generated_Source\PSoC5/Debug_Timer_Interrupt.c **** *
 103:Generated_Source\PSoC5/Debug_Timer_Interrupt.c **** *******************************************************************************/
 104:Generated_Source\PSoC5/Debug_Timer_Interrupt.c **** void Debug_Timer_Interrupt_StartEx(cyisraddress address)
 105:Generated_Source\PSoC5/Debug_Timer_Interrupt.c **** {
  66              		.loc 1 105 0
ARM GAS  C:\Users\r\AppData\Local\Temp\ccDg2qsA.s 			page 4


  67              		.cfi_startproc
  68              		@ args = 0, pretend = 0, frame = 8
  69              		@ frame_needed = 1, uses_anonymous_args = 0
  70 0000 80B5     		push	{r7, lr}
  71              		.cfi_def_cfa_offset 8
  72              		.cfi_offset 7, -8
  73              		.cfi_offset 14, -4
  74 0002 82B0     		sub	sp, sp, #8
  75              		.cfi_def_cfa_offset 16
  76 0004 00AF     		add	r7, sp, #0
  77              		.cfi_def_cfa_register 7
  78 0006 7860     		str	r0, [r7, #4]
 106:Generated_Source\PSoC5/Debug_Timer_Interrupt.c ****     /* For all we know the interrupt is active. */
 107:Generated_Source\PSoC5/Debug_Timer_Interrupt.c ****     Debug_Timer_Interrupt_Disable();
  79              		.loc 1 107 0
  80 0008 FFF7FEFF 		bl	Debug_Timer_Interrupt_Disable
 108:Generated_Source\PSoC5/Debug_Timer_Interrupt.c **** 
 109:Generated_Source\PSoC5/Debug_Timer_Interrupt.c ****     /* Set the ISR to point to the Debug_Timer_Interrupt Interrupt. */
 110:Generated_Source\PSoC5/Debug_Timer_Interrupt.c ****     Debug_Timer_Interrupt_SetVector(address);
  81              		.loc 1 110 0
  82 000c 7868     		ldr	r0, [r7, #4]
  83 000e FFF7FEFF 		bl	Debug_Timer_Interrupt_SetVector
 111:Generated_Source\PSoC5/Debug_Timer_Interrupt.c **** 
 112:Generated_Source\PSoC5/Debug_Timer_Interrupt.c ****     /* Set the priority. */
 113:Generated_Source\PSoC5/Debug_Timer_Interrupt.c ****     Debug_Timer_Interrupt_SetPriority((uint8)Debug_Timer_Interrupt_INTC_PRIOR_NUMBER);
  84              		.loc 1 113 0
  85 0012 0720     		movs	r0, #7
  86 0014 FFF7FEFF 		bl	Debug_Timer_Interrupt_SetPriority
 114:Generated_Source\PSoC5/Debug_Timer_Interrupt.c **** 
 115:Generated_Source\PSoC5/Debug_Timer_Interrupt.c ****     /* Enable it. */
 116:Generated_Source\PSoC5/Debug_Timer_Interrupt.c ****     Debug_Timer_Interrupt_Enable();
  87              		.loc 1 116 0
  88 0018 FFF7FEFF 		bl	Debug_Timer_Interrupt_Enable
 117:Generated_Source\PSoC5/Debug_Timer_Interrupt.c **** }
  89              		.loc 1 117 0
  90 001c 00BF     		nop
  91 001e 0837     		adds	r7, r7, #8
  92              		.cfi_def_cfa_offset 8
  93 0020 BD46     		mov	sp, r7
  94              		.cfi_def_cfa_register 13
  95              		@ sp needed
  96 0022 80BD     		pop	{r7, pc}
  97              		.cfi_endproc
  98              	.LFE1:
  99              		.size	Debug_Timer_Interrupt_StartEx, .-Debug_Timer_Interrupt_StartEx
 100              		.section	.text.Debug_Timer_Interrupt_Stop,"ax",%progbits
 101              		.align	2
 102              		.global	Debug_Timer_Interrupt_Stop
 103              		.thumb
 104              		.thumb_func
 105              		.type	Debug_Timer_Interrupt_Stop, %function
 106              	Debug_Timer_Interrupt_Stop:
 107              	.LFB2:
 118:Generated_Source\PSoC5/Debug_Timer_Interrupt.c **** 
 119:Generated_Source\PSoC5/Debug_Timer_Interrupt.c **** 
 120:Generated_Source\PSoC5/Debug_Timer_Interrupt.c **** /*******************************************************************************
 121:Generated_Source\PSoC5/Debug_Timer_Interrupt.c **** * Function Name: Debug_Timer_Interrupt_Stop
ARM GAS  C:\Users\r\AppData\Local\Temp\ccDg2qsA.s 			page 5


 122:Generated_Source\PSoC5/Debug_Timer_Interrupt.c **** ********************************************************************************
 123:Generated_Source\PSoC5/Debug_Timer_Interrupt.c **** *
 124:Generated_Source\PSoC5/Debug_Timer_Interrupt.c **** * Summary:
 125:Generated_Source\PSoC5/Debug_Timer_Interrupt.c **** *   Disables and removes the interrupt.
 126:Generated_Source\PSoC5/Debug_Timer_Interrupt.c **** *
 127:Generated_Source\PSoC5/Debug_Timer_Interrupt.c **** * Parameters:  
 128:Generated_Source\PSoC5/Debug_Timer_Interrupt.c **** *   None
 129:Generated_Source\PSoC5/Debug_Timer_Interrupt.c **** *
 130:Generated_Source\PSoC5/Debug_Timer_Interrupt.c **** * Return:
 131:Generated_Source\PSoC5/Debug_Timer_Interrupt.c **** *   None
 132:Generated_Source\PSoC5/Debug_Timer_Interrupt.c **** *
 133:Generated_Source\PSoC5/Debug_Timer_Interrupt.c **** *******************************************************************************/
 134:Generated_Source\PSoC5/Debug_Timer_Interrupt.c **** void Debug_Timer_Interrupt_Stop(void)
 135:Generated_Source\PSoC5/Debug_Timer_Interrupt.c **** {
 108              		.loc 1 135 0
 109              		.cfi_startproc
 110              		@ args = 0, pretend = 0, frame = 0
 111              		@ frame_needed = 1, uses_anonymous_args = 0
 112 0000 80B5     		push	{r7, lr}
 113              		.cfi_def_cfa_offset 8
 114              		.cfi_offset 7, -8
 115              		.cfi_offset 14, -4
 116 0002 00AF     		add	r7, sp, #0
 117              		.cfi_def_cfa_register 7
 136:Generated_Source\PSoC5/Debug_Timer_Interrupt.c ****     /* Disable this interrupt. */
 137:Generated_Source\PSoC5/Debug_Timer_Interrupt.c ****     Debug_Timer_Interrupt_Disable();
 118              		.loc 1 137 0
 119 0004 FFF7FEFF 		bl	Debug_Timer_Interrupt_Disable
 138:Generated_Source\PSoC5/Debug_Timer_Interrupt.c **** 
 139:Generated_Source\PSoC5/Debug_Timer_Interrupt.c ****     /* Set the ISR to point to the passive one. */
 140:Generated_Source\PSoC5/Debug_Timer_Interrupt.c ****     Debug_Timer_Interrupt_SetVector(&IntDefaultHandler);
 120              		.loc 1 140 0
 121 0008 0248     		ldr	r0, .L6
 122 000a FFF7FEFF 		bl	Debug_Timer_Interrupt_SetVector
 141:Generated_Source\PSoC5/Debug_Timer_Interrupt.c **** }
 123              		.loc 1 141 0
 124 000e 00BF     		nop
 125 0010 80BD     		pop	{r7, pc}
 126              	.L7:
 127 0012 00BF     		.align	2
 128              	.L6:
 129 0014 00000000 		.word	IntDefaultHandler
 130              		.cfi_endproc
 131              	.LFE2:
 132              		.size	Debug_Timer_Interrupt_Stop, .-Debug_Timer_Interrupt_Stop
 133              		.section	.text.Debug_Timer_Interrupt_Interrupt,"ax",%progbits
 134              		.align	2
 135              		.global	Debug_Timer_Interrupt_Interrupt
 136              		.thumb
 137              		.thumb_func
 138              		.type	Debug_Timer_Interrupt_Interrupt, %function
 139              	Debug_Timer_Interrupt_Interrupt:
 140              	.LFB3:
 142:Generated_Source\PSoC5/Debug_Timer_Interrupt.c **** 
 143:Generated_Source\PSoC5/Debug_Timer_Interrupt.c **** 
 144:Generated_Source\PSoC5/Debug_Timer_Interrupt.c **** /*******************************************************************************
 145:Generated_Source\PSoC5/Debug_Timer_Interrupt.c **** * Function Name: Debug_Timer_Interrupt_Interrupt
ARM GAS  C:\Users\r\AppData\Local\Temp\ccDg2qsA.s 			page 6


 146:Generated_Source\PSoC5/Debug_Timer_Interrupt.c **** ********************************************************************************
 147:Generated_Source\PSoC5/Debug_Timer_Interrupt.c **** *
 148:Generated_Source\PSoC5/Debug_Timer_Interrupt.c **** * Summary:
 149:Generated_Source\PSoC5/Debug_Timer_Interrupt.c **** *   The default Interrupt Service Routine for Debug_Timer_Interrupt.
 150:Generated_Source\PSoC5/Debug_Timer_Interrupt.c **** *
 151:Generated_Source\PSoC5/Debug_Timer_Interrupt.c **** *   Add custom code between the coments to keep the next version of this file
 152:Generated_Source\PSoC5/Debug_Timer_Interrupt.c **** *   from over writting your code.
 153:Generated_Source\PSoC5/Debug_Timer_Interrupt.c **** *
 154:Generated_Source\PSoC5/Debug_Timer_Interrupt.c **** * Parameters:  
 155:Generated_Source\PSoC5/Debug_Timer_Interrupt.c **** *
 156:Generated_Source\PSoC5/Debug_Timer_Interrupt.c **** * Return:
 157:Generated_Source\PSoC5/Debug_Timer_Interrupt.c **** *   None
 158:Generated_Source\PSoC5/Debug_Timer_Interrupt.c **** *
 159:Generated_Source\PSoC5/Debug_Timer_Interrupt.c **** *******************************************************************************/
 160:Generated_Source\PSoC5/Debug_Timer_Interrupt.c **** CY_ISR(Debug_Timer_Interrupt_Interrupt)
 161:Generated_Source\PSoC5/Debug_Timer_Interrupt.c **** {
 141              		.loc 1 161 0
 142              		.cfi_startproc
 143              		@ args = 0, pretend = 0, frame = 0
 144              		@ frame_needed = 1, uses_anonymous_args = 0
 145              		@ link register save eliminated.
 146 0000 80B4     		push	{r7}
 147              		.cfi_def_cfa_offset 4
 148              		.cfi_offset 7, -4
 149 0002 00AF     		add	r7, sp, #0
 150              		.cfi_def_cfa_register 7
 162:Generated_Source\PSoC5/Debug_Timer_Interrupt.c ****     #ifdef Debug_Timer_Interrupt_INTERRUPT_INTERRUPT_CALLBACK
 163:Generated_Source\PSoC5/Debug_Timer_Interrupt.c ****         Debug_Timer_Interrupt_Interrupt_InterruptCallback();
 164:Generated_Source\PSoC5/Debug_Timer_Interrupt.c ****     #endif /* Debug_Timer_Interrupt_INTERRUPT_INTERRUPT_CALLBACK */ 
 165:Generated_Source\PSoC5/Debug_Timer_Interrupt.c **** 
 166:Generated_Source\PSoC5/Debug_Timer_Interrupt.c ****     /*  Place your Interrupt code here. */
 167:Generated_Source\PSoC5/Debug_Timer_Interrupt.c ****     /* `#START Debug_Timer_Interrupt_Interrupt` */
 168:Generated_Source\PSoC5/Debug_Timer_Interrupt.c **** 
 169:Generated_Source\PSoC5/Debug_Timer_Interrupt.c ****     /* `#END` */
 170:Generated_Source\PSoC5/Debug_Timer_Interrupt.c **** }
 151              		.loc 1 170 0
 152 0004 00BF     		nop
 153 0006 BD46     		mov	sp, r7
 154              		.cfi_def_cfa_register 13
 155              		@ sp needed
 156 0008 80BC     		pop	{r7}
 157              		.cfi_restore 7
 158              		.cfi_def_cfa_offset 0
 159 000a 7047     		bx	lr
 160              		.cfi_endproc
 161              	.LFE3:
 162              		.size	Debug_Timer_Interrupt_Interrupt, .-Debug_Timer_Interrupt_Interrupt
 163              		.section	.text.Debug_Timer_Interrupt_SetVector,"ax",%progbits
 164              		.align	2
 165              		.global	Debug_Timer_Interrupt_SetVector
 166              		.thumb
 167              		.thumb_func
 168              		.type	Debug_Timer_Interrupt_SetVector, %function
 169              	Debug_Timer_Interrupt_SetVector:
 170              	.LFB4:
 171:Generated_Source\PSoC5/Debug_Timer_Interrupt.c **** 
 172:Generated_Source\PSoC5/Debug_Timer_Interrupt.c **** 
ARM GAS  C:\Users\r\AppData\Local\Temp\ccDg2qsA.s 			page 7


 173:Generated_Source\PSoC5/Debug_Timer_Interrupt.c **** /*******************************************************************************
 174:Generated_Source\PSoC5/Debug_Timer_Interrupt.c **** * Function Name: Debug_Timer_Interrupt_SetVector
 175:Generated_Source\PSoC5/Debug_Timer_Interrupt.c **** ********************************************************************************
 176:Generated_Source\PSoC5/Debug_Timer_Interrupt.c **** *
 177:Generated_Source\PSoC5/Debug_Timer_Interrupt.c **** * Summary:
 178:Generated_Source\PSoC5/Debug_Timer_Interrupt.c **** *   Change the ISR vector for the Interrupt. Note calling Debug_Timer_Interrupt_Start
 179:Generated_Source\PSoC5/Debug_Timer_Interrupt.c **** *   will override any effect this method would have had. To set the vector 
 180:Generated_Source\PSoC5/Debug_Timer_Interrupt.c **** *   before the component has been started use Debug_Timer_Interrupt_StartEx instead.
 181:Generated_Source\PSoC5/Debug_Timer_Interrupt.c **** * 
 182:Generated_Source\PSoC5/Debug_Timer_Interrupt.c **** *   When defining ISR functions, the CY_ISR and CY_ISR_PROTO macros should be 
 183:Generated_Source\PSoC5/Debug_Timer_Interrupt.c **** *   used to provide consistent definition across compilers:
 184:Generated_Source\PSoC5/Debug_Timer_Interrupt.c **** *
 185:Generated_Source\PSoC5/Debug_Timer_Interrupt.c **** *   Function definition example:
 186:Generated_Source\PSoC5/Debug_Timer_Interrupt.c **** *   CY_ISR(MyISR)
 187:Generated_Source\PSoC5/Debug_Timer_Interrupt.c **** *   {
 188:Generated_Source\PSoC5/Debug_Timer_Interrupt.c **** *   }
 189:Generated_Source\PSoC5/Debug_Timer_Interrupt.c **** *
 190:Generated_Source\PSoC5/Debug_Timer_Interrupt.c **** *   Function prototype example:
 191:Generated_Source\PSoC5/Debug_Timer_Interrupt.c **** *     CY_ISR_PROTO(MyISR);
 192:Generated_Source\PSoC5/Debug_Timer_Interrupt.c **** *
 193:Generated_Source\PSoC5/Debug_Timer_Interrupt.c **** * Parameters:
 194:Generated_Source\PSoC5/Debug_Timer_Interrupt.c **** *   address: Address of the ISR to set in the interrupt vector table.
 195:Generated_Source\PSoC5/Debug_Timer_Interrupt.c **** *
 196:Generated_Source\PSoC5/Debug_Timer_Interrupt.c **** * Return:
 197:Generated_Source\PSoC5/Debug_Timer_Interrupt.c **** *   None
 198:Generated_Source\PSoC5/Debug_Timer_Interrupt.c **** *
 199:Generated_Source\PSoC5/Debug_Timer_Interrupt.c **** *******************************************************************************/
 200:Generated_Source\PSoC5/Debug_Timer_Interrupt.c **** void Debug_Timer_Interrupt_SetVector(cyisraddress address)
 201:Generated_Source\PSoC5/Debug_Timer_Interrupt.c **** {
 171              		.loc 1 201 0
 172              		.cfi_startproc
 173              		@ args = 0, pretend = 0, frame = 16
 174              		@ frame_needed = 1, uses_anonymous_args = 0
 175              		@ link register save eliminated.
 176 0000 80B4     		push	{r7}
 177              		.cfi_def_cfa_offset 4
 178              		.cfi_offset 7, -4
 179 0002 85B0     		sub	sp, sp, #20
 180              		.cfi_def_cfa_offset 24
 181 0004 00AF     		add	r7, sp, #0
 182              		.cfi_def_cfa_register 7
 183 0006 7860     		str	r0, [r7, #4]
 202:Generated_Source\PSoC5/Debug_Timer_Interrupt.c ****     cyisraddress * ramVectorTable;
 203:Generated_Source\PSoC5/Debug_Timer_Interrupt.c **** 
 204:Generated_Source\PSoC5/Debug_Timer_Interrupt.c ****     ramVectorTable = (cyisraddress *) *CYINT_VECT_TABLE;
 184              		.loc 1 204 0
 185 0008 054B     		ldr	r3, .L10
 186 000a 1B68     		ldr	r3, [r3]
 187 000c FB60     		str	r3, [r7, #12]
 205:Generated_Source\PSoC5/Debug_Timer_Interrupt.c **** 
 206:Generated_Source\PSoC5/Debug_Timer_Interrupt.c ****     ramVectorTable[CYINT_IRQ_BASE + (uint32)Debug_Timer_Interrupt__INTC_NUMBER] = address;
 188              		.loc 1 206 0
 189 000e FB68     		ldr	r3, [r7, #12]
 190 0010 4033     		adds	r3, r3, #64
 191 0012 7A68     		ldr	r2, [r7, #4]
 192 0014 1A60     		str	r2, [r3]
 207:Generated_Source\PSoC5/Debug_Timer_Interrupt.c **** }
ARM GAS  C:\Users\r\AppData\Local\Temp\ccDg2qsA.s 			page 8


 193              		.loc 1 207 0
 194 0016 00BF     		nop
 195 0018 1437     		adds	r7, r7, #20
 196              		.cfi_def_cfa_offset 4
 197 001a BD46     		mov	sp, r7
 198              		.cfi_def_cfa_register 13
 199              		@ sp needed
 200 001c 80BC     		pop	{r7}
 201              		.cfi_restore 7
 202              		.cfi_def_cfa_offset 0
 203 001e 7047     		bx	lr
 204              	.L11:
 205              		.align	2
 206              	.L10:
 207 0020 08ED00E0 		.word	-536810232
 208              		.cfi_endproc
 209              	.LFE4:
 210              		.size	Debug_Timer_Interrupt_SetVector, .-Debug_Timer_Interrupt_SetVector
 211              		.section	.text.Debug_Timer_Interrupt_GetVector,"ax",%progbits
 212              		.align	2
 213              		.global	Debug_Timer_Interrupt_GetVector
 214              		.thumb
 215              		.thumb_func
 216              		.type	Debug_Timer_Interrupt_GetVector, %function
 217              	Debug_Timer_Interrupt_GetVector:
 218              	.LFB5:
 208:Generated_Source\PSoC5/Debug_Timer_Interrupt.c **** 
 209:Generated_Source\PSoC5/Debug_Timer_Interrupt.c **** 
 210:Generated_Source\PSoC5/Debug_Timer_Interrupt.c **** /*******************************************************************************
 211:Generated_Source\PSoC5/Debug_Timer_Interrupt.c **** * Function Name: Debug_Timer_Interrupt_GetVector
 212:Generated_Source\PSoC5/Debug_Timer_Interrupt.c **** ********************************************************************************
 213:Generated_Source\PSoC5/Debug_Timer_Interrupt.c **** *
 214:Generated_Source\PSoC5/Debug_Timer_Interrupt.c **** * Summary:
 215:Generated_Source\PSoC5/Debug_Timer_Interrupt.c **** *   Gets the "address" of the current ISR vector for the Interrupt.
 216:Generated_Source\PSoC5/Debug_Timer_Interrupt.c **** *
 217:Generated_Source\PSoC5/Debug_Timer_Interrupt.c **** * Parameters:
 218:Generated_Source\PSoC5/Debug_Timer_Interrupt.c **** *   None
 219:Generated_Source\PSoC5/Debug_Timer_Interrupt.c **** *
 220:Generated_Source\PSoC5/Debug_Timer_Interrupt.c **** * Return:
 221:Generated_Source\PSoC5/Debug_Timer_Interrupt.c **** *   Address of the ISR in the interrupt vector table.
 222:Generated_Source\PSoC5/Debug_Timer_Interrupt.c **** *
 223:Generated_Source\PSoC5/Debug_Timer_Interrupt.c **** *******************************************************************************/
 224:Generated_Source\PSoC5/Debug_Timer_Interrupt.c **** cyisraddress Debug_Timer_Interrupt_GetVector(void)
 225:Generated_Source\PSoC5/Debug_Timer_Interrupt.c **** {
 219              		.loc 1 225 0
 220              		.cfi_startproc
 221              		@ args = 0, pretend = 0, frame = 8
 222              		@ frame_needed = 1, uses_anonymous_args = 0
 223              		@ link register save eliminated.
 224 0000 80B4     		push	{r7}
 225              		.cfi_def_cfa_offset 4
 226              		.cfi_offset 7, -4
 227 0002 83B0     		sub	sp, sp, #12
 228              		.cfi_def_cfa_offset 16
 229 0004 00AF     		add	r7, sp, #0
 230              		.cfi_def_cfa_register 7
 226:Generated_Source\PSoC5/Debug_Timer_Interrupt.c ****     cyisraddress * ramVectorTable;
ARM GAS  C:\Users\r\AppData\Local\Temp\ccDg2qsA.s 			page 9


 227:Generated_Source\PSoC5/Debug_Timer_Interrupt.c **** 
 228:Generated_Source\PSoC5/Debug_Timer_Interrupt.c ****     ramVectorTable = (cyisraddress *) *CYINT_VECT_TABLE;
 231              		.loc 1 228 0
 232 0006 054B     		ldr	r3, .L14
 233 0008 1B68     		ldr	r3, [r3]
 234 000a 7B60     		str	r3, [r7, #4]
 229:Generated_Source\PSoC5/Debug_Timer_Interrupt.c **** 
 230:Generated_Source\PSoC5/Debug_Timer_Interrupt.c ****     return ramVectorTable[CYINT_IRQ_BASE + (uint32)Debug_Timer_Interrupt__INTC_NUMBER];
 235              		.loc 1 230 0
 236 000c 7B68     		ldr	r3, [r7, #4]
 237 000e 1B6C     		ldr	r3, [r3, #64]
 231:Generated_Source\PSoC5/Debug_Timer_Interrupt.c **** }
 238              		.loc 1 231 0
 239 0010 1846     		mov	r0, r3
 240 0012 0C37     		adds	r7, r7, #12
 241              		.cfi_def_cfa_offset 4
 242 0014 BD46     		mov	sp, r7
 243              		.cfi_def_cfa_register 13
 244              		@ sp needed
 245 0016 80BC     		pop	{r7}
 246              		.cfi_restore 7
 247              		.cfi_def_cfa_offset 0
 248 0018 7047     		bx	lr
 249              	.L15:
 250 001a 00BF     		.align	2
 251              	.L14:
 252 001c 08ED00E0 		.word	-536810232
 253              		.cfi_endproc
 254              	.LFE5:
 255              		.size	Debug_Timer_Interrupt_GetVector, .-Debug_Timer_Interrupt_GetVector
 256              		.section	.text.Debug_Timer_Interrupt_SetPriority,"ax",%progbits
 257              		.align	2
 258              		.global	Debug_Timer_Interrupt_SetPriority
 259              		.thumb
 260              		.thumb_func
 261              		.type	Debug_Timer_Interrupt_SetPriority, %function
 262              	Debug_Timer_Interrupt_SetPriority:
 263              	.LFB6:
 232:Generated_Source\PSoC5/Debug_Timer_Interrupt.c **** 
 233:Generated_Source\PSoC5/Debug_Timer_Interrupt.c **** 
 234:Generated_Source\PSoC5/Debug_Timer_Interrupt.c **** /*******************************************************************************
 235:Generated_Source\PSoC5/Debug_Timer_Interrupt.c **** * Function Name: Debug_Timer_Interrupt_SetPriority
 236:Generated_Source\PSoC5/Debug_Timer_Interrupt.c **** ********************************************************************************
 237:Generated_Source\PSoC5/Debug_Timer_Interrupt.c **** *
 238:Generated_Source\PSoC5/Debug_Timer_Interrupt.c **** * Summary:
 239:Generated_Source\PSoC5/Debug_Timer_Interrupt.c **** *   Sets the Priority of the Interrupt. 
 240:Generated_Source\PSoC5/Debug_Timer_Interrupt.c **** *
 241:Generated_Source\PSoC5/Debug_Timer_Interrupt.c **** *   Note calling Debug_Timer_Interrupt_Start or Debug_Timer_Interrupt_StartEx will 
 242:Generated_Source\PSoC5/Debug_Timer_Interrupt.c **** *   override any effect this API would have had. This API should only be called
 243:Generated_Source\PSoC5/Debug_Timer_Interrupt.c **** *   after Debug_Timer_Interrupt_Start or Debug_Timer_Interrupt_StartEx has been called. 
 244:Generated_Source\PSoC5/Debug_Timer_Interrupt.c **** *   To set the initial priority for the component, use the Design-Wide Resources
 245:Generated_Source\PSoC5/Debug_Timer_Interrupt.c **** *   Interrupt Editor.
 246:Generated_Source\PSoC5/Debug_Timer_Interrupt.c **** *
 247:Generated_Source\PSoC5/Debug_Timer_Interrupt.c **** *   Note This API has no effect on Non-maskable interrupt NMI).
 248:Generated_Source\PSoC5/Debug_Timer_Interrupt.c **** *
 249:Generated_Source\PSoC5/Debug_Timer_Interrupt.c **** * Parameters:
 250:Generated_Source\PSoC5/Debug_Timer_Interrupt.c **** *   priority: Priority of the interrupt, 0 being the highest priority
ARM GAS  C:\Users\r\AppData\Local\Temp\ccDg2qsA.s 			page 10


 251:Generated_Source\PSoC5/Debug_Timer_Interrupt.c **** *             PSoC 3 and PSoC 5LP: Priority is from 0 to 7.
 252:Generated_Source\PSoC5/Debug_Timer_Interrupt.c **** *             PSoC 4: Priority is from 0 to 3.
 253:Generated_Source\PSoC5/Debug_Timer_Interrupt.c **** *
 254:Generated_Source\PSoC5/Debug_Timer_Interrupt.c **** * Return:
 255:Generated_Source\PSoC5/Debug_Timer_Interrupt.c **** *   None
 256:Generated_Source\PSoC5/Debug_Timer_Interrupt.c **** *
 257:Generated_Source\PSoC5/Debug_Timer_Interrupt.c **** *******************************************************************************/
 258:Generated_Source\PSoC5/Debug_Timer_Interrupt.c **** void Debug_Timer_Interrupt_SetPriority(uint8 priority)
 259:Generated_Source\PSoC5/Debug_Timer_Interrupt.c **** {
 264              		.loc 1 259 0
 265              		.cfi_startproc
 266              		@ args = 0, pretend = 0, frame = 8
 267              		@ frame_needed = 1, uses_anonymous_args = 0
 268              		@ link register save eliminated.
 269 0000 80B4     		push	{r7}
 270              		.cfi_def_cfa_offset 4
 271              		.cfi_offset 7, -4
 272 0002 83B0     		sub	sp, sp, #12
 273              		.cfi_def_cfa_offset 16
 274 0004 00AF     		add	r7, sp, #0
 275              		.cfi_def_cfa_register 7
 276 0006 0346     		mov	r3, r0
 277 0008 FB71     		strb	r3, [r7, #7]
 260:Generated_Source\PSoC5/Debug_Timer_Interrupt.c ****     *Debug_Timer_Interrupt_INTC_PRIOR = priority << 5;
 278              		.loc 1 260 0
 279 000a 054A     		ldr	r2, .L17
 280 000c FB79     		ldrb	r3, [r7, #7]
 281 000e 5B01     		lsls	r3, r3, #5
 282 0010 DBB2     		uxtb	r3, r3
 283 0012 1370     		strb	r3, [r2]
 261:Generated_Source\PSoC5/Debug_Timer_Interrupt.c **** }
 284              		.loc 1 261 0
 285 0014 00BF     		nop
 286 0016 0C37     		adds	r7, r7, #12
 287              		.cfi_def_cfa_offset 4
 288 0018 BD46     		mov	sp, r7
 289              		.cfi_def_cfa_register 13
 290              		@ sp needed
 291 001a 80BC     		pop	{r7}
 292              		.cfi_restore 7
 293              		.cfi_def_cfa_offset 0
 294 001c 7047     		bx	lr
 295              	.L18:
 296 001e 00BF     		.align	2
 297              	.L17:
 298 0020 00E400E0 		.word	-536812544
 299              		.cfi_endproc
 300              	.LFE6:
 301              		.size	Debug_Timer_Interrupt_SetPriority, .-Debug_Timer_Interrupt_SetPriority
 302              		.section	.text.Debug_Timer_Interrupt_GetPriority,"ax",%progbits
 303              		.align	2
 304              		.global	Debug_Timer_Interrupt_GetPriority
 305              		.thumb
 306              		.thumb_func
 307              		.type	Debug_Timer_Interrupt_GetPriority, %function
 308              	Debug_Timer_Interrupt_GetPriority:
 309              	.LFB7:
ARM GAS  C:\Users\r\AppData\Local\Temp\ccDg2qsA.s 			page 11


 262:Generated_Source\PSoC5/Debug_Timer_Interrupt.c **** 
 263:Generated_Source\PSoC5/Debug_Timer_Interrupt.c **** 
 264:Generated_Source\PSoC5/Debug_Timer_Interrupt.c **** /*******************************************************************************
 265:Generated_Source\PSoC5/Debug_Timer_Interrupt.c **** * Function Name: Debug_Timer_Interrupt_GetPriority
 266:Generated_Source\PSoC5/Debug_Timer_Interrupt.c **** ********************************************************************************
 267:Generated_Source\PSoC5/Debug_Timer_Interrupt.c **** *
 268:Generated_Source\PSoC5/Debug_Timer_Interrupt.c **** * Summary:
 269:Generated_Source\PSoC5/Debug_Timer_Interrupt.c **** *   Gets the Priority of the Interrupt.
 270:Generated_Source\PSoC5/Debug_Timer_Interrupt.c **** *
 271:Generated_Source\PSoC5/Debug_Timer_Interrupt.c **** * Parameters:
 272:Generated_Source\PSoC5/Debug_Timer_Interrupt.c **** *   None
 273:Generated_Source\PSoC5/Debug_Timer_Interrupt.c **** *
 274:Generated_Source\PSoC5/Debug_Timer_Interrupt.c **** * Return:
 275:Generated_Source\PSoC5/Debug_Timer_Interrupt.c **** *   Priority of the interrupt, 0 being the highest priority
 276:Generated_Source\PSoC5/Debug_Timer_Interrupt.c **** *    PSoC 3 and PSoC 5LP: Priority is from 0 to 7.
 277:Generated_Source\PSoC5/Debug_Timer_Interrupt.c **** *    PSoC 4: Priority is from 0 to 3.
 278:Generated_Source\PSoC5/Debug_Timer_Interrupt.c **** *
 279:Generated_Source\PSoC5/Debug_Timer_Interrupt.c **** *******************************************************************************/
 280:Generated_Source\PSoC5/Debug_Timer_Interrupt.c **** uint8 Debug_Timer_Interrupt_GetPriority(void)
 281:Generated_Source\PSoC5/Debug_Timer_Interrupt.c **** {
 310              		.loc 1 281 0
 311              		.cfi_startproc
 312              		@ args = 0, pretend = 0, frame = 8
 313              		@ frame_needed = 1, uses_anonymous_args = 0
 314              		@ link register save eliminated.
 315 0000 80B4     		push	{r7}
 316              		.cfi_def_cfa_offset 4
 317              		.cfi_offset 7, -4
 318 0002 83B0     		sub	sp, sp, #12
 319              		.cfi_def_cfa_offset 16
 320 0004 00AF     		add	r7, sp, #0
 321              		.cfi_def_cfa_register 7
 282:Generated_Source\PSoC5/Debug_Timer_Interrupt.c ****     uint8 priority;
 283:Generated_Source\PSoC5/Debug_Timer_Interrupt.c **** 
 284:Generated_Source\PSoC5/Debug_Timer_Interrupt.c **** 
 285:Generated_Source\PSoC5/Debug_Timer_Interrupt.c ****     priority = *Debug_Timer_Interrupt_INTC_PRIOR >> 5;
 322              		.loc 1 285 0
 323 0006 054B     		ldr	r3, .L21
 324 0008 1B78     		ldrb	r3, [r3]
 325 000a DBB2     		uxtb	r3, r3
 326 000c 5B09     		lsrs	r3, r3, #5
 327 000e FB71     		strb	r3, [r7, #7]
 286:Generated_Source\PSoC5/Debug_Timer_Interrupt.c **** 
 287:Generated_Source\PSoC5/Debug_Timer_Interrupt.c ****     return priority;
 328              		.loc 1 287 0
 329 0010 FB79     		ldrb	r3, [r7, #7]	@ zero_extendqisi2
 288:Generated_Source\PSoC5/Debug_Timer_Interrupt.c **** }
 330              		.loc 1 288 0
 331 0012 1846     		mov	r0, r3
 332 0014 0C37     		adds	r7, r7, #12
 333              		.cfi_def_cfa_offset 4
 334 0016 BD46     		mov	sp, r7
 335              		.cfi_def_cfa_register 13
 336              		@ sp needed
 337 0018 80BC     		pop	{r7}
 338              		.cfi_restore 7
 339              		.cfi_def_cfa_offset 0
ARM GAS  C:\Users\r\AppData\Local\Temp\ccDg2qsA.s 			page 12


 340 001a 7047     		bx	lr
 341              	.L22:
 342              		.align	2
 343              	.L21:
 344 001c 00E400E0 		.word	-536812544
 345              		.cfi_endproc
 346              	.LFE7:
 347              		.size	Debug_Timer_Interrupt_GetPriority, .-Debug_Timer_Interrupt_GetPriority
 348              		.section	.text.Debug_Timer_Interrupt_Enable,"ax",%progbits
 349              		.align	2
 350              		.global	Debug_Timer_Interrupt_Enable
 351              		.thumb
 352              		.thumb_func
 353              		.type	Debug_Timer_Interrupt_Enable, %function
 354              	Debug_Timer_Interrupt_Enable:
 355              	.LFB8:
 289:Generated_Source\PSoC5/Debug_Timer_Interrupt.c **** 
 290:Generated_Source\PSoC5/Debug_Timer_Interrupt.c **** 
 291:Generated_Source\PSoC5/Debug_Timer_Interrupt.c **** /*******************************************************************************
 292:Generated_Source\PSoC5/Debug_Timer_Interrupt.c **** * Function Name: Debug_Timer_Interrupt_Enable
 293:Generated_Source\PSoC5/Debug_Timer_Interrupt.c **** ********************************************************************************
 294:Generated_Source\PSoC5/Debug_Timer_Interrupt.c **** *
 295:Generated_Source\PSoC5/Debug_Timer_Interrupt.c **** * Summary:
 296:Generated_Source\PSoC5/Debug_Timer_Interrupt.c **** *   Enables the interrupt to the interrupt controller. Do not call this function
 297:Generated_Source\PSoC5/Debug_Timer_Interrupt.c **** *   unless ISR_Start() has been called or the functionality of the ISR_Start() 
 298:Generated_Source\PSoC5/Debug_Timer_Interrupt.c **** *   function, which sets the vector and the priority, has been called.
 299:Generated_Source\PSoC5/Debug_Timer_Interrupt.c **** *
 300:Generated_Source\PSoC5/Debug_Timer_Interrupt.c **** * Parameters:
 301:Generated_Source\PSoC5/Debug_Timer_Interrupt.c **** *   None
 302:Generated_Source\PSoC5/Debug_Timer_Interrupt.c **** *
 303:Generated_Source\PSoC5/Debug_Timer_Interrupt.c **** * Return:
 304:Generated_Source\PSoC5/Debug_Timer_Interrupt.c **** *   None
 305:Generated_Source\PSoC5/Debug_Timer_Interrupt.c **** *
 306:Generated_Source\PSoC5/Debug_Timer_Interrupt.c **** *******************************************************************************/
 307:Generated_Source\PSoC5/Debug_Timer_Interrupt.c **** void Debug_Timer_Interrupt_Enable(void)
 308:Generated_Source\PSoC5/Debug_Timer_Interrupt.c **** {
 356              		.loc 1 308 0
 357              		.cfi_startproc
 358              		@ args = 0, pretend = 0, frame = 0
 359              		@ frame_needed = 1, uses_anonymous_args = 0
 360              		@ link register save eliminated.
 361 0000 80B4     		push	{r7}
 362              		.cfi_def_cfa_offset 4
 363              		.cfi_offset 7, -4
 364 0002 00AF     		add	r7, sp, #0
 365              		.cfi_def_cfa_register 7
 309:Generated_Source\PSoC5/Debug_Timer_Interrupt.c ****     /* Enable the general interrupt. */
 310:Generated_Source\PSoC5/Debug_Timer_Interrupt.c ****     *Debug_Timer_Interrupt_INTC_SET_EN = Debug_Timer_Interrupt__INTC_MASK;
 366              		.loc 1 310 0
 367 0004 034B     		ldr	r3, .L24
 368 0006 0122     		movs	r2, #1
 369 0008 1A60     		str	r2, [r3]
 311:Generated_Source\PSoC5/Debug_Timer_Interrupt.c **** }
 370              		.loc 1 311 0
 371 000a 00BF     		nop
 372 000c BD46     		mov	sp, r7
 373              		.cfi_def_cfa_register 13
ARM GAS  C:\Users\r\AppData\Local\Temp\ccDg2qsA.s 			page 13


 374              		@ sp needed
 375 000e 80BC     		pop	{r7}
 376              		.cfi_restore 7
 377              		.cfi_def_cfa_offset 0
 378 0010 7047     		bx	lr
 379              	.L25:
 380 0012 00BF     		.align	2
 381              	.L24:
 382 0014 00E100E0 		.word	-536813312
 383              		.cfi_endproc
 384              	.LFE8:
 385              		.size	Debug_Timer_Interrupt_Enable, .-Debug_Timer_Interrupt_Enable
 386              		.section	.text.Debug_Timer_Interrupt_GetState,"ax",%progbits
 387              		.align	2
 388              		.global	Debug_Timer_Interrupt_GetState
 389              		.thumb
 390              		.thumb_func
 391              		.type	Debug_Timer_Interrupt_GetState, %function
 392              	Debug_Timer_Interrupt_GetState:
 393              	.LFB9:
 312:Generated_Source\PSoC5/Debug_Timer_Interrupt.c **** 
 313:Generated_Source\PSoC5/Debug_Timer_Interrupt.c **** 
 314:Generated_Source\PSoC5/Debug_Timer_Interrupt.c **** /*******************************************************************************
 315:Generated_Source\PSoC5/Debug_Timer_Interrupt.c **** * Function Name: Debug_Timer_Interrupt_GetState
 316:Generated_Source\PSoC5/Debug_Timer_Interrupt.c **** ********************************************************************************
 317:Generated_Source\PSoC5/Debug_Timer_Interrupt.c **** *
 318:Generated_Source\PSoC5/Debug_Timer_Interrupt.c **** * Summary:
 319:Generated_Source\PSoC5/Debug_Timer_Interrupt.c **** *   Gets the state (enabled, disabled) of the Interrupt.
 320:Generated_Source\PSoC5/Debug_Timer_Interrupt.c **** *
 321:Generated_Source\PSoC5/Debug_Timer_Interrupt.c **** * Parameters:
 322:Generated_Source\PSoC5/Debug_Timer_Interrupt.c **** *   None
 323:Generated_Source\PSoC5/Debug_Timer_Interrupt.c **** *
 324:Generated_Source\PSoC5/Debug_Timer_Interrupt.c **** * Return:
 325:Generated_Source\PSoC5/Debug_Timer_Interrupt.c **** *   1 if enabled, 0 if disabled.
 326:Generated_Source\PSoC5/Debug_Timer_Interrupt.c **** *
 327:Generated_Source\PSoC5/Debug_Timer_Interrupt.c **** *******************************************************************************/
 328:Generated_Source\PSoC5/Debug_Timer_Interrupt.c **** uint8 Debug_Timer_Interrupt_GetState(void)
 329:Generated_Source\PSoC5/Debug_Timer_Interrupt.c **** {
 394              		.loc 1 329 0
 395              		.cfi_startproc
 396              		@ args = 0, pretend = 0, frame = 0
 397              		@ frame_needed = 1, uses_anonymous_args = 0
 398              		@ link register save eliminated.
 399 0000 80B4     		push	{r7}
 400              		.cfi_def_cfa_offset 4
 401              		.cfi_offset 7, -4
 402 0002 00AF     		add	r7, sp, #0
 403              		.cfi_def_cfa_register 7
 330:Generated_Source\PSoC5/Debug_Timer_Interrupt.c ****     /* Get the state of the general interrupt. */
 331:Generated_Source\PSoC5/Debug_Timer_Interrupt.c ****     return ((*Debug_Timer_Interrupt_INTC_SET_EN & (uint32)Debug_Timer_Interrupt__INTC_MASK) != 0u) 
 404              		.loc 1 331 0
 405 0004 044B     		ldr	r3, .L28
 406 0006 1B68     		ldr	r3, [r3]
 407 0008 DBB2     		uxtb	r3, r3
 408 000a 03F00103 		and	r3, r3, #1
 409 000e DBB2     		uxtb	r3, r3
 332:Generated_Source\PSoC5/Debug_Timer_Interrupt.c **** }
ARM GAS  C:\Users\r\AppData\Local\Temp\ccDg2qsA.s 			page 14


 410              		.loc 1 332 0
 411 0010 1846     		mov	r0, r3
 412 0012 BD46     		mov	sp, r7
 413              		.cfi_def_cfa_register 13
 414              		@ sp needed
 415 0014 80BC     		pop	{r7}
 416              		.cfi_restore 7
 417              		.cfi_def_cfa_offset 0
 418 0016 7047     		bx	lr
 419              	.L29:
 420              		.align	2
 421              	.L28:
 422 0018 00E100E0 		.word	-536813312
 423              		.cfi_endproc
 424              	.LFE9:
 425              		.size	Debug_Timer_Interrupt_GetState, .-Debug_Timer_Interrupt_GetState
 426              		.section	.text.Debug_Timer_Interrupt_Disable,"ax",%progbits
 427              		.align	2
 428              		.global	Debug_Timer_Interrupt_Disable
 429              		.thumb
 430              		.thumb_func
 431              		.type	Debug_Timer_Interrupt_Disable, %function
 432              	Debug_Timer_Interrupt_Disable:
 433              	.LFB10:
 333:Generated_Source\PSoC5/Debug_Timer_Interrupt.c **** 
 334:Generated_Source\PSoC5/Debug_Timer_Interrupt.c **** 
 335:Generated_Source\PSoC5/Debug_Timer_Interrupt.c **** /*******************************************************************************
 336:Generated_Source\PSoC5/Debug_Timer_Interrupt.c **** * Function Name: Debug_Timer_Interrupt_Disable
 337:Generated_Source\PSoC5/Debug_Timer_Interrupt.c **** ********************************************************************************
 338:Generated_Source\PSoC5/Debug_Timer_Interrupt.c **** *
 339:Generated_Source\PSoC5/Debug_Timer_Interrupt.c **** * Summary:
 340:Generated_Source\PSoC5/Debug_Timer_Interrupt.c **** *   Disables the Interrupt in the interrupt controller.
 341:Generated_Source\PSoC5/Debug_Timer_Interrupt.c **** *
 342:Generated_Source\PSoC5/Debug_Timer_Interrupt.c **** * Parameters:
 343:Generated_Source\PSoC5/Debug_Timer_Interrupt.c **** *   None
 344:Generated_Source\PSoC5/Debug_Timer_Interrupt.c **** *
 345:Generated_Source\PSoC5/Debug_Timer_Interrupt.c **** * Return:
 346:Generated_Source\PSoC5/Debug_Timer_Interrupt.c **** *   None
 347:Generated_Source\PSoC5/Debug_Timer_Interrupt.c **** *
 348:Generated_Source\PSoC5/Debug_Timer_Interrupt.c **** *******************************************************************************/
 349:Generated_Source\PSoC5/Debug_Timer_Interrupt.c **** void Debug_Timer_Interrupt_Disable(void)
 350:Generated_Source\PSoC5/Debug_Timer_Interrupt.c **** {
 434              		.loc 1 350 0
 435              		.cfi_startproc
 436              		@ args = 0, pretend = 0, frame = 0
 437              		@ frame_needed = 1, uses_anonymous_args = 0
 438              		@ link register save eliminated.
 439 0000 80B4     		push	{r7}
 440              		.cfi_def_cfa_offset 4
 441              		.cfi_offset 7, -4
 442 0002 00AF     		add	r7, sp, #0
 443              		.cfi_def_cfa_register 7
 351:Generated_Source\PSoC5/Debug_Timer_Interrupt.c ****     /* Disable the general interrupt. */
 352:Generated_Source\PSoC5/Debug_Timer_Interrupt.c ****     *Debug_Timer_Interrupt_INTC_CLR_EN = Debug_Timer_Interrupt__INTC_MASK;
 444              		.loc 1 352 0
 445 0004 034B     		ldr	r3, .L31
 446 0006 0122     		movs	r2, #1
ARM GAS  C:\Users\r\AppData\Local\Temp\ccDg2qsA.s 			page 15


 447 0008 1A60     		str	r2, [r3]
 353:Generated_Source\PSoC5/Debug_Timer_Interrupt.c **** }
 448              		.loc 1 353 0
 449 000a 00BF     		nop
 450 000c BD46     		mov	sp, r7
 451              		.cfi_def_cfa_register 13
 452              		@ sp needed
 453 000e 80BC     		pop	{r7}
 454              		.cfi_restore 7
 455              		.cfi_def_cfa_offset 0
 456 0010 7047     		bx	lr
 457              	.L32:
 458 0012 00BF     		.align	2
 459              	.L31:
 460 0014 80E100E0 		.word	-536813184
 461              		.cfi_endproc
 462              	.LFE10:
 463              		.size	Debug_Timer_Interrupt_Disable, .-Debug_Timer_Interrupt_Disable
 464              		.section	.text.Debug_Timer_Interrupt_SetPending,"ax",%progbits
 465              		.align	2
 466              		.global	Debug_Timer_Interrupt_SetPending
 467              		.thumb
 468              		.thumb_func
 469              		.type	Debug_Timer_Interrupt_SetPending, %function
 470              	Debug_Timer_Interrupt_SetPending:
 471              	.LFB11:
 354:Generated_Source\PSoC5/Debug_Timer_Interrupt.c **** 
 355:Generated_Source\PSoC5/Debug_Timer_Interrupt.c **** 
 356:Generated_Source\PSoC5/Debug_Timer_Interrupt.c **** /*******************************************************************************
 357:Generated_Source\PSoC5/Debug_Timer_Interrupt.c **** * Function Name: Debug_Timer_Interrupt_SetPending
 358:Generated_Source\PSoC5/Debug_Timer_Interrupt.c **** ********************************************************************************
 359:Generated_Source\PSoC5/Debug_Timer_Interrupt.c **** *
 360:Generated_Source\PSoC5/Debug_Timer_Interrupt.c **** * Summary:
 361:Generated_Source\PSoC5/Debug_Timer_Interrupt.c **** *   Causes the Interrupt to enter the pending state, a software method of
 362:Generated_Source\PSoC5/Debug_Timer_Interrupt.c **** *   generating the interrupt.
 363:Generated_Source\PSoC5/Debug_Timer_Interrupt.c **** *
 364:Generated_Source\PSoC5/Debug_Timer_Interrupt.c **** * Parameters:
 365:Generated_Source\PSoC5/Debug_Timer_Interrupt.c **** *   None
 366:Generated_Source\PSoC5/Debug_Timer_Interrupt.c **** *
 367:Generated_Source\PSoC5/Debug_Timer_Interrupt.c **** * Return:
 368:Generated_Source\PSoC5/Debug_Timer_Interrupt.c **** *   None
 369:Generated_Source\PSoC5/Debug_Timer_Interrupt.c **** *
 370:Generated_Source\PSoC5/Debug_Timer_Interrupt.c **** * Side Effects:
 371:Generated_Source\PSoC5/Debug_Timer_Interrupt.c **** *   If interrupts are enabled and the interrupt is set up properly, the ISR is
 372:Generated_Source\PSoC5/Debug_Timer_Interrupt.c **** *   entered (depending on the priority of this interrupt and other pending 
 373:Generated_Source\PSoC5/Debug_Timer_Interrupt.c **** *   interrupts).
 374:Generated_Source\PSoC5/Debug_Timer_Interrupt.c **** *
 375:Generated_Source\PSoC5/Debug_Timer_Interrupt.c **** *******************************************************************************/
 376:Generated_Source\PSoC5/Debug_Timer_Interrupt.c **** void Debug_Timer_Interrupt_SetPending(void)
 377:Generated_Source\PSoC5/Debug_Timer_Interrupt.c **** {
 472              		.loc 1 377 0
 473              		.cfi_startproc
 474              		@ args = 0, pretend = 0, frame = 0
 475              		@ frame_needed = 1, uses_anonymous_args = 0
 476              		@ link register save eliminated.
 477 0000 80B4     		push	{r7}
 478              		.cfi_def_cfa_offset 4
ARM GAS  C:\Users\r\AppData\Local\Temp\ccDg2qsA.s 			page 16


 479              		.cfi_offset 7, -4
 480 0002 00AF     		add	r7, sp, #0
 481              		.cfi_def_cfa_register 7
 378:Generated_Source\PSoC5/Debug_Timer_Interrupt.c ****     *Debug_Timer_Interrupt_INTC_SET_PD = Debug_Timer_Interrupt__INTC_MASK;
 482              		.loc 1 378 0
 483 0004 034B     		ldr	r3, .L34
 484 0006 0122     		movs	r2, #1
 485 0008 1A60     		str	r2, [r3]
 379:Generated_Source\PSoC5/Debug_Timer_Interrupt.c **** }
 486              		.loc 1 379 0
 487 000a 00BF     		nop
 488 000c BD46     		mov	sp, r7
 489              		.cfi_def_cfa_register 13
 490              		@ sp needed
 491 000e 80BC     		pop	{r7}
 492              		.cfi_restore 7
 493              		.cfi_def_cfa_offset 0
 494 0010 7047     		bx	lr
 495              	.L35:
 496 0012 00BF     		.align	2
 497              	.L34:
 498 0014 00E200E0 		.word	-536813056
 499              		.cfi_endproc
 500              	.LFE11:
 501              		.size	Debug_Timer_Interrupt_SetPending, .-Debug_Timer_Interrupt_SetPending
 502              		.section	.text.Debug_Timer_Interrupt_ClearPending,"ax",%progbits
 503              		.align	2
 504              		.global	Debug_Timer_Interrupt_ClearPending
 505              		.thumb
 506              		.thumb_func
 507              		.type	Debug_Timer_Interrupt_ClearPending, %function
 508              	Debug_Timer_Interrupt_ClearPending:
 509              	.LFB12:
 380:Generated_Source\PSoC5/Debug_Timer_Interrupt.c **** 
 381:Generated_Source\PSoC5/Debug_Timer_Interrupt.c **** 
 382:Generated_Source\PSoC5/Debug_Timer_Interrupt.c **** /*******************************************************************************
 383:Generated_Source\PSoC5/Debug_Timer_Interrupt.c **** * Function Name: Debug_Timer_Interrupt_ClearPending
 384:Generated_Source\PSoC5/Debug_Timer_Interrupt.c **** ********************************************************************************
 385:Generated_Source\PSoC5/Debug_Timer_Interrupt.c **** *
 386:Generated_Source\PSoC5/Debug_Timer_Interrupt.c **** * Summary:
 387:Generated_Source\PSoC5/Debug_Timer_Interrupt.c **** *   Clears a pending interrupt in the interrupt controller.
 388:Generated_Source\PSoC5/Debug_Timer_Interrupt.c **** *
 389:Generated_Source\PSoC5/Debug_Timer_Interrupt.c **** *   Note Some interrupt sources are clear-on-read and require the block 
 390:Generated_Source\PSoC5/Debug_Timer_Interrupt.c **** *   interrupt/status register to be read/cleared with the appropriate block API 
 391:Generated_Source\PSoC5/Debug_Timer_Interrupt.c **** *   (GPIO, UART, and so on). Otherwise the ISR will continue to remain in 
 392:Generated_Source\PSoC5/Debug_Timer_Interrupt.c **** *   pending state even though the interrupt itself is cleared using this API.
 393:Generated_Source\PSoC5/Debug_Timer_Interrupt.c **** *
 394:Generated_Source\PSoC5/Debug_Timer_Interrupt.c **** * Parameters:
 395:Generated_Source\PSoC5/Debug_Timer_Interrupt.c **** *   None
 396:Generated_Source\PSoC5/Debug_Timer_Interrupt.c **** *
 397:Generated_Source\PSoC5/Debug_Timer_Interrupt.c **** * Return:
 398:Generated_Source\PSoC5/Debug_Timer_Interrupt.c **** *   None
 399:Generated_Source\PSoC5/Debug_Timer_Interrupt.c **** *
 400:Generated_Source\PSoC5/Debug_Timer_Interrupt.c **** *******************************************************************************/
 401:Generated_Source\PSoC5/Debug_Timer_Interrupt.c **** void Debug_Timer_Interrupt_ClearPending(void)
 402:Generated_Source\PSoC5/Debug_Timer_Interrupt.c **** {
 510              		.loc 1 402 0
ARM GAS  C:\Users\r\AppData\Local\Temp\ccDg2qsA.s 			page 17


 511              		.cfi_startproc
 512              		@ args = 0, pretend = 0, frame = 0
 513              		@ frame_needed = 1, uses_anonymous_args = 0
 514              		@ link register save eliminated.
 515 0000 80B4     		push	{r7}
 516              		.cfi_def_cfa_offset 4
 517              		.cfi_offset 7, -4
 518 0002 00AF     		add	r7, sp, #0
 519              		.cfi_def_cfa_register 7
 403:Generated_Source\PSoC5/Debug_Timer_Interrupt.c ****     *Debug_Timer_Interrupt_INTC_CLR_PD = Debug_Timer_Interrupt__INTC_MASK;
 520              		.loc 1 403 0
 521 0004 034B     		ldr	r3, .L37
 522 0006 0122     		movs	r2, #1
 523 0008 1A60     		str	r2, [r3]
 404:Generated_Source\PSoC5/Debug_Timer_Interrupt.c **** }
 524              		.loc 1 404 0
 525 000a 00BF     		nop
 526 000c BD46     		mov	sp, r7
 527              		.cfi_def_cfa_register 13
 528              		@ sp needed
 529 000e 80BC     		pop	{r7}
 530              		.cfi_restore 7
 531              		.cfi_def_cfa_offset 0
 532 0010 7047     		bx	lr
 533              	.L38:
 534 0012 00BF     		.align	2
 535              	.L37:
 536 0014 80E200E0 		.word	-536812928
 537              		.cfi_endproc
 538              	.LFE12:
 539              		.size	Debug_Timer_Interrupt_ClearPending, .-Debug_Timer_Interrupt_ClearPending
 540              		.text
 541              	.Letext0:
 542              		.file 2 "Generated_Source\\PSoC5/cytypes.h"
 543              		.section	.debug_info,"",%progbits
 544              	.Ldebug_info0:
 545 0000 3D020000 		.4byte	0x23d
 546 0004 0400     		.2byte	0x4
 547 0006 00000000 		.4byte	.Ldebug_abbrev0
 548 000a 04       		.byte	0x4
 549 000b 01       		.uleb128 0x1
 550 000c 06000000 		.4byte	.LASF34
 551 0010 0C       		.byte	0xc
 552 0011 0F030000 		.4byte	.LASF35
 553 0015 B6020000 		.4byte	.LASF36
 554 0019 00000000 		.4byte	.Ldebug_ranges0+0
 555 001d 00000000 		.4byte	0
 556 0021 00000000 		.4byte	.Ldebug_line0
 557 0025 02       		.uleb128 0x2
 558 0026 04       		.byte	0x4
 559 0027 05       		.byte	0x5
 560 0028 696E7400 		.ascii	"int\000"
 561 002c 03       		.uleb128 0x3
 562 002d 04       		.byte	0x4
 563 002e 07       		.byte	0x7
 564 002f 29020000 		.4byte	.LASF0
 565 0033 03       		.uleb128 0x3
ARM GAS  C:\Users\r\AppData\Local\Temp\ccDg2qsA.s 			page 18


 566 0034 08       		.byte	0x8
 567 0035 05       		.byte	0x5
 568 0036 A8020000 		.4byte	.LASF1
 569 003a 03       		.uleb128 0x3
 570 003b 08       		.byte	0x8
 571 003c 04       		.byte	0x4
 572 003d 51030000 		.4byte	.LASF2
 573 0041 03       		.uleb128 0x3
 574 0042 01       		.byte	0x1
 575 0043 06       		.byte	0x6
 576 0044 5D030000 		.4byte	.LASF3
 577 0048 03       		.uleb128 0x3
 578 0049 01       		.byte	0x1
 579 004a 08       		.byte	0x8
 580 004b 6A010000 		.4byte	.LASF4
 581 004f 03       		.uleb128 0x3
 582 0050 02       		.byte	0x2
 583 0051 05       		.byte	0x5
 584 0052 3E030000 		.4byte	.LASF5
 585 0056 03       		.uleb128 0x3
 586 0057 02       		.byte	0x2
 587 0058 07       		.byte	0x7
 588 0059 D6000000 		.4byte	.LASF6
 589 005d 03       		.uleb128 0x3
 590 005e 04       		.byte	0x4
 591 005f 05       		.byte	0x5
 592 0060 48030000 		.4byte	.LASF7
 593 0064 03       		.uleb128 0x3
 594 0065 04       		.byte	0x4
 595 0066 07       		.byte	0x7
 596 0067 7D010000 		.4byte	.LASF8
 597 006b 03       		.uleb128 0x3
 598 006c 08       		.byte	0x8
 599 006d 07       		.byte	0x7
 600 006e 3E020000 		.4byte	.LASF9
 601 0072 03       		.uleb128 0x3
 602 0073 04       		.byte	0x4
 603 0074 07       		.byte	0x7
 604 0075 84020000 		.4byte	.LASF10
 605 0079 03       		.uleb128 0x3
 606 007a 01       		.byte	0x1
 607 007b 08       		.byte	0x8
 608 007c FB020000 		.4byte	.LASF11
 609 0080 04       		.uleb128 0x4
 610 0081 04       		.byte	0x4
 611 0082 86000000 		.4byte	0x86
 612 0086 05       		.uleb128 0x5
 613 0087 06       		.uleb128 0x6
 614 0088 B2010000 		.4byte	.LASF12
 615 008c 02       		.byte	0x2
 616 008d E401     		.2byte	0x1e4
 617 008f 48000000 		.4byte	0x48
 618 0093 06       		.uleb128 0x6
 619 0094 02020000 		.4byte	.LASF13
 620 0098 02       		.byte	0x2
 621 0099 E601     		.2byte	0x1e6
 622 009b 64000000 		.4byte	0x64
ARM GAS  C:\Users\r\AppData\Local\Temp\ccDg2qsA.s 			page 19


 623 009f 03       		.uleb128 0x3
 624 00a0 04       		.byte	0x4
 625 00a1 04       		.byte	0x4
 626 00a2 B1000000 		.4byte	.LASF14
 627 00a6 03       		.uleb128 0x3
 628 00a7 08       		.byte	0x8
 629 00a8 04       		.byte	0x4
 630 00a9 FB010000 		.4byte	.LASF15
 631 00ad 06       		.uleb128 0x6
 632 00ae 78010000 		.4byte	.LASF16
 633 00b2 02       		.byte	0x2
 634 00b3 8E02     		.2byte	0x28e
 635 00b5 B9000000 		.4byte	0xb9
 636 00b9 07       		.uleb128 0x7
 637 00ba 87000000 		.4byte	0x87
 638 00be 06       		.uleb128 0x6
 639 00bf 00000000 		.4byte	.LASF17
 640 00c3 02       		.byte	0x2
 641 00c4 9002     		.2byte	0x290
 642 00c6 CA000000 		.4byte	0xca
 643 00ca 07       		.uleb128 0x7
 644 00cb 93000000 		.4byte	0x93
 645 00cf 06       		.uleb128 0x6
 646 00d0 77020000 		.4byte	.LASF18
 647 00d4 02       		.byte	0x2
 648 00d5 A002     		.2byte	0x2a0
 649 00d7 80000000 		.4byte	0x80
 650 00db 08       		.uleb128 0x8
 651 00dc DF010000 		.4byte	.LASF19
 652 00e0 01       		.byte	0x1
 653 00e1 3D       		.byte	0x3d
 654 00e2 00000000 		.4byte	.LFB0
 655 00e6 20000000 		.4byte	.LFE0-.LFB0
 656 00ea 01       		.uleb128 0x1
 657 00eb 9C       		.byte	0x9c
 658 00ec 09       		.uleb128 0x9
 659 00ed 2B010000 		.4byte	.LASF22
 660 00f1 01       		.byte	0x1
 661 00f2 68       		.byte	0x68
 662 00f3 00000000 		.4byte	.LFB1
 663 00f7 24000000 		.4byte	.LFE1-.LFB1
 664 00fb 01       		.uleb128 0x1
 665 00fc 9C       		.byte	0x9c
 666 00fd 10010000 		.4byte	0x110
 667 0101 0A       		.uleb128 0xa
 668 0102 36020000 		.4byte	.LASF24
 669 0106 01       		.byte	0x1
 670 0107 68       		.byte	0x68
 671 0108 CF000000 		.4byte	0xcf
 672 010c 02       		.uleb128 0x2
 673 010d 91       		.byte	0x91
 674 010e 74       		.sleb128 -12
 675 010f 00       		.byte	0
 676 0110 08       		.uleb128 0x8
 677 0111 8D020000 		.4byte	.LASF20
 678 0115 01       		.byte	0x1
 679 0116 86       		.byte	0x86
ARM GAS  C:\Users\r\AppData\Local\Temp\ccDg2qsA.s 			page 20


 680 0117 00000000 		.4byte	.LFB2
 681 011b 18000000 		.4byte	.LFE2-.LFB2
 682 011f 01       		.uleb128 0x1
 683 0120 9C       		.byte	0x9c
 684 0121 0B       		.uleb128 0xb
 685 0122 69030000 		.4byte	.LASF21
 686 0126 01       		.byte	0x1
 687 0127 A0       		.byte	0xa0
 688 0128 00000000 		.4byte	.LFB3
 689 012c 0C000000 		.4byte	.LFE3-.LFB3
 690 0130 01       		.uleb128 0x1
 691 0131 9C       		.byte	0x9c
 692 0132 0C       		.uleb128 0xc
 693 0133 E9000000 		.4byte	.LASF23
 694 0137 01       		.byte	0x1
 695 0138 C8       		.byte	0xc8
 696 0139 00000000 		.4byte	.LFB4
 697 013d 24000000 		.4byte	.LFE4-.LFB4
 698 0141 01       		.uleb128 0x1
 699 0142 9C       		.byte	0x9c
 700 0143 64010000 		.4byte	0x164
 701 0147 0A       		.uleb128 0xa
 702 0148 36020000 		.4byte	.LASF24
 703 014c 01       		.byte	0x1
 704 014d C8       		.byte	0xc8
 705 014e CF000000 		.4byte	0xcf
 706 0152 02       		.uleb128 0x2
 707 0153 91       		.byte	0x91
 708 0154 6C       		.sleb128 -20
 709 0155 0D       		.uleb128 0xd
 710 0156 00030000 		.4byte	.LASF25
 711 015a 01       		.byte	0x1
 712 015b CA       		.byte	0xca
 713 015c 64010000 		.4byte	0x164
 714 0160 02       		.uleb128 0x2
 715 0161 91       		.byte	0x91
 716 0162 74       		.sleb128 -12
 717 0163 00       		.byte	0
 718 0164 04       		.uleb128 0x4
 719 0165 04       		.byte	0x4
 720 0166 CF000000 		.4byte	0xcf
 721 016a 0E       		.uleb128 0xe
 722 016b 09020000 		.4byte	.LASF28
 723 016f 01       		.byte	0x1
 724 0170 E0       		.byte	0xe0
 725 0171 CF000000 		.4byte	0xcf
 726 0175 00000000 		.4byte	.LFB5
 727 0179 20000000 		.4byte	.LFE5-.LFB5
 728 017d 01       		.uleb128 0x1
 729 017e 9C       		.byte	0x9c
 730 017f 92010000 		.4byte	0x192
 731 0183 0D       		.uleb128 0xd
 732 0184 00030000 		.4byte	.LASF25
 733 0188 01       		.byte	0x1
 734 0189 E2       		.byte	0xe2
 735 018a 64010000 		.4byte	0x164
 736 018e 02       		.uleb128 0x2
ARM GAS  C:\Users\r\AppData\Local\Temp\ccDg2qsA.s 			page 21


 737 018f 91       		.byte	0x91
 738 0190 74       		.sleb128 -12
 739 0191 00       		.byte	0
 740 0192 0F       		.uleb128 0xf
 741 0193 55020000 		.4byte	.LASF26
 742 0197 01       		.byte	0x1
 743 0198 0201     		.2byte	0x102
 744 019a 00000000 		.4byte	.LFB6
 745 019e 24000000 		.4byte	.LFE6-.LFB6
 746 01a2 01       		.uleb128 0x1
 747 01a3 9C       		.byte	0x9c
 748 01a4 B8010000 		.4byte	0x1b8
 749 01a8 10       		.uleb128 0x10
 750 01a9 D6010000 		.4byte	.LASF27
 751 01ad 01       		.byte	0x1
 752 01ae 0201     		.2byte	0x102
 753 01b0 87000000 		.4byte	0x87
 754 01b4 02       		.uleb128 0x2
 755 01b5 91       		.byte	0x91
 756 01b6 77       		.sleb128 -9
 757 01b7 00       		.byte	0
 758 01b8 11       		.uleb128 0x11
 759 01b9 09010000 		.4byte	.LASF29
 760 01bd 01       		.byte	0x1
 761 01be 1801     		.2byte	0x118
 762 01c0 87000000 		.4byte	0x87
 763 01c4 00000000 		.4byte	.LFB7
 764 01c8 20000000 		.4byte	.LFE7-.LFB7
 765 01cc 01       		.uleb128 0x1
 766 01cd 9C       		.byte	0x9c
 767 01ce E2010000 		.4byte	0x1e2
 768 01d2 12       		.uleb128 0x12
 769 01d3 D6010000 		.4byte	.LASF27
 770 01d7 01       		.byte	0x1
 771 01d8 1A01     		.2byte	0x11a
 772 01da 87000000 		.4byte	0x87
 773 01de 02       		.uleb128 0x2
 774 01df 91       		.byte	0x91
 775 01e0 77       		.sleb128 -9
 776 01e1 00       		.byte	0
 777 01e2 13       		.uleb128 0x13
 778 01e3 94000000 		.4byte	.LASF30
 779 01e7 01       		.byte	0x1
 780 01e8 3301     		.2byte	0x133
 781 01ea 00000000 		.4byte	.LFB8
 782 01ee 18000000 		.4byte	.LFE8-.LFB8
 783 01f2 01       		.uleb128 0x1
 784 01f3 9C       		.byte	0x9c
 785 01f4 14       		.uleb128 0x14
 786 01f5 B7000000 		.4byte	.LASF37
 787 01f9 01       		.byte	0x1
 788 01fa 4801     		.2byte	0x148
 789 01fc 87000000 		.4byte	0x87
 790 0200 00000000 		.4byte	.LFB9
 791 0204 1C000000 		.4byte	.LFE9-.LFB9
 792 0208 01       		.uleb128 0x1
 793 0209 9C       		.byte	0x9c
ARM GAS  C:\Users\r\AppData\Local\Temp\ccDg2qsA.s 			page 22


 794 020a 13       		.uleb128 0x13
 795 020b B8010000 		.4byte	.LASF31
 796 020f 01       		.byte	0x1
 797 0210 5D01     		.2byte	0x15d
 798 0212 00000000 		.4byte	.LFB10
 799 0216 18000000 		.4byte	.LFE10-.LFB10
 800 021a 01       		.uleb128 0x1
 801 021b 9C       		.byte	0x9c
 802 021c 13       		.uleb128 0x13
 803 021d 49010000 		.4byte	.LASF32
 804 0221 01       		.byte	0x1
 805 0222 7801     		.2byte	0x178
 806 0224 00000000 		.4byte	.LFB11
 807 0228 18000000 		.4byte	.LFE11-.LFB11
 808 022c 01       		.uleb128 0x1
 809 022d 9C       		.byte	0x9c
 810 022e 13       		.uleb128 0x13
 811 022f 8F010000 		.4byte	.LASF33
 812 0233 01       		.byte	0x1
 813 0234 9101     		.2byte	0x191
 814 0236 00000000 		.4byte	.LFB12
 815 023a 18000000 		.4byte	.LFE12-.LFB12
 816 023e 01       		.uleb128 0x1
 817 023f 9C       		.byte	0x9c
 818 0240 00       		.byte	0
 819              		.section	.debug_abbrev,"",%progbits
 820              	.Ldebug_abbrev0:
 821 0000 01       		.uleb128 0x1
 822 0001 11       		.uleb128 0x11
 823 0002 01       		.byte	0x1
 824 0003 25       		.uleb128 0x25
 825 0004 0E       		.uleb128 0xe
 826 0005 13       		.uleb128 0x13
 827 0006 0B       		.uleb128 0xb
 828 0007 03       		.uleb128 0x3
 829 0008 0E       		.uleb128 0xe
 830 0009 1B       		.uleb128 0x1b
 831 000a 0E       		.uleb128 0xe
 832 000b 55       		.uleb128 0x55
 833 000c 17       		.uleb128 0x17
 834 000d 11       		.uleb128 0x11
 835 000e 01       		.uleb128 0x1
 836 000f 10       		.uleb128 0x10
 837 0010 17       		.uleb128 0x17
 838 0011 00       		.byte	0
 839 0012 00       		.byte	0
 840 0013 02       		.uleb128 0x2
 841 0014 24       		.uleb128 0x24
 842 0015 00       		.byte	0
 843 0016 0B       		.uleb128 0xb
 844 0017 0B       		.uleb128 0xb
 845 0018 3E       		.uleb128 0x3e
 846 0019 0B       		.uleb128 0xb
 847 001a 03       		.uleb128 0x3
 848 001b 08       		.uleb128 0x8
 849 001c 00       		.byte	0
 850 001d 00       		.byte	0
ARM GAS  C:\Users\r\AppData\Local\Temp\ccDg2qsA.s 			page 23


 851 001e 03       		.uleb128 0x3
 852 001f 24       		.uleb128 0x24
 853 0020 00       		.byte	0
 854 0021 0B       		.uleb128 0xb
 855 0022 0B       		.uleb128 0xb
 856 0023 3E       		.uleb128 0x3e
 857 0024 0B       		.uleb128 0xb
 858 0025 03       		.uleb128 0x3
 859 0026 0E       		.uleb128 0xe
 860 0027 00       		.byte	0
 861 0028 00       		.byte	0
 862 0029 04       		.uleb128 0x4
 863 002a 0F       		.uleb128 0xf
 864 002b 00       		.byte	0
 865 002c 0B       		.uleb128 0xb
 866 002d 0B       		.uleb128 0xb
 867 002e 49       		.uleb128 0x49
 868 002f 13       		.uleb128 0x13
 869 0030 00       		.byte	0
 870 0031 00       		.byte	0
 871 0032 05       		.uleb128 0x5
 872 0033 15       		.uleb128 0x15
 873 0034 00       		.byte	0
 874 0035 27       		.uleb128 0x27
 875 0036 19       		.uleb128 0x19
 876 0037 00       		.byte	0
 877 0038 00       		.byte	0
 878 0039 06       		.uleb128 0x6
 879 003a 16       		.uleb128 0x16
 880 003b 00       		.byte	0
 881 003c 03       		.uleb128 0x3
 882 003d 0E       		.uleb128 0xe
 883 003e 3A       		.uleb128 0x3a
 884 003f 0B       		.uleb128 0xb
 885 0040 3B       		.uleb128 0x3b
 886 0041 05       		.uleb128 0x5
 887 0042 49       		.uleb128 0x49
 888 0043 13       		.uleb128 0x13
 889 0044 00       		.byte	0
 890 0045 00       		.byte	0
 891 0046 07       		.uleb128 0x7
 892 0047 35       		.uleb128 0x35
 893 0048 00       		.byte	0
 894 0049 49       		.uleb128 0x49
 895 004a 13       		.uleb128 0x13
 896 004b 00       		.byte	0
 897 004c 00       		.byte	0
 898 004d 08       		.uleb128 0x8
 899 004e 2E       		.uleb128 0x2e
 900 004f 00       		.byte	0
 901 0050 3F       		.uleb128 0x3f
 902 0051 19       		.uleb128 0x19
 903 0052 03       		.uleb128 0x3
 904 0053 0E       		.uleb128 0xe
 905 0054 3A       		.uleb128 0x3a
 906 0055 0B       		.uleb128 0xb
 907 0056 3B       		.uleb128 0x3b
ARM GAS  C:\Users\r\AppData\Local\Temp\ccDg2qsA.s 			page 24


 908 0057 0B       		.uleb128 0xb
 909 0058 27       		.uleb128 0x27
 910 0059 19       		.uleb128 0x19
 911 005a 11       		.uleb128 0x11
 912 005b 01       		.uleb128 0x1
 913 005c 12       		.uleb128 0x12
 914 005d 06       		.uleb128 0x6
 915 005e 40       		.uleb128 0x40
 916 005f 18       		.uleb128 0x18
 917 0060 9642     		.uleb128 0x2116
 918 0062 19       		.uleb128 0x19
 919 0063 00       		.byte	0
 920 0064 00       		.byte	0
 921 0065 09       		.uleb128 0x9
 922 0066 2E       		.uleb128 0x2e
 923 0067 01       		.byte	0x1
 924 0068 3F       		.uleb128 0x3f
 925 0069 19       		.uleb128 0x19
 926 006a 03       		.uleb128 0x3
 927 006b 0E       		.uleb128 0xe
 928 006c 3A       		.uleb128 0x3a
 929 006d 0B       		.uleb128 0xb
 930 006e 3B       		.uleb128 0x3b
 931 006f 0B       		.uleb128 0xb
 932 0070 27       		.uleb128 0x27
 933 0071 19       		.uleb128 0x19
 934 0072 11       		.uleb128 0x11
 935 0073 01       		.uleb128 0x1
 936 0074 12       		.uleb128 0x12
 937 0075 06       		.uleb128 0x6
 938 0076 40       		.uleb128 0x40
 939 0077 18       		.uleb128 0x18
 940 0078 9642     		.uleb128 0x2116
 941 007a 19       		.uleb128 0x19
 942 007b 01       		.uleb128 0x1
 943 007c 13       		.uleb128 0x13
 944 007d 00       		.byte	0
 945 007e 00       		.byte	0
 946 007f 0A       		.uleb128 0xa
 947 0080 05       		.uleb128 0x5
 948 0081 00       		.byte	0
 949 0082 03       		.uleb128 0x3
 950 0083 0E       		.uleb128 0xe
 951 0084 3A       		.uleb128 0x3a
 952 0085 0B       		.uleb128 0xb
 953 0086 3B       		.uleb128 0x3b
 954 0087 0B       		.uleb128 0xb
 955 0088 49       		.uleb128 0x49
 956 0089 13       		.uleb128 0x13
 957 008a 02       		.uleb128 0x2
 958 008b 18       		.uleb128 0x18
 959 008c 00       		.byte	0
 960 008d 00       		.byte	0
 961 008e 0B       		.uleb128 0xb
 962 008f 2E       		.uleb128 0x2e
 963 0090 00       		.byte	0
 964 0091 3F       		.uleb128 0x3f
ARM GAS  C:\Users\r\AppData\Local\Temp\ccDg2qsA.s 			page 25


 965 0092 19       		.uleb128 0x19
 966 0093 03       		.uleb128 0x3
 967 0094 0E       		.uleb128 0xe
 968 0095 3A       		.uleb128 0x3a
 969 0096 0B       		.uleb128 0xb
 970 0097 3B       		.uleb128 0x3b
 971 0098 0B       		.uleb128 0xb
 972 0099 27       		.uleb128 0x27
 973 009a 19       		.uleb128 0x19
 974 009b 11       		.uleb128 0x11
 975 009c 01       		.uleb128 0x1
 976 009d 12       		.uleb128 0x12
 977 009e 06       		.uleb128 0x6
 978 009f 40       		.uleb128 0x40
 979 00a0 18       		.uleb128 0x18
 980 00a1 9742     		.uleb128 0x2117
 981 00a3 19       		.uleb128 0x19
 982 00a4 00       		.byte	0
 983 00a5 00       		.byte	0
 984 00a6 0C       		.uleb128 0xc
 985 00a7 2E       		.uleb128 0x2e
 986 00a8 01       		.byte	0x1
 987 00a9 3F       		.uleb128 0x3f
 988 00aa 19       		.uleb128 0x19
 989 00ab 03       		.uleb128 0x3
 990 00ac 0E       		.uleb128 0xe
 991 00ad 3A       		.uleb128 0x3a
 992 00ae 0B       		.uleb128 0xb
 993 00af 3B       		.uleb128 0x3b
 994 00b0 0B       		.uleb128 0xb
 995 00b1 27       		.uleb128 0x27
 996 00b2 19       		.uleb128 0x19
 997 00b3 11       		.uleb128 0x11
 998 00b4 01       		.uleb128 0x1
 999 00b5 12       		.uleb128 0x12
 1000 00b6 06       		.uleb128 0x6
 1001 00b7 40       		.uleb128 0x40
 1002 00b8 18       		.uleb128 0x18
 1003 00b9 9742     		.uleb128 0x2117
 1004 00bb 19       		.uleb128 0x19
 1005 00bc 01       		.uleb128 0x1
 1006 00bd 13       		.uleb128 0x13
 1007 00be 00       		.byte	0
 1008 00bf 00       		.byte	0
 1009 00c0 0D       		.uleb128 0xd
 1010 00c1 34       		.uleb128 0x34
 1011 00c2 00       		.byte	0
 1012 00c3 03       		.uleb128 0x3
 1013 00c4 0E       		.uleb128 0xe
 1014 00c5 3A       		.uleb128 0x3a
 1015 00c6 0B       		.uleb128 0xb
 1016 00c7 3B       		.uleb128 0x3b
 1017 00c8 0B       		.uleb128 0xb
 1018 00c9 49       		.uleb128 0x49
 1019 00ca 13       		.uleb128 0x13
 1020 00cb 02       		.uleb128 0x2
 1021 00cc 18       		.uleb128 0x18
ARM GAS  C:\Users\r\AppData\Local\Temp\ccDg2qsA.s 			page 26


 1022 00cd 00       		.byte	0
 1023 00ce 00       		.byte	0
 1024 00cf 0E       		.uleb128 0xe
 1025 00d0 2E       		.uleb128 0x2e
 1026 00d1 01       		.byte	0x1
 1027 00d2 3F       		.uleb128 0x3f
 1028 00d3 19       		.uleb128 0x19
 1029 00d4 03       		.uleb128 0x3
 1030 00d5 0E       		.uleb128 0xe
 1031 00d6 3A       		.uleb128 0x3a
 1032 00d7 0B       		.uleb128 0xb
 1033 00d8 3B       		.uleb128 0x3b
 1034 00d9 0B       		.uleb128 0xb
 1035 00da 27       		.uleb128 0x27
 1036 00db 19       		.uleb128 0x19
 1037 00dc 49       		.uleb128 0x49
 1038 00dd 13       		.uleb128 0x13
 1039 00de 11       		.uleb128 0x11
 1040 00df 01       		.uleb128 0x1
 1041 00e0 12       		.uleb128 0x12
 1042 00e1 06       		.uleb128 0x6
 1043 00e2 40       		.uleb128 0x40
 1044 00e3 18       		.uleb128 0x18
 1045 00e4 9742     		.uleb128 0x2117
 1046 00e6 19       		.uleb128 0x19
 1047 00e7 01       		.uleb128 0x1
 1048 00e8 13       		.uleb128 0x13
 1049 00e9 00       		.byte	0
 1050 00ea 00       		.byte	0
 1051 00eb 0F       		.uleb128 0xf
 1052 00ec 2E       		.uleb128 0x2e
 1053 00ed 01       		.byte	0x1
 1054 00ee 3F       		.uleb128 0x3f
 1055 00ef 19       		.uleb128 0x19
 1056 00f0 03       		.uleb128 0x3
 1057 00f1 0E       		.uleb128 0xe
 1058 00f2 3A       		.uleb128 0x3a
 1059 00f3 0B       		.uleb128 0xb
 1060 00f4 3B       		.uleb128 0x3b
 1061 00f5 05       		.uleb128 0x5
 1062 00f6 27       		.uleb128 0x27
 1063 00f7 19       		.uleb128 0x19
 1064 00f8 11       		.uleb128 0x11
 1065 00f9 01       		.uleb128 0x1
 1066 00fa 12       		.uleb128 0x12
 1067 00fb 06       		.uleb128 0x6
 1068 00fc 40       		.uleb128 0x40
 1069 00fd 18       		.uleb128 0x18
 1070 00fe 9742     		.uleb128 0x2117
 1071 0100 19       		.uleb128 0x19
 1072 0101 01       		.uleb128 0x1
 1073 0102 13       		.uleb128 0x13
 1074 0103 00       		.byte	0
 1075 0104 00       		.byte	0
 1076 0105 10       		.uleb128 0x10
 1077 0106 05       		.uleb128 0x5
 1078 0107 00       		.byte	0
ARM GAS  C:\Users\r\AppData\Local\Temp\ccDg2qsA.s 			page 27


 1079 0108 03       		.uleb128 0x3
 1080 0109 0E       		.uleb128 0xe
 1081 010a 3A       		.uleb128 0x3a
 1082 010b 0B       		.uleb128 0xb
 1083 010c 3B       		.uleb128 0x3b
 1084 010d 05       		.uleb128 0x5
 1085 010e 49       		.uleb128 0x49
 1086 010f 13       		.uleb128 0x13
 1087 0110 02       		.uleb128 0x2
 1088 0111 18       		.uleb128 0x18
 1089 0112 00       		.byte	0
 1090 0113 00       		.byte	0
 1091 0114 11       		.uleb128 0x11
 1092 0115 2E       		.uleb128 0x2e
 1093 0116 01       		.byte	0x1
 1094 0117 3F       		.uleb128 0x3f
 1095 0118 19       		.uleb128 0x19
 1096 0119 03       		.uleb128 0x3
 1097 011a 0E       		.uleb128 0xe
 1098 011b 3A       		.uleb128 0x3a
 1099 011c 0B       		.uleb128 0xb
 1100 011d 3B       		.uleb128 0x3b
 1101 011e 05       		.uleb128 0x5
 1102 011f 27       		.uleb128 0x27
 1103 0120 19       		.uleb128 0x19
 1104 0121 49       		.uleb128 0x49
 1105 0122 13       		.uleb128 0x13
 1106 0123 11       		.uleb128 0x11
 1107 0124 01       		.uleb128 0x1
 1108 0125 12       		.uleb128 0x12
 1109 0126 06       		.uleb128 0x6
 1110 0127 40       		.uleb128 0x40
 1111 0128 18       		.uleb128 0x18
 1112 0129 9742     		.uleb128 0x2117
 1113 012b 19       		.uleb128 0x19
 1114 012c 01       		.uleb128 0x1
 1115 012d 13       		.uleb128 0x13
 1116 012e 00       		.byte	0
 1117 012f 00       		.byte	0
 1118 0130 12       		.uleb128 0x12
 1119 0131 34       		.uleb128 0x34
 1120 0132 00       		.byte	0
 1121 0133 03       		.uleb128 0x3
 1122 0134 0E       		.uleb128 0xe
 1123 0135 3A       		.uleb128 0x3a
 1124 0136 0B       		.uleb128 0xb
 1125 0137 3B       		.uleb128 0x3b
 1126 0138 05       		.uleb128 0x5
 1127 0139 49       		.uleb128 0x49
 1128 013a 13       		.uleb128 0x13
 1129 013b 02       		.uleb128 0x2
 1130 013c 18       		.uleb128 0x18
 1131 013d 00       		.byte	0
 1132 013e 00       		.byte	0
 1133 013f 13       		.uleb128 0x13
 1134 0140 2E       		.uleb128 0x2e
 1135 0141 00       		.byte	0
ARM GAS  C:\Users\r\AppData\Local\Temp\ccDg2qsA.s 			page 28


 1136 0142 3F       		.uleb128 0x3f
 1137 0143 19       		.uleb128 0x19
 1138 0144 03       		.uleb128 0x3
 1139 0145 0E       		.uleb128 0xe
 1140 0146 3A       		.uleb128 0x3a
 1141 0147 0B       		.uleb128 0xb
 1142 0148 3B       		.uleb128 0x3b
 1143 0149 05       		.uleb128 0x5
 1144 014a 27       		.uleb128 0x27
 1145 014b 19       		.uleb128 0x19
 1146 014c 11       		.uleb128 0x11
 1147 014d 01       		.uleb128 0x1
 1148 014e 12       		.uleb128 0x12
 1149 014f 06       		.uleb128 0x6
 1150 0150 40       		.uleb128 0x40
 1151 0151 18       		.uleb128 0x18
 1152 0152 9742     		.uleb128 0x2117
 1153 0154 19       		.uleb128 0x19
 1154 0155 00       		.byte	0
 1155 0156 00       		.byte	0
 1156 0157 14       		.uleb128 0x14
 1157 0158 2E       		.uleb128 0x2e
 1158 0159 00       		.byte	0
 1159 015a 3F       		.uleb128 0x3f
 1160 015b 19       		.uleb128 0x19
 1161 015c 03       		.uleb128 0x3
 1162 015d 0E       		.uleb128 0xe
 1163 015e 3A       		.uleb128 0x3a
 1164 015f 0B       		.uleb128 0xb
 1165 0160 3B       		.uleb128 0x3b
 1166 0161 05       		.uleb128 0x5
 1167 0162 27       		.uleb128 0x27
 1168 0163 19       		.uleb128 0x19
 1169 0164 49       		.uleb128 0x49
 1170 0165 13       		.uleb128 0x13
 1171 0166 11       		.uleb128 0x11
 1172 0167 01       		.uleb128 0x1
 1173 0168 12       		.uleb128 0x12
 1174 0169 06       		.uleb128 0x6
 1175 016a 40       		.uleb128 0x40
 1176 016b 18       		.uleb128 0x18
 1177 016c 9742     		.uleb128 0x2117
 1178 016e 19       		.uleb128 0x19
 1179 016f 00       		.byte	0
 1180 0170 00       		.byte	0
 1181 0171 00       		.byte	0
 1182              		.section	.debug_aranges,"",%progbits
 1183 0000 7C000000 		.4byte	0x7c
 1184 0004 0200     		.2byte	0x2
 1185 0006 00000000 		.4byte	.Ldebug_info0
 1186 000a 04       		.byte	0x4
 1187 000b 00       		.byte	0
 1188 000c 0000     		.2byte	0
 1189 000e 0000     		.2byte	0
 1190 0010 00000000 		.4byte	.LFB0
 1191 0014 20000000 		.4byte	.LFE0-.LFB0
 1192 0018 00000000 		.4byte	.LFB1
ARM GAS  C:\Users\r\AppData\Local\Temp\ccDg2qsA.s 			page 29


 1193 001c 24000000 		.4byte	.LFE1-.LFB1
 1194 0020 00000000 		.4byte	.LFB2
 1195 0024 18000000 		.4byte	.LFE2-.LFB2
 1196 0028 00000000 		.4byte	.LFB3
 1197 002c 0C000000 		.4byte	.LFE3-.LFB3
 1198 0030 00000000 		.4byte	.LFB4
 1199 0034 24000000 		.4byte	.LFE4-.LFB4
 1200 0038 00000000 		.4byte	.LFB5
 1201 003c 20000000 		.4byte	.LFE5-.LFB5
 1202 0040 00000000 		.4byte	.LFB6
 1203 0044 24000000 		.4byte	.LFE6-.LFB6
 1204 0048 00000000 		.4byte	.LFB7
 1205 004c 20000000 		.4byte	.LFE7-.LFB7
 1206 0050 00000000 		.4byte	.LFB8
 1207 0054 18000000 		.4byte	.LFE8-.LFB8
 1208 0058 00000000 		.4byte	.LFB9
 1209 005c 1C000000 		.4byte	.LFE9-.LFB9
 1210 0060 00000000 		.4byte	.LFB10
 1211 0064 18000000 		.4byte	.LFE10-.LFB10
 1212 0068 00000000 		.4byte	.LFB11
 1213 006c 18000000 		.4byte	.LFE11-.LFB11
 1214 0070 00000000 		.4byte	.LFB12
 1215 0074 18000000 		.4byte	.LFE12-.LFB12
 1216 0078 00000000 		.4byte	0
 1217 007c 00000000 		.4byte	0
 1218              		.section	.debug_ranges,"",%progbits
 1219              	.Ldebug_ranges0:
 1220 0000 00000000 		.4byte	.LFB0
 1221 0004 20000000 		.4byte	.LFE0
 1222 0008 00000000 		.4byte	.LFB1
 1223 000c 24000000 		.4byte	.LFE1
 1224 0010 00000000 		.4byte	.LFB2
 1225 0014 18000000 		.4byte	.LFE2
 1226 0018 00000000 		.4byte	.LFB3
 1227 001c 0C000000 		.4byte	.LFE3
 1228 0020 00000000 		.4byte	.LFB4
 1229 0024 24000000 		.4byte	.LFE4
 1230 0028 00000000 		.4byte	.LFB5
 1231 002c 20000000 		.4byte	.LFE5
 1232 0030 00000000 		.4byte	.LFB6
 1233 0034 24000000 		.4byte	.LFE6
 1234 0038 00000000 		.4byte	.LFB7
 1235 003c 20000000 		.4byte	.LFE7
 1236 0040 00000000 		.4byte	.LFB8
 1237 0044 18000000 		.4byte	.LFE8
 1238 0048 00000000 		.4byte	.LFB9
 1239 004c 1C000000 		.4byte	.LFE9
 1240 0050 00000000 		.4byte	.LFB10
 1241 0054 18000000 		.4byte	.LFE10
 1242 0058 00000000 		.4byte	.LFB11
 1243 005c 18000000 		.4byte	.LFE11
 1244 0060 00000000 		.4byte	.LFB12
 1245 0064 18000000 		.4byte	.LFE12
 1246 0068 00000000 		.4byte	0
 1247 006c 00000000 		.4byte	0
 1248              		.section	.debug_line,"",%progbits
 1249              	.Ldebug_line0:
ARM GAS  C:\Users\r\AppData\Local\Temp\ccDg2qsA.s 			page 30


 1250 0000 4C010000 		.section	.debug_str,"MS",%progbits,1
 1250      02005200 
 1250      00000201 
 1250      FB0E0D00 
 1250      01010101 
 1251              	.LASF17:
 1252 0000 72656733 		.ascii	"reg32\000"
 1252      3200
 1253              	.LASF34:
 1254 0006 474E5520 		.ascii	"GNU C11 5.4.1 20160609 (release) [ARM/embedded-5-br"
 1254      43313120 
 1254      352E342E 
 1254      31203230 
 1254      31363036 
 1255 0039 616E6368 		.ascii	"anch revision 237715] -mcpu=cortex-m3 -mthumb -g -O"
 1255      20726576 
 1255      6973696F 
 1255      6E203233 
 1255      37373135 
 1256 006c 30202D66 		.ascii	"0 -ffunction-sections -ffat-lto-objects\000"
 1256      66756E63 
 1256      74696F6E 
 1256      2D736563 
 1256      74696F6E 
 1257              	.LASF30:
 1258 0094 44656275 		.ascii	"Debug_Timer_Interrupt_Enable\000"
 1258      675F5469 
 1258      6D65725F 
 1258      496E7465 
 1258      72727570 
 1259              	.LASF14:
 1260 00b1 666C6F61 		.ascii	"float\000"
 1260      7400
 1261              	.LASF37:
 1262 00b7 44656275 		.ascii	"Debug_Timer_Interrupt_GetState\000"
 1262      675F5469 
 1262      6D65725F 
 1262      496E7465 
 1262      72727570 
 1263              	.LASF6:
 1264 00d6 73686F72 		.ascii	"short unsigned int\000"
 1264      7420756E 
 1264      7369676E 
 1264      65642069 
 1264      6E7400
 1265              	.LASF23:
 1266 00e9 44656275 		.ascii	"Debug_Timer_Interrupt_SetVector\000"
 1266      675F5469 
 1266      6D65725F 
 1266      496E7465 
 1266      72727570 
 1267              	.LASF29:
 1268 0109 44656275 		.ascii	"Debug_Timer_Interrupt_GetPriority\000"
 1268      675F5469 
 1268      6D65725F 
 1268      496E7465 
 1268      72727570 
ARM GAS  C:\Users\r\AppData\Local\Temp\ccDg2qsA.s 			page 31


 1269              	.LASF22:
 1270 012b 44656275 		.ascii	"Debug_Timer_Interrupt_StartEx\000"
 1270      675F5469 
 1270      6D65725F 
 1270      496E7465 
 1270      72727570 
 1271              	.LASF32:
 1272 0149 44656275 		.ascii	"Debug_Timer_Interrupt_SetPending\000"
 1272      675F5469 
 1272      6D65725F 
 1272      496E7465 
 1272      72727570 
 1273              	.LASF4:
 1274 016a 756E7369 		.ascii	"unsigned char\000"
 1274      676E6564 
 1274      20636861 
 1274      7200
 1275              	.LASF16:
 1276 0178 72656738 		.ascii	"reg8\000"
 1276      00
 1277              	.LASF8:
 1278 017d 6C6F6E67 		.ascii	"long unsigned int\000"
 1278      20756E73 
 1278      69676E65 
 1278      6420696E 
 1278      7400
 1279              	.LASF33:
 1280 018f 44656275 		.ascii	"Debug_Timer_Interrupt_ClearPending\000"
 1280      675F5469 
 1280      6D65725F 
 1280      496E7465 
 1280      72727570 
 1281              	.LASF12:
 1282 01b2 75696E74 		.ascii	"uint8\000"
 1282      3800
 1283              	.LASF31:
 1284 01b8 44656275 		.ascii	"Debug_Timer_Interrupt_Disable\000"
 1284      675F5469 
 1284      6D65725F 
 1284      496E7465 
 1284      72727570 
 1285              	.LASF27:
 1286 01d6 7072696F 		.ascii	"priority\000"
 1286      72697479 
 1286      00
 1287              	.LASF19:
 1288 01df 44656275 		.ascii	"Debug_Timer_Interrupt_Start\000"
 1288      675F5469 
 1288      6D65725F 
 1288      496E7465 
 1288      72727570 
 1289              	.LASF15:
 1290 01fb 646F7562 		.ascii	"double\000"
 1290      6C6500
 1291              	.LASF13:
 1292 0202 75696E74 		.ascii	"uint32\000"
 1292      333200
ARM GAS  C:\Users\r\AppData\Local\Temp\ccDg2qsA.s 			page 32


 1293              	.LASF28:
 1294 0209 44656275 		.ascii	"Debug_Timer_Interrupt_GetVector\000"
 1294      675F5469 
 1294      6D65725F 
 1294      496E7465 
 1294      72727570 
 1295              	.LASF0:
 1296 0229 756E7369 		.ascii	"unsigned int\000"
 1296      676E6564 
 1296      20696E74 
 1296      00
 1297              	.LASF24:
 1298 0236 61646472 		.ascii	"address\000"
 1298      65737300 
 1299              	.LASF9:
 1300 023e 6C6F6E67 		.ascii	"long long unsigned int\000"
 1300      206C6F6E 
 1300      6720756E 
 1300      7369676E 
 1300      65642069 
 1301              	.LASF26:
 1302 0255 44656275 		.ascii	"Debug_Timer_Interrupt_SetPriority\000"
 1302      675F5469 
 1302      6D65725F 
 1302      496E7465 
 1302      72727570 
 1303              	.LASF18:
 1304 0277 63796973 		.ascii	"cyisraddress\000"
 1304      72616464 
 1304      72657373 
 1304      00
 1305              	.LASF10:
 1306 0284 73697A65 		.ascii	"sizetype\000"
 1306      74797065 
 1306      00
 1307              	.LASF20:
 1308 028d 44656275 		.ascii	"Debug_Timer_Interrupt_Stop\000"
 1308      675F5469 
 1308      6D65725F 
 1308      496E7465 
 1308      72727570 
 1309              	.LASF1:
 1310 02a8 6C6F6E67 		.ascii	"long long int\000"
 1310      206C6F6E 
 1310      6720696E 
 1310      7400
 1311              	.LASF36:
 1312 02b6 433A5C55 		.ascii	"C:\\Users\\r\\Documents\\Data Sheets\\apple\\SCSI2S"
 1312      73657273 
 1312      5C725C44 
 1312      6F63756D 
 1312      656E7473 
 1313 02e3 445C5343 		.ascii	"D\\SCSI2SD_Copy_01.cydsn\000"
 1313      53493253 
 1313      445F436F 
 1313      70795F30 
 1313      312E6379 
ARM GAS  C:\Users\r\AppData\Local\Temp\ccDg2qsA.s 			page 33


 1314              	.LASF11:
 1315 02fb 63686172 		.ascii	"char\000"
 1315      00
 1316              	.LASF25:
 1317 0300 72616D56 		.ascii	"ramVectorTable\000"
 1317      6563746F 
 1317      72546162 
 1317      6C6500
 1318              	.LASF35:
 1319 030f 47656E65 		.ascii	"Generated_Source\\PSoC5\\Debug_Timer_Interrupt.c\000"
 1319      72617465 
 1319      645F536F 
 1319      75726365 
 1319      5C50536F 
 1320              	.LASF5:
 1321 033e 73686F72 		.ascii	"short int\000"
 1321      7420696E 
 1321      7400
 1322              	.LASF7:
 1323 0348 6C6F6E67 		.ascii	"long int\000"
 1323      20696E74 
 1323      00
 1324              	.LASF2:
 1325 0351 6C6F6E67 		.ascii	"long double\000"
 1325      20646F75 
 1325      626C6500 
 1326              	.LASF3:
 1327 035d 7369676E 		.ascii	"signed char\000"
 1327      65642063 
 1327      68617200 
 1328              	.LASF21:
 1329 0369 44656275 		.ascii	"Debug_Timer_Interrupt_Interrupt\000"
 1329      675F5469 
 1329      6D65725F 
 1329      496E7465 
 1329      72727570 
 1330              		.ident	"GCC: (GNU Tools for ARM Embedded Processors) 5.4.1 20160609 (release) [ARM/embedded-5-bran
