ARM GAS  C:\Users\r\AppData\Local\Temp\ccgiUic1.s 			page 1


   1              		.syntax unified
   2              		.cpu cortex-m3
   3              		.fpu softvfp
   4              		.eabi_attribute 20, 1
   5              		.eabi_attribute 21, 1
   6              		.eabi_attribute 23, 3
   7              		.eabi_attribute 24, 1
   8              		.eabi_attribute 25, 1
   9              		.eabi_attribute 26, 1
  10              		.eabi_attribute 30, 6
  11              		.eabi_attribute 34, 1
  12              		.eabi_attribute 18, 4
  13              		.thumb
  14              		.syntax unified
  15              		.file	"led_cy8c52.c"
  16              		.text
  17              	.Ltext0:
  18              		.cfi_sections	.debug_frame
  19              		.section	.text.ledInit,"ax",%progbits
  20              		.align	2
  21              		.global	ledInit
  22              		.thumb
  23              		.thumb_func
  24              		.type	ledInit, %function
  25              	ledInit:
  26              	.LFB63:
  27              		.file 1 "..\\..\\src\\led_cy8c52.c"
   1:..\..\src/led_cy8c52.c **** //	Copyright (C) 2014 Michael McMaster <michael@codesrc.com>
   2:..\..\src/led_cy8c52.c **** //
   3:..\..\src/led_cy8c52.c **** //	This file is part of SCSI2SD.
   4:..\..\src/led_cy8c52.c **** //
   5:..\..\src/led_cy8c52.c **** //	SCSI2SD is free software: you can redistribute it and/or modify
   6:..\..\src/led_cy8c52.c **** //	it under the terms of the GNU General Public License as published by
   7:..\..\src/led_cy8c52.c **** //	the Free Software Foundation, either version 3 of the License, or
   8:..\..\src/led_cy8c52.c **** //	(at your option) any later version.
   9:..\..\src/led_cy8c52.c **** //
  10:..\..\src/led_cy8c52.c **** //	SCSI2SD is distributed in the hope that it will be useful,
  11:..\..\src/led_cy8c52.c **** //	but WITHOUT ANY WARRANTY; without even the implied warranty of
  12:..\..\src/led_cy8c52.c **** //	MERCHANTABILITY or FITNESS FOR A PARTICULAR PURPOSE.  See the
  13:..\..\src/led_cy8c52.c **** //	GNU General Public License for more details.
  14:..\..\src/led_cy8c52.c **** //
  15:..\..\src/led_cy8c52.c **** //	You should have received a copy of the GNU General Public License
  16:..\..\src/led_cy8c52.c **** //	along with SCSI2SD.  If not, see <http://www.gnu.org/licenses/>.
  17:..\..\src/led_cy8c52.c **** 
  18:..\..\src/led_cy8c52.c **** #include "led.h"
  19:..\..\src/led_cy8c52.c **** 
  20:..\..\src/led_cy8c52.c **** // External LED support only exists on the 3.5" v4 board.
  21:..\..\src/led_cy8c52.c **** // The powerbook v4 board ties the pin to ground.
  22:..\..\src/led_cy8c52.c **** // The v3 boards do not have any such pin.
  23:..\..\src/led_cy8c52.c **** // #ifdef EXTLED_CTL
  24:..\..\src/led_cy8c52.c **** // #define HAVE_EXTLED 1
  25:..\..\src/led_cy8c52.c **** // #endif
  26:..\..\src/led_cy8c52.c **** 
  27:..\..\src/led_cy8c52.c **** // #ifdef HAVE_EXTLED
  28:..\..\src/led_cy8c52.c **** // static int enable_EXTLED = 0;
  29:..\..\src/led_cy8c52.c **** // #endif
  30:..\..\src/led_cy8c52.c **** 
ARM GAS  C:\Users\r\AppData\Local\Temp\ccgiUic1.s 			page 2


  31:..\..\src/led_cy8c52.c **** void ledInit()
  32:..\..\src/led_cy8c52.c **** {
  28              		.loc 1 32 0
  29              		.cfi_startproc
  30              		@ args = 0, pretend = 0, frame = 0
  31              		@ frame_needed = 1, uses_anonymous_args = 0
  32 0000 80B5     		push	{r7, lr}
  33              		.cfi_def_cfa_offset 8
  34              		.cfi_offset 7, -8
  35              		.cfi_offset 14, -4
  36 0002 00AF     		add	r7, sp, #0
  37              		.cfi_def_cfa_register 7
  33:..\..\src/led_cy8c52.c ****     LED1_SetDriveMode(LED1_DM_STRONG);
  38              		.loc 1 33 0
  39 0004 0C20     		movs	r0, #12
  40 0006 FFF7FEFF 		bl	LED1_SetDriveMode
  34:..\..\src/led_cy8c52.c ****     // RM LED1 strong drive, never change
  35:..\..\src/led_cy8c52.c **** // #ifdef HAVE_EXTLED
  36:..\..\src/led_cy8c52.c **** //	EXTLED_SetDriveMode(EXTLED_DM_RES_UP);
  37:..\..\src/led_cy8c52.c **** //	EXTLED_Write(1); // Will pull-up through resistor.
  38:..\..\src/led_cy8c52.c **** 
  39:..\..\src/led_cy8c52.c **** //	CyDelayUs(1);
  40:..\..\src/led_cy8c52.c **** //	int val = EXTLED_Read();
  41:..\..\src/led_cy8c52.c **** //	if (val)
  42:..\..\src/led_cy8c52.c **** //	{
  43:..\..\src/led_cy8c52.c **** 		// Pin is not tied to ground, so it's safe to use.
  44:..\..\src/led_cy8c52.c **** //		enable_EXTLED = 1;
  45:..\..\src/led_cy8c52.c **** //    		EXTLED_SetDriveMode(EXTLED_DM_STRONG);
  46:..\..\src/led_cy8c52.c **** //	}
  47:..\..\src/led_cy8c52.c **** //	else
  48:..\..\src/led_cy8c52.c **** //	{
  49:..\..\src/led_cy8c52.c **** 		// Pin is tied to ground. Using it would damage hardware
  50:..\..\src/led_cy8c52.c **** 		// This is the case for the powerbook boards.
  51:..\..\src/led_cy8c52.c **** //		enable_EXTLED = 0;
  52:..\..\src/led_cy8c52.c **** //		EXTLED_SetDriveMode(EXTLED_DM_DIG_HIZ);
  53:..\..\src/led_cy8c52.c **** 
  54:..\..\src/led_cy8c52.c **** //	}
  55:..\..\src/led_cy8c52.c **** // #endif
  56:..\..\src/led_cy8c52.c **** 	ledOff();
  41              		.loc 1 56 0
  42 000a FFF7FEFF 		bl	ledOff
  57:..\..\src/led_cy8c52.c **** }
  43              		.loc 1 57 0
  44 000e 00BF     		nop
  45 0010 80BD     		pop	{r7, pc}
  46              		.cfi_endproc
  47              	.LFE63:
  48              		.size	ledInit, .-ledInit
  49 0012 00BF     		.section	.text.ledOn,"ax",%progbits
  50              		.align	2
  51              		.global	ledOn
  52              		.thumb
  53              		.thumb_func
  54              		.type	ledOn, %function
  55              	ledOn:
  56              	.LFB64:
  58:..\..\src/led_cy8c52.c **** 
ARM GAS  C:\Users\r\AppData\Local\Temp\ccgiUic1.s 			page 3


  59:..\..\src/led_cy8c52.c **** void ledOn()
  60:..\..\src/led_cy8c52.c **** {
  57              		.loc 1 60 0
  58              		.cfi_startproc
  59              		@ args = 0, pretend = 0, frame = 0
  60              		@ frame_needed = 1, uses_anonymous_args = 0
  61 0000 80B5     		push	{r7, lr}
  62              		.cfi_def_cfa_offset 8
  63              		.cfi_offset 7, -8
  64              		.cfi_offset 14, -4
  65 0002 00AF     		add	r7, sp, #0
  66              		.cfi_def_cfa_register 7
  61:..\..\src/led_cy8c52.c **** 	LED1_Write(0);
  67              		.loc 1 61 0
  68 0004 0020     		movs	r0, #0
  69 0006 FFF7FEFF 		bl	LED1_Write
  62:..\..\src/led_cy8c52.c ****     // RM SCSI2SD LED is tied to VCC
  63:..\..\src/led_cy8c52.c **** 
  64:..\..\src/led_cy8c52.c **** // #ifdef HAVE_EXTLED
  65:..\..\src/led_cy8c52.c **** //	if (enable_EXTLED)
  66:..\..\src/led_cy8c52.c **** //	{
  67:..\..\src/led_cy8c52.c **** //		EXTLED_Write(1);
  68:..\..\src/led_cy8c52.c **** //	}
  69:..\..\src/led_cy8c52.c **** // #endif
  70:..\..\src/led_cy8c52.c **** }
  70              		.loc 1 70 0
  71 000a 00BF     		nop
  72 000c 80BD     		pop	{r7, pc}
  73              		.cfi_endproc
  74              	.LFE64:
  75              		.size	ledOn, .-ledOn
  76 000e 00BF     		.section	.text.ledOff,"ax",%progbits
  77              		.align	2
  78              		.global	ledOff
  79              		.thumb
  80              		.thumb_func
  81              		.type	ledOff, %function
  82              	ledOff:
  83              	.LFB65:
  71:..\..\src/led_cy8c52.c **** 
  72:..\..\src/led_cy8c52.c **** void ledOff()
  73:..\..\src/led_cy8c52.c **** {
  84              		.loc 1 73 0
  85              		.cfi_startproc
  86              		@ args = 0, pretend = 0, frame = 0
  87              		@ frame_needed = 1, uses_anonymous_args = 0
  88 0000 80B5     		push	{r7, lr}
  89              		.cfi_def_cfa_offset 8
  90              		.cfi_offset 7, -8
  91              		.cfi_offset 14, -4
  92 0002 00AF     		add	r7, sp, #0
  93              		.cfi_def_cfa_register 7
  74:..\..\src/led_cy8c52.c **** 	LED1_Write(1);
  94              		.loc 1 74 0
  95 0004 0120     		movs	r0, #1
  96 0006 FFF7FEFF 		bl	LED1_Write
  75:..\..\src/led_cy8c52.c ****     // RM SCSI2SD LED is tied to VCC
ARM GAS  C:\Users\r\AppData\Local\Temp\ccgiUic1.s 			page 4


  76:..\..\src/led_cy8c52.c **** 
  77:..\..\src/led_cy8c52.c **** // #ifdef HAVE_EXTLED
  78:..\..\src/led_cy8c52.c **** //	EXTLED_Write(0);
  79:..\..\src/led_cy8c52.c **** // #endif
  80:..\..\src/led_cy8c52.c **** }...
  97              		.loc 1 80 0
  98 000a 00BF     		nop
  99 000c 80BD     		pop	{r7, pc}
 100              		.cfi_endproc
 101              	.LFE65:
 102              		.size	ledOff, .-ledOff
 103 000e 00BF     		.text
 104              	.Letext0:
 105              		.file 2 "c:\\program files (x86)\\cypress\\psoc creator\\4.2\\psoc creator\\import\\gnu\\arm\\5.4.
 106              		.file 3 "c:\\program files (x86)\\cypress\\psoc creator\\4.2\\psoc creator\\import\\gnu\\arm\\5.4.
 107              		.file 4 "Generated_Source\\PSoC5/cytypes.h"
 108              		.file 5 "Generated_Source\\PSoC5/core_cm3.h"
 109              		.section	.debug_info,"",%progbits
 110              	.Ldebug_info0:
 111 0000 F1000000 		.4byte	0xf1
 112 0004 0400     		.2byte	0x4
 113 0006 00000000 		.4byte	.Ldebug_abbrev0
 114 000a 04       		.byte	0x4
 115 000b 01       		.uleb128 0x1
 116 000c 72000000 		.4byte	.LASF20
 117 0010 0C       		.byte	0xc
 118 0011 24010000 		.4byte	.LASF21
 119 0015 81010000 		.4byte	.LASF22
 120 0019 00000000 		.4byte	.Ldebug_ranges0+0
 121 001d 00000000 		.4byte	0
 122 0021 00000000 		.4byte	.Ldebug_line0
 123 0025 02       		.uleb128 0x2
 124 0026 01       		.byte	0x1
 125 0027 06       		.byte	0x6
 126 0028 4F010000 		.4byte	.LASF0
 127 002c 02       		.uleb128 0x2
 128 002d 01       		.byte	0x1
 129 002e 08       		.byte	0x8
 130 002f 00010000 		.4byte	.LASF1
 131 0033 02       		.uleb128 0x2
 132 0034 02       		.byte	0x2
 133 0035 05       		.byte	0x5
 134 0036 77010000 		.4byte	.LASF2
 135 003a 02       		.uleb128 0x2
 136 003b 02       		.byte	0x2
 137 003c 07       		.byte	0x7
 138 003d 0E000000 		.4byte	.LASF3
 139 0041 03       		.uleb128 0x3
 140 0042 67010000 		.4byte	.LASF9
 141 0046 02       		.byte	0x2
 142 0047 3F       		.byte	0x3f
 143 0048 4C000000 		.4byte	0x4c
 144 004c 02       		.uleb128 0x2
 145 004d 04       		.byte	0x4
 146 004e 05       		.byte	0x5
 147 004f 1B010000 		.4byte	.LASF4
 148 0053 02       		.uleb128 0x2
ARM GAS  C:\Users\r\AppData\Local\Temp\ccgiUic1.s 			page 5


 149 0054 04       		.byte	0x4
 150 0055 07       		.byte	0x7
 151 0056 49000000 		.4byte	.LASF5
 152 005a 02       		.uleb128 0x2
 153 005b 08       		.byte	0x8
 154 005c 05       		.byte	0x5
 155 005d 00000000 		.4byte	.LASF6
 156 0061 02       		.uleb128 0x2
 157 0062 08       		.byte	0x8
 158 0063 07       		.byte	0x7
 159 0064 5B000000 		.4byte	.LASF7
 160 0068 04       		.uleb128 0x4
 161 0069 04       		.byte	0x4
 162 006a 05       		.byte	0x5
 163 006b 696E7400 		.ascii	"int\000"
 164 006f 02       		.uleb128 0x2
 165 0070 04       		.byte	0x4
 166 0071 07       		.byte	0x7
 167 0072 21000000 		.4byte	.LASF8
 168 0076 03       		.uleb128 0x3
 169 0077 41000000 		.4byte	.LASF10
 170 007b 03       		.byte	0x3
 171 007c 2C       		.byte	0x2c
 172 007d 41000000 		.4byte	0x41
 173 0081 05       		.uleb128 0x5
 174 0082 34000000 		.4byte	.LASF11
 175 0086 04       		.byte	0x4
 176 0087 E401     		.2byte	0x1e4
 177 0089 2C000000 		.4byte	0x2c
 178 008d 02       		.uleb128 0x2
 179 008e 04       		.byte	0x4
 180 008f 04       		.byte	0x4
 181 0090 71010000 		.4byte	.LASF12
 182 0094 02       		.uleb128 0x2
 183 0095 08       		.byte	0x8
 184 0096 04       		.byte	0x4
 185 0097 3B010000 		.4byte	.LASF13
 186 009b 02       		.uleb128 0x2
 187 009c 01       		.byte	0x1
 188 009d 08       		.byte	0x8
 189 009e 16010000 		.4byte	.LASF14
 190 00a2 02       		.uleb128 0x2
 191 00a3 08       		.byte	0x8
 192 00a4 04       		.byte	0x4
 193 00a5 5B010000 		.4byte	.LASF15
 194 00a9 02       		.uleb128 0x2
 195 00aa 04       		.byte	0x4
 196 00ab 07       		.byte	0x7
 197 00ac C6010000 		.4byte	.LASF16
 198 00b0 06       		.uleb128 0x6
 199 00b1 0E010000 		.4byte	.LASF17
 200 00b5 01       		.byte	0x1
 201 00b6 1F       		.byte	0x1f
 202 00b7 00000000 		.4byte	.LFB63
 203 00bb 12000000 		.4byte	.LFE63-.LFB63
 204 00bf 01       		.uleb128 0x1
 205 00c0 9C       		.byte	0x9c
ARM GAS  C:\Users\r\AppData\Local\Temp\ccgiUic1.s 			page 6


 206 00c1 06       		.uleb128 0x6
 207 00c2 2E000000 		.4byte	.LASF18
 208 00c6 01       		.byte	0x1
 209 00c7 3B       		.byte	0x3b
 210 00c8 00000000 		.4byte	.LFB64
 211 00cc 0E000000 		.4byte	.LFE64-.LFB64
 212 00d0 01       		.uleb128 0x1
 213 00d1 9C       		.byte	0x9c
 214 00d2 06       		.uleb128 0x6
 215 00d3 3A000000 		.4byte	.LASF19
 216 00d7 01       		.byte	0x1
 217 00d8 48       		.byte	0x48
 218 00d9 00000000 		.4byte	.LFB65
 219 00dd 0E000000 		.4byte	.LFE65-.LFB65
 220 00e1 01       		.uleb128 0x1
 221 00e2 9C       		.byte	0x9c
 222 00e3 07       		.uleb128 0x7
 223 00e4 42010000 		.4byte	.LASF23
 224 00e8 05       		.byte	0x5
 225 00e9 1207     		.2byte	0x712
 226 00eb EF000000 		.4byte	0xef
 227 00ef 08       		.uleb128 0x8
 228 00f0 76000000 		.4byte	0x76
 229 00f4 00       		.byte	0
 230              		.section	.debug_abbrev,"",%progbits
 231              	.Ldebug_abbrev0:
 232 0000 01       		.uleb128 0x1
 233 0001 11       		.uleb128 0x11
 234 0002 01       		.byte	0x1
 235 0003 25       		.uleb128 0x25
 236 0004 0E       		.uleb128 0xe
 237 0005 13       		.uleb128 0x13
 238 0006 0B       		.uleb128 0xb
 239 0007 03       		.uleb128 0x3
 240 0008 0E       		.uleb128 0xe
 241 0009 1B       		.uleb128 0x1b
 242 000a 0E       		.uleb128 0xe
 243 000b 55       		.uleb128 0x55
 244 000c 17       		.uleb128 0x17
 245 000d 11       		.uleb128 0x11
 246 000e 01       		.uleb128 0x1
 247 000f 10       		.uleb128 0x10
 248 0010 17       		.uleb128 0x17
 249 0011 00       		.byte	0
 250 0012 00       		.byte	0
 251 0013 02       		.uleb128 0x2
 252 0014 24       		.uleb128 0x24
 253 0015 00       		.byte	0
 254 0016 0B       		.uleb128 0xb
 255 0017 0B       		.uleb128 0xb
 256 0018 3E       		.uleb128 0x3e
 257 0019 0B       		.uleb128 0xb
 258 001a 03       		.uleb128 0x3
 259 001b 0E       		.uleb128 0xe
 260 001c 00       		.byte	0
 261 001d 00       		.byte	0
 262 001e 03       		.uleb128 0x3
ARM GAS  C:\Users\r\AppData\Local\Temp\ccgiUic1.s 			page 7


 263 001f 16       		.uleb128 0x16
 264 0020 00       		.byte	0
 265 0021 03       		.uleb128 0x3
 266 0022 0E       		.uleb128 0xe
 267 0023 3A       		.uleb128 0x3a
 268 0024 0B       		.uleb128 0xb
 269 0025 3B       		.uleb128 0x3b
 270 0026 0B       		.uleb128 0xb
 271 0027 49       		.uleb128 0x49
 272 0028 13       		.uleb128 0x13
 273 0029 00       		.byte	0
 274 002a 00       		.byte	0
 275 002b 04       		.uleb128 0x4
 276 002c 24       		.uleb128 0x24
 277 002d 00       		.byte	0
 278 002e 0B       		.uleb128 0xb
 279 002f 0B       		.uleb128 0xb
 280 0030 3E       		.uleb128 0x3e
 281 0031 0B       		.uleb128 0xb
 282 0032 03       		.uleb128 0x3
 283 0033 08       		.uleb128 0x8
 284 0034 00       		.byte	0
 285 0035 00       		.byte	0
 286 0036 05       		.uleb128 0x5
 287 0037 16       		.uleb128 0x16
 288 0038 00       		.byte	0
 289 0039 03       		.uleb128 0x3
 290 003a 0E       		.uleb128 0xe
 291 003b 3A       		.uleb128 0x3a
 292 003c 0B       		.uleb128 0xb
 293 003d 3B       		.uleb128 0x3b
 294 003e 05       		.uleb128 0x5
 295 003f 49       		.uleb128 0x49
 296 0040 13       		.uleb128 0x13
 297 0041 00       		.byte	0
 298 0042 00       		.byte	0
 299 0043 06       		.uleb128 0x6
 300 0044 2E       		.uleb128 0x2e
 301 0045 00       		.byte	0
 302 0046 3F       		.uleb128 0x3f
 303 0047 19       		.uleb128 0x19
 304 0048 03       		.uleb128 0x3
 305 0049 0E       		.uleb128 0xe
 306 004a 3A       		.uleb128 0x3a
 307 004b 0B       		.uleb128 0xb
 308 004c 3B       		.uleb128 0x3b
 309 004d 0B       		.uleb128 0xb
 310 004e 27       		.uleb128 0x27
 311 004f 19       		.uleb128 0x19
 312 0050 11       		.uleb128 0x11
 313 0051 01       		.uleb128 0x1
 314 0052 12       		.uleb128 0x12
 315 0053 06       		.uleb128 0x6
 316 0054 40       		.uleb128 0x40
 317 0055 18       		.uleb128 0x18
 318 0056 9642     		.uleb128 0x2116
 319 0058 19       		.uleb128 0x19
ARM GAS  C:\Users\r\AppData\Local\Temp\ccgiUic1.s 			page 8


 320 0059 00       		.byte	0
 321 005a 00       		.byte	0
 322 005b 07       		.uleb128 0x7
 323 005c 34       		.uleb128 0x34
 324 005d 00       		.byte	0
 325 005e 03       		.uleb128 0x3
 326 005f 0E       		.uleb128 0xe
 327 0060 3A       		.uleb128 0x3a
 328 0061 0B       		.uleb128 0xb
 329 0062 3B       		.uleb128 0x3b
 330 0063 05       		.uleb128 0x5
 331 0064 49       		.uleb128 0x49
 332 0065 13       		.uleb128 0x13
 333 0066 3F       		.uleb128 0x3f
 334 0067 19       		.uleb128 0x19
 335 0068 3C       		.uleb128 0x3c
 336 0069 19       		.uleb128 0x19
 337 006a 00       		.byte	0
 338 006b 00       		.byte	0
 339 006c 08       		.uleb128 0x8
 340 006d 35       		.uleb128 0x35
 341 006e 00       		.byte	0
 342 006f 49       		.uleb128 0x49
 343 0070 13       		.uleb128 0x13
 344 0071 00       		.byte	0
 345 0072 00       		.byte	0
 346 0073 00       		.byte	0
 347              		.section	.debug_aranges,"",%progbits
 348 0000 2C000000 		.4byte	0x2c
 349 0004 0200     		.2byte	0x2
 350 0006 00000000 		.4byte	.Ldebug_info0
 351 000a 04       		.byte	0x4
 352 000b 00       		.byte	0
 353 000c 0000     		.2byte	0
 354 000e 0000     		.2byte	0
 355 0010 00000000 		.4byte	.LFB63
 356 0014 12000000 		.4byte	.LFE63-.LFB63
 357 0018 00000000 		.4byte	.LFB64
 358 001c 0E000000 		.4byte	.LFE64-.LFB64
 359 0020 00000000 		.4byte	.LFB65
 360 0024 0E000000 		.4byte	.LFE65-.LFB65
 361 0028 00000000 		.4byte	0
 362 002c 00000000 		.4byte	0
 363              		.section	.debug_ranges,"",%progbits
 364              	.Ldebug_ranges0:
 365 0000 00000000 		.4byte	.LFB63
 366 0004 12000000 		.4byte	.LFE63
 367 0008 00000000 		.4byte	.LFB64
 368 000c 0E000000 		.4byte	.LFE64
 369 0010 00000000 		.4byte	.LFB65
 370 0014 0E000000 		.4byte	.LFE65
 371 0018 00000000 		.4byte	0
 372 001c 00000000 		.4byte	0
 373              		.section	.debug_line,"",%progbits
 374              	.Ldebug_line0:
 375 0000 9B010000 		.section	.debug_str,"MS",%progbits,1
 375      02005C01 
ARM GAS  C:\Users\r\AppData\Local\Temp\ccgiUic1.s 			page 9


 375      00000201 
 375      FB0E0D00 
 375      01010101 
 376              	.LASF6:
 377 0000 6C6F6E67 		.ascii	"long long int\000"
 377      206C6F6E 
 377      6720696E 
 377      7400
 378              	.LASF3:
 379 000e 73686F72 		.ascii	"short unsigned int\000"
 379      7420756E 
 379      7369676E 
 379      65642069 
 379      6E7400
 380              	.LASF8:
 381 0021 756E7369 		.ascii	"unsigned int\000"
 381      676E6564 
 381      20696E74 
 381      00
 382              	.LASF18:
 383 002e 6C65644F 		.ascii	"ledOn\000"
 383      6E00
 384              	.LASF11:
 385 0034 75696E74 		.ascii	"uint8\000"
 385      3800
 386              	.LASF19:
 387 003a 6C65644F 		.ascii	"ledOff\000"
 387      666600
 388              	.LASF10:
 389 0041 696E7433 		.ascii	"int32_t\000"
 389      325F7400 
 390              	.LASF5:
 391 0049 6C6F6E67 		.ascii	"long unsigned int\000"
 391      20756E73 
 391      69676E65 
 391      6420696E 
 391      7400
 392              	.LASF7:
 393 005b 6C6F6E67 		.ascii	"long long unsigned int\000"
 393      206C6F6E 
 393      6720756E 
 393      7369676E 
 393      65642069 
 394              	.LASF20:
 395 0072 474E5520 		.ascii	"GNU C11 5.4.1 20160609 (release) [ARM/embedded-5-br"
 395      43313120 
 395      352E342E 
 395      31203230 
 395      31363036 
 396 00a5 616E6368 		.ascii	"anch revision 237715] -mcpu=cortex-m3 -mthumb -g -O"
 396      20726576 
 396      6973696F 
 396      6E203233 
 396      37373135 
 397 00d8 30202D66 		.ascii	"0 -ffunction-sections -ffat-lto-objects\000"
 397      66756E63 
 397      74696F6E 
ARM GAS  C:\Users\r\AppData\Local\Temp\ccgiUic1.s 			page 10


 397      2D736563 
 397      74696F6E 
 398              	.LASF1:
 399 0100 756E7369 		.ascii	"unsigned char\000"
 399      676E6564 
 399      20636861 
 399      7200
 400              	.LASF17:
 401 010e 6C656449 		.ascii	"ledInit\000"
 401      6E697400 
 402              	.LASF14:
 403 0116 63686172 		.ascii	"char\000"
 403      00
 404              	.LASF4:
 405 011b 6C6F6E67 		.ascii	"long int\000"
 405      20696E74 
 405      00
 406              	.LASF21:
 407 0124 2E2E5C2E 		.ascii	"..\\..\\src\\led_cy8c52.c\000"
 407      2E5C7372 
 407      635C6C65 
 407      645F6379 
 407      38633532 
 408              	.LASF13:
 409 013b 646F7562 		.ascii	"double\000"
 409      6C6500
 410              	.LASF23:
 411 0142 49544D5F 		.ascii	"ITM_RxBuffer\000"
 411      52784275 
 411      66666572 
 411      00
 412              	.LASF0:
 413 014f 7369676E 		.ascii	"signed char\000"
 413      65642063 
 413      68617200 
 414              	.LASF15:
 415 015b 6C6F6E67 		.ascii	"long double\000"
 415      20646F75 
 415      626C6500 
 416              	.LASF9:
 417 0167 5F5F696E 		.ascii	"__int32_t\000"
 417      7433325F 
 417      7400
 418              	.LASF12:
 419 0171 666C6F61 		.ascii	"float\000"
 419      7400
 420              	.LASF2:
 421 0177 73686F72 		.ascii	"short int\000"
 421      7420696E 
 421      7400
 422              	.LASF22:
 423 0181 433A5C55 		.ascii	"C:\\Users\\r\\Documents\\Data Sheets\\apple\\SCSI2S"
 423      73657273 
 423      5C725C44 
 423      6F63756D 
 423      656E7473 
 424 01ae 445C5343 		.ascii	"D\\SCSI2SD_Copy_01.cydsn\000"
ARM GAS  C:\Users\r\AppData\Local\Temp\ccgiUic1.s 			page 11


 424      53493253 
 424      445F436F 
 424      70795F30 
 424      312E6379 
 425              	.LASF16:
 426 01c6 73697A65 		.ascii	"sizetype\000"
 426      74797065 
 426      00
 427              		.ident	"GCC: (GNU Tools for ARM Embedded Processors) 5.4.1 20160609 (release) [ARM/embedded-5-bran
