ARM GAS  C:\Users\r\AppData\Local\Temp\ccjObLis.s 			page 1


   1              		.syntax unified
   2              		.cpu cortex-m3
   3              		.fpu softvfp
   4              		.eabi_attribute 20, 1
   5              		.eabi_attribute 21, 1
   6              		.eabi_attribute 23, 3
   7              		.eabi_attribute 24, 1
   8              		.eabi_attribute 25, 1
   9              		.eabi_attribute 26, 1
  10              		.eabi_attribute 30, 6
  11              		.eabi_attribute 34, 1
  12              		.eabi_attribute 18, 4
  13              		.thumb
  14              		.syntax unified
  15              		.file	"LPF_1.c"
  16              		.text
  17              	.Ltext0:
  18              		.cfi_sections	.debug_frame
  19              		.global	LPF_1_initVar
  20              		.bss
  21              		.type	LPF_1_initVar, %object
  22              		.size	LPF_1_initVar, 1
  23              	LPF_1_initVar:
  24 0000 00       		.space	1
  25              		.section	.text.LPF_1_Start,"ax",%progbits
  26              		.align	2
  27              		.global	LPF_1_Start
  28              		.thumb
  29              		.thumb_func
  30              		.type	LPF_1_Start, %function
  31              	LPF_1_Start:
  32              	.LFB0:
  33              		.file 1 "Generated_Source\\PSoC5\\LPF_1.c"
   1:Generated_Source\PSoC5/LPF_1.c **** 
   2:Generated_Source\PSoC5/LPF_1.c **** /*******************************************************************************
   3:Generated_Source\PSoC5/LPF_1.c **** * File Name: LPF_1.c  
   4:Generated_Source\PSoC5/LPF_1.c **** * Version 1.0
   5:Generated_Source\PSoC5/LPF_1.c **** *
   6:Generated_Source\PSoC5/LPF_1.c **** *  Description:
   7:Generated_Source\PSoC5/LPF_1.c **** *    This file provides the source code to the API for the LPF
   8:Generated_Source\PSoC5/LPF_1.c **** *    component.
   9:Generated_Source\PSoC5/LPF_1.c **** *
  10:Generated_Source\PSoC5/LPF_1.c **** *   Note:
  11:Generated_Source\PSoC5/LPF_1.c **** *
  12:Generated_Source\PSoC5/LPF_1.c **** ********************************************************************************
  13:Generated_Source\PSoC5/LPF_1.c **** * Copyright (2009), Cypress Semiconductor Corporation.
  14:Generated_Source\PSoC5/LPF_1.c **** ********************************************************************************
  15:Generated_Source\PSoC5/LPF_1.c **** * This software is owned by Cypress Semiconductor Corporation (Cypress) and is 
  16:Generated_Source\PSoC5/LPF_1.c **** * protected by and subject to worldwide patent protection (United States and 
  17:Generated_Source\PSoC5/LPF_1.c **** * foreign), United States copyright laws and international treaty provisions. 
  18:Generated_Source\PSoC5/LPF_1.c **** * Cypress hereby grants to licensee a personal, non-exclusive, non-transferable 
  19:Generated_Source\PSoC5/LPF_1.c **** * license to copy, use, modify, create derivative works of, and compile the 
  20:Generated_Source\PSoC5/LPF_1.c **** * Cypress Source Code and derivative works for the sole purpose of creating 
  21:Generated_Source\PSoC5/LPF_1.c **** * custom software in support of licensee product to be used only in conjunction 
  22:Generated_Source\PSoC5/LPF_1.c **** * with a Cypress integrated circuit as specified in the applicable agreement. 
  23:Generated_Source\PSoC5/LPF_1.c **** * Any reproduction, modification, translation, compilation, or representation of 
  24:Generated_Source\PSoC5/LPF_1.c **** * this software except as specified above is prohibited without the express 
ARM GAS  C:\Users\r\AppData\Local\Temp\ccjObLis.s 			page 2


  25:Generated_Source\PSoC5/LPF_1.c **** * written permission of Cypress.
  26:Generated_Source\PSoC5/LPF_1.c **** *
  27:Generated_Source\PSoC5/LPF_1.c **** * Disclaimer: CYPRESS MAKES NO WARRANTY OF ANY KIND, EXPRESS OR IMPLIED, WITH 
  28:Generated_Source\PSoC5/LPF_1.c **** * REGARD TO THIS MATERIAL, INCLUDING, BUT NOT LIMITED TO, THE IMPLIED 
  29:Generated_Source\PSoC5/LPF_1.c **** * WARRANTIES OF MERCHANTABILITY AND FITNESS FOR A PARTICULAR PURPOSE.
  30:Generated_Source\PSoC5/LPF_1.c **** * Cypress reserves the right to make changes without further notice to the 
  31:Generated_Source\PSoC5/LPF_1.c **** * materials described herein. Cypress does not assume any liability arising out 
  32:Generated_Source\PSoC5/LPF_1.c **** * of the application or use of any product or circuit described herein. Cypress 
  33:Generated_Source\PSoC5/LPF_1.c **** * does not authorize its products for use as critical components in life-support 
  34:Generated_Source\PSoC5/LPF_1.c **** * systems where a malfunction or failure may reasonably be expected to result in 
  35:Generated_Source\PSoC5/LPF_1.c **** * significant injury to the user. The inclusion of Cypress' product in a life-
  36:Generated_Source\PSoC5/LPF_1.c **** * support systems application implies that the manufacturer assumes all risk of 
  37:Generated_Source\PSoC5/LPF_1.c **** * such use and in doing so indemnifies Cypress against all charges. Use may be 
  38:Generated_Source\PSoC5/LPF_1.c **** * limited by and subject to the applicable Cypress software license agreement. 
  39:Generated_Source\PSoC5/LPF_1.c **** *******************************************************************************/
  40:Generated_Source\PSoC5/LPF_1.c **** 
  41:Generated_Source\PSoC5/LPF_1.c **** 
  42:Generated_Source\PSoC5/LPF_1.c **** #include "cytypes.h"
  43:Generated_Source\PSoC5/LPF_1.c **** #include "LPF_1.h"
  44:Generated_Source\PSoC5/LPF_1.c **** 
  45:Generated_Source\PSoC5/LPF_1.c **** 
  46:Generated_Source\PSoC5/LPF_1.c **** uint8 LPF_1_initVar = 0;
  47:Generated_Source\PSoC5/LPF_1.c **** 
  48:Generated_Source\PSoC5/LPF_1.c **** /*******************************************************************************
  49:Generated_Source\PSoC5/LPF_1.c **** * Function Name: LPF_1_Start
  50:Generated_Source\PSoC5/LPF_1.c **** ********************************************************************************
  51:Generated_Source\PSoC5/LPF_1.c **** * Summary:
  52:Generated_Source\PSoC5/LPF_1.c **** *  The start function sets the default frequency cutoff value.
  53:Generated_Source\PSoC5/LPF_1.c **** *
  54:Generated_Source\PSoC5/LPF_1.c **** * Parameters:   none
  55:Generated_Source\PSoC5/LPF_1.c **** *  
  56:Generated_Source\PSoC5/LPF_1.c **** *
  57:Generated_Source\PSoC5/LPF_1.c **** * Return: 
  58:Generated_Source\PSoC5/LPF_1.c **** *  (void) 
  59:Generated_Source\PSoC5/LPF_1.c **** *
  60:Generated_Source\PSoC5/LPF_1.c **** * Theory: 
  61:Generated_Source\PSoC5/LPF_1.c **** *
  62:Generated_Source\PSoC5/LPF_1.c **** * Side Effects:
  63:Generated_Source\PSoC5/LPF_1.c **** *
  64:Generated_Source\PSoC5/LPF_1.c **** *******************************************************************************/
  65:Generated_Source\PSoC5/LPF_1.c **** void LPF_1_Start(void) 
  66:Generated_Source\PSoC5/LPF_1.c **** {
  34              		.loc 1 66 0
  35              		.cfi_startproc
  36              		@ args = 0, pretend = 0, frame = 0
  37              		@ frame_needed = 1, uses_anonymous_args = 0
  38 0000 80B5     		push	{r7, lr}
  39              		.cfi_def_cfa_offset 8
  40              		.cfi_offset 7, -8
  41              		.cfi_offset 14, -4
  42 0002 00AF     		add	r7, sp, #0
  43              		.cfi_def_cfa_register 7
  67:Generated_Source\PSoC5/LPF_1.c ****     if(LPF_1_initVar == 0)
  44              		.loc 1 67 0
  45 0004 054B     		ldr	r3, .L4
  46 0006 1B78     		ldrb	r3, [r3]	@ zero_extendqisi2
  47 0008 002B     		cmp	r3, #0
ARM GAS  C:\Users\r\AppData\Local\Temp\ccjObLis.s 			page 3


  48 000a 05D1     		bne	.L3
  68:Generated_Source\PSoC5/LPF_1.c ****    {
  69:Generated_Source\PSoC5/LPF_1.c ****       LPF_1_initVar = 1;  
  49              		.loc 1 69 0
  50 000c 034B     		ldr	r3, .L4
  51 000e 0122     		movs	r2, #1
  52 0010 1A70     		strb	r2, [r3]
  70:Generated_Source\PSoC5/LPF_1.c **** 
  71:Generated_Source\PSoC5/LPF_1.c ****       /* Set power */
  72:Generated_Source\PSoC5/LPF_1.c ****      LPF_1_SetCutoffFreq(LPF_1_DEFAULT_CUTOFF);
  53              		.loc 1 72 0
  54 0012 3020     		movs	r0, #48
  55 0014 FFF7FEFF 		bl	LPF_1_SetCutoffFreq
  56              	.L3:
  73:Generated_Source\PSoC5/LPF_1.c ****    }
  74:Generated_Source\PSoC5/LPF_1.c **** 
  75:Generated_Source\PSoC5/LPF_1.c **** 
  76:Generated_Source\PSoC5/LPF_1.c **** }
  57              		.loc 1 76 0
  58 0018 00BF     		nop
  59 001a 80BD     		pop	{r7, pc}
  60              	.L5:
  61              		.align	2
  62              	.L4:
  63 001c 00000000 		.word	LPF_1_initVar
  64              		.cfi_endproc
  65              	.LFE0:
  66              		.size	LPF_1_Start, .-LPF_1_Start
  67              		.section	.text.LPF_1_Stop,"ax",%progbits
  68              		.align	2
  69              		.global	LPF_1_Stop
  70              		.thumb
  71              		.thumb_func
  72              		.type	LPF_1_Stop, %function
  73              	LPF_1_Stop:
  74              	.LFB1:
  77:Generated_Source\PSoC5/LPF_1.c **** 
  78:Generated_Source\PSoC5/LPF_1.c **** /*******************************************************************************
  79:Generated_Source\PSoC5/LPF_1.c **** * Function Name: LPF_1_Stop
  80:Generated_Source\PSoC5/LPF_1.c **** ********************************************************************************
  81:Generated_Source\PSoC5/LPF_1.c **** * Summary:
  82:Generated_Source\PSoC5/LPF_1.c **** *   This function is only here for compatibility reasons.
  83:Generated_Source\PSoC5/LPF_1.c **** *
  84:Generated_Source\PSoC5/LPF_1.c **** * Parameters:  
  85:Generated_Source\PSoC5/LPF_1.c **** *  (void) 
  86:Generated_Source\PSoC5/LPF_1.c **** *
  87:Generated_Source\PSoC5/LPF_1.c **** * Return: 
  88:Generated_Source\PSoC5/LPF_1.c **** *  (void) 
  89:Generated_Source\PSoC5/LPF_1.c **** *
  90:Generated_Source\PSoC5/LPF_1.c **** * Theory: 
  91:Generated_Source\PSoC5/LPF_1.c **** *
  92:Generated_Source\PSoC5/LPF_1.c **** * Side Effects:
  93:Generated_Source\PSoC5/LPF_1.c **** *
  94:Generated_Source\PSoC5/LPF_1.c **** *******************************************************************************/
  95:Generated_Source\PSoC5/LPF_1.c **** void LPF_1_Stop(void)
  96:Generated_Source\PSoC5/LPF_1.c **** {
  75              		.loc 1 96 0
ARM GAS  C:\Users\r\AppData\Local\Temp\ccjObLis.s 			page 4


  76              		.cfi_startproc
  77              		@ args = 0, pretend = 0, frame = 0
  78              		@ frame_needed = 1, uses_anonymous_args = 0
  79              		@ link register save eliminated.
  80 0000 80B4     		push	{r7}
  81              		.cfi_def_cfa_offset 4
  82              		.cfi_offset 7, -4
  83 0002 00AF     		add	r7, sp, #0
  84              		.cfi_def_cfa_register 7
  97:Generated_Source\PSoC5/LPF_1.c **** 
  98:Generated_Source\PSoC5/LPF_1.c **** }
  85              		.loc 1 98 0
  86 0004 00BF     		nop
  87 0006 BD46     		mov	sp, r7
  88              		.cfi_def_cfa_register 13
  89              		@ sp needed
  90 0008 80BC     		pop	{r7}
  91              		.cfi_restore 7
  92              		.cfi_def_cfa_offset 0
  93 000a 7047     		bx	lr
  94              		.cfi_endproc
  95              	.LFE1:
  96              		.size	LPF_1_Stop, .-LPF_1_Stop
  97              		.section	.text.LPF_1_SetCutoffFreq,"ax",%progbits
  98              		.align	2
  99              		.global	LPF_1_SetCutoffFreq
 100              		.thumb
 101              		.thumb_func
 102              		.type	LPF_1_SetCutoffFreq, %function
 103              	LPF_1_SetCutoffFreq:
 104              	.LFB2:
  99:Generated_Source\PSoC5/LPF_1.c **** 
 100:Generated_Source\PSoC5/LPF_1.c **** /*******************************************************************************
 101:Generated_Source\PSoC5/LPF_1.c **** * Function Name: LPF_1_SetPower
 102:Generated_Source\PSoC5/LPF_1.c **** ********************************************************************************
 103:Generated_Source\PSoC5/LPF_1.c **** * Summary:
 104:Generated_Source\PSoC5/LPF_1.c **** *  Set the power of the PGA
 105:Generated_Source\PSoC5/LPF_1.c **** *
 106:Generated_Source\PSoC5/LPF_1.c **** * Parameters:  
 107:Generated_Source\PSoC5/LPF_1.c **** *  power:   Sets power level between (0) and (3) high power
 108:Generated_Source\PSoC5/LPF_1.c **** *
 109:Generated_Source\PSoC5/LPF_1.c **** * Return: 
 110:Generated_Source\PSoC5/LPF_1.c **** *  (void) 
 111:Generated_Source\PSoC5/LPF_1.c **** *
 112:Generated_Source\PSoC5/LPF_1.c **** * Theory: 
 113:Generated_Source\PSoC5/LPF_1.c **** *
 114:Generated_Source\PSoC5/LPF_1.c **** * Side Effects:
 115:Generated_Source\PSoC5/LPF_1.c **** *
 116:Generated_Source\PSoC5/LPF_1.c **** *******************************************************************************/
 117:Generated_Source\PSoC5/LPF_1.c **** void LPF_1_SetCutoffFreq(uint8 cutoff) 
 118:Generated_Source\PSoC5/LPF_1.c **** {
 105              		.loc 1 118 0
 106              		.cfi_startproc
 107              		@ args = 0, pretend = 0, frame = 16
 108              		@ frame_needed = 1, uses_anonymous_args = 0
 109              		@ link register save eliminated.
 110 0000 80B4     		push	{r7}
ARM GAS  C:\Users\r\AppData\Local\Temp\ccjObLis.s 			page 5


 111              		.cfi_def_cfa_offset 4
 112              		.cfi_offset 7, -4
 113 0002 85B0     		sub	sp, sp, #20
 114              		.cfi_def_cfa_offset 24
 115 0004 00AF     		add	r7, sp, #0
 116              		.cfi_def_cfa_register 7
 117 0006 0346     		mov	r3, r0
 118 0008 FB71     		strb	r3, [r7, #7]
 119:Generated_Source\PSoC5/LPF_1.c ****    uint8 tmpCR;
 120:Generated_Source\PSoC5/LPF_1.c **** 
 121:Generated_Source\PSoC5/LPF_1.c ****    tmpCR = LPF_1_CR0 & ~LPF_1_RC_MASK;
 119              		.loc 1 121 0
 120 000a 0A4B     		ldr	r3, .L8
 121 000c 1B78     		ldrb	r3, [r3]
 122 000e DBB2     		uxtb	r3, r3
 123 0010 23F03003 		bic	r3, r3, #48
 124 0014 FB73     		strb	r3, [r7, #15]
 122:Generated_Source\PSoC5/LPF_1.c ****    LPF_1_CR0 = tmpCR | (cutoff & LPF_1_RC_MASK);
 125              		.loc 1 122 0
 126 0016 0749     		ldr	r1, .L8
 127 0018 FB79     		ldrb	r3, [r7, #7]
 128 001a 03F03003 		and	r3, r3, #48
 129 001e DAB2     		uxtb	r2, r3
 130 0020 FB7B     		ldrb	r3, [r7, #15]
 131 0022 1343     		orrs	r3, r3, r2
 132 0024 DBB2     		uxtb	r3, r3
 133 0026 0B70     		strb	r3, [r1]
 123:Generated_Source\PSoC5/LPF_1.c **** 
 124:Generated_Source\PSoC5/LPF_1.c **** }
 134              		.loc 1 124 0
 135 0028 00BF     		nop
 136 002a 1437     		adds	r7, r7, #20
 137              		.cfi_def_cfa_offset 4
 138 002c BD46     		mov	sp, r7
 139              		.cfi_def_cfa_register 13
 140              		@ sp needed
 141 002e 80BC     		pop	{r7}
 142              		.cfi_restore 7
 143              		.cfi_def_cfa_offset 0
 144 0030 7047     		bx	lr
 145              	.L9:
 146 0032 00BF     		.align	2
 147              	.L8:
 148 0034 78580040 		.word	1073764472
 149              		.cfi_endproc
 150              	.LFE2:
 151              		.size	LPF_1_SetCutoffFreq, .-LPF_1_SetCutoffFreq
 152              		.text
 153              	.Letext0:
 154              		.file 2 "Generated_Source\\PSoC5\\cytypes.h"
 155              		.section	.debug_info,"",%progbits
 156              	.Ldebug_info0:
 157 0000 FF000000 		.4byte	0xff
 158 0004 0400     		.2byte	0x4
 159 0006 00000000 		.4byte	.Ldebug_abbrev0
 160 000a 04       		.byte	0x4
 161 000b 01       		.uleb128 0x1
ARM GAS  C:\Users\r\AppData\Local\Temp\ccjObLis.s 			page 6


 162 000c 06000000 		.4byte	.LASF16
 163 0010 0C       		.byte	0xc
 164 0011 A5000000 		.4byte	.LASF17
 165 0015 5C010000 		.4byte	.LASF18
 166 0019 00000000 		.4byte	.Ldebug_ranges0+0
 167 001d 00000000 		.4byte	0
 168 0021 00000000 		.4byte	.Ldebug_line0
 169 0025 02       		.uleb128 0x2
 170 0026 01       		.byte	0x1
 171 0027 06       		.byte	0x6
 172 0028 CD010000 		.4byte	.LASF0
 173 002c 02       		.uleb128 0x2
 174 002d 01       		.byte	0x1
 175 002e 08       		.byte	0x8
 176 002f C4000000 		.4byte	.LASF1
 177 0033 02       		.uleb128 0x2
 178 0034 02       		.byte	0x2
 179 0035 05       		.byte	0x5
 180 0036 A6010000 		.4byte	.LASF2
 181 003a 02       		.uleb128 0x2
 182 003b 02       		.byte	0x2
 183 003c 07       		.byte	0x7
 184 003d E9000000 		.4byte	.LASF3
 185 0041 02       		.uleb128 0x2
 186 0042 04       		.byte	0x4
 187 0043 05       		.byte	0x5
 188 0044 B6010000 		.4byte	.LASF4
 189 0048 02       		.uleb128 0x2
 190 0049 04       		.byte	0x4
 191 004a 07       		.byte	0x7
 192 004b D7000000 		.4byte	.LASF5
 193 004f 02       		.uleb128 0x2
 194 0050 08       		.byte	0x8
 195 0051 05       		.byte	0x5
 196 0052 4E010000 		.4byte	.LASF6
 197 0056 02       		.uleb128 0x2
 198 0057 08       		.byte	0x8
 199 0058 07       		.byte	0x7
 200 0059 10010000 		.4byte	.LASF7
 201 005d 03       		.uleb128 0x3
 202 005e 04       		.byte	0x4
 203 005f 05       		.byte	0x5
 204 0060 696E7400 		.ascii	"int\000"
 205 0064 02       		.uleb128 0x2
 206 0065 04       		.byte	0x4
 207 0066 07       		.byte	0x7
 208 0067 03010000 		.4byte	.LASF8
 209 006b 04       		.uleb128 0x4
 210 006c B0010000 		.4byte	.LASF12
 211 0070 02       		.byte	0x2
 212 0071 E401     		.2byte	0x1e4
 213 0073 2C000000 		.4byte	0x2c
 214 0077 02       		.uleb128 0x2
 215 0078 04       		.byte	0x4
 216 0079 04       		.byte	0x4
 217 007a 9F000000 		.4byte	.LASF9
 218 007e 02       		.uleb128 0x2
ARM GAS  C:\Users\r\AppData\Local\Temp\ccjObLis.s 			page 7


 219 007f 08       		.byte	0x8
 220 0080 04       		.byte	0x4
 221 0081 FC000000 		.4byte	.LASF10
 222 0085 02       		.uleb128 0x2
 223 0086 01       		.byte	0x1
 224 0087 08       		.byte	0x8
 225 0088 A1010000 		.4byte	.LASF11
 226 008c 04       		.uleb128 0x4
 227 008d D2000000 		.4byte	.LASF13
 228 0091 02       		.byte	0x2
 229 0092 8E02     		.2byte	0x28e
 230 0094 98000000 		.4byte	0x98
 231 0098 05       		.uleb128 0x5
 232 0099 6B000000 		.4byte	0x6b
 233 009d 06       		.uleb128 0x6
 234 009e 3B010000 		.4byte	.LASF14
 235 00a2 01       		.byte	0x1
 236 00a3 41       		.byte	0x41
 237 00a4 00000000 		.4byte	.LFB0
 238 00a8 20000000 		.4byte	.LFE0-.LFB0
 239 00ac 01       		.uleb128 0x1
 240 00ad 9C       		.byte	0x9c
 241 00ae 07       		.uleb128 0x7
 242 00af 94000000 		.4byte	.LASF15
 243 00b3 01       		.byte	0x1
 244 00b4 5F       		.byte	0x5f
 245 00b5 00000000 		.4byte	.LFB1
 246 00b9 0C000000 		.4byte	.LFE1-.LFB1
 247 00bd 01       		.uleb128 0x1
 248 00be 9C       		.byte	0x9c
 249 00bf 08       		.uleb128 0x8
 250 00c0 27010000 		.4byte	.LASF19
 251 00c4 01       		.byte	0x1
 252 00c5 75       		.byte	0x75
 253 00c6 00000000 		.4byte	.LFB2
 254 00ca 38000000 		.4byte	.LFE2-.LFB2
 255 00ce 01       		.uleb128 0x1
 256 00cf 9C       		.byte	0x9c
 257 00d0 F1000000 		.4byte	0xf1
 258 00d4 09       		.uleb128 0x9
 259 00d5 47010000 		.4byte	.LASF20
 260 00d9 01       		.byte	0x1
 261 00da 75       		.byte	0x75
 262 00db 6B000000 		.4byte	0x6b
 263 00df 02       		.uleb128 0x2
 264 00e0 91       		.byte	0x91
 265 00e1 6F       		.sleb128 -17
 266 00e2 0A       		.uleb128 0xa
 267 00e3 00000000 		.4byte	.LASF21
 268 00e7 01       		.byte	0x1
 269 00e8 77       		.byte	0x77
 270 00e9 6B000000 		.4byte	0x6b
 271 00ed 02       		.uleb128 0x2
 272 00ee 91       		.byte	0x91
 273 00ef 77       		.sleb128 -9
 274 00f0 00       		.byte	0
 275 00f1 0B       		.uleb128 0xb
ARM GAS  C:\Users\r\AppData\Local\Temp\ccjObLis.s 			page 8


 276 00f2 BF010000 		.4byte	.LASF22
 277 00f6 01       		.byte	0x1
 278 00f7 2E       		.byte	0x2e
 279 00f8 6B000000 		.4byte	0x6b
 280 00fc 05       		.uleb128 0x5
 281 00fd 03       		.byte	0x3
 282 00fe 00000000 		.4byte	LPF_1_initVar
 283 0102 00       		.byte	0
 284              		.section	.debug_abbrev,"",%progbits
 285              	.Ldebug_abbrev0:
 286 0000 01       		.uleb128 0x1
 287 0001 11       		.uleb128 0x11
 288 0002 01       		.byte	0x1
 289 0003 25       		.uleb128 0x25
 290 0004 0E       		.uleb128 0xe
 291 0005 13       		.uleb128 0x13
 292 0006 0B       		.uleb128 0xb
 293 0007 03       		.uleb128 0x3
 294 0008 0E       		.uleb128 0xe
 295 0009 1B       		.uleb128 0x1b
 296 000a 0E       		.uleb128 0xe
 297 000b 55       		.uleb128 0x55
 298 000c 17       		.uleb128 0x17
 299 000d 11       		.uleb128 0x11
 300 000e 01       		.uleb128 0x1
 301 000f 10       		.uleb128 0x10
 302 0010 17       		.uleb128 0x17
 303 0011 00       		.byte	0
 304 0012 00       		.byte	0
 305 0013 02       		.uleb128 0x2
 306 0014 24       		.uleb128 0x24
 307 0015 00       		.byte	0
 308 0016 0B       		.uleb128 0xb
 309 0017 0B       		.uleb128 0xb
 310 0018 3E       		.uleb128 0x3e
 311 0019 0B       		.uleb128 0xb
 312 001a 03       		.uleb128 0x3
 313 001b 0E       		.uleb128 0xe
 314 001c 00       		.byte	0
 315 001d 00       		.byte	0
 316 001e 03       		.uleb128 0x3
 317 001f 24       		.uleb128 0x24
 318 0020 00       		.byte	0
 319 0021 0B       		.uleb128 0xb
 320 0022 0B       		.uleb128 0xb
 321 0023 3E       		.uleb128 0x3e
 322 0024 0B       		.uleb128 0xb
 323 0025 03       		.uleb128 0x3
 324 0026 08       		.uleb128 0x8
 325 0027 00       		.byte	0
 326 0028 00       		.byte	0
 327 0029 04       		.uleb128 0x4
 328 002a 16       		.uleb128 0x16
 329 002b 00       		.byte	0
 330 002c 03       		.uleb128 0x3
 331 002d 0E       		.uleb128 0xe
 332 002e 3A       		.uleb128 0x3a
ARM GAS  C:\Users\r\AppData\Local\Temp\ccjObLis.s 			page 9


 333 002f 0B       		.uleb128 0xb
 334 0030 3B       		.uleb128 0x3b
 335 0031 05       		.uleb128 0x5
 336 0032 49       		.uleb128 0x49
 337 0033 13       		.uleb128 0x13
 338 0034 00       		.byte	0
 339 0035 00       		.byte	0
 340 0036 05       		.uleb128 0x5
 341 0037 35       		.uleb128 0x35
 342 0038 00       		.byte	0
 343 0039 49       		.uleb128 0x49
 344 003a 13       		.uleb128 0x13
 345 003b 00       		.byte	0
 346 003c 00       		.byte	0
 347 003d 06       		.uleb128 0x6
 348 003e 2E       		.uleb128 0x2e
 349 003f 00       		.byte	0
 350 0040 3F       		.uleb128 0x3f
 351 0041 19       		.uleb128 0x19
 352 0042 03       		.uleb128 0x3
 353 0043 0E       		.uleb128 0xe
 354 0044 3A       		.uleb128 0x3a
 355 0045 0B       		.uleb128 0xb
 356 0046 3B       		.uleb128 0x3b
 357 0047 0B       		.uleb128 0xb
 358 0048 27       		.uleb128 0x27
 359 0049 19       		.uleb128 0x19
 360 004a 11       		.uleb128 0x11
 361 004b 01       		.uleb128 0x1
 362 004c 12       		.uleb128 0x12
 363 004d 06       		.uleb128 0x6
 364 004e 40       		.uleb128 0x40
 365 004f 18       		.uleb128 0x18
 366 0050 9642     		.uleb128 0x2116
 367 0052 19       		.uleb128 0x19
 368 0053 00       		.byte	0
 369 0054 00       		.byte	0
 370 0055 07       		.uleb128 0x7
 371 0056 2E       		.uleb128 0x2e
 372 0057 00       		.byte	0
 373 0058 3F       		.uleb128 0x3f
 374 0059 19       		.uleb128 0x19
 375 005a 03       		.uleb128 0x3
 376 005b 0E       		.uleb128 0xe
 377 005c 3A       		.uleb128 0x3a
 378 005d 0B       		.uleb128 0xb
 379 005e 3B       		.uleb128 0x3b
 380 005f 0B       		.uleb128 0xb
 381 0060 27       		.uleb128 0x27
 382 0061 19       		.uleb128 0x19
 383 0062 11       		.uleb128 0x11
 384 0063 01       		.uleb128 0x1
 385 0064 12       		.uleb128 0x12
 386 0065 06       		.uleb128 0x6
 387 0066 40       		.uleb128 0x40
 388 0067 18       		.uleb128 0x18
 389 0068 9742     		.uleb128 0x2117
ARM GAS  C:\Users\r\AppData\Local\Temp\ccjObLis.s 			page 10


 390 006a 19       		.uleb128 0x19
 391 006b 00       		.byte	0
 392 006c 00       		.byte	0
 393 006d 08       		.uleb128 0x8
 394 006e 2E       		.uleb128 0x2e
 395 006f 01       		.byte	0x1
 396 0070 3F       		.uleb128 0x3f
 397 0071 19       		.uleb128 0x19
 398 0072 03       		.uleb128 0x3
 399 0073 0E       		.uleb128 0xe
 400 0074 3A       		.uleb128 0x3a
 401 0075 0B       		.uleb128 0xb
 402 0076 3B       		.uleb128 0x3b
 403 0077 0B       		.uleb128 0xb
 404 0078 27       		.uleb128 0x27
 405 0079 19       		.uleb128 0x19
 406 007a 11       		.uleb128 0x11
 407 007b 01       		.uleb128 0x1
 408 007c 12       		.uleb128 0x12
 409 007d 06       		.uleb128 0x6
 410 007e 40       		.uleb128 0x40
 411 007f 18       		.uleb128 0x18
 412 0080 9742     		.uleb128 0x2117
 413 0082 19       		.uleb128 0x19
 414 0083 01       		.uleb128 0x1
 415 0084 13       		.uleb128 0x13
 416 0085 00       		.byte	0
 417 0086 00       		.byte	0
 418 0087 09       		.uleb128 0x9
 419 0088 05       		.uleb128 0x5
 420 0089 00       		.byte	0
 421 008a 03       		.uleb128 0x3
 422 008b 0E       		.uleb128 0xe
 423 008c 3A       		.uleb128 0x3a
 424 008d 0B       		.uleb128 0xb
 425 008e 3B       		.uleb128 0x3b
 426 008f 0B       		.uleb128 0xb
 427 0090 49       		.uleb128 0x49
 428 0091 13       		.uleb128 0x13
 429 0092 02       		.uleb128 0x2
 430 0093 18       		.uleb128 0x18
 431 0094 00       		.byte	0
 432 0095 00       		.byte	0
 433 0096 0A       		.uleb128 0xa
 434 0097 34       		.uleb128 0x34
 435 0098 00       		.byte	0
 436 0099 03       		.uleb128 0x3
 437 009a 0E       		.uleb128 0xe
 438 009b 3A       		.uleb128 0x3a
 439 009c 0B       		.uleb128 0xb
 440 009d 3B       		.uleb128 0x3b
 441 009e 0B       		.uleb128 0xb
 442 009f 49       		.uleb128 0x49
 443 00a0 13       		.uleb128 0x13
 444 00a1 02       		.uleb128 0x2
 445 00a2 18       		.uleb128 0x18
 446 00a3 00       		.byte	0
ARM GAS  C:\Users\r\AppData\Local\Temp\ccjObLis.s 			page 11


 447 00a4 00       		.byte	0
 448 00a5 0B       		.uleb128 0xb
 449 00a6 34       		.uleb128 0x34
 450 00a7 00       		.byte	0
 451 00a8 03       		.uleb128 0x3
 452 00a9 0E       		.uleb128 0xe
 453 00aa 3A       		.uleb128 0x3a
 454 00ab 0B       		.uleb128 0xb
 455 00ac 3B       		.uleb128 0x3b
 456 00ad 0B       		.uleb128 0xb
 457 00ae 49       		.uleb128 0x49
 458 00af 13       		.uleb128 0x13
 459 00b0 3F       		.uleb128 0x3f
 460 00b1 19       		.uleb128 0x19
 461 00b2 02       		.uleb128 0x2
 462 00b3 18       		.uleb128 0x18
 463 00b4 00       		.byte	0
 464 00b5 00       		.byte	0
 465 00b6 00       		.byte	0
 466              		.section	.debug_aranges,"",%progbits
 467 0000 2C000000 		.4byte	0x2c
 468 0004 0200     		.2byte	0x2
 469 0006 00000000 		.4byte	.Ldebug_info0
 470 000a 04       		.byte	0x4
 471 000b 00       		.byte	0
 472 000c 0000     		.2byte	0
 473 000e 0000     		.2byte	0
 474 0010 00000000 		.4byte	.LFB0
 475 0014 20000000 		.4byte	.LFE0-.LFB0
 476 0018 00000000 		.4byte	.LFB1
 477 001c 0C000000 		.4byte	.LFE1-.LFB1
 478 0020 00000000 		.4byte	.LFB2
 479 0024 38000000 		.4byte	.LFE2-.LFB2
 480 0028 00000000 		.4byte	0
 481 002c 00000000 		.4byte	0
 482              		.section	.debug_ranges,"",%progbits
 483              	.Ldebug_ranges0:
 484 0000 00000000 		.4byte	.LFB0
 485 0004 20000000 		.4byte	.LFE0
 486 0008 00000000 		.4byte	.LFB1
 487 000c 0C000000 		.4byte	.LFE1
 488 0010 00000000 		.4byte	.LFB2
 489 0014 38000000 		.4byte	.LFE2
 490 0018 00000000 		.4byte	0
 491 001c 00000000 		.4byte	0
 492              		.section	.debug_line,"",%progbits
 493              	.Ldebug_line0:
 494 0000 80000000 		.section	.debug_str,"MS",%progbits,1
 494      02004200 
 494      00000201 
 494      FB0E0D00 
 494      01010101 
 495              	.LASF21:
 496 0000 746D7043 		.ascii	"tmpCR\000"
 496      5200
 497              	.LASF16:
 498 0006 474E5520 		.ascii	"GNU C11 5.4.1 20160609 (release) [ARM/embedded-5-br"
ARM GAS  C:\Users\r\AppData\Local\Temp\ccjObLis.s 			page 12


 498      43313120 
 498      352E342E 
 498      31203230 
 498      31363036 
 499 0039 616E6368 		.ascii	"anch revision 237715] -mcpu=cortex-m3 -mthumb -g -O"
 499      20726576 
 499      6973696F 
 499      6E203233 
 499      37373135 
 500 006c 30202D66 		.ascii	"0 -ffunction-sections -ffat-lto-objects\000"
 500      66756E63 
 500      74696F6E 
 500      2D736563 
 500      74696F6E 
 501              	.LASF15:
 502 0094 4C50465F 		.ascii	"LPF_1_Stop\000"
 502      315F5374 
 502      6F7000
 503              	.LASF9:
 504 009f 666C6F61 		.ascii	"float\000"
 504      7400
 505              	.LASF17:
 506 00a5 47656E65 		.ascii	"Generated_Source\\PSoC5\\LPF_1.c\000"
 506      72617465 
 506      645F536F 
 506      75726365 
 506      5C50536F 
 507              	.LASF1:
 508 00c4 756E7369 		.ascii	"unsigned char\000"
 508      676E6564 
 508      20636861 
 508      7200
 509              	.LASF13:
 510 00d2 72656738 		.ascii	"reg8\000"
 510      00
 511              	.LASF5:
 512 00d7 6C6F6E67 		.ascii	"long unsigned int\000"
 512      20756E73 
 512      69676E65 
 512      6420696E 
 512      7400
 513              	.LASF3:
 514 00e9 73686F72 		.ascii	"short unsigned int\000"
 514      7420756E 
 514      7369676E 
 514      65642069 
 514      6E7400
 515              	.LASF10:
 516 00fc 646F7562 		.ascii	"double\000"
 516      6C6500
 517              	.LASF8:
 518 0103 756E7369 		.ascii	"unsigned int\000"
 518      676E6564 
 518      20696E74 
 518      00
 519              	.LASF7:
 520 0110 6C6F6E67 		.ascii	"long long unsigned int\000"
ARM GAS  C:\Users\r\AppData\Local\Temp\ccjObLis.s 			page 13


 520      206C6F6E 
 520      6720756E 
 520      7369676E 
 520      65642069 
 521              	.LASF19:
 522 0127 4C50465F 		.ascii	"LPF_1_SetCutoffFreq\000"
 522      315F5365 
 522      74437574 
 522      6F666646 
 522      72657100 
 523              	.LASF14:
 524 013b 4C50465F 		.ascii	"LPF_1_Start\000"
 524      315F5374 
 524      61727400 
 525              	.LASF20:
 526 0147 6375746F 		.ascii	"cutoff\000"
 526      666600
 527              	.LASF6:
 528 014e 6C6F6E67 		.ascii	"long long int\000"
 528      206C6F6E 
 528      6720696E 
 528      7400
 529              	.LASF18:
 530 015c 433A5C55 		.ascii	"C:\\Users\\r\\Documents\\Data Sheets\\apple\\SCSI2S"
 530      73657273 
 530      5C725C44 
 530      6F63756D 
 530      656E7473 
 531 0189 445C5343 		.ascii	"D\\SCSI2SD_Copy_01.cydsn\000"
 531      53493253 
 531      445F436F 
 531      70795F30 
 531      312E6379 
 532              	.LASF11:
 533 01a1 63686172 		.ascii	"char\000"
 533      00
 534              	.LASF2:
 535 01a6 73686F72 		.ascii	"short int\000"
 535      7420696E 
 535      7400
 536              	.LASF12:
 537 01b0 75696E74 		.ascii	"uint8\000"
 537      3800
 538              	.LASF4:
 539 01b6 6C6F6E67 		.ascii	"long int\000"
 539      20696E74 
 539      00
 540              	.LASF22:
 541 01bf 4C50465F 		.ascii	"LPF_1_initVar\000"
 541      315F696E 
 541      69745661 
 541      7200
 542              	.LASF0:
 543 01cd 7369676E 		.ascii	"signed char\000"
 543      65642063 
 543      68617200 
 544              		.ident	"GCC: (GNU Tools for ARM Embedded Processors) 5.4.1 20160609 (release) [ARM/embedded-5-bran
ARM GAS  C:\Users\r\AppData\Local\Temp\ccjObLis.s 			page 14


