ARM GAS  C:\Users\r\AppData\Local\Temp\ccWh3uRp.s 			page 1


   1              		.syntax unified
   2              		.cpu cortex-m3
   3              		.fpu softvfp
   4              		.eabi_attribute 20, 1
   5              		.eabi_attribute 21, 1
   6              		.eabi_attribute 23, 3
   7              		.eabi_attribute 24, 1
   8              		.eabi_attribute 25, 1
   9              		.eabi_attribute 26, 1
  10              		.eabi_attribute 30, 6
  11              		.eabi_attribute 34, 1
  12              		.eabi_attribute 18, 4
  13              		.thumb
  14              		.syntax unified
  15              		.file	"main_cy8c52.c"
  16              		.text
  17              	.Ltext0:
  18              		.cfi_sections	.debug_frame
  19              		.global	Notice
  20              		.section	.rodata
  21              		.align	2
  22              	.LC0:
  23 0000 436F7079 		.ascii	"Copyright (C) 2015-2018 Michael McMaster <michael@c"
  23      72696768 
  23      74202843 
  23      29203230 
  23      31352D32 
  24 0033 6F646573 		.ascii	"odesrc.com>\000"
  24      72632E63 
  24      6F6D3E00 
  25              		.data
  26              		.align	2
  27              		.type	Notice, %object
  28              		.size	Notice, 4
  29              	Notice:
  30 0000 00000000 		.word	.LC0
  31              		.section	.text.main,"ax",%progbits
  32              		.align	2
  33              		.global	main
  34              		.thumb
  35              		.thumb_func
  36              		.type	main, %function
  37              	main:
  38              	.LFB64:
  39              		.file 1 "..\\..\\src\\main_cy8c52.c"
   1:..\..\src/main_cy8c52.c **** //	Copyright (C) 2014 Michael McMaster <michael@codesrc.com>
   2:..\..\src/main_cy8c52.c **** //
   3:..\..\src/main_cy8c52.c **** //	This file is part of SCSI2SD.
   4:..\..\src/main_cy8c52.c **** //
   5:..\..\src/main_cy8c52.c **** //	SCSI2SD is free software: you can redistribute it and/or modify
   6:..\..\src/main_cy8c52.c **** //	it under the terms of the GNU General Public License as published by
   7:..\..\src/main_cy8c52.c **** //	the Free Software Foundation, either version 3 of the License, or
   8:..\..\src/main_cy8c52.c **** //	(at your option) any later version.
   9:..\..\src/main_cy8c52.c **** //
  10:..\..\src/main_cy8c52.c **** //	SCSI2SD is distributed in the hope that it will be useful,
  11:..\..\src/main_cy8c52.c **** //	but WITHOUT ANY WARRANTY; without even the implied warranty of
  12:..\..\src/main_cy8c52.c **** //	MERCHANTABILITY or FITNESS FOR A PARTICULAR PURPOSE.  See the
ARM GAS  C:\Users\r\AppData\Local\Temp\ccWh3uRp.s 			page 2


  13:..\..\src/main_cy8c52.c **** //	GNU General Public License for more details.
  14:..\..\src/main_cy8c52.c **** //
  15:..\..\src/main_cy8c52.c **** //	You should have received a copy of the GNU General Public License
  16:..\..\src/main_cy8c52.c **** //	along with SCSI2SD.  If not, see <http://www.gnu.org/licenses/>.
  17:..\..\src/main_cy8c52.c **** 
  18:..\..\src/main_cy8c52.c **** #include "device.h"
  19:..\..\src/main_cy8c52.c **** #include "scsi.h"
  20:..\..\src/main_cy8c52.c **** #include "scsiPhy.h"
  21:..\..\src/main_cy8c52.c **** #include "config.h"
  22:..\..\src/main_cy8c52.c **** #include "disk.h"
  23:..\..\src/main_cy8c52.c **** #include "led.h"
  24:..\..\src/main_cy8c52.c **** // #include "SOUND_ISR.h"
  25:..\..\src/main_cy8c52.c **** #include "time.h"
  26:..\..\src/main_cy8c52.c **** #include "trace.h"
  27:..\..\src/main_cy8c52.c **** // #include "VDAC8_1.h"
  28:..\..\src/main_cy8c52.c **** 
  29:..\..\src/main_cy8c52.c **** const char* Notice = "Copyright (C) 2015-2018 Michael McMaster <michael@codesrc.com>";
  30:..\..\src/main_cy8c52.c ****     
  31:..\..\src/main_cy8c52.c **** // void soundInit()
  32:..\..\src/main_cy8c52.c **** // {  
  33:..\..\src/main_cy8c52.c ****     // Opamp_1_Start(); // RM Opamp not present in CY8C52
  34:..\..\src/main_cy8c52.c **** //    VDAC8_1_Start(); // RM start VDAC
  35:..\..\src/main_cy8c52.c **** //    LPF_1_Start(); // RM start LPF
  36:..\..\src/main_cy8c52.c **** //    PGA_1_Start(); // RM start PGA
  37:..\..\src/main_cy8c52.c **** //    SOUND_ISR_Start(); // RM start sound
  38:..\..\src/main_cy8c52.c **** // }
  39:..\..\src/main_cy8c52.c **** 
  40:..\..\src/main_cy8c52.c **** int main()
  41:..\..\src/main_cy8c52.c **** {
  40              		.loc 1 41 0
  41              		.cfi_startproc
  42              		@ args = 0, pretend = 0, frame = 16
  43              		@ frame_needed = 1, uses_anonymous_args = 0
  44 0000 80B5     		push	{r7, lr}
  45              		.cfi_def_cfa_offset 8
  46              		.cfi_offset 7, -8
  47              		.cfi_offset 14, -4
  48 0002 84B0     		sub	sp, sp, #16
  49              		.cfi_def_cfa_offset 24
  50 0004 00AF     		add	r7, sp, #0
  51              		.cfi_def_cfa_register 7
  42:..\..\src/main_cy8c52.c **** 	timeInit();
  52              		.loc 1 42 0
  53 0006 FFF7FEFF 		bl	timeInit
  43:..\..\src/main_cy8c52.c **** 	ledInit();
  54              		.loc 1 43 0
  55 000a FFF7FEFF 		bl	ledInit
  44:..\..\src/main_cy8c52.c **** //    soundInit(); // RM
  45:..\..\src/main_cy8c52.c **** 	traceInit();
  56              		.loc 1 45 0
  57 000e FFF7FEFF 		bl	traceInit
  46:..\..\src/main_cy8c52.c **** 
  47:..\..\src/main_cy8c52.c **** 	// Enable global interrupts.
  48:..\..\src/main_cy8c52.c **** 	// Needed for RST and ATN interrupt handlers.
  49:..\..\src/main_cy8c52.c **** 	CyGlobalIntEnable;
  58              		.loc 1 49 0
  59              		.syntax unified
ARM GAS  C:\Users\r\AppData\Local\Temp\ccWh3uRp.s 			page 3


  60              	@ 49 "..\..\src\main_cy8c52.c" 1
  61 0012 62B6     		CPSIE   i
  62              	@ 0 "" 2
  50:..\..\src/main_cy8c52.c **** 
  51:..\..\src/main_cy8c52.c **** 	// Set interrupt handlers.
  52:..\..\src/main_cy8c52.c **** 	scsiPhyInit();
  63              		.loc 1 52 0
  64              		.thumb
  65              		.syntax unified
  66 0014 FFF7FEFF 		bl	scsiPhyInit
  53:..\..\src/main_cy8c52.c **** 
  54:..\..\src/main_cy8c52.c **** 	configInit(&scsiDev.boardCfg);
  67              		.loc 1 54 0
  68 0018 4048     		ldr	r0, .L12
  69 001a FFF7FEFF 		bl	configInit
  55:..\..\src/main_cy8c52.c **** 	debugInit();
  70              		.loc 1 55 0
  71 001e FFF7FEFF 		bl	debugInit
  56:..\..\src/main_cy8c52.c ****     scsiPhyConfig();
  72              		.loc 1 56 0
  73 0022 FFF7FEFF 		bl	scsiPhyConfig
  57:..\..\src/main_cy8c52.c **** 	scsiInit();
  74              		.loc 1 57 0
  75 0026 FFF7FEFF 		bl	scsiInit
  58:..\..\src/main_cy8c52.c **** 	scsiDiskInit();
  76              		.loc 1 58 0
  77 002a FFF7FEFF 		bl	scsiDiskInit
  59:..\..\src/main_cy8c52.c **** 
  60:..\..\src/main_cy8c52.c **** 	// Optional bootup delay
  61:..\..\src/main_cy8c52.c **** 	int delaySeconds = 0;
  78              		.loc 1 61 0
  79 002e 0023     		movs	r3, #0
  80 0030 FB60     		str	r3, [r7, #12]
  62:..\..\src/main_cy8c52.c **** 	while (delaySeconds < scsiDev.boardCfg.startupDelay) {
  81              		.loc 1 62 0
  82 0032 1CE0     		b	.L2
  83              	.L5:
  84              	.LBB2:
  63:..\..\src/main_cy8c52.c **** 		// Keep the USB connection working, otherwise it's very hard to revert
  64:..\..\src/main_cy8c52.c **** 		// silly extra-long startup delay settings.
  65:..\..\src/main_cy8c52.c **** 		int i;
  66:..\..\src/main_cy8c52.c **** 		for (i = 0; i < 200; i++) {
  85              		.loc 1 66 0
  86 0034 0023     		movs	r3, #0
  87 0036 BB60     		str	r3, [r7, #8]
  88 0038 13E0     		b	.L3
  89              	.L4:
  67:..\..\src/main_cy8c52.c **** 			CyDelay(5);
  90              		.loc 1 67 0 discriminator 3
  91 003a 0520     		movs	r0, #5
  92 003c FFF7FEFF 		bl	CyDelay
  68:..\..\src/main_cy8c52.c **** 			scsiDev.watchdogTick++;
  93              		.loc 1 68 0 discriminator 3
  94 0040 374B     		ldr	r3, .L12+4
  95 0042 03F58343 		add	r3, r3, #16768
  96 0046 2833     		adds	r3, r3, #40
  97 0048 1B78     		ldrb	r3, [r3]	@ zero_extendqisi2
ARM GAS  C:\Users\r\AppData\Local\Temp\ccWh3uRp.s 			page 4


  98 004a 0133     		adds	r3, r3, #1
  99 004c DAB2     		uxtb	r2, r3
 100 004e 344B     		ldr	r3, .L12+4
 101 0050 03F58343 		add	r3, r3, #16768
 102 0054 2833     		adds	r3, r3, #40
 103 0056 1A70     		strb	r2, [r3]
  69:..\..\src/main_cy8c52.c **** 			configPoll();
 104              		.loc 1 69 0 discriminator 3
 105 0058 FFF7FEFF 		bl	configPoll
  66:..\..\src/main_cy8c52.c **** 			CyDelay(5);
 106              		.loc 1 66 0 discriminator 3
 107 005c BB68     		ldr	r3, [r7, #8]
 108 005e 0133     		adds	r3, r3, #1
 109 0060 BB60     		str	r3, [r7, #8]
 110              	.L3:
  66:..\..\src/main_cy8c52.c **** 			CyDelay(5);
 111              		.loc 1 66 0 is_stmt 0 discriminator 1
 112 0062 BB68     		ldr	r3, [r7, #8]
 113 0064 C72B     		cmp	r3, #199
 114 0066 E8DD     		ble	.L4
  70:..\..\src/main_cy8c52.c **** 		}
  71:..\..\src/main_cy8c52.c **** 		++delaySeconds;
 115              		.loc 1 71 0 is_stmt 1
 116 0068 FB68     		ldr	r3, [r7, #12]
 117 006a 0133     		adds	r3, r3, #1
 118 006c FB60     		str	r3, [r7, #12]
 119              	.L2:
 120              	.LBE2:
  62:..\..\src/main_cy8c52.c **** 		// Keep the USB connection working, otherwise it's very hard to revert
 121              		.loc 1 62 0
 122 006e 2C4B     		ldr	r3, .L12+4
 123 0070 93F86930 		ldrb	r3, [r3, #105]	@ zero_extendqisi2
 124 0074 1A46     		mov	r2, r3
 125 0076 FB68     		ldr	r3, [r7, #12]
 126 0078 9A42     		cmp	r2, r3
 127 007a DBDC     		bgt	.L5
  72:..\..\src/main_cy8c52.c **** 	}
  73:..\..\src/main_cy8c52.c **** 
  74:..\..\src/main_cy8c52.c **** 	uint32_t lastSDPoll = getTime_ms();
 128              		.loc 1 74 0
 129 007c FFF7FEFF 		bl	getTime_ms
 130 0080 7860     		str	r0, [r7, #4]
  75:..\..\src/main_cy8c52.c **** 	sdCheckPresent();
 131              		.loc 1 75 0
 132 0082 FFF7FEFF 		bl	sdCheckPresent
 133              	.L11:
  76:..\..\src/main_cy8c52.c **** 
  77:..\..\src/main_cy8c52.c **** 	while (1)
  78:..\..\src/main_cy8c52.c **** 	{
  79:..\..\src/main_cy8c52.c **** 		scsiDev.watchdogTick++;
 134              		.loc 1 79 0
 135 0086 264B     		ldr	r3, .L12+4
 136 0088 03F58343 		add	r3, r3, #16768
 137 008c 2833     		adds	r3, r3, #40
 138 008e 1B78     		ldrb	r3, [r3]	@ zero_extendqisi2
 139 0090 0133     		adds	r3, r3, #1
 140 0092 DAB2     		uxtb	r2, r3
ARM GAS  C:\Users\r\AppData\Local\Temp\ccWh3uRp.s 			page 5


 141 0094 224B     		ldr	r3, .L12+4
 142 0096 03F58343 		add	r3, r3, #16768
 143 009a 2833     		adds	r3, r3, #40
 144 009c 1A70     		strb	r2, [r3]
  80:..\..\src/main_cy8c52.c **** 
  81:..\..\src/main_cy8c52.c **** 		scsiPoll();
 145              		.loc 1 81 0
 146 009e FFF7FEFF 		bl	scsiPoll
  82:..\..\src/main_cy8c52.c **** 		scsiDiskPoll();
 147              		.loc 1 82 0
 148 00a2 FFF7FEFF 		bl	scsiDiskPoll
  83:..\..\src/main_cy8c52.c **** 		configPoll();
 149              		.loc 1 83 0
 150 00a6 FFF7FEFF 		bl	configPoll
  84:..\..\src/main_cy8c52.c **** 		sdPoll();
 151              		.loc 1 84 0
 152 00aa FFF7FEFF 		bl	sdPoll
  85:..\..\src/main_cy8c52.c **** 
  86:..\..\src/main_cy8c52.c **** 		if (unlikely(scsiDev.phase == BUS_FREE))
 153              		.loc 1 86 0
 154 00ae 1C4B     		ldr	r3, .L12+4
 155 00b0 D3F87831 		ldr	r3, [r3, #376]
 156 00b4 B3F1FF3F 		cmp	r3, #-1
 157 00b8 0CBF     		ite	eq
 158 00ba 0123     		moveq	r3, #1
 159 00bc 0023     		movne	r3, #0
 160 00be DBB2     		uxtb	r3, r3
 161 00c0 002B     		cmp	r3, #0
 162 00c2 21D0     		beq	.L6
  87:..\..\src/main_cy8c52.c **** 		{
  88:..\..\src/main_cy8c52.c **** 			if (unlikely(elapsedTime_ms(lastSDPoll) > 200))
 163              		.loc 1 88 0
 164 00c4 7868     		ldr	r0, [r7, #4]
 165 00c6 FFF7FEFF 		bl	elapsedTime_ms
 166 00ca 0346     		mov	r3, r0
 167 00cc C82B     		cmp	r3, #200
 168 00ce 8CBF     		ite	hi
 169 00d0 0123     		movhi	r3, #1
 170 00d2 0023     		movls	r3, #0
 171 00d4 DBB2     		uxtb	r3, r3
 172 00d6 002B     		cmp	r3, #0
 173 00d8 05D0     		beq	.L7
  89:..\..\src/main_cy8c52.c **** 			{
  90:..\..\src/main_cy8c52.c **** 				lastSDPoll = getTime_ms();
 174              		.loc 1 90 0
 175 00da FFF7FEFF 		bl	getTime_ms
 176 00de 7860     		str	r0, [r7, #4]
  91:..\..\src/main_cy8c52.c **** 				sdCheckPresent();
 177              		.loc 1 91 0
 178 00e0 FFF7FEFF 		bl	sdCheckPresent
 179 00e4 CFE7     		b	.L11
 180              	.L7:
 181              	.LBB3:
  92:..\..\src/main_cy8c52.c **** 			}
  93:..\..\src/main_cy8c52.c **** 			else
  94:..\..\src/main_cy8c52.c **** 			{
  95:..\..\src/main_cy8c52.c **** 				// Wait for our 1ms timer to save some power.
ARM GAS  C:\Users\r\AppData\Local\Temp\ccWh3uRp.s 			page 6


  96:..\..\src/main_cy8c52.c **** 				// There's an interrupt on the SEL signal to ensure we respond
  97:..\..\src/main_cy8c52.c **** 				// quickly to any SCSI commands. The selection abort time is
  98:..\..\src/main_cy8c52.c **** 				// only 250us, and new SCSI-3 controllers time-out very
  99:..\..\src/main_cy8c52.c **** 				// not long after that, so we need to ensure we wake up quickly.
 100:..\..\src/main_cy8c52.c **** 				uint8_t interruptState = CyEnterCriticalSection();
 182              		.loc 1 100 0
 183 00e6 FFF7FEFF 		bl	CyEnterCriticalSection
 184 00ea 0346     		mov	r3, r0
 185 00ec FB70     		strb	r3, [r7, #3]
 101:..\..\src/main_cy8c52.c **** 				if (!SCSI_ReadFilt(SCSI_Filt_SEL))
 186              		.loc 1 101 0
 187 00ee FFF7FEFF 		bl	SCSI_Filtered_Read
 188 00f2 0346     		mov	r3, r0
 189 00f4 03F00403 		and	r3, r3, #4
 190 00f8 002B     		cmp	r3, #0
 191 00fa 00D0     		beq	.L9
 102:..\..\src/main_cy8c52.c **** 				{
 103:..\..\src/main_cy8c52.c **** 					__WFI(); // Will wake on interrupt, regardless of mask
 192              		.loc 1 103 0
 193              		.syntax unified
 194              	@ 103 "..\..\src\main_cy8c52.c" 1
 195 00fc 30BF     		wfi
 196              	@ 0 "" 2
 197              		.thumb
 198              		.syntax unified
 199              	.L9:
 104:..\..\src/main_cy8c52.c **** 				}
 105:..\..\src/main_cy8c52.c **** 				CyExitCriticalSection(interruptState);
 200              		.loc 1 105 0
 201 00fe FB78     		ldrb	r3, [r7, #3]	@ zero_extendqisi2
 202 0100 1846     		mov	r0, r3
 203 0102 FFF7FEFF 		bl	CyExitCriticalSection
 204 0106 BEE7     		b	.L11
 205              	.L6:
 206              	.LBE3:
 106:..\..\src/main_cy8c52.c **** 			}
 107:..\..\src/main_cy8c52.c **** 		}
 108:..\..\src/main_cy8c52.c **** 		else if (scsiDev.phase >= 0)
 207              		.loc 1 108 0
 208 0108 054B     		ldr	r3, .L12+4
 209 010a D3F87831 		ldr	r3, [r3, #376]
 210 010e 002B     		cmp	r3, #0
 211 0110 B9DB     		blt	.L11
 109:..\..\src/main_cy8c52.c **** 		{
 110:..\..\src/main_cy8c52.c **** 			// don't waste time scanning SD cards while we're doing disk IO
 111:..\..\src/main_cy8c52.c **** 			lastSDPoll = getTime_ms();
 212              		.loc 1 111 0
 213 0112 FFF7FEFF 		bl	getTime_ms
 214 0116 7860     		str	r0, [r7, #4]
 112:..\..\src/main_cy8c52.c **** 		}
 113:..\..\src/main_cy8c52.c **** 	}
 215              		.loc 1 113 0
 216 0118 B5E7     		b	.L11
 217              	.L13:
 218 011a 00BF     		.align	2
 219              	.L12:
 220 011c 64000000 		.word	scsiDev+100
ARM GAS  C:\Users\r\AppData\Local\Temp\ccWh3uRp.s 			page 7


 221 0120 00000000 		.word	scsiDev
 222              		.cfi_endproc
 223              	.LFE64:
 224              		.size	main, .-main
 225              		.text
 226              	.Letext0:
 227              		.file 2 "c:\\program files (x86)\\cypress\\psoc creator\\4.2\\psoc creator\\import\\gnu\\arm\\5.4.
 228              		.file 3 "c:\\program files (x86)\\cypress\\psoc creator\\4.2\\psoc creator\\import\\gnu\\arm\\5.4.
 229              		.file 4 "Generated_Source\\PSoC5/cytypes.h"
 230              		.file 5 "../../../include/scsi2sd.h"
 231              		.file 6 "..\\..\\src\\sense.h"
 232              		.file 7 "..\\..\\src\\scsi.h"
 233              		.file 8 "Generated_Source\\PSoC5/core_cm3.h"
 234              		.file 9 "..\\..\\src\\scsiPhy.h"
 235              		.section	.debug_info,"",%progbits
 236              	.Ldebug_info0:
 237 0000 99060000 		.4byte	0x699
 238 0004 0400     		.2byte	0x4
 239 0006 00000000 		.4byte	.Ldebug_abbrev0
 240 000a 04       		.byte	0x4
 241 000b 01       		.uleb128 0x1
 242 000c 50000000 		.4byte	.LASF115
 243 0010 0C       		.byte	0xc
 244 0011 F6010000 		.4byte	.LASF116
 245 0015 D9030000 		.4byte	.LASF117
 246 0019 00000000 		.4byte	.Ldebug_ranges0+0
 247 001d 00000000 		.4byte	0
 248 0021 00000000 		.4byte	.Ldebug_line0
 249 0025 02       		.uleb128 0x2
 250 0026 01       		.byte	0x1
 251 0027 06       		.byte	0x6
 252 0028 3E010000 		.4byte	.LASF0
 253 002c 03       		.uleb128 0x3
 254 002d 2E000000 		.4byte	.LASF3
 255 0031 02       		.byte	0x2
 256 0032 1D       		.byte	0x1d
 257 0033 37000000 		.4byte	0x37
 258 0037 02       		.uleb128 0x2
 259 0038 01       		.byte	0x1
 260 0039 08       		.byte	0x8
 261 003a 73030000 		.4byte	.LASF1
 262 003e 02       		.uleb128 0x2
 263 003f 02       		.byte	0x2
 264 0040 05       		.byte	0x5
 265 0041 AF030000 		.4byte	.LASF2
 266 0045 03       		.uleb128 0x3
 267 0046 9B040000 		.4byte	.LASF4
 268 004a 02       		.byte	0x2
 269 004b 2B       		.byte	0x2b
 270 004c 50000000 		.4byte	0x50
 271 0050 02       		.uleb128 0x2
 272 0051 02       		.byte	0x2
 273 0052 07       		.byte	0x7
 274 0053 87020000 		.4byte	.LASF5
 275 0057 03       		.uleb128 0x3
 276 0058 CD040000 		.4byte	.LASF6
 277 005c 02       		.byte	0x2
ARM GAS  C:\Users\r\AppData\Local\Temp\ccWh3uRp.s 			page 8


 278 005d 3F       		.byte	0x3f
 279 005e 62000000 		.4byte	0x62
 280 0062 02       		.uleb128 0x2
 281 0063 04       		.byte	0x4
 282 0064 05       		.byte	0x5
 283 0065 87010000 		.4byte	.LASF7
 284 0069 03       		.uleb128 0x3
 285 006a DA010000 		.4byte	.LASF8
 286 006e 02       		.byte	0x2
 287 006f 41       		.byte	0x41
 288 0070 74000000 		.4byte	0x74
 289 0074 02       		.uleb128 0x2
 290 0075 04       		.byte	0x4
 291 0076 07       		.byte	0x7
 292 0077 40020000 		.4byte	.LASF9
 293 007b 02       		.uleb128 0x2
 294 007c 08       		.byte	0x8
 295 007d 05       		.byte	0x5
 296 007e 30010000 		.4byte	.LASF10
 297 0082 02       		.uleb128 0x2
 298 0083 08       		.byte	0x8
 299 0084 07       		.byte	0x7
 300 0085 FC000000 		.4byte	.LASF11
 301 0089 04       		.uleb128 0x4
 302 008a 04       		.byte	0x4
 303 008b 05       		.byte	0x5
 304 008c 696E7400 		.ascii	"int\000"
 305 0090 02       		.uleb128 0x2
 306 0091 04       		.byte	0x4
 307 0092 07       		.byte	0x7
 308 0093 1D020000 		.4byte	.LASF12
 309 0097 03       		.uleb128 0x3
 310 0098 50050000 		.4byte	.LASF13
 311 009c 03       		.byte	0x3
 312 009d 18       		.byte	0x18
 313 009e 2C000000 		.4byte	0x2c
 314 00a2 03       		.uleb128 0x3
 315 00a3 9F010000 		.4byte	.LASF14
 316 00a7 03       		.byte	0x3
 317 00a8 24       		.byte	0x24
 318 00a9 45000000 		.4byte	0x45
 319 00ad 03       		.uleb128 0x3
 320 00ae 6B030000 		.4byte	.LASF15
 321 00b2 03       		.byte	0x3
 322 00b3 2C       		.byte	0x2c
 323 00b4 57000000 		.4byte	0x57
 324 00b8 03       		.uleb128 0x3
 325 00b9 4A040000 		.4byte	.LASF16
 326 00bd 03       		.byte	0x3
 327 00be 30       		.byte	0x30
 328 00bf 69000000 		.4byte	0x69
 329 00c3 05       		.uleb128 0x5
 330 00c4 13030000 		.4byte	.LASF17
 331 00c8 04       		.byte	0x4
 332 00c9 E401     		.2byte	0x1e4
 333 00cb 37000000 		.4byte	0x37
 334 00cf 05       		.uleb128 0x5
ARM GAS  C:\Users\r\AppData\Local\Temp\ccWh3uRp.s 			page 9


 335 00d0 09000000 		.4byte	.LASF18
 336 00d4 04       		.byte	0x4
 337 00d5 E501     		.2byte	0x1e5
 338 00d7 50000000 		.4byte	0x50
 339 00db 05       		.uleb128 0x5
 340 00dc 9A020000 		.4byte	.LASF19
 341 00e0 04       		.byte	0x4
 342 00e1 E701     		.2byte	0x1e7
 343 00e3 25000000 		.4byte	0x25
 344 00e7 02       		.uleb128 0x2
 345 00e8 04       		.byte	0x4
 346 00e9 04       		.byte	0x4
 347 00ea 57030000 		.4byte	.LASF20
 348 00ee 02       		.uleb128 0x2
 349 00ef 08       		.byte	0x8
 350 00f0 04       		.byte	0x4
 351 00f1 A8010000 		.4byte	.LASF21
 352 00f5 02       		.uleb128 0x2
 353 00f6 01       		.byte	0x1
 354 00f7 08       		.byte	0x8
 355 00f8 7E040000 		.4byte	.LASF22
 356 00fc 06       		.uleb128 0x6
 357 00fd 04       		.byte	0x4
 358 00fe 02010000 		.4byte	0x102
 359 0102 07       		.uleb128 0x7
 360 0103 02       		.uleb128 0x2
 361 0104 08       		.byte	0x8
 362 0105 04       		.byte	0x4
 363 0106 72040000 		.4byte	.LASF23
 364 010a 02       		.uleb128 0x2
 365 010b 04       		.byte	0x4
 366 010c 07       		.byte	0x7
 367 010d E9020000 		.4byte	.LASF24
 368 0111 06       		.uleb128 0x6
 369 0112 04       		.byte	0x4
 370 0113 17010000 		.4byte	0x117
 371 0117 08       		.uleb128 0x8
 372 0118 F5000000 		.4byte	0xf5
 373 011c 09       		.uleb128 0x9
 374 011d F5000000 		.4byte	0xf5
 375 0121 2C010000 		.4byte	0x12c
 376 0125 0A       		.uleb128 0xa
 377 0126 0A010000 		.4byte	0x10a
 378 012a 07       		.byte	0x7
 379 012b 00       		.byte	0
 380 012c 0B       		.uleb128 0xb
 381 012d 0010     		.2byte	0x1000
 382 012f 05       		.byte	0x5
 383 0130 98       		.byte	0x98
 384 0131 11020000 		.4byte	0x211
 385 0135 0C       		.uleb128 0xc
 386 0136 6A020000 		.4byte	.LASF25
 387 013a 05       		.byte	0x5
 388 013b 9C       		.byte	0x9c
 389 013c 97000000 		.4byte	0x97
 390 0140 00       		.byte	0
 391 0141 0C       		.uleb128 0xc
ARM GAS  C:\Users\r\AppData\Local\Temp\ccWh3uRp.s 			page 10


 392 0142 8F030000 		.4byte	.LASF26
 393 0146 05       		.byte	0x5
 394 0147 9E       		.byte	0x9e
 395 0148 97000000 		.4byte	0x97
 396 014c 01       		.byte	0x1
 397 014d 0C       		.uleb128 0xc
 398 014e CA010000 		.4byte	.LASF27
 399 0152 05       		.byte	0x5
 400 0153 9F       		.byte	0x9f
 401 0154 97000000 		.4byte	0x97
 402 0158 02       		.byte	0x2
 403 0159 0C       		.uleb128 0xc
 404 015a E6040000 		.4byte	.LASF28
 405 015e 05       		.byte	0x5
 406 015f A0       		.byte	0xa0
 407 0160 97000000 		.4byte	0x97
 408 0164 03       		.byte	0x3
 409 0165 0C       		.uleb128 0xc
 410 0166 BF030000 		.4byte	.LASF29
 411 016a 05       		.byte	0x5
 412 016b A2       		.byte	0xa2
 413 016c B8000000 		.4byte	0xb8
 414 0170 04       		.byte	0x4
 415 0171 0C       		.uleb128 0xc
 416 0172 FF020000 		.4byte	.LASF30
 417 0176 05       		.byte	0x5
 418 0177 A3       		.byte	0xa3
 419 0178 B8000000 		.4byte	0xb8
 420 017c 08       		.byte	0x8
 421 017d 0C       		.uleb128 0xc
 422 017e 63040000 		.4byte	.LASF31
 423 0182 05       		.byte	0x5
 424 0183 A5       		.byte	0xa5
 425 0184 A2000000 		.4byte	0xa2
 426 0188 0C       		.byte	0xc
 427 0189 0C       		.uleb128 0xc
 428 018a DE000000 		.4byte	.LASF32
 429 018e 05       		.byte	0x5
 430 018f A8       		.byte	0xa8
 431 0190 A2000000 		.4byte	0xa2
 432 0194 0E       		.byte	0xe
 433 0195 0C       		.uleb128 0xc
 434 0196 9F020000 		.4byte	.LASF33
 435 019a 05       		.byte	0x5
 436 019b AB       		.byte	0xab
 437 019c A2000000 		.4byte	0xa2
 438 01a0 10       		.byte	0x10
 439 01a1 0C       		.uleb128 0xc
 440 01a2 BB040000 		.4byte	.LASF34
 441 01a6 05       		.byte	0x5
 442 01a7 AE       		.byte	0xae
 443 01a8 1C010000 		.4byte	0x11c
 444 01ac 12       		.byte	0x12
 445 01ad 0C       		.uleb128 0xc
 446 01ae D5020000 		.4byte	.LASF35
 447 01b2 05       		.byte	0x5
 448 01b3 AF       		.byte	0xaf
ARM GAS  C:\Users\r\AppData\Local\Temp\ccWh3uRp.s 			page 11


 449 01b4 11020000 		.4byte	0x211
 450 01b8 1A       		.byte	0x1a
 451 01b9 0C       		.uleb128 0xc
 452 01ba 38000000 		.4byte	.LASF36
 453 01be 05       		.byte	0x5
 454 01bf B0       		.byte	0xb0
 455 01c0 21020000 		.4byte	0x221
 456 01c4 2A       		.byte	0x2a
 457 01c5 0C       		.uleb128 0xc
 458 01c6 5E050000 		.4byte	.LASF37
 459 01ca 05       		.byte	0x5
 460 01cb B1       		.byte	0xb1
 461 01cc 11020000 		.4byte	0x211
 462 01d0 2E       		.byte	0x2e
 463 01d1 0C       		.uleb128 0xc
 464 01d2 B0020000 		.4byte	.LASF38
 465 01d6 05       		.byte	0x5
 466 01d7 B3       		.byte	0xb3
 467 01d8 A2000000 		.4byte	0xa2
 468 01dc 3E       		.byte	0x3e
 469 01dd 0C       		.uleb128 0xc
 470 01de 2B030000 		.4byte	.LASF39
 471 01e2 05       		.byte	0x5
 472 01e3 B5       		.byte	0xb5
 473 01e4 31020000 		.4byte	0x231
 474 01e8 40       		.byte	0x40
 475 01e9 0D       		.uleb128 0xd
 476 01ea 95010000 		.4byte	.LASF40
 477 01ee 05       		.byte	0x5
 478 01ef B7       		.byte	0xb7
 479 01f0 42020000 		.4byte	0x242
 480 01f4 0004     		.2byte	0x400
 481 01f6 0E       		.uleb128 0xe
 482 01f7 76706400 		.ascii	"vpd\000"
 483 01fb 05       		.byte	0x5
 484 01fc B8       		.byte	0xb8
 485 01fd 42020000 		.4byte	0x242
 486 0201 0008     		.2byte	0x800
 487 0203 0D       		.uleb128 0xd
 488 0204 DC020000 		.4byte	.LASF41
 489 0208 05       		.byte	0x5
 490 0209 B9       		.byte	0xb9
 491 020a 42020000 		.4byte	0x242
 492 020e 000C     		.2byte	0xc00
 493 0210 00       		.byte	0
 494 0211 09       		.uleb128 0x9
 495 0212 F5000000 		.4byte	0xf5
 496 0216 21020000 		.4byte	0x221
 497 021a 0A       		.uleb128 0xa
 498 021b 0A010000 		.4byte	0x10a
 499 021f 0F       		.byte	0xf
 500 0220 00       		.byte	0
 501 0221 09       		.uleb128 0x9
 502 0222 F5000000 		.4byte	0xf5
 503 0226 31020000 		.4byte	0x231
 504 022a 0A       		.uleb128 0xa
 505 022b 0A010000 		.4byte	0x10a
ARM GAS  C:\Users\r\AppData\Local\Temp\ccWh3uRp.s 			page 12


 506 022f 03       		.byte	0x3
 507 0230 00       		.byte	0
 508 0231 09       		.uleb128 0x9
 509 0232 97000000 		.4byte	0x97
 510 0236 42020000 		.4byte	0x242
 511 023a 0F       		.uleb128 0xf
 512 023b 0A010000 		.4byte	0x10a
 513 023f BF03     		.2byte	0x3bf
 514 0241 00       		.byte	0
 515 0242 09       		.uleb128 0x9
 516 0243 97000000 		.4byte	0x97
 517 0247 53020000 		.4byte	0x253
 518 024b 0F       		.uleb128 0xf
 519 024c 0A010000 		.4byte	0x10a
 520 0250 FF03     		.2byte	0x3ff
 521 0252 00       		.byte	0
 522 0253 03       		.uleb128 0x3
 523 0254 83040000 		.4byte	.LASF42
 524 0258 05       		.byte	0x5
 525 0259 BA       		.byte	0xba
 526 025a 2C010000 		.4byte	0x12c
 527 025e 0B       		.uleb128 0xb
 528 025f 0001     		.2byte	0x100
 529 0261 05       		.byte	0x5
 530 0262 BC       		.byte	0xbc
 531 0263 BC020000 		.4byte	0x2bc
 532 0267 0C       		.uleb128 0xc
 533 0268 B9030000 		.4byte	.LASF43
 534 026c 05       		.byte	0x5
 535 026d BE       		.byte	0xbe
 536 026e 21020000 		.4byte	0x221
 537 0272 00       		.byte	0
 538 0273 0C       		.uleb128 0xc
 539 0274 58050000 		.4byte	.LASF44
 540 0278 05       		.byte	0x5
 541 0279 BF       		.byte	0xbf
 542 027a 97000000 		.4byte	0x97
 543 027e 04       		.byte	0x4
 544 027f 0C       		.uleb128 0xc
 545 0280 2A020000 		.4byte	.LASF45
 546 0284 05       		.byte	0x5
 547 0285 C0       		.byte	0xc0
 548 0286 97000000 		.4byte	0x97
 549 028a 05       		.byte	0x5
 550 028b 0C       		.uleb128 0xc
 551 028c 41000000 		.4byte	.LASF46
 552 0290 05       		.byte	0x5
 553 0291 C1       		.byte	0xc1
 554 0292 97000000 		.4byte	0x97
 555 0296 06       		.byte	0x6
 556 0297 0C       		.uleb128 0xc
 557 0298 18000000 		.4byte	.LASF47
 558 029c 05       		.byte	0x5
 559 029d C2       		.byte	0xc2
 560 029e 97000000 		.4byte	0x97
 561 02a2 07       		.byte	0x7
 562 02a3 0C       		.uleb128 0xc
ARM GAS  C:\Users\r\AppData\Local\Temp\ccWh3uRp.s 			page 13


 563 02a4 36050000 		.4byte	.LASF48
 564 02a8 05       		.byte	0x5
 565 02a9 C4       		.byte	0xc4
 566 02aa 97000000 		.4byte	0x97
 567 02ae 08       		.byte	0x8
 568 02af 0C       		.uleb128 0xc
 569 02b0 2B030000 		.4byte	.LASF39
 570 02b4 05       		.byte	0x5
 571 02b5 C7       		.byte	0xc7
 572 02b6 BC020000 		.4byte	0x2bc
 573 02ba 09       		.byte	0x9
 574 02bb 00       		.byte	0
 575 02bc 09       		.uleb128 0x9
 576 02bd 97000000 		.4byte	0x97
 577 02c1 CC020000 		.4byte	0x2cc
 578 02c5 0A       		.uleb128 0xa
 579 02c6 0A010000 		.4byte	0x10a
 580 02ca F6       		.byte	0xf6
 581 02cb 00       		.byte	0
 582 02cc 03       		.uleb128 0x3
 583 02cd 05050000 		.4byte	.LASF49
 584 02d1 05       		.byte	0x5
 585 02d2 C8       		.byte	0xc8
 586 02d3 5E020000 		.4byte	0x25e
 587 02d7 10       		.uleb128 0x10
 588 02d8 04       		.byte	0x4
 589 02d9 06       		.byte	0x6
 590 02da AA       		.byte	0xaa
 591 02db F8020000 		.4byte	0x2f8
 592 02df 0C       		.uleb128 0xc
 593 02e0 90010000 		.4byte	.LASF50
 594 02e4 06       		.byte	0x6
 595 02e5 AC       		.byte	0xac
 596 02e6 C3000000 		.4byte	0xc3
 597 02ea 00       		.byte	0
 598 02eb 11       		.uleb128 0x11
 599 02ec 61736300 		.ascii	"asc\000"
 600 02f0 06       		.byte	0x6
 601 02f1 AD       		.byte	0xad
 602 02f2 CF000000 		.4byte	0xcf
 603 02f6 02       		.byte	0x2
 604 02f7 00       		.byte	0
 605 02f8 03       		.uleb128 0x3
 606 02f9 19030000 		.4byte	.LASF51
 607 02fd 06       		.byte	0x6
 608 02fe AE       		.byte	0xae
 609 02ff D7020000 		.4byte	0x2d7
 610 0303 12       		.uleb128 0x12
 611 0304 01       		.byte	0x1
 612 0305 25000000 		.4byte	0x25
 613 0309 07       		.byte	0x7
 614 030a 18       		.byte	0x18
 615 030b 64030000 		.4byte	0x364
 616 030f 13       		.uleb128 0x13
 617 0310 53040000 		.4byte	.LASF52
 618 0314 01       		.byte	0x1
 619 0315 13       		.uleb128 0x13
ARM GAS  C:\Users\r\AppData\Local\Temp\ccWh3uRp.s 			page 14


 620 0316 1F000000 		.4byte	.LASF53
 621 031a 02       		.byte	0x2
 622 031b 13       		.uleb128 0x13
 623 031c D7040000 		.4byte	.LASF54
 624 0320 04       		.byte	0x4
 625 0321 14       		.uleb128 0x14
 626 0322 51010000 		.4byte	.LASF55
 627 0326 7F       		.sleb128 -1
 628 0327 14       		.uleb128 0x14
 629 0328 6F050000 		.4byte	.LASF56
 630 032c 7E       		.sleb128 -2
 631 032d 14       		.uleb128 0x14
 632 032e CD030000 		.4byte	.LASF57
 633 0332 7D       		.sleb128 -3
 634 0333 14       		.uleb128 0x14
 635 0334 40040000 		.4byte	.LASF58
 636 0338 7C       		.sleb128 -4
 637 0339 14       		.uleb128 0x14
 638 033a F9040000 		.4byte	.LASF59
 639 033e 7B       		.sleb128 -5
 640 033f 13       		.uleb128 0x13
 641 0340 11050000 		.4byte	.LASF60
 642 0344 06       		.byte	0x6
 643 0345 13       		.uleb128 0x13
 644 0346 C2010000 		.4byte	.LASF61
 645 034a 02       		.byte	0x2
 646 034b 13       		.uleb128 0x13
 647 034c BA010000 		.4byte	.LASF62
 648 0350 04       		.byte	0x4
 649 0351 13       		.uleb128 0x13
 650 0352 27010000 		.4byte	.LASF63
 651 0356 00       		.byte	0
 652 0357 13       		.uleb128 0x13
 653 0358 A3050000 		.4byte	.LASF64
 654 035c 07       		.byte	0x7
 655 035d 13       		.uleb128 0x13
 656 035e 34040000 		.4byte	.LASF65
 657 0362 03       		.byte	0x3
 658 0363 00       		.byte	0
 659 0364 10       		.uleb128 0x10
 660 0365 02       		.byte	0x2
 661 0366 07       		.byte	0x7
 662 0367 4E       		.byte	0x4e
 663 0368 79030000 		.4byte	0x379
 664 036c 0C       		.uleb128 0xc
 665 036d 63040000 		.4byte	.LASF31
 666 0371 07       		.byte	0x7
 667 0372 50       		.byte	0x50
 668 0373 A2000000 		.4byte	0xa2
 669 0377 00       		.byte	0
 670 0378 00       		.byte	0
 671 0379 03       		.uleb128 0x3
 672 037a A6040000 		.4byte	.LASF66
 673 037e 07       		.byte	0x7
 674 037f 51       		.byte	0x51
 675 0380 64030000 		.4byte	0x364
 676 0384 10       		.uleb128 0x10
ARM GAS  C:\Users\r\AppData\Local\Temp\ccWh3uRp.s 			page 15


 677 0385 18       		.byte	0x18
 678 0386 07       		.byte	0x7
 679 0387 53       		.byte	0x53
 680 0388 E1030000 		.4byte	0x3e1
 681 038c 0C       		.uleb128 0xc
 682 038d 18050000 		.4byte	.LASF67
 683 0391 07       		.byte	0x7
 684 0392 55       		.byte	0x55
 685 0393 97000000 		.4byte	0x97
 686 0397 00       		.byte	0
 687 0398 11       		.uleb128 0x11
 688 0399 63666700 		.ascii	"cfg\000"
 689 039d 07       		.byte	0x7
 690 039e 57       		.byte	0x57
 691 039f E1030000 		.4byte	0x3e1
 692 03a3 04       		.byte	0x4
 693 03a4 0C       		.uleb128 0xc
 694 03a5 41030000 		.4byte	.LASF68
 695 03a9 07       		.byte	0x7
 696 03aa 59       		.byte	0x59
 697 03ab 79030000 		.4byte	0x379
 698 03af 08       		.byte	0x8
 699 03b0 0C       		.uleb128 0xc
 700 03b1 5D020000 		.4byte	.LASF69
 701 03b5 07       		.byte	0x7
 702 03b6 5B       		.byte	0x5b
 703 03b7 F8020000 		.4byte	0x2f8
 704 03bb 0A       		.byte	0xa
 705 03bc 0C       		.uleb128 0xc
 706 03bd EE000000 		.4byte	.LASF70
 707 03c1 07       		.byte	0x7
 708 03c2 5D       		.byte	0x5d
 709 03c3 CF000000 		.4byte	0xcf
 710 03c7 0E       		.byte	0xe
 711 03c8 0C       		.uleb128 0xc
 712 03c9 90040000 		.4byte	.LASF71
 713 03cd 07       		.byte	0x7
 714 03ce 61       		.byte	0x61
 715 03cf 89000000 		.4byte	0x89
 716 03d3 10       		.byte	0x10
 717 03d4 0C       		.uleb128 0xc
 718 03d5 AF010000 		.4byte	.LASF72
 719 03d9 07       		.byte	0x7
 720 03da 62       		.byte	0x62
 721 03db 89000000 		.4byte	0x89
 722 03df 14       		.byte	0x14
 723 03e0 00       		.byte	0
 724 03e1 06       		.uleb128 0x6
 725 03e2 04       		.byte	0x4
 726 03e3 E7030000 		.4byte	0x3e7
 727 03e7 08       		.uleb128 0x8
 728 03e8 53020000 		.4byte	0x253
 729 03ec 03       		.uleb128 0x3
 730 03ed 9A030000 		.4byte	.LASF73
 731 03f1 07       		.byte	0x7
 732 03f2 63       		.byte	0x63
 733 03f3 84030000 		.4byte	0x384
ARM GAS  C:\Users\r\AppData\Local\Temp\ccWh3uRp.s 			page 16


 734 03f7 0B       		.uleb128 0xb
 735 03f8 B041     		.2byte	0x41b0
 736 03fa 07       		.byte	0x7
 737 03fb 65       		.byte	0x65
 738 03fc 91050000 		.4byte	0x591
 739 0400 0C       		.uleb128 0xc
 740 0401 71020000 		.4byte	.LASF74
 741 0405 07       		.byte	0x7
 742 0406 67       		.byte	0x67
 743 0407 91050000 		.4byte	0x591
 744 040b 00       		.byte	0
 745 040c 0C       		.uleb128 0xc
 746 040d B7020000 		.4byte	.LASF75
 747 0411 07       		.byte	0x7
 748 0412 68       		.byte	0x68
 749 0413 A1050000 		.4byte	0x5a1
 750 0417 60       		.byte	0x60
 751 0418 0C       		.uleb128 0xc
 752 0419 37020000 		.4byte	.LASF76
 753 041d 07       		.byte	0x7
 754 041e 69       		.byte	0x69
 755 041f CC020000 		.4byte	0x2cc
 756 0423 64       		.byte	0x64
 757 0424 0D       		.uleb128 0xd
 758 0425 10000000 		.4byte	.LASF77
 759 0429 07       		.byte	0x7
 760 042a 6E       		.byte	0x6e
 761 042b 89000000 		.4byte	0x89
 762 042f 6401     		.2byte	0x164
 763 0431 0D       		.uleb128 0xd
 764 0432 65050000 		.4byte	.LASF78
 765 0436 07       		.byte	0x7
 766 0437 71       		.byte	0x71
 767 0438 A7050000 		.4byte	0x5a7
 768 043c 6801     		.2byte	0x168
 769 043e 0D       		.uleb128 0xd
 770 043f 2C040000 		.4byte	.LASF79
 771 0443 07       		.byte	0x7
 772 0444 74       		.byte	0x74
 773 0445 A7050000 		.4byte	0x5a7
 774 0449 6C01     		.2byte	0x16c
 775 044b 0D       		.uleb128 0xd
 776 044c 88050000 		.4byte	.LASF80
 777 0450 07       		.byte	0x7
 778 0451 77       		.byte	0x77
 779 0452 89000000 		.4byte	0x89
 780 0456 7001     		.2byte	0x170
 781 0458 0D       		.uleb128 0xd
 782 0459 4A010000 		.4byte	.LASF81
 783 045d 07       		.byte	0x7
 784 045e 79       		.byte	0x79
 785 045f A7050000 		.4byte	0x5a7
 786 0463 7401     		.2byte	0x174
 787 0465 0D       		.uleb128 0xd
 788 0466 81010000 		.4byte	.LASF82
 789 046a 07       		.byte	0x7
 790 046b 7B       		.byte	0x7b
ARM GAS  C:\Users\r\AppData\Local\Temp\ccWh3uRp.s 			page 17


 791 046c 89000000 		.4byte	0x89
 792 0470 7801     		.2byte	0x178
 793 0472 0D       		.uleb128 0xd
 794 0473 79020000 		.4byte	.LASF83
 795 0477 07       		.byte	0x7
 796 0478 7D       		.byte	0x7d
 797 0479 AC050000 		.4byte	0x5ac
 798 047d 7C01     		.2byte	0x17c
 799 047f 0D       		.uleb128 0xd
 800 0480 23030000 		.4byte	.LASF84
 801 0484 07       		.byte	0x7
 802 0485 7E       		.byte	0x7e
 803 0486 89000000 		.4byte	0x89
 804 048a 7C41     		.2byte	0x417c
 805 048c 0D       		.uleb128 0xd
 806 048d AE040000 		.4byte	.LASF85
 807 0491 07       		.byte	0x7
 808 0492 7F       		.byte	0x7f
 809 0493 89000000 		.4byte	0x89
 810 0497 8041     		.2byte	0x4180
 811 0499 0D       		.uleb128 0xd
 812 049a EE010000 		.4byte	.LASF86
 813 049e 07       		.byte	0x7
 814 049f 80       		.byte	0x80
 815 04a0 89000000 		.4byte	0x89
 816 04a4 8441     		.2byte	0x4184
 817 04a6 0E       		.uleb128 0xe
 818 04a7 63646200 		.ascii	"cdb\000"
 819 04ab 07       		.byte	0x7
 820 04ac 82       		.byte	0x82
 821 04ad BD050000 		.4byte	0x5bd
 822 04b1 8841     		.2byte	0x4188
 823 04b3 0D       		.uleb128 0xd
 824 04b4 63020000 		.4byte	.LASF87
 825 04b8 07       		.byte	0x7
 826 04b9 83       		.byte	0x83
 827 04ba C3000000 		.4byte	0xc3
 828 04be 9441     		.2byte	0x4194
 829 04c0 0E       		.uleb128 0xe
 830 04c1 6C756E00 		.ascii	"lun\000"
 831 04c5 07       		.byte	0x7
 832 04c6 84       		.byte	0x84
 833 04c7 DB000000 		.4byte	0xdb
 834 04cb 9541     		.2byte	0x4195
 835 04cd 0D       		.uleb128 0xd
 836 04ce 7F050000 		.4byte	.LASF88
 837 04d2 07       		.byte	0x7
 838 04d3 85       		.byte	0x85
 839 04d4 C3000000 		.4byte	0xc3
 840 04d8 9641     		.2byte	0x4196
 841 04da 0D       		.uleb128 0xd
 842 04db 52020000 		.4byte	.LASF89
 843 04df 07       		.byte	0x7
 844 04e0 86       		.byte	0x86
 845 04e1 97000000 		.4byte	0x97
 846 04e5 9741     		.2byte	0x4197
 847 04e7 0D       		.uleb128 0xd
ARM GAS  C:\Users\r\AppData\Local\Temp\ccWh3uRp.s 			page 18


 848 04e8 C9020000 		.4byte	.LASF90
 849 04ec 07       		.byte	0x7
 850 04ed 8A       		.byte	0x8a
 851 04ee 89000000 		.4byte	0x89
 852 04f2 9841     		.2byte	0x4198
 853 04f4 0D       		.uleb128 0xd
 854 04f5 21050000 		.4byte	.LASF91
 855 04f9 07       		.byte	0x7
 856 04fa 8E       		.byte	0x8e
 857 04fb C3000000 		.4byte	0xc3
 858 04ff 9C41     		.2byte	0x419c
 859 0501 0D       		.uleb128 0xd
 860 0502 E3020000 		.4byte	.LASF92
 861 0506 07       		.byte	0x7
 862 0507 90       		.byte	0x90
 863 0508 C3000000 		.4byte	0xc3
 864 050c 9D41     		.2byte	0x419d
 865 050e 0D       		.uleb128 0xd
 866 050f 78050000 		.4byte	.LASF93
 867 0513 07       		.byte	0x7
 868 0514 91       		.byte	0x91
 869 0515 C3000000 		.4byte	0xc3
 870 0519 9E41     		.2byte	0x419e
 871 051b 0D       		.uleb128 0xd
 872 051c 40050000 		.4byte	.LASF94
 873 0520 07       		.byte	0x7
 874 0521 93       		.byte	0x93
 875 0522 FC000000 		.4byte	0xfc
 876 0526 A041     		.2byte	0x41a0
 877 0528 0D       		.uleb128 0xd
 878 0529 A6030000 		.4byte	.LASF95
 879 052d 07       		.byte	0x7
 880 052e 95       		.byte	0x95
 881 052f C3000000 		.4byte	0xc3
 882 0533 A441     		.2byte	0x41a4
 883 0535 0D       		.uleb128 0xd
 884 0536 7E020000 		.4byte	.LASF96
 885 053a 07       		.byte	0x7
 886 053b 96       		.byte	0x96
 887 053c C3000000 		.4byte	0xc3
 888 0540 A541     		.2byte	0x41a5
 889 0542 0D       		.uleb128 0xd
 890 0543 E5010000 		.4byte	.LASF97
 891 0547 07       		.byte	0x7
 892 0548 97       		.byte	0x97
 893 0549 C3000000 		.4byte	0xc3
 894 054d A641     		.2byte	0x41a6
 895 054f 0D       		.uleb128 0xd
 896 0550 00000000 		.4byte	.LASF98
 897 0554 07       		.byte	0x7
 898 0555 98       		.byte	0x98
 899 0556 C3000000 		.4byte	0xc3
 900 055a A741     		.2byte	0x41a7
 901 055c 0D       		.uleb128 0xd
 902 055d F2020000 		.4byte	.LASF99
 903 0561 07       		.byte	0x7
 904 0562 99       		.byte	0x99
ARM GAS  C:\Users\r\AppData\Local\Temp\ccWh3uRp.s 			page 19


 905 0563 C3000000 		.4byte	0xc3
 906 0567 A841     		.2byte	0x41a8
 907 0569 0D       		.uleb128 0xd
 908 056a C2040000 		.4byte	.LASF100
 909 056e 07       		.byte	0x7
 910 056f 9A       		.byte	0x9a
 911 0570 C3000000 		.4byte	0xc3
 912 0574 A941     		.2byte	0x41a9
 913 0576 0D       		.uleb128 0xd
 914 0577 99050000 		.4byte	.LASF101
 915 057b 07       		.byte	0x7
 916 057c 9B       		.byte	0x9b
 917 057d C3000000 		.4byte	0xc3
 918 0581 AA41     		.2byte	0x41aa
 919 0583 0D       		.uleb128 0xd
 920 0584 69010000 		.4byte	.LASF102
 921 0588 07       		.byte	0x7
 922 0589 9C       		.byte	0x9c
 923 058a A2000000 		.4byte	0xa2
 924 058e AC41     		.2byte	0x41ac
 925 0590 00       		.byte	0
 926 0591 09       		.uleb128 0x9
 927 0592 EC030000 		.4byte	0x3ec
 928 0596 A1050000 		.4byte	0x5a1
 929 059a 0A       		.uleb128 0xa
 930 059b 0A010000 		.4byte	0x10a
 931 059f 03       		.byte	0x3
 932 05a0 00       		.byte	0
 933 05a1 06       		.uleb128 0x6
 934 05a2 04       		.byte	0x4
 935 05a3 EC030000 		.4byte	0x3ec
 936 05a7 15       		.uleb128 0x15
 937 05a8 89000000 		.4byte	0x89
 938 05ac 09       		.uleb128 0x9
 939 05ad C3000000 		.4byte	0xc3
 940 05b1 BD050000 		.4byte	0x5bd
 941 05b5 0F       		.uleb128 0xf
 942 05b6 0A010000 		.4byte	0x10a
 943 05ba FF3F     		.2byte	0x3fff
 944 05bc 00       		.byte	0
 945 05bd 09       		.uleb128 0x9
 946 05be C3000000 		.4byte	0xc3
 947 05c2 CD050000 		.4byte	0x5cd
 948 05c6 0A       		.uleb128 0xa
 949 05c7 0A010000 		.4byte	0x10a
 950 05cb 0B       		.byte	0xb
 951 05cc 00       		.byte	0
 952 05cd 03       		.uleb128 0x3
 953 05ce BE020000 		.4byte	.LASF103
 954 05d2 07       		.byte	0x7
 955 05d3 9D       		.byte	0x9d
 956 05d4 F7030000 		.4byte	0x3f7
 957 05d8 16       		.uleb128 0x16
 958 05d9 0E020000 		.4byte	.LASF118
 959 05dd 01       		.byte	0x1
 960 05de 37000000 		.4byte	0x37
 961 05e2 09       		.byte	0x9
ARM GAS  C:\Users\r\AppData\Local\Temp\ccWh3uRp.s 			page 20


 962 05e3 3E       		.byte	0x3e
 963 05e4 07060000 		.4byte	0x607
 964 05e8 13       		.uleb128 0x13
 965 05e9 28050000 		.4byte	.LASF104
 966 05ed 01       		.byte	0x1
 967 05ee 13       		.uleb128 0x13
 968 05ef 49030000 		.4byte	.LASF105
 969 05f3 02       		.byte	0x2
 970 05f4 13       		.uleb128 0x13
 971 05f5 81030000 		.4byte	.LASF106
 972 05f9 04       		.byte	0x4
 973 05fa 13       		.uleb128 0x13
 974 05fb 1E040000 		.4byte	.LASF107
 975 05ff 08       		.byte	0x8
 976 0600 13       		.uleb128 0x13
 977 0601 5D030000 		.4byte	.LASF108
 978 0605 10       		.byte	0x10
 979 0606 00       		.byte	0
 980 0607 17       		.uleb128 0x17
 981 0608 94050000 		.4byte	.LASF119
 982 060c 01       		.byte	0x1
 983 060d 28       		.byte	0x28
 984 060e 89000000 		.4byte	0x89
 985 0612 00000000 		.4byte	.LFB64
 986 0616 24010000 		.4byte	.LFE64-.LFB64
 987 061a 01       		.uleb128 0x1
 988 061b 9C       		.byte	0x9c
 989 061c 6F060000 		.4byte	0x66f
 990 0620 18       		.uleb128 0x18
 991 0621 34030000 		.4byte	.LASF109
 992 0625 01       		.byte	0x1
 993 0626 3D       		.byte	0x3d
 994 0627 89000000 		.4byte	0x89
 995 062b 02       		.uleb128 0x2
 996 062c 91       		.byte	0x91
 997 062d 74       		.sleb128 -12
 998 062e 18       		.uleb128 0x18
 999 062f 76010000 		.4byte	.LASF110
 1000 0633 01       		.byte	0x1
 1001 0634 4A       		.byte	0x4a
 1002 0635 B8000000 		.4byte	0xb8
 1003 0639 02       		.uleb128 0x2
 1004 063a 91       		.byte	0x91
 1005 063b 6C       		.sleb128 -20
 1006 063c 19       		.uleb128 0x19
 1007 063d 34000000 		.4byte	.LBB2
 1008 0641 3A000000 		.4byte	.LBE2-.LBB2
 1009 0645 56060000 		.4byte	0x656
 1010 0649 1A       		.uleb128 0x1a
 1011 064a 6900     		.ascii	"i\000"
 1012 064c 01       		.byte	0x1
 1013 064d 41       		.byte	0x41
 1014 064e 89000000 		.4byte	0x89
 1015 0652 02       		.uleb128 0x2
 1016 0653 91       		.byte	0x91
 1017 0654 70       		.sleb128 -16
 1018 0655 00       		.byte	0
ARM GAS  C:\Users\r\AppData\Local\Temp\ccWh3uRp.s 			page 21


 1019 0656 1B       		.uleb128 0x1b
 1020 0657 E6000000 		.4byte	.LBB3
 1021 065b 22000000 		.4byte	.LBE3-.LBB3
 1022 065f 18       		.uleb128 0x18
 1023 0660 5A010000 		.4byte	.LASF111
 1024 0664 01       		.byte	0x1
 1025 0665 64       		.byte	0x64
 1026 0666 97000000 		.4byte	0x97
 1027 066a 02       		.uleb128 0x2
 1028 066b 91       		.byte	0x91
 1029 066c 6B       		.sleb128 -21
 1030 066d 00       		.byte	0
 1031 066e 00       		.byte	0
 1032 066f 1C       		.uleb128 0x1c
 1033 0670 1A010000 		.4byte	.LASF112
 1034 0674 08       		.byte	0x8
 1035 0675 1207     		.2byte	0x712
 1036 0677 7B060000 		.4byte	0x67b
 1037 067b 15       		.uleb128 0x15
 1038 067c AD000000 		.4byte	0xad
 1039 0680 1D       		.uleb128 0x1d
 1040 0681 0B030000 		.4byte	.LASF113
 1041 0685 07       		.byte	0x7
 1042 0686 9F       		.byte	0x9f
 1043 0687 CD050000 		.4byte	0x5cd
 1044 068b 1E       		.uleb128 0x1e
 1045 068c 13010000 		.4byte	.LASF114
 1046 0690 01       		.byte	0x1
 1047 0691 1D       		.byte	0x1d
 1048 0692 11010000 		.4byte	0x111
 1049 0696 05       		.uleb128 0x5
 1050 0697 03       		.byte	0x3
 1051 0698 00000000 		.4byte	Notice
 1052 069c 00       		.byte	0
 1053              		.section	.debug_abbrev,"",%progbits
 1054              	.Ldebug_abbrev0:
 1055 0000 01       		.uleb128 0x1
 1056 0001 11       		.uleb128 0x11
 1057 0002 01       		.byte	0x1
 1058 0003 25       		.uleb128 0x25
 1059 0004 0E       		.uleb128 0xe
 1060 0005 13       		.uleb128 0x13
 1061 0006 0B       		.uleb128 0xb
 1062 0007 03       		.uleb128 0x3
 1063 0008 0E       		.uleb128 0xe
 1064 0009 1B       		.uleb128 0x1b
 1065 000a 0E       		.uleb128 0xe
 1066 000b 55       		.uleb128 0x55
 1067 000c 17       		.uleb128 0x17
 1068 000d 11       		.uleb128 0x11
 1069 000e 01       		.uleb128 0x1
 1070 000f 10       		.uleb128 0x10
 1071 0010 17       		.uleb128 0x17
 1072 0011 00       		.byte	0
 1073 0012 00       		.byte	0
 1074 0013 02       		.uleb128 0x2
 1075 0014 24       		.uleb128 0x24
ARM GAS  C:\Users\r\AppData\Local\Temp\ccWh3uRp.s 			page 22


 1076 0015 00       		.byte	0
 1077 0016 0B       		.uleb128 0xb
 1078 0017 0B       		.uleb128 0xb
 1079 0018 3E       		.uleb128 0x3e
 1080 0019 0B       		.uleb128 0xb
 1081 001a 03       		.uleb128 0x3
 1082 001b 0E       		.uleb128 0xe
 1083 001c 00       		.byte	0
 1084 001d 00       		.byte	0
 1085 001e 03       		.uleb128 0x3
 1086 001f 16       		.uleb128 0x16
 1087 0020 00       		.byte	0
 1088 0021 03       		.uleb128 0x3
 1089 0022 0E       		.uleb128 0xe
 1090 0023 3A       		.uleb128 0x3a
 1091 0024 0B       		.uleb128 0xb
 1092 0025 3B       		.uleb128 0x3b
 1093 0026 0B       		.uleb128 0xb
 1094 0027 49       		.uleb128 0x49
 1095 0028 13       		.uleb128 0x13
 1096 0029 00       		.byte	0
 1097 002a 00       		.byte	0
 1098 002b 04       		.uleb128 0x4
 1099 002c 24       		.uleb128 0x24
 1100 002d 00       		.byte	0
 1101 002e 0B       		.uleb128 0xb
 1102 002f 0B       		.uleb128 0xb
 1103 0030 3E       		.uleb128 0x3e
 1104 0031 0B       		.uleb128 0xb
 1105 0032 03       		.uleb128 0x3
 1106 0033 08       		.uleb128 0x8
 1107 0034 00       		.byte	0
 1108 0035 00       		.byte	0
 1109 0036 05       		.uleb128 0x5
 1110 0037 16       		.uleb128 0x16
 1111 0038 00       		.byte	0
 1112 0039 03       		.uleb128 0x3
 1113 003a 0E       		.uleb128 0xe
 1114 003b 3A       		.uleb128 0x3a
 1115 003c 0B       		.uleb128 0xb
 1116 003d 3B       		.uleb128 0x3b
 1117 003e 05       		.uleb128 0x5
 1118 003f 49       		.uleb128 0x49
 1119 0040 13       		.uleb128 0x13
 1120 0041 00       		.byte	0
 1121 0042 00       		.byte	0
 1122 0043 06       		.uleb128 0x6
 1123 0044 0F       		.uleb128 0xf
 1124 0045 00       		.byte	0
 1125 0046 0B       		.uleb128 0xb
 1126 0047 0B       		.uleb128 0xb
 1127 0048 49       		.uleb128 0x49
 1128 0049 13       		.uleb128 0x13
 1129 004a 00       		.byte	0
 1130 004b 00       		.byte	0
 1131 004c 07       		.uleb128 0x7
 1132 004d 15       		.uleb128 0x15
ARM GAS  C:\Users\r\AppData\Local\Temp\ccWh3uRp.s 			page 23


 1133 004e 00       		.byte	0
 1134 004f 27       		.uleb128 0x27
 1135 0050 19       		.uleb128 0x19
 1136 0051 00       		.byte	0
 1137 0052 00       		.byte	0
 1138 0053 08       		.uleb128 0x8
 1139 0054 26       		.uleb128 0x26
 1140 0055 00       		.byte	0
 1141 0056 49       		.uleb128 0x49
 1142 0057 13       		.uleb128 0x13
 1143 0058 00       		.byte	0
 1144 0059 00       		.byte	0
 1145 005a 09       		.uleb128 0x9
 1146 005b 01       		.uleb128 0x1
 1147 005c 01       		.byte	0x1
 1148 005d 49       		.uleb128 0x49
 1149 005e 13       		.uleb128 0x13
 1150 005f 01       		.uleb128 0x1
 1151 0060 13       		.uleb128 0x13
 1152 0061 00       		.byte	0
 1153 0062 00       		.byte	0
 1154 0063 0A       		.uleb128 0xa
 1155 0064 21       		.uleb128 0x21
 1156 0065 00       		.byte	0
 1157 0066 49       		.uleb128 0x49
 1158 0067 13       		.uleb128 0x13
 1159 0068 2F       		.uleb128 0x2f
 1160 0069 0B       		.uleb128 0xb
 1161 006a 00       		.byte	0
 1162 006b 00       		.byte	0
 1163 006c 0B       		.uleb128 0xb
 1164 006d 13       		.uleb128 0x13
 1165 006e 01       		.byte	0x1
 1166 006f 0B       		.uleb128 0xb
 1167 0070 05       		.uleb128 0x5
 1168 0071 3A       		.uleb128 0x3a
 1169 0072 0B       		.uleb128 0xb
 1170 0073 3B       		.uleb128 0x3b
 1171 0074 0B       		.uleb128 0xb
 1172 0075 01       		.uleb128 0x1
 1173 0076 13       		.uleb128 0x13
 1174 0077 00       		.byte	0
 1175 0078 00       		.byte	0
 1176 0079 0C       		.uleb128 0xc
 1177 007a 0D       		.uleb128 0xd
 1178 007b 00       		.byte	0
 1179 007c 03       		.uleb128 0x3
 1180 007d 0E       		.uleb128 0xe
 1181 007e 3A       		.uleb128 0x3a
 1182 007f 0B       		.uleb128 0xb
 1183 0080 3B       		.uleb128 0x3b
 1184 0081 0B       		.uleb128 0xb
 1185 0082 49       		.uleb128 0x49
 1186 0083 13       		.uleb128 0x13
 1187 0084 38       		.uleb128 0x38
 1188 0085 0B       		.uleb128 0xb
 1189 0086 00       		.byte	0
ARM GAS  C:\Users\r\AppData\Local\Temp\ccWh3uRp.s 			page 24


 1190 0087 00       		.byte	0
 1191 0088 0D       		.uleb128 0xd
 1192 0089 0D       		.uleb128 0xd
 1193 008a 00       		.byte	0
 1194 008b 03       		.uleb128 0x3
 1195 008c 0E       		.uleb128 0xe
 1196 008d 3A       		.uleb128 0x3a
 1197 008e 0B       		.uleb128 0xb
 1198 008f 3B       		.uleb128 0x3b
 1199 0090 0B       		.uleb128 0xb
 1200 0091 49       		.uleb128 0x49
 1201 0092 13       		.uleb128 0x13
 1202 0093 38       		.uleb128 0x38
 1203 0094 05       		.uleb128 0x5
 1204 0095 00       		.byte	0
 1205 0096 00       		.byte	0
 1206 0097 0E       		.uleb128 0xe
 1207 0098 0D       		.uleb128 0xd
 1208 0099 00       		.byte	0
 1209 009a 03       		.uleb128 0x3
 1210 009b 08       		.uleb128 0x8
 1211 009c 3A       		.uleb128 0x3a
 1212 009d 0B       		.uleb128 0xb
 1213 009e 3B       		.uleb128 0x3b
 1214 009f 0B       		.uleb128 0xb
 1215 00a0 49       		.uleb128 0x49
 1216 00a1 13       		.uleb128 0x13
 1217 00a2 38       		.uleb128 0x38
 1218 00a3 05       		.uleb128 0x5
 1219 00a4 00       		.byte	0
 1220 00a5 00       		.byte	0
 1221 00a6 0F       		.uleb128 0xf
 1222 00a7 21       		.uleb128 0x21
 1223 00a8 00       		.byte	0
 1224 00a9 49       		.uleb128 0x49
 1225 00aa 13       		.uleb128 0x13
 1226 00ab 2F       		.uleb128 0x2f
 1227 00ac 05       		.uleb128 0x5
 1228 00ad 00       		.byte	0
 1229 00ae 00       		.byte	0
 1230 00af 10       		.uleb128 0x10
 1231 00b0 13       		.uleb128 0x13
 1232 00b1 01       		.byte	0x1
 1233 00b2 0B       		.uleb128 0xb
 1234 00b3 0B       		.uleb128 0xb
 1235 00b4 3A       		.uleb128 0x3a
 1236 00b5 0B       		.uleb128 0xb
 1237 00b6 3B       		.uleb128 0x3b
 1238 00b7 0B       		.uleb128 0xb
 1239 00b8 01       		.uleb128 0x1
 1240 00b9 13       		.uleb128 0x13
 1241 00ba 00       		.byte	0
 1242 00bb 00       		.byte	0
 1243 00bc 11       		.uleb128 0x11
 1244 00bd 0D       		.uleb128 0xd
 1245 00be 00       		.byte	0
 1246 00bf 03       		.uleb128 0x3
ARM GAS  C:\Users\r\AppData\Local\Temp\ccWh3uRp.s 			page 25


 1247 00c0 08       		.uleb128 0x8
 1248 00c1 3A       		.uleb128 0x3a
 1249 00c2 0B       		.uleb128 0xb
 1250 00c3 3B       		.uleb128 0x3b
 1251 00c4 0B       		.uleb128 0xb
 1252 00c5 49       		.uleb128 0x49
 1253 00c6 13       		.uleb128 0x13
 1254 00c7 38       		.uleb128 0x38
 1255 00c8 0B       		.uleb128 0xb
 1256 00c9 00       		.byte	0
 1257 00ca 00       		.byte	0
 1258 00cb 12       		.uleb128 0x12
 1259 00cc 04       		.uleb128 0x4
 1260 00cd 01       		.byte	0x1
 1261 00ce 0B       		.uleb128 0xb
 1262 00cf 0B       		.uleb128 0xb
 1263 00d0 49       		.uleb128 0x49
 1264 00d1 13       		.uleb128 0x13
 1265 00d2 3A       		.uleb128 0x3a
 1266 00d3 0B       		.uleb128 0xb
 1267 00d4 3B       		.uleb128 0x3b
 1268 00d5 0B       		.uleb128 0xb
 1269 00d6 01       		.uleb128 0x1
 1270 00d7 13       		.uleb128 0x13
 1271 00d8 00       		.byte	0
 1272 00d9 00       		.byte	0
 1273 00da 13       		.uleb128 0x13
 1274 00db 28       		.uleb128 0x28
 1275 00dc 00       		.byte	0
 1276 00dd 03       		.uleb128 0x3
 1277 00de 0E       		.uleb128 0xe
 1278 00df 1C       		.uleb128 0x1c
 1279 00e0 0B       		.uleb128 0xb
 1280 00e1 00       		.byte	0
 1281 00e2 00       		.byte	0
 1282 00e3 14       		.uleb128 0x14
 1283 00e4 28       		.uleb128 0x28
 1284 00e5 00       		.byte	0
 1285 00e6 03       		.uleb128 0x3
 1286 00e7 0E       		.uleb128 0xe
 1287 00e8 1C       		.uleb128 0x1c
 1288 00e9 0D       		.uleb128 0xd
 1289 00ea 00       		.byte	0
 1290 00eb 00       		.byte	0
 1291 00ec 15       		.uleb128 0x15
 1292 00ed 35       		.uleb128 0x35
 1293 00ee 00       		.byte	0
 1294 00ef 49       		.uleb128 0x49
 1295 00f0 13       		.uleb128 0x13
 1296 00f1 00       		.byte	0
 1297 00f2 00       		.byte	0
 1298 00f3 16       		.uleb128 0x16
 1299 00f4 04       		.uleb128 0x4
 1300 00f5 01       		.byte	0x1
 1301 00f6 03       		.uleb128 0x3
 1302 00f7 0E       		.uleb128 0xe
 1303 00f8 0B       		.uleb128 0xb
ARM GAS  C:\Users\r\AppData\Local\Temp\ccWh3uRp.s 			page 26


 1304 00f9 0B       		.uleb128 0xb
 1305 00fa 49       		.uleb128 0x49
 1306 00fb 13       		.uleb128 0x13
 1307 00fc 3A       		.uleb128 0x3a
 1308 00fd 0B       		.uleb128 0xb
 1309 00fe 3B       		.uleb128 0x3b
 1310 00ff 0B       		.uleb128 0xb
 1311 0100 01       		.uleb128 0x1
 1312 0101 13       		.uleb128 0x13
 1313 0102 00       		.byte	0
 1314 0103 00       		.byte	0
 1315 0104 17       		.uleb128 0x17
 1316 0105 2E       		.uleb128 0x2e
 1317 0106 01       		.byte	0x1
 1318 0107 3F       		.uleb128 0x3f
 1319 0108 19       		.uleb128 0x19
 1320 0109 03       		.uleb128 0x3
 1321 010a 0E       		.uleb128 0xe
 1322 010b 3A       		.uleb128 0x3a
 1323 010c 0B       		.uleb128 0xb
 1324 010d 3B       		.uleb128 0x3b
 1325 010e 0B       		.uleb128 0xb
 1326 010f 49       		.uleb128 0x49
 1327 0110 13       		.uleb128 0x13
 1328 0111 11       		.uleb128 0x11
 1329 0112 01       		.uleb128 0x1
 1330 0113 12       		.uleb128 0x12
 1331 0114 06       		.uleb128 0x6
 1332 0115 40       		.uleb128 0x40
 1333 0116 18       		.uleb128 0x18
 1334 0117 9642     		.uleb128 0x2116
 1335 0119 19       		.uleb128 0x19
 1336 011a 01       		.uleb128 0x1
 1337 011b 13       		.uleb128 0x13
 1338 011c 00       		.byte	0
 1339 011d 00       		.byte	0
 1340 011e 18       		.uleb128 0x18
 1341 011f 34       		.uleb128 0x34
 1342 0120 00       		.byte	0
 1343 0121 03       		.uleb128 0x3
 1344 0122 0E       		.uleb128 0xe
 1345 0123 3A       		.uleb128 0x3a
 1346 0124 0B       		.uleb128 0xb
 1347 0125 3B       		.uleb128 0x3b
 1348 0126 0B       		.uleb128 0xb
 1349 0127 49       		.uleb128 0x49
 1350 0128 13       		.uleb128 0x13
 1351 0129 02       		.uleb128 0x2
 1352 012a 18       		.uleb128 0x18
 1353 012b 00       		.byte	0
 1354 012c 00       		.byte	0
 1355 012d 19       		.uleb128 0x19
 1356 012e 0B       		.uleb128 0xb
 1357 012f 01       		.byte	0x1
 1358 0130 11       		.uleb128 0x11
 1359 0131 01       		.uleb128 0x1
 1360 0132 12       		.uleb128 0x12
ARM GAS  C:\Users\r\AppData\Local\Temp\ccWh3uRp.s 			page 27


 1361 0133 06       		.uleb128 0x6
 1362 0134 01       		.uleb128 0x1
 1363 0135 13       		.uleb128 0x13
 1364 0136 00       		.byte	0
 1365 0137 00       		.byte	0
 1366 0138 1A       		.uleb128 0x1a
 1367 0139 34       		.uleb128 0x34
 1368 013a 00       		.byte	0
 1369 013b 03       		.uleb128 0x3
 1370 013c 08       		.uleb128 0x8
 1371 013d 3A       		.uleb128 0x3a
 1372 013e 0B       		.uleb128 0xb
 1373 013f 3B       		.uleb128 0x3b
 1374 0140 0B       		.uleb128 0xb
 1375 0141 49       		.uleb128 0x49
 1376 0142 13       		.uleb128 0x13
 1377 0143 02       		.uleb128 0x2
 1378 0144 18       		.uleb128 0x18
 1379 0145 00       		.byte	0
 1380 0146 00       		.byte	0
 1381 0147 1B       		.uleb128 0x1b
 1382 0148 0B       		.uleb128 0xb
 1383 0149 01       		.byte	0x1
 1384 014a 11       		.uleb128 0x11
 1385 014b 01       		.uleb128 0x1
 1386 014c 12       		.uleb128 0x12
 1387 014d 06       		.uleb128 0x6
 1388 014e 00       		.byte	0
 1389 014f 00       		.byte	0
 1390 0150 1C       		.uleb128 0x1c
 1391 0151 34       		.uleb128 0x34
 1392 0152 00       		.byte	0
 1393 0153 03       		.uleb128 0x3
 1394 0154 0E       		.uleb128 0xe
 1395 0155 3A       		.uleb128 0x3a
 1396 0156 0B       		.uleb128 0xb
 1397 0157 3B       		.uleb128 0x3b
 1398 0158 05       		.uleb128 0x5
 1399 0159 49       		.uleb128 0x49
 1400 015a 13       		.uleb128 0x13
 1401 015b 3F       		.uleb128 0x3f
 1402 015c 19       		.uleb128 0x19
 1403 015d 3C       		.uleb128 0x3c
 1404 015e 19       		.uleb128 0x19
 1405 015f 00       		.byte	0
 1406 0160 00       		.byte	0
 1407 0161 1D       		.uleb128 0x1d
 1408 0162 34       		.uleb128 0x34
 1409 0163 00       		.byte	0
 1410 0164 03       		.uleb128 0x3
 1411 0165 0E       		.uleb128 0xe
 1412 0166 3A       		.uleb128 0x3a
 1413 0167 0B       		.uleb128 0xb
 1414 0168 3B       		.uleb128 0x3b
 1415 0169 0B       		.uleb128 0xb
 1416 016a 49       		.uleb128 0x49
 1417 016b 13       		.uleb128 0x13
ARM GAS  C:\Users\r\AppData\Local\Temp\ccWh3uRp.s 			page 28


 1418 016c 3F       		.uleb128 0x3f
 1419 016d 19       		.uleb128 0x19
 1420 016e 3C       		.uleb128 0x3c
 1421 016f 19       		.uleb128 0x19
 1422 0170 00       		.byte	0
 1423 0171 00       		.byte	0
 1424 0172 1E       		.uleb128 0x1e
 1425 0173 34       		.uleb128 0x34
 1426 0174 00       		.byte	0
 1427 0175 03       		.uleb128 0x3
 1428 0176 0E       		.uleb128 0xe
 1429 0177 3A       		.uleb128 0x3a
 1430 0178 0B       		.uleb128 0xb
 1431 0179 3B       		.uleb128 0x3b
 1432 017a 0B       		.uleb128 0xb
 1433 017b 49       		.uleb128 0x49
 1434 017c 13       		.uleb128 0x13
 1435 017d 3F       		.uleb128 0x3f
 1436 017e 19       		.uleb128 0x19
 1437 017f 02       		.uleb128 0x2
 1438 0180 18       		.uleb128 0x18
 1439 0181 00       		.byte	0
 1440 0182 00       		.byte	0
 1441 0183 00       		.byte	0
 1442              		.section	.debug_aranges,"",%progbits
 1443 0000 1C000000 		.4byte	0x1c
 1444 0004 0200     		.2byte	0x2
 1445 0006 00000000 		.4byte	.Ldebug_info0
 1446 000a 04       		.byte	0x4
 1447 000b 00       		.byte	0
 1448 000c 0000     		.2byte	0
 1449 000e 0000     		.2byte	0
 1450 0010 00000000 		.4byte	.LFB64
 1451 0014 24010000 		.4byte	.LFE64-.LFB64
 1452 0018 00000000 		.4byte	0
 1453 001c 00000000 		.4byte	0
 1454              		.section	.debug_ranges,"",%progbits
 1455              	.Ldebug_ranges0:
 1456 0000 00000000 		.4byte	.LFB64
 1457 0004 24010000 		.4byte	.LFE64
 1458 0008 00000000 		.4byte	0
 1459 000c 00000000 		.4byte	0
 1460              		.section	.debug_line,"",%progbits
 1461              	.Ldebug_line0:
 1462 0000 F4010000 		.section	.debug_str,"MS",%progbits,1
 1462      02009D01 
 1462      00000201 
 1462      FB0E0D00 
 1462      01010101 
 1463              	.LASF98:
 1464 0000 6D736743 		.ascii	"msgCount\000"
 1464      6F756E74 
 1464      00
 1465              	.LASF18:
 1466 0009 75696E74 		.ascii	"uint16\000"
 1466      313600
 1467              	.LASF77:
ARM GAS  C:\Users\r\AppData\Local\Temp\ccWh3uRp.s 			page 29


 1468 0010 61746E46 		.ascii	"atnFlag\000"
 1468      6C616700 
 1469              	.LASF47:
 1470 0018 666C6167 		.ascii	"flags6\000"
 1470      733600
 1471              	.LASF53:
 1472 001f 5F5F7363 		.ascii	"__scsiphase_cd\000"
 1472      73697068 
 1472      6173655F 
 1472      636400
 1473              	.LASF3:
 1474 002e 5F5F7569 		.ascii	"__uint8_t\000"
 1474      6E74385F 
 1474      7400
 1475              	.LASF36:
 1476 0038 72657669 		.ascii	"revision\000"
 1476      73696F6E 
 1476      00
 1477              	.LASF46:
 1478 0041 73656C65 		.ascii	"selectionDelay\000"
 1478      6374696F 
 1478      6E44656C 
 1478      617900
 1479              	.LASF115:
 1480 0050 474E5520 		.ascii	"GNU C11 5.4.1 20160609 (release) [ARM/embedded-5-br"
 1480      43313120 
 1480      352E342E 
 1480      31203230 
 1480      31363036 
 1481 0083 616E6368 		.ascii	"anch revision 237715] -mcpu=cortex-m3 -mthumb -g -O"
 1481      20726576 
 1481      6973696F 
 1481      6E203233 
 1481      37373135 
 1482 00b6 30202D66 		.ascii	"0 -ffunction-sections -ffat-lto-objects\000"
 1482      66756E63 
 1482      74696F6E 
 1482      2D736563 
 1482      74696F6E 
 1483              	.LASF32:
 1484 00de 73656374 		.ascii	"sectorsPerTrack\000"
 1484      6F727350 
 1484      65725472 
 1484      61636B00 
 1485              	.LASF70:
 1486 00ee 756E6974 		.ascii	"unitAttention\000"
 1486      41747465 
 1486      6E74696F 
 1486      6E00
 1487              	.LASF11:
 1488 00fc 6C6F6E67 		.ascii	"long long unsigned int\000"
 1488      206C6F6E 
 1488      6720756E 
 1488      7369676E 
 1488      65642069 
 1489              	.LASF114:
 1490 0113 4E6F7469 		.ascii	"Notice\000"
ARM GAS  C:\Users\r\AppData\Local\Temp\ccWh3uRp.s 			page 30


 1490      636500
 1491              	.LASF112:
 1492 011a 49544D5F 		.ascii	"ITM_RxBuffer\000"
 1492      52784275 
 1492      66666572 
 1492      00
 1493              	.LASF63:
 1494 0127 44415441 		.ascii	"DATA_OUT\000"
 1494      5F4F5554 
 1494      00
 1495              	.LASF10:
 1496 0130 6C6F6E67 		.ascii	"long long int\000"
 1496      206C6F6E 
 1496      6720696E 
 1496      7400
 1497              	.LASF0:
 1498 013e 7369676E 		.ascii	"signed char\000"
 1498      65642063 
 1498      68617200 
 1499              	.LASF81:
 1500 014a 73656C44 		.ascii	"selDBX\000"
 1500      425800
 1501              	.LASF55:
 1502 0151 4255535F 		.ascii	"BUS_FREE\000"
 1502      46524545 
 1502      00
 1503              	.LASF111:
 1504 015a 696E7465 		.ascii	"interruptState\000"
 1504      72727570 
 1504      74537461 
 1504      746500
 1505              	.LASF102:
 1506 0169 6C617374 		.ascii	"lastSenseASC\000"
 1506      53656E73 
 1506      65415343 
 1506      00
 1507              	.LASF110:
 1508 0176 6C617374 		.ascii	"lastSDPoll\000"
 1508      5344506F 
 1508      6C6C00
 1509              	.LASF82:
 1510 0181 70686173 		.ascii	"phase\000"
 1510      6500
 1511              	.LASF7:
 1512 0187 6C6F6E67 		.ascii	"long int\000"
 1512      20696E74 
 1512      00
 1513              	.LASF50:
 1514 0190 636F6465 		.ascii	"code\000"
 1514      00
 1515              	.LASF40:
 1516 0195 6D6F6465 		.ascii	"modePages\000"
 1516      50616765 
 1516      7300
 1517              	.LASF14:
 1518 019f 75696E74 		.ascii	"uint16_t\000"
 1518      31365F74 
ARM GAS  C:\Users\r\AppData\Local\Temp\ccWh3uRp.s 			page 31


 1518      00
 1519              	.LASF21:
 1520 01a8 646F7562 		.ascii	"double\000"
 1520      6C6500
 1521              	.LASF72:
 1522 01af 72657365 		.ascii	"reserverId\000"
 1522      72766572 
 1522      496400
 1523              	.LASF62:
 1524 01ba 44415441 		.ascii	"DATA_IN\000"
 1524      5F494E00 
 1525              	.LASF61:
 1526 01c2 434F4D4D 		.ascii	"COMMAND\000"
 1526      414E4400 
 1527              	.LASF27:
 1528 01ca 666C6167 		.ascii	"flagsDEPRECATED\000"
 1528      73444550 
 1528      52454341 
 1528      54454400 
 1529              	.LASF8:
 1530 01da 5F5F7569 		.ascii	"__uint32_t\000"
 1530      6E743332 
 1530      5F7400
 1531              	.LASF97:
 1532 01e5 72737443 		.ascii	"rstCount\000"
 1532      6F756E74 
 1532      00
 1533              	.LASF86:
 1534 01ee 64617461 		.ascii	"dataLen\000"
 1534      4C656E00 
 1535              	.LASF116:
 1536 01f6 2E2E5C2E 		.ascii	"..\\..\\src\\main_cy8c52.c\000"
 1536      2E5C7372 
 1536      635C6D61 
 1536      696E5F63 
 1536      79386335 
 1537              	.LASF118:
 1538 020e 46696C74 		.ascii	"FilteredInputs\000"
 1538      65726564 
 1538      496E7075 
 1538      747300
 1539              	.LASF12:
 1540 021d 756E7369 		.ascii	"unsigned int\000"
 1540      676E6564 
 1540      20696E74 
 1540      00
 1541              	.LASF45:
 1542 022a 73746172 		.ascii	"startupDelay\000"
 1542      74757044 
 1542      656C6179 
 1542      00
 1543              	.LASF76:
 1544 0237 626F6172 		.ascii	"boardCfg\000"
 1544      64436667 
 1544      00
 1545              	.LASF9:
 1546 0240 6C6F6E67 		.ascii	"long unsigned int\000"
ARM GAS  C:\Users\r\AppData\Local\Temp\ccWh3uRp.s 			page 32


 1546      20756E73 
 1546      69676E65 
 1546      6420696E 
 1546      7400
 1547              	.LASF89:
 1548 0252 636F6D70 		.ascii	"compatMode\000"
 1548      61744D6F 
 1548      646500
 1549              	.LASF69:
 1550 025d 73656E73 		.ascii	"sense\000"
 1550      6500
 1551              	.LASF87:
 1552 0263 6364624C 		.ascii	"cdbLen\000"
 1552      656E00
 1553              	.LASF25:
 1554 026a 73637369 		.ascii	"scsiId\000"
 1554      496400
 1555              	.LASF74:
 1556 0271 74617267 		.ascii	"targets\000"
 1556      65747300 
 1557              	.LASF83:
 1558 0279 64617461 		.ascii	"data\000"
 1558      00
 1559              	.LASF96:
 1560 027e 73656C43 		.ascii	"selCount\000"
 1560      6F756E74 
 1560      00
 1561              	.LASF5:
 1562 0287 73686F72 		.ascii	"short unsigned int\000"
 1562      7420756E 
 1562      7369676E 
 1562      65642069 
 1562      6E7400
 1563              	.LASF19:
 1564 029a 696E7438 		.ascii	"int8\000"
 1564      00
 1565              	.LASF33:
 1566 029f 68656164 		.ascii	"headsPerCylinder\000"
 1566      73506572 
 1566      43796C69 
 1566      6E646572 
 1566      00
 1567              	.LASF38:
 1568 02b0 71756972 		.ascii	"quirks\000"
 1568      6B7300
 1569              	.LASF75:
 1570 02b7 74617267 		.ascii	"target\000"
 1570      657400
 1571              	.LASF103:
 1572 02be 53637369 		.ascii	"ScsiDevice\000"
 1572      44657669 
 1572      636500
 1573              	.LASF90:
 1574 02c9 696E6974 		.ascii	"initiatorId\000"
 1574      6961746F 
 1574      72496400 
 1575              	.LASF35:
ARM GAS  C:\Users\r\AppData\Local\Temp\ccWh3uRp.s 			page 33


 1576 02d5 70726F64 		.ascii	"prodId\000"
 1576      496400
 1577              	.LASF41:
 1578 02dc 756E7573 		.ascii	"unused\000"
 1578      656400
 1579              	.LASF92:
 1580 02e3 6D736749 		.ascii	"msgIn\000"
 1580      6E00
 1581              	.LASF24:
 1582 02e9 73697A65 		.ascii	"sizetype\000"
 1582      74797065 
 1582      00
 1583              	.LASF99:
 1584 02f2 77617463 		.ascii	"watchdogTick\000"
 1584      68646F67 
 1584      5469636B 
 1584      00
 1585              	.LASF30:
 1586 02ff 73637369 		.ascii	"scsiSectors\000"
 1586      53656374 
 1586      6F727300 
 1587              	.LASF113:
 1588 030b 73637369 		.ascii	"scsiDev\000"
 1588      44657600 
 1589              	.LASF17:
 1590 0313 75696E74 		.ascii	"uint8\000"
 1590      3800
 1591              	.LASF51:
 1592 0319 53637369 		.ascii	"ScsiSense\000"
 1592      53656E73 
 1592      6500
 1593              	.LASF84:
 1594 0323 64617461 		.ascii	"dataPtr\000"
 1594      50747200 
 1595              	.LASF39:
 1596 032b 72657365 		.ascii	"reserved\000"
 1596      72766564 
 1596      00
 1597              	.LASF109:
 1598 0334 64656C61 		.ascii	"delaySeconds\000"
 1598      79536563 
 1598      6F6E6473 
 1598      00
 1599              	.LASF68:
 1600 0341 6C697665 		.ascii	"liveCfg\000"
 1600      43666700 
 1601              	.LASF105:
 1602 0349 53435349 		.ascii	"SCSI_Filt_BSY\000"
 1602      5F46696C 
 1602      745F4253 
 1602      5900
 1603              	.LASF20:
 1604 0357 666C6F61 		.ascii	"float\000"
 1604      7400
 1605              	.LASF108:
 1606 035d 53435349 		.ascii	"SCSI_Filt_ACK\000"
 1606      5F46696C 
ARM GAS  C:\Users\r\AppData\Local\Temp\ccWh3uRp.s 			page 34


 1606      745F4143 
 1606      4B00
 1607              	.LASF15:
 1608 036b 696E7433 		.ascii	"int32_t\000"
 1608      325F7400 
 1609              	.LASF1:
 1610 0373 756E7369 		.ascii	"unsigned char\000"
 1610      676E6564 
 1610      20636861 
 1610      7200
 1611              	.LASF106:
 1612 0381 53435349 		.ascii	"SCSI_Filt_SEL\000"
 1612      5F46696C 
 1612      745F5345 
 1612      4C00
 1613              	.LASF26:
 1614 038f 64657669 		.ascii	"deviceType\000"
 1614      63655479 
 1614      706500
 1615              	.LASF73:
 1616 039a 54617267 		.ascii	"TargetState\000"
 1616      65745374 
 1616      61746500 
 1617              	.LASF95:
 1618 03a6 636D6443 		.ascii	"cmdCount\000"
 1618      6F756E74 
 1618      00
 1619              	.LASF2:
 1620 03af 73686F72 		.ascii	"short int\000"
 1620      7420696E 
 1620      7400
 1621              	.LASF43:
 1622 03b9 6D616769 		.ascii	"magic\000"
 1622      6300
 1623              	.LASF29:
 1624 03bf 73645365 		.ascii	"sdSectorStart\000"
 1624      63746F72 
 1624      53746172 
 1624      7400
 1625              	.LASF57:
 1626 03cd 41524249 		.ascii	"ARBITRATION\000"
 1626      54524154 
 1626      494F4E00 
 1627              	.LASF117:
 1628 03d9 433A5C55 		.ascii	"C:\\Users\\r\\Documents\\Data Sheets\\apple\\SCSI2S"
 1628      73657273 
 1628      5C725C44 
 1628      6F63756D 
 1628      656E7473 
 1629 0406 445C5343 		.ascii	"D\\SCSI2SD_Copy_01.cydsn\000"
 1629      53493253 
 1629      445F436F 
 1629      70795F30 
 1629      312E6379 
 1630              	.LASF107:
 1631 041e 53435349 		.ascii	"SCSI_Filt_RST\000"
 1631      5F46696C 
ARM GAS  C:\Users\r\AppData\Local\Temp\ccWh3uRp.s 			page 35


 1631      745F5253 
 1631      5400
 1632              	.LASF79:
 1633 042c 73656C46 		.ascii	"selFlag\000"
 1633      6C616700 
 1634              	.LASF65:
 1635 0434 4D455353 		.ascii	"MESSAGE_OUT\000"
 1635      4147455F 
 1635      4F555400 
 1636              	.LASF58:
 1637 0440 53454C45 		.ascii	"SELECTION\000"
 1637      4354494F 
 1637      4E00
 1638              	.LASF16:
 1639 044a 75696E74 		.ascii	"uint32_t\000"
 1639      33325F74 
 1639      00
 1640              	.LASF52:
 1641 0453 5F5F7363 		.ascii	"__scsiphase_msg\000"
 1641      73697068 
 1641      6173655F 
 1641      6D736700 
 1642              	.LASF31:
 1643 0463 62797465 		.ascii	"bytesPerSector\000"
 1643      73506572 
 1643      53656374 
 1643      6F7200
 1644              	.LASF23:
 1645 0472 6C6F6E67 		.ascii	"long double\000"
 1645      20646F75 
 1645      626C6500 
 1646              	.LASF22:
 1647 047e 63686172 		.ascii	"char\000"
 1647      00
 1648              	.LASF42:
 1649 0483 54617267 		.ascii	"TargetConfig\000"
 1649      6574436F 
 1649      6E666967 
 1649      00
 1650              	.LASF71:
 1651 0490 72657365 		.ascii	"reservedId\000"
 1651      72766564 
 1651      496400
 1652              	.LASF4:
 1653 049b 5F5F7569 		.ascii	"__uint16_t\000"
 1653      6E743136 
 1653      5F7400
 1654              	.LASF66:
 1655 04a6 4C697665 		.ascii	"LiveCfg\000"
 1655      43666700 
 1656              	.LASF85:
 1657 04ae 73617665 		.ascii	"savedDataPtr\000"
 1657      64446174 
 1657      61507472 
 1657      00
 1658              	.LASF34:
 1659 04bb 76656E64 		.ascii	"vendor\000"
ARM GAS  C:\Users\r\AppData\Local\Temp\ccWh3uRp.s 			page 36


 1659      6F7200
 1660              	.LASF100:
 1661 04c2 6C617374 		.ascii	"lastStatus\000"
 1661      53746174 
 1661      757300
 1662              	.LASF6:
 1663 04cd 5F5F696E 		.ascii	"__int32_t\000"
 1663      7433325F 
 1663      7400
 1664              	.LASF54:
 1665 04d7 5F5F7363 		.ascii	"__scsiphase_io\000"
 1665      73697068 
 1665      6173655F 
 1665      696F00
 1666              	.LASF28:
 1667 04e6 64657669 		.ascii	"deviceTypeModifier\000"
 1667      63655479 
 1667      70654D6F 
 1667      64696669 
 1667      657200
 1668              	.LASF59:
 1669 04f9 52455345 		.ascii	"RESELECTION\000"
 1669      4C454354 
 1669      494F4E00 
 1670              	.LASF49:
 1671 0505 426F6172 		.ascii	"BoardConfig\000"
 1671      64436F6E 
 1671      66696700 
 1672              	.LASF60:
 1673 0511 53544154 		.ascii	"STATUS\000"
 1673      555300
 1674              	.LASF67:
 1675 0518 74617267 		.ascii	"targetId\000"
 1675      65744964 
 1675      00
 1676              	.LASF91:
 1677 0521 73746174 		.ascii	"status\000"
 1677      757300
 1678              	.LASF104:
 1679 0528 53435349 		.ascii	"SCSI_Filt_ATN\000"
 1679      5F46696C 
 1679      745F4154 
 1679      4E00
 1680              	.LASF48:
 1681 0536 73637369 		.ascii	"scsiSpeed\000"
 1681      53706565 
 1681      6400
 1682              	.LASF94:
 1683 0540 706F7374 		.ascii	"postDataOutHook\000"
 1683      44617461 
 1683      4F757448 
 1683      6F6F6B00 
 1684              	.LASF13:
 1685 0550 75696E74 		.ascii	"uint8_t\000"
 1685      385F7400 
 1686              	.LASF44:
 1687 0558 666C6167 		.ascii	"flags\000"
ARM GAS  C:\Users\r\AppData\Local\Temp\ccWh3uRp.s 			page 37


 1687      7300
 1688              	.LASF37:
 1689 055e 73657269 		.ascii	"serial\000"
 1689      616C00
 1690              	.LASF78:
 1691 0565 72657365 		.ascii	"resetFlag\000"
 1691      74466C61 
 1691      6700
 1692              	.LASF56:
 1693 056f 4255535F 		.ascii	"BUS_BUSY\000"
 1693      42555359 
 1693      00
 1694              	.LASF93:
 1695 0578 6D73674F 		.ascii	"msgOut\000"
 1695      757400
 1696              	.LASF88:
 1697 057f 64697363 		.ascii	"discPriv\000"
 1697      50726976 
 1697      00
 1698              	.LASF80:
 1699 0588 70617269 		.ascii	"parityError\000"
 1699      74794572 
 1699      726F7200 
 1700              	.LASF119:
 1701 0594 6D61696E 		.ascii	"main\000"
 1701      00
 1702              	.LASF101:
 1703 0599 6C617374 		.ascii	"lastSense\000"
 1703      53656E73 
 1703      6500
 1704              	.LASF64:
 1705 05a3 4D455353 		.ascii	"MESSAGE_IN\000"
 1705      4147455F 
 1705      494E00
 1706              		.ident	"GCC: (GNU Tools for ARM Embedded Processors) 5.4.1 20160609 (release) [ARM/embedded-5-bran
