ARM GAS  C:\Users\r\AppData\Local\Temp\ccpI9fuv.s 			page 1


   1              		.syntax unified
   2              		.cpu cortex-m3
   3              		.fpu softvfp
   4              		.eabi_attribute 20, 1
   5              		.eabi_attribute 21, 1
   6              		.eabi_attribute 23, 3
   7              		.eabi_attribute 24, 1
   8              		.eabi_attribute 25, 1
   9              		.eabi_attribute 26, 1
  10              		.eabi_attribute 30, 6
  11              		.eabi_attribute 34, 1
  12              		.eabi_attribute 18, 4
  13              		.thumb
  14              		.syntax unified
  15              		.file	"main_cy8c52sound.c"
  16              		.text
  17              	.Ltext0:
  18              		.cfi_sections	.debug_frame
  19              		.global	Notice
  20              		.section	.rodata
  21              		.align	2
  22              	.LC0:
  23 0000 436F7079 		.ascii	"Copyright (C) 2015-2018 Michael McMaster <michael@c"
  23      72696768 
  23      74202843 
  23      29203230 
  23      31352D32 
  24 0033 6F646573 		.ascii	"odesrc.com>\000"
  24      72632E63 
  24      6F6D3E00 
  25              		.data
  26              		.align	2
  27              		.type	Notice, %object
  28              		.size	Notice, 4
  29              	Notice:
  30 0000 00000000 		.word	.LC0
  31              		.section	.text.soundInit,"ax",%progbits
  32              		.align	2
  33              		.global	soundInit
  34              		.thumb
  35              		.thumb_func
  36              		.type	soundInit, %function
  37              	soundInit:
  38              	.LFB64:
  39              		.file 1 "..\\..\\src\\main_cy8c52sound.c"
   1:..\..\src/main_cy8c52sound.c **** //	Copyright (C) 2014 Michael McMaster <michael@codesrc.com>
   2:..\..\src/main_cy8c52sound.c **** //
   3:..\..\src/main_cy8c52sound.c **** //	This file is part of SCSI2SD.
   4:..\..\src/main_cy8c52sound.c **** //
   5:..\..\src/main_cy8c52sound.c **** //	SCSI2SD is free software: you can redistribute it and/or modify
   6:..\..\src/main_cy8c52sound.c **** //	it under the terms of the GNU General Public License as published by
   7:..\..\src/main_cy8c52sound.c **** //	the Free Software Foundation, either version 3 of the License, or
   8:..\..\src/main_cy8c52sound.c **** //	(at your option) any later version.
   9:..\..\src/main_cy8c52sound.c **** //
  10:..\..\src/main_cy8c52sound.c **** //	SCSI2SD is distributed in the hope that it will be useful,
  11:..\..\src/main_cy8c52sound.c **** //	but WITHOUT ANY WARRANTY; without even the implied warranty of
  12:..\..\src/main_cy8c52sound.c **** //	MERCHANTABILITY or FITNESS FOR A PARTICULAR PURPOSE.  See the
ARM GAS  C:\Users\r\AppData\Local\Temp\ccpI9fuv.s 			page 2


  13:..\..\src/main_cy8c52sound.c **** //	GNU General Public License for more details.
  14:..\..\src/main_cy8c52sound.c **** //
  15:..\..\src/main_cy8c52sound.c **** //	You should have received a copy of the GNU General Public License
  16:..\..\src/main_cy8c52sound.c **** //	along with SCSI2SD.  If not, see <http://www.gnu.org/licenses/>.
  17:..\..\src/main_cy8c52sound.c **** 
  18:..\..\src/main_cy8c52sound.c **** #include "device.h"
  19:..\..\src/main_cy8c52sound.c **** #include "scsi.h"
  20:..\..\src/main_cy8c52sound.c **** #include "scsiPhy.h"
  21:..\..\src/main_cy8c52sound.c **** #include "config.h"
  22:..\..\src/main_cy8c52sound.c **** #include "disk.h"
  23:..\..\src/main_cy8c52sound.c **** #include "led.h"
  24:..\..\src/main_cy8c52sound.c **** #include "SOUND_ISR.h"
  25:..\..\src/main_cy8c52sound.c **** #include "time.h"
  26:..\..\src/main_cy8c52sound.c **** #include "trace.h"
  27:..\..\src/main_cy8c52sound.c **** #include "VDAC8_1.h"
  28:..\..\src/main_cy8c52sound.c **** 
  29:..\..\src/main_cy8c52sound.c **** const char* Notice = "Copyright (C) 2015-2018 Michael McMaster <michael@codesrc.com>";
  30:..\..\src/main_cy8c52sound.c ****     
  31:..\..\src/main_cy8c52sound.c ****  void soundInit()
  32:..\..\src/main_cy8c52sound.c ****  {  
  40              		.loc 1 32 0
  41              		.cfi_startproc
  42              		@ args = 0, pretend = 0, frame = 0
  43              		@ frame_needed = 1, uses_anonymous_args = 0
  44 0000 80B5     		push	{r7, lr}
  45              		.cfi_def_cfa_offset 8
  46              		.cfi_offset 7, -8
  47              		.cfi_offset 14, -4
  48 0002 00AF     		add	r7, sp, #0
  49              		.cfi_def_cfa_register 7
  33:..\..\src/main_cy8c52sound.c ****   // Opamp_1_Start(); // RM Opamp not present in CY8C52
  34:..\..\src/main_cy8c52sound.c ****     VDAC8_1_Start(); // RM start VDAC
  50              		.loc 1 34 0
  51 0004 FFF7FEFF 		bl	VDAC8_1_Start
  35:..\..\src/main_cy8c52sound.c ****     LPF_1_Start(); // RM start LPF
  52              		.loc 1 35 0
  53 0008 FFF7FEFF 		bl	LPF_1_Start
  36:..\..\src/main_cy8c52sound.c ****   //    PGA_1_Start(); // RM PGA not present in CY8C52
  37:..\..\src/main_cy8c52sound.c ****     SOUND_ISR_Start(); // RM start sound
  54              		.loc 1 37 0
  55 000c FFF7FEFF 		bl	SOUND_ISR_Start
  38:..\..\src/main_cy8c52sound.c ****  }
  56              		.loc 1 38 0
  57 0010 00BF     		nop
  58 0012 80BD     		pop	{r7, pc}
  59              		.cfi_endproc
  60              	.LFE64:
  61              		.size	soundInit, .-soundInit
  62              		.section	.text.main,"ax",%progbits
  63              		.align	2
  64              		.global	main
  65              		.thumb
  66              		.thumb_func
  67              		.type	main, %function
  68              	main:
  69              	.LFB65:
  39:..\..\src/main_cy8c52sound.c **** 
ARM GAS  C:\Users\r\AppData\Local\Temp\ccpI9fuv.s 			page 3


  40:..\..\src/main_cy8c52sound.c **** int main()
  41:..\..\src/main_cy8c52sound.c **** {
  70              		.loc 1 41 0
  71              		.cfi_startproc
  72              		@ args = 0, pretend = 0, frame = 16
  73              		@ frame_needed = 1, uses_anonymous_args = 0
  74 0000 80B5     		push	{r7, lr}
  75              		.cfi_def_cfa_offset 8
  76              		.cfi_offset 7, -8
  77              		.cfi_offset 14, -4
  78 0002 84B0     		sub	sp, sp, #16
  79              		.cfi_def_cfa_offset 24
  80 0004 00AF     		add	r7, sp, #0
  81              		.cfi_def_cfa_register 7
  42:..\..\src/main_cy8c52sound.c **** 	timeInit();
  82              		.loc 1 42 0
  83 0006 FFF7FEFF 		bl	timeInit
  43:..\..\src/main_cy8c52sound.c **** 	ledInit();
  84              		.loc 1 43 0
  85 000a FFF7FEFF 		bl	ledInit
  44:..\..\src/main_cy8c52sound.c ****     soundInit(); // RM
  86              		.loc 1 44 0
  87 000e FFF7FEFF 		bl	soundInit
  45:..\..\src/main_cy8c52sound.c **** 	traceInit();
  88              		.loc 1 45 0
  89 0012 FFF7FEFF 		bl	traceInit
  46:..\..\src/main_cy8c52sound.c **** 
  47:..\..\src/main_cy8c52sound.c **** 	// Enable global interrupts.
  48:..\..\src/main_cy8c52sound.c **** 	// Needed for RST and ATN interrupt handlers.
  49:..\..\src/main_cy8c52sound.c **** 	CyGlobalIntEnable;
  90              		.loc 1 49 0
  91              		.syntax unified
  92              	@ 49 "..\..\src\main_cy8c52sound.c" 1
  93 0016 62B6     		CPSIE   i
  94              	@ 0 "" 2
  50:..\..\src/main_cy8c52sound.c **** 
  51:..\..\src/main_cy8c52sound.c **** 	// Set interrupt handlers.
  52:..\..\src/main_cy8c52sound.c **** 	scsiPhyInit();
  95              		.loc 1 52 0
  96              		.thumb
  97              		.syntax unified
  98 0018 FFF7FEFF 		bl	scsiPhyInit
  53:..\..\src/main_cy8c52sound.c **** 
  54:..\..\src/main_cy8c52sound.c **** 	configInit(&scsiDev.boardCfg);
  99              		.loc 1 54 0
 100 001c 4348     		ldr	r0, .L13
 101 001e FFF7FEFF 		bl	configInit
  55:..\..\src/main_cy8c52sound.c **** 	debugInit();
 102              		.loc 1 55 0
 103 0022 FFF7FEFF 		bl	debugInit
  56:..\..\src/main_cy8c52sound.c ****     scsiPhyConfig();
 104              		.loc 1 56 0
 105 0026 FFF7FEFF 		bl	scsiPhyConfig
  57:..\..\src/main_cy8c52sound.c **** 	scsiInit();
 106              		.loc 1 57 0
 107 002a FFF7FEFF 		bl	scsiInit
  58:..\..\src/main_cy8c52sound.c **** 	scsiDiskInit();
ARM GAS  C:\Users\r\AppData\Local\Temp\ccpI9fuv.s 			page 4


 108              		.loc 1 58 0
 109 002e FFF7FEFF 		bl	scsiDiskInit
  59:..\..\src/main_cy8c52sound.c **** 
  60:..\..\src/main_cy8c52sound.c **** 	// Optional bootup delay
  61:..\..\src/main_cy8c52sound.c **** 	int delaySeconds = 0;
 110              		.loc 1 61 0
 111 0032 0023     		movs	r3, #0
 112 0034 FB60     		str	r3, [r7, #12]
  62:..\..\src/main_cy8c52sound.c **** 	while (delaySeconds < scsiDev.boardCfg.startupDelay) {
 113              		.loc 1 62 0
 114 0036 1CE0     		b	.L3
 115              	.L6:
 116              	.LBB2:
  63:..\..\src/main_cy8c52sound.c **** 		// Keep the USB connection working, otherwise it's very hard to revert
  64:..\..\src/main_cy8c52sound.c **** 		// silly extra-long startup delay settings.
  65:..\..\src/main_cy8c52sound.c **** 		int i;
  66:..\..\src/main_cy8c52sound.c **** 		for (i = 0; i < 200; i++) {
 117              		.loc 1 66 0
 118 0038 0023     		movs	r3, #0
 119 003a BB60     		str	r3, [r7, #8]
 120 003c 13E0     		b	.L4
 121              	.L5:
  67:..\..\src/main_cy8c52sound.c **** 			CyDelay(5);
 122              		.loc 1 67 0 discriminator 3
 123 003e 0520     		movs	r0, #5
 124 0040 FFF7FEFF 		bl	CyDelay
  68:..\..\src/main_cy8c52sound.c **** 			scsiDev.watchdogTick++;
 125              		.loc 1 68 0 discriminator 3
 126 0044 3A4B     		ldr	r3, .L13+4
 127 0046 03F58343 		add	r3, r3, #16768
 128 004a 2833     		adds	r3, r3, #40
 129 004c 1B78     		ldrb	r3, [r3]	@ zero_extendqisi2
 130 004e 0133     		adds	r3, r3, #1
 131 0050 DAB2     		uxtb	r2, r3
 132 0052 374B     		ldr	r3, .L13+4
 133 0054 03F58343 		add	r3, r3, #16768
 134 0058 2833     		adds	r3, r3, #40
 135 005a 1A70     		strb	r2, [r3]
  69:..\..\src/main_cy8c52sound.c **** 			configPoll();
 136              		.loc 1 69 0 discriminator 3
 137 005c FFF7FEFF 		bl	configPoll
  66:..\..\src/main_cy8c52sound.c **** 			CyDelay(5);
 138              		.loc 1 66 0 discriminator 3
 139 0060 BB68     		ldr	r3, [r7, #8]
 140 0062 0133     		adds	r3, r3, #1
 141 0064 BB60     		str	r3, [r7, #8]
 142              	.L4:
  66:..\..\src/main_cy8c52sound.c **** 			CyDelay(5);
 143              		.loc 1 66 0 is_stmt 0 discriminator 1
 144 0066 BB68     		ldr	r3, [r7, #8]
 145 0068 C72B     		cmp	r3, #199
 146 006a E8DD     		ble	.L5
  70:..\..\src/main_cy8c52sound.c **** 		}
  71:..\..\src/main_cy8c52sound.c **** 		++delaySeconds;
 147              		.loc 1 71 0 is_stmt 1
 148 006c FB68     		ldr	r3, [r7, #12]
 149 006e 0133     		adds	r3, r3, #1
ARM GAS  C:\Users\r\AppData\Local\Temp\ccpI9fuv.s 			page 5


 150 0070 FB60     		str	r3, [r7, #12]
 151              	.L3:
 152              	.LBE2:
  62:..\..\src/main_cy8c52sound.c **** 		// Keep the USB connection working, otherwise it's very hard to revert
 153              		.loc 1 62 0
 154 0072 2F4B     		ldr	r3, .L13+4
 155 0074 93F86930 		ldrb	r3, [r3, #105]	@ zero_extendqisi2
 156 0078 1A46     		mov	r2, r3
 157 007a FB68     		ldr	r3, [r7, #12]
 158 007c 9A42     		cmp	r2, r3
 159 007e DBDC     		bgt	.L6
  72:..\..\src/main_cy8c52sound.c **** 	}
  73:..\..\src/main_cy8c52sound.c **** 
  74:..\..\src/main_cy8c52sound.c **** 	uint32_t lastSDPoll = getTime_ms();
 160              		.loc 1 74 0
 161 0080 FFF7FEFF 		bl	getTime_ms
 162 0084 7860     		str	r0, [r7, #4]
  75:..\..\src/main_cy8c52sound.c **** 	sdCheckPresent();
 163              		.loc 1 75 0
 164 0086 FFF7FEFF 		bl	sdCheckPresent
 165              	.L12:
  76:..\..\src/main_cy8c52sound.c **** 
  77:..\..\src/main_cy8c52sound.c **** 	while (1)
  78:..\..\src/main_cy8c52sound.c **** 	{
  79:..\..\src/main_cy8c52sound.c **** 		scsiDev.watchdogTick++;
 166              		.loc 1 79 0
 167 008a 294B     		ldr	r3, .L13+4
 168 008c 03F58343 		add	r3, r3, #16768
 169 0090 2833     		adds	r3, r3, #40
 170 0092 1B78     		ldrb	r3, [r3]	@ zero_extendqisi2
 171 0094 0133     		adds	r3, r3, #1
 172 0096 DAB2     		uxtb	r2, r3
 173 0098 254B     		ldr	r3, .L13+4
 174 009a 03F58343 		add	r3, r3, #16768
 175 009e 2833     		adds	r3, r3, #40
 176 00a0 1A70     		strb	r2, [r3]
  80:..\..\src/main_cy8c52sound.c **** 
  81:..\..\src/main_cy8c52sound.c **** 		scsiPoll();
 177              		.loc 1 81 0
 178 00a2 FFF7FEFF 		bl	scsiPoll
  82:..\..\src/main_cy8c52sound.c **** 		scsiDiskPoll();
 179              		.loc 1 82 0
 180 00a6 FFF7FEFF 		bl	scsiDiskPoll
  83:..\..\src/main_cy8c52sound.c **** 		configPoll();
 181              		.loc 1 83 0
 182 00aa FFF7FEFF 		bl	configPoll
  84:..\..\src/main_cy8c52sound.c **** 		sdPoll();
 183              		.loc 1 84 0
 184 00ae FFF7FEFF 		bl	sdPoll
  85:..\..\src/main_cy8c52sound.c **** 
  86:..\..\src/main_cy8c52sound.c **** 		if (unlikely(scsiDev.phase == BUS_FREE))
 185              		.loc 1 86 0
 186 00b2 1F4B     		ldr	r3, .L13+4
 187 00b4 D3F87831 		ldr	r3, [r3, #376]
 188 00b8 B3F1FF3F 		cmp	r3, #-1
 189 00bc 0CBF     		ite	eq
 190 00be 0123     		moveq	r3, #1
ARM GAS  C:\Users\r\AppData\Local\Temp\ccpI9fuv.s 			page 6


 191 00c0 0023     		movne	r3, #0
 192 00c2 DBB2     		uxtb	r3, r3
 193 00c4 002B     		cmp	r3, #0
 194 00c6 21D0     		beq	.L7
  87:..\..\src/main_cy8c52sound.c **** 		{
  88:..\..\src/main_cy8c52sound.c **** 			if (unlikely(elapsedTime_ms(lastSDPoll) > 200))
 195              		.loc 1 88 0
 196 00c8 7868     		ldr	r0, [r7, #4]
 197 00ca FFF7FEFF 		bl	elapsedTime_ms
 198 00ce 0346     		mov	r3, r0
 199 00d0 C82B     		cmp	r3, #200
 200 00d2 8CBF     		ite	hi
 201 00d4 0123     		movhi	r3, #1
 202 00d6 0023     		movls	r3, #0
 203 00d8 DBB2     		uxtb	r3, r3
 204 00da 002B     		cmp	r3, #0
 205 00dc 05D0     		beq	.L8
  89:..\..\src/main_cy8c52sound.c **** 			{
  90:..\..\src/main_cy8c52sound.c **** 				lastSDPoll = getTime_ms();
 206              		.loc 1 90 0
 207 00de FFF7FEFF 		bl	getTime_ms
 208 00e2 7860     		str	r0, [r7, #4]
  91:..\..\src/main_cy8c52sound.c **** 				sdCheckPresent();
 209              		.loc 1 91 0
 210 00e4 FFF7FEFF 		bl	sdCheckPresent
 211 00e8 CFE7     		b	.L12
 212              	.L8:
 213              	.LBB3:
  92:..\..\src/main_cy8c52sound.c **** 			}
  93:..\..\src/main_cy8c52sound.c **** 			else
  94:..\..\src/main_cy8c52sound.c **** 			{
  95:..\..\src/main_cy8c52sound.c **** 				// Wait for our 1ms timer to save some power.
  96:..\..\src/main_cy8c52sound.c **** 				// There's an interrupt on the SEL signal to ensure we respond
  97:..\..\src/main_cy8c52sound.c **** 				// quickly to any SCSI commands. The selection abort time is
  98:..\..\src/main_cy8c52sound.c **** 				// only 250us, and new SCSI-3 controllers time-out very
  99:..\..\src/main_cy8c52sound.c **** 				// not long after that, so we need to ensure we wake up quickly.
 100:..\..\src/main_cy8c52sound.c **** 				uint8_t interruptState = CyEnterCriticalSection();
 214              		.loc 1 100 0
 215 00ea FFF7FEFF 		bl	CyEnterCriticalSection
 216 00ee 0346     		mov	r3, r0
 217 00f0 FB70     		strb	r3, [r7, #3]
 101:..\..\src/main_cy8c52sound.c **** 				if (!SCSI_ReadFilt(SCSI_Filt_SEL))
 218              		.loc 1 101 0
 219 00f2 FFF7FEFF 		bl	SCSI_Filtered_Read
 220 00f6 0346     		mov	r3, r0
 221 00f8 03F00403 		and	r3, r3, #4
 222 00fc 002B     		cmp	r3, #0
 223 00fe 00D0     		beq	.L10
 102:..\..\src/main_cy8c52sound.c **** 				{
 103:..\..\src/main_cy8c52sound.c **** 					__WFI(); // Will wake on interrupt, regardless of mask
 224              		.loc 1 103 0
 225              		.syntax unified
 226              	@ 103 "..\..\src\main_cy8c52sound.c" 1
 227 0100 30BF     		wfi
 228              	@ 0 "" 2
 229              		.thumb
 230              		.syntax unified
ARM GAS  C:\Users\r\AppData\Local\Temp\ccpI9fuv.s 			page 7


 231              	.L10:
 104:..\..\src/main_cy8c52sound.c **** 				}
 105:..\..\src/main_cy8c52sound.c **** 				CyExitCriticalSection(interruptState);
 232              		.loc 1 105 0
 233 0102 FB78     		ldrb	r3, [r7, #3]	@ zero_extendqisi2
 234 0104 1846     		mov	r0, r3
 235 0106 FFF7FEFF 		bl	CyExitCriticalSection
 236 010a BEE7     		b	.L12
 237              	.L7:
 238              	.LBE3:
 106:..\..\src/main_cy8c52sound.c **** 			}
 107:..\..\src/main_cy8c52sound.c **** 		}
 108:..\..\src/main_cy8c52sound.c **** 		else if ((scsiDev.phase >= 0) && (blockDev.state & DISK_PRESENT))
 239              		.loc 1 108 0
 240 010c 084B     		ldr	r3, .L13+4
 241 010e D3F87831 		ldr	r3, [r3, #376]
 242 0112 002B     		cmp	r3, #0
 243 0114 B9DB     		blt	.L12
 244              		.loc 1 108 0 is_stmt 0 discriminator 1
 245 0116 074B     		ldr	r3, .L13+8
 246 0118 1B68     		ldr	r3, [r3]
 247 011a 03F00203 		and	r3, r3, #2
 248 011e 002B     		cmp	r3, #0
 249 0120 B3D0     		beq	.L12
 109:..\..\src/main_cy8c52sound.c **** 		{
 110:..\..\src/main_cy8c52sound.c **** 			// don't waste time scanning SD cards while we're doing disk IO
 111:..\..\src/main_cy8c52sound.c **** 			lastSDPoll = getTime_ms();
 250              		.loc 1 111 0 is_stmt 1
 251 0122 FFF7FEFF 		bl	getTime_ms
 252 0126 7860     		str	r0, [r7, #4]
 112:..\..\src/main_cy8c52sound.c **** 		}
 113:..\..\src/main_cy8c52sound.c **** 	}
 253              		.loc 1 113 0
 254 0128 AFE7     		b	.L12
 255              	.L14:
 256 012a 00BF     		.align	2
 257              	.L13:
 258 012c 64000000 		.word	scsiDev+100
 259 0130 00000000 		.word	scsiDev
 260 0134 00000000 		.word	blockDev
 261              		.cfi_endproc
 262              	.LFE65:
 263              		.size	main, .-main
 264              		.text
 265              	.Letext0:
 266              		.file 2 "c:\\program files (x86)\\cypress\\psoc creator\\4.2\\psoc creator\\import\\gnu\\arm\\5.4.
 267              		.file 3 "c:\\program files (x86)\\cypress\\psoc creator\\4.2\\psoc creator\\import\\gnu\\arm\\5.4.
 268              		.file 4 "Generated_Source\\PSoC5/cytypes.h"
 269              		.file 5 "../../../include/scsi2sd.h"
 270              		.file 6 "..\\..\\src\\sense.h"
 271              		.file 7 "..\\..\\src\\scsi.h"
 272              		.file 8 "..\\..\\src\\disk.h"
 273              		.file 9 "Generated_Source\\PSoC5/core_cm3.h"
 274              		.file 10 "..\\..\\src\\scsiPhy.h"
 275              		.section	.debug_info,"",%progbits
 276              	.Ldebug_info0:
 277 0000 FA060000 		.4byte	0x6fa
ARM GAS  C:\Users\r\AppData\Local\Temp\ccpI9fuv.s 			page 8


 278 0004 0400     		.2byte	0x4
 279 0006 00000000 		.4byte	.Ldebug_abbrev0
 280 000a 04       		.byte	0x4
 281 000b 01       		.uleb128 0x1
 282 000c 50000000 		.4byte	.LASF122
 283 0010 0C       		.byte	0xc
 284 0011 D9050000 		.4byte	.LASF123
 285 0015 F8030000 		.4byte	.LASF124
 286 0019 00000000 		.4byte	.Ldebug_ranges0+0
 287 001d 00000000 		.4byte	0
 288 0021 00000000 		.4byte	.Ldebug_line0
 289 0025 02       		.uleb128 0x2
 290 0026 01       		.byte	0x1
 291 0027 06       		.byte	0x6
 292 0028 3E010000 		.4byte	.LASF0
 293 002c 03       		.uleb128 0x3
 294 002d 2E000000 		.4byte	.LASF3
 295 0031 02       		.byte	0x2
 296 0032 1D       		.byte	0x1d
 297 0033 37000000 		.4byte	0x37
 298 0037 02       		.uleb128 0x2
 299 0038 01       		.byte	0x1
 300 0039 08       		.byte	0x8
 301 003a 7C030000 		.4byte	.LASF1
 302 003e 02       		.uleb128 0x2
 303 003f 02       		.byte	0x2
 304 0040 05       		.byte	0x5
 305 0041 B8030000 		.4byte	.LASF2
 306 0045 03       		.uleb128 0x3
 307 0046 D5040000 		.4byte	.LASF4
 308 004a 02       		.byte	0x2
 309 004b 2B       		.byte	0x2b
 310 004c 50000000 		.4byte	0x50
 311 0050 02       		.uleb128 0x2
 312 0051 02       		.byte	0x2
 313 0052 07       		.byte	0x7
 314 0053 84020000 		.4byte	.LASF5
 315 0057 03       		.uleb128 0x3
 316 0058 07050000 		.4byte	.LASF6
 317 005c 02       		.byte	0x2
 318 005d 3F       		.byte	0x3f
 319 005e 62000000 		.4byte	0x62
 320 0062 02       		.uleb128 0x2
 321 0063 04       		.byte	0x4
 322 0064 05       		.byte	0x5
 323 0065 87010000 		.4byte	.LASF7
 324 0069 03       		.uleb128 0x3
 325 006a EF010000 		.4byte	.LASF8
 326 006e 02       		.byte	0x2
 327 006f 41       		.byte	0x41
 328 0070 74000000 		.4byte	0x74
 329 0074 02       		.uleb128 0x2
 330 0075 04       		.byte	0x4
 331 0076 07       		.byte	0x7
 332 0077 3D020000 		.4byte	.LASF9
 333 007b 02       		.uleb128 0x2
 334 007c 08       		.byte	0x8
ARM GAS  C:\Users\r\AppData\Local\Temp\ccpI9fuv.s 			page 9


 335 007d 05       		.byte	0x5
 336 007e 30010000 		.4byte	.LASF10
 337 0082 02       		.uleb128 0x2
 338 0083 08       		.byte	0x8
 339 0084 07       		.byte	0x7
 340 0085 FC000000 		.4byte	.LASF11
 341 0089 04       		.uleb128 0x4
 342 008a 04       		.byte	0x4
 343 008b 05       		.byte	0x5
 344 008c 696E7400 		.ascii	"int\000"
 345 0090 02       		.uleb128 0x2
 346 0091 04       		.byte	0x4
 347 0092 07       		.byte	0x7
 348 0093 1A020000 		.4byte	.LASF12
 349 0097 03       		.uleb128 0x3
 350 0098 90050000 		.4byte	.LASF13
 351 009c 03       		.byte	0x3
 352 009d 18       		.byte	0x18
 353 009e 2C000000 		.4byte	0x2c
 354 00a2 03       		.uleb128 0x3
 355 00a3 A7010000 		.4byte	.LASF14
 356 00a7 03       		.byte	0x3
 357 00a8 24       		.byte	0x24
 358 00a9 45000000 		.4byte	0x45
 359 00ad 03       		.uleb128 0x3
 360 00ae 74030000 		.4byte	.LASF15
 361 00b2 03       		.byte	0x3
 362 00b3 2C       		.byte	0x2c
 363 00b4 57000000 		.4byte	0x57
 364 00b8 03       		.uleb128 0x3
 365 00b9 84040000 		.4byte	.LASF16
 366 00bd 03       		.byte	0x3
 367 00be 30       		.byte	0x30
 368 00bf 69000000 		.4byte	0x69
 369 00c3 05       		.uleb128 0x5
 370 00c4 1C030000 		.4byte	.LASF17
 371 00c8 04       		.byte	0x4
 372 00c9 E401     		.2byte	0x1e4
 373 00cb 37000000 		.4byte	0x37
 374 00cf 05       		.uleb128 0x5
 375 00d0 09000000 		.4byte	.LASF18
 376 00d4 04       		.byte	0x4
 377 00d5 E501     		.2byte	0x1e5
 378 00d7 50000000 		.4byte	0x50
 379 00db 05       		.uleb128 0x5
 380 00dc A3020000 		.4byte	.LASF19
 381 00e0 04       		.byte	0x4
 382 00e1 E701     		.2byte	0x1e7
 383 00e3 25000000 		.4byte	0x25
 384 00e7 02       		.uleb128 0x2
 385 00e8 04       		.byte	0x4
 386 00e9 04       		.byte	0x4
 387 00ea 60030000 		.4byte	.LASF20
 388 00ee 02       		.uleb128 0x2
 389 00ef 08       		.byte	0x8
 390 00f0 04       		.byte	0x4
 391 00f1 B0010000 		.4byte	.LASF21
ARM GAS  C:\Users\r\AppData\Local\Temp\ccpI9fuv.s 			page 10


 392 00f5 02       		.uleb128 0x2
 393 00f6 01       		.byte	0x1
 394 00f7 08       		.byte	0x8
 395 00f8 B8040000 		.4byte	.LASF22
 396 00fc 06       		.uleb128 0x6
 397 00fd 04       		.byte	0x4
 398 00fe 02010000 		.4byte	0x102
 399 0102 07       		.uleb128 0x7
 400 0103 02       		.uleb128 0x2
 401 0104 08       		.byte	0x8
 402 0105 04       		.byte	0x4
 403 0106 AC040000 		.4byte	.LASF23
 404 010a 02       		.uleb128 0x2
 405 010b 04       		.byte	0x4
 406 010c 07       		.byte	0x7
 407 010d F2020000 		.4byte	.LASF24
 408 0111 06       		.uleb128 0x6
 409 0112 04       		.byte	0x4
 410 0113 17010000 		.4byte	0x117
 411 0117 08       		.uleb128 0x8
 412 0118 F5000000 		.4byte	0xf5
 413 011c 09       		.uleb128 0x9
 414 011d F5000000 		.4byte	0xf5
 415 0121 2C010000 		.4byte	0x12c
 416 0125 0A       		.uleb128 0xa
 417 0126 0A010000 		.4byte	0x10a
 418 012a 07       		.byte	0x7
 419 012b 00       		.byte	0
 420 012c 0B       		.uleb128 0xb
 421 012d 0010     		.2byte	0x1000
 422 012f 05       		.byte	0x5
 423 0130 98       		.byte	0x98
 424 0131 11020000 		.4byte	0x211
 425 0135 0C       		.uleb128 0xc
 426 0136 67020000 		.4byte	.LASF25
 427 013a 05       		.byte	0x5
 428 013b 9C       		.byte	0x9c
 429 013c 97000000 		.4byte	0x97
 430 0140 00       		.byte	0
 431 0141 0C       		.uleb128 0xc
 432 0142 98030000 		.4byte	.LASF26
 433 0146 05       		.byte	0x5
 434 0147 9E       		.byte	0x9e
 435 0148 97000000 		.4byte	0x97
 436 014c 01       		.byte	0x1
 437 014d 0C       		.uleb128 0xc
 438 014e D2010000 		.4byte	.LASF27
 439 0152 05       		.byte	0x5
 440 0153 9F       		.byte	0x9f
 441 0154 97000000 		.4byte	0x97
 442 0158 02       		.byte	0x2
 443 0159 0C       		.uleb128 0xc
 444 015a 27050000 		.4byte	.LASF28
 445 015e 05       		.byte	0x5
 446 015f A0       		.byte	0xa0
 447 0160 97000000 		.4byte	0x97
 448 0164 03       		.byte	0x3
ARM GAS  C:\Users\r\AppData\Local\Temp\ccpI9fuv.s 			page 11


 449 0165 0C       		.uleb128 0xc
 450 0166 DE030000 		.4byte	.LASF29
 451 016a 05       		.byte	0x5
 452 016b A2       		.byte	0xa2
 453 016c B8000000 		.4byte	0xb8
 454 0170 04       		.byte	0x4
 455 0171 0C       		.uleb128 0xc
 456 0172 08030000 		.4byte	.LASF30
 457 0176 05       		.byte	0x5
 458 0177 A3       		.byte	0xa3
 459 0178 B8000000 		.4byte	0xb8
 460 017c 08       		.byte	0x8
 461 017d 0C       		.uleb128 0xc
 462 017e 9D040000 		.4byte	.LASF31
 463 0182 05       		.byte	0x5
 464 0183 A5       		.byte	0xa5
 465 0184 A2000000 		.4byte	0xa2
 466 0188 0C       		.byte	0xc
 467 0189 0C       		.uleb128 0xc
 468 018a DE000000 		.4byte	.LASF32
 469 018e 05       		.byte	0x5
 470 018f A8       		.byte	0xa8
 471 0190 A2000000 		.4byte	0xa2
 472 0194 0E       		.byte	0xe
 473 0195 0C       		.uleb128 0xc
 474 0196 A8020000 		.4byte	.LASF33
 475 019a 05       		.byte	0x5
 476 019b AB       		.byte	0xab
 477 019c A2000000 		.4byte	0xa2
 478 01a0 10       		.byte	0x10
 479 01a1 0C       		.uleb128 0xc
 480 01a2 F5040000 		.4byte	.LASF34
 481 01a6 05       		.byte	0x5
 482 01a7 AE       		.byte	0xae
 483 01a8 1C010000 		.4byte	0x11c
 484 01ac 12       		.byte	0x12
 485 01ad 0C       		.uleb128 0xc
 486 01ae DE020000 		.4byte	.LASF35
 487 01b2 05       		.byte	0x5
 488 01b3 AF       		.byte	0xaf
 489 01b4 11020000 		.4byte	0x211
 490 01b8 1A       		.byte	0x1a
 491 01b9 0C       		.uleb128 0xc
 492 01ba 38000000 		.4byte	.LASF36
 493 01be 05       		.byte	0x5
 494 01bf B0       		.byte	0xb0
 495 01c0 21020000 		.4byte	0x221
 496 01c4 2A       		.byte	0x2a
 497 01c5 0C       		.uleb128 0xc
 498 01c6 9E050000 		.4byte	.LASF37
 499 01ca 05       		.byte	0x5
 500 01cb B1       		.byte	0xb1
 501 01cc 11020000 		.4byte	0x211
 502 01d0 2E       		.byte	0x2e
 503 01d1 0C       		.uleb128 0xc
 504 01d2 B9020000 		.4byte	.LASF38
 505 01d6 05       		.byte	0x5
ARM GAS  C:\Users\r\AppData\Local\Temp\ccpI9fuv.s 			page 12


 506 01d7 B3       		.byte	0xb3
 507 01d8 A2000000 		.4byte	0xa2
 508 01dc 3E       		.byte	0x3e
 509 01dd 0C       		.uleb128 0xc
 510 01de 34030000 		.4byte	.LASF39
 511 01e2 05       		.byte	0x5
 512 01e3 B5       		.byte	0xb5
 513 01e4 31020000 		.4byte	0x231
 514 01e8 40       		.byte	0x40
 515 01e9 0D       		.uleb128 0xd
 516 01ea 9D010000 		.4byte	.LASF40
 517 01ee 05       		.byte	0x5
 518 01ef B7       		.byte	0xb7
 519 01f0 42020000 		.4byte	0x242
 520 01f4 0004     		.2byte	0x400
 521 01f6 0E       		.uleb128 0xe
 522 01f7 76706400 		.ascii	"vpd\000"
 523 01fb 05       		.byte	0x5
 524 01fc B8       		.byte	0xb8
 525 01fd 42020000 		.4byte	0x242
 526 0201 0008     		.2byte	0x800
 527 0203 0D       		.uleb128 0xd
 528 0204 E5020000 		.4byte	.LASF41
 529 0208 05       		.byte	0x5
 530 0209 B9       		.byte	0xb9
 531 020a 42020000 		.4byte	0x242
 532 020e 000C     		.2byte	0xc00
 533 0210 00       		.byte	0
 534 0211 09       		.uleb128 0x9
 535 0212 F5000000 		.4byte	0xf5
 536 0216 21020000 		.4byte	0x221
 537 021a 0A       		.uleb128 0xa
 538 021b 0A010000 		.4byte	0x10a
 539 021f 0F       		.byte	0xf
 540 0220 00       		.byte	0
 541 0221 09       		.uleb128 0x9
 542 0222 F5000000 		.4byte	0xf5
 543 0226 31020000 		.4byte	0x231
 544 022a 0A       		.uleb128 0xa
 545 022b 0A010000 		.4byte	0x10a
 546 022f 03       		.byte	0x3
 547 0230 00       		.byte	0
 548 0231 09       		.uleb128 0x9
 549 0232 97000000 		.4byte	0x97
 550 0236 42020000 		.4byte	0x242
 551 023a 0F       		.uleb128 0xf
 552 023b 0A010000 		.4byte	0x10a
 553 023f BF03     		.2byte	0x3bf
 554 0241 00       		.byte	0
 555 0242 09       		.uleb128 0x9
 556 0243 97000000 		.4byte	0x97
 557 0247 53020000 		.4byte	0x253
 558 024b 0F       		.uleb128 0xf
 559 024c 0A010000 		.4byte	0x10a
 560 0250 FF03     		.2byte	0x3ff
 561 0252 00       		.byte	0
 562 0253 03       		.uleb128 0x3
ARM GAS  C:\Users\r\AppData\Local\Temp\ccpI9fuv.s 			page 13


 563 0254 BD040000 		.4byte	.LASF42
 564 0258 05       		.byte	0x5
 565 0259 BA       		.byte	0xba
 566 025a 2C010000 		.4byte	0x12c
 567 025e 0B       		.uleb128 0xb
 568 025f 0001     		.2byte	0x100
 569 0261 05       		.byte	0x5
 570 0262 BC       		.byte	0xbc
 571 0263 BC020000 		.4byte	0x2bc
 572 0267 0C       		.uleb128 0xc
 573 0268 C2030000 		.4byte	.LASF43
 574 026c 05       		.byte	0x5
 575 026d BE       		.byte	0xbe
 576 026e 21020000 		.4byte	0x221
 577 0272 00       		.byte	0
 578 0273 0C       		.uleb128 0xc
 579 0274 98050000 		.4byte	.LASF44
 580 0278 05       		.byte	0x5
 581 0279 BF       		.byte	0xbf
 582 027a 97000000 		.4byte	0x97
 583 027e 04       		.byte	0x4
 584 027f 0C       		.uleb128 0xc
 585 0280 27020000 		.4byte	.LASF45
 586 0284 05       		.byte	0x5
 587 0285 C0       		.byte	0xc0
 588 0286 97000000 		.4byte	0x97
 589 028a 05       		.byte	0x5
 590 028b 0C       		.uleb128 0xc
 591 028c 41000000 		.4byte	.LASF46
 592 0290 05       		.byte	0x5
 593 0291 C1       		.byte	0xc1
 594 0292 97000000 		.4byte	0x97
 595 0296 06       		.byte	0x6
 596 0297 0C       		.uleb128 0xc
 597 0298 18000000 		.4byte	.LASF47
 598 029c 05       		.byte	0x5
 599 029d C2       		.byte	0xc2
 600 029e 97000000 		.4byte	0x97
 601 02a2 07       		.byte	0x7
 602 02a3 0C       		.uleb128 0xc
 603 02a4 76050000 		.4byte	.LASF48
 604 02a8 05       		.byte	0x5
 605 02a9 C4       		.byte	0xc4
 606 02aa 97000000 		.4byte	0x97
 607 02ae 08       		.byte	0x8
 608 02af 0C       		.uleb128 0xc
 609 02b0 34030000 		.4byte	.LASF39
 610 02b4 05       		.byte	0x5
 611 02b5 C7       		.byte	0xc7
 612 02b6 BC020000 		.4byte	0x2bc
 613 02ba 09       		.byte	0x9
 614 02bb 00       		.byte	0
 615 02bc 09       		.uleb128 0x9
 616 02bd 97000000 		.4byte	0x97
 617 02c1 CC020000 		.4byte	0x2cc
 618 02c5 0A       		.uleb128 0xa
 619 02c6 0A010000 		.4byte	0x10a
ARM GAS  C:\Users\r\AppData\Local\Temp\ccpI9fuv.s 			page 14


 620 02ca F6       		.byte	0xf6
 621 02cb 00       		.byte	0
 622 02cc 03       		.uleb128 0x3
 623 02cd 46050000 		.4byte	.LASF49
 624 02d1 05       		.byte	0x5
 625 02d2 C8       		.byte	0xc8
 626 02d3 5E020000 		.4byte	0x25e
 627 02d7 10       		.uleb128 0x10
 628 02d8 04       		.byte	0x4
 629 02d9 06       		.byte	0x6
 630 02da AA       		.byte	0xaa
 631 02db F8020000 		.4byte	0x2f8
 632 02df 0C       		.uleb128 0xc
 633 02e0 98010000 		.4byte	.LASF50
 634 02e4 06       		.byte	0x6
 635 02e5 AC       		.byte	0xac
 636 02e6 C3000000 		.4byte	0xc3
 637 02ea 00       		.byte	0
 638 02eb 11       		.uleb128 0x11
 639 02ec 61736300 		.ascii	"asc\000"
 640 02f0 06       		.byte	0x6
 641 02f1 AD       		.byte	0xad
 642 02f2 CF000000 		.4byte	0xcf
 643 02f6 02       		.byte	0x2
 644 02f7 00       		.byte	0
 645 02f8 03       		.uleb128 0x3
 646 02f9 22030000 		.4byte	.LASF51
 647 02fd 06       		.byte	0x6
 648 02fe AE       		.byte	0xae
 649 02ff D7020000 		.4byte	0x2d7
 650 0303 12       		.uleb128 0x12
 651 0304 01       		.byte	0x1
 652 0305 25000000 		.4byte	0x25
 653 0309 07       		.byte	0x7
 654 030a 18       		.byte	0x18
 655 030b 64030000 		.4byte	0x364
 656 030f 13       		.uleb128 0x13
 657 0310 8D040000 		.4byte	.LASF52
 658 0314 01       		.byte	0x1
 659 0315 13       		.uleb128 0x13
 660 0316 1F000000 		.4byte	.LASF53
 661 031a 02       		.byte	0x2
 662 031b 13       		.uleb128 0x13
 663 031c 18050000 		.4byte	.LASF54
 664 0320 04       		.byte	0x4
 665 0321 14       		.uleb128 0x14
 666 0322 51010000 		.4byte	.LASF55
 667 0326 7F       		.sleb128 -1
 668 0327 14       		.uleb128 0x14
 669 0328 AF050000 		.4byte	.LASF56
 670 032c 7E       		.sleb128 -2
 671 032d 14       		.uleb128 0x14
 672 032e EC030000 		.4byte	.LASF57
 673 0332 7D       		.sleb128 -3
 674 0333 14       		.uleb128 0x14
 675 0334 7A040000 		.4byte	.LASF58
 676 0338 7C       		.sleb128 -4
ARM GAS  C:\Users\r\AppData\Local\Temp\ccpI9fuv.s 			page 15


 677 0339 14       		.uleb128 0x14
 678 033a 3A050000 		.4byte	.LASF59
 679 033e 7B       		.sleb128 -5
 680 033f 13       		.uleb128 0x13
 681 0340 11050000 		.4byte	.LASF60
 682 0344 06       		.byte	0x6
 683 0345 13       		.uleb128 0x13
 684 0346 CA010000 		.4byte	.LASF61
 685 034a 02       		.byte	0x2
 686 034b 13       		.uleb128 0x13
 687 034c C2010000 		.4byte	.LASF62
 688 0350 04       		.byte	0x4
 689 0351 13       		.uleb128 0x13
 690 0352 27010000 		.4byte	.LASF63
 691 0356 00       		.byte	0
 692 0357 13       		.uleb128 0x13
 693 0358 00060000 		.4byte	.LASF64
 694 035c 07       		.byte	0x7
 695 035d 13       		.uleb128 0x13
 696 035e 6E040000 		.4byte	.LASF65
 697 0362 03       		.byte	0x3
 698 0363 00       		.byte	0
 699 0364 10       		.uleb128 0x10
 700 0365 02       		.byte	0x2
 701 0366 07       		.byte	0x7
 702 0367 4E       		.byte	0x4e
 703 0368 79030000 		.4byte	0x379
 704 036c 0C       		.uleb128 0xc
 705 036d 9D040000 		.4byte	.LASF31
 706 0371 07       		.byte	0x7
 707 0372 50       		.byte	0x50
 708 0373 A2000000 		.4byte	0xa2
 709 0377 00       		.byte	0
 710 0378 00       		.byte	0
 711 0379 03       		.uleb128 0x3
 712 037a E0040000 		.4byte	.LASF66
 713 037e 07       		.byte	0x7
 714 037f 51       		.byte	0x51
 715 0380 64030000 		.4byte	0x364
 716 0384 10       		.uleb128 0x10
 717 0385 18       		.byte	0x18
 718 0386 07       		.byte	0x7
 719 0387 53       		.byte	0x53
 720 0388 E1030000 		.4byte	0x3e1
 721 038c 0C       		.uleb128 0xc
 722 038d 58050000 		.4byte	.LASF67
 723 0391 07       		.byte	0x7
 724 0392 55       		.byte	0x55
 725 0393 97000000 		.4byte	0x97
 726 0397 00       		.byte	0
 727 0398 11       		.uleb128 0x11
 728 0399 63666700 		.ascii	"cfg\000"
 729 039d 07       		.byte	0x7
 730 039e 57       		.byte	0x57
 731 039f E1030000 		.4byte	0x3e1
 732 03a3 04       		.byte	0x4
 733 03a4 0C       		.uleb128 0xc
ARM GAS  C:\Users\r\AppData\Local\Temp\ccpI9fuv.s 			page 16


 734 03a5 4A030000 		.4byte	.LASF68
 735 03a9 07       		.byte	0x7
 736 03aa 59       		.byte	0x59
 737 03ab 79030000 		.4byte	0x379
 738 03af 08       		.byte	0x8
 739 03b0 0C       		.uleb128 0xc
 740 03b1 5A020000 		.4byte	.LASF69
 741 03b5 07       		.byte	0x7
 742 03b6 5B       		.byte	0x5b
 743 03b7 F8020000 		.4byte	0x2f8
 744 03bb 0A       		.byte	0xa
 745 03bc 0C       		.uleb128 0xc
 746 03bd EE000000 		.4byte	.LASF70
 747 03c1 07       		.byte	0x7
 748 03c2 5D       		.byte	0x5d
 749 03c3 CF000000 		.4byte	0xcf
 750 03c7 0E       		.byte	0xe
 751 03c8 0C       		.uleb128 0xc
 752 03c9 CA040000 		.4byte	.LASF71
 753 03cd 07       		.byte	0x7
 754 03ce 61       		.byte	0x61
 755 03cf 89000000 		.4byte	0x89
 756 03d3 10       		.byte	0x10
 757 03d4 0C       		.uleb128 0xc
 758 03d5 B7010000 		.4byte	.LASF72
 759 03d9 07       		.byte	0x7
 760 03da 62       		.byte	0x62
 761 03db 89000000 		.4byte	0x89
 762 03df 14       		.byte	0x14
 763 03e0 00       		.byte	0
 764 03e1 06       		.uleb128 0x6
 765 03e2 04       		.byte	0x4
 766 03e3 E7030000 		.4byte	0x3e7
 767 03e7 08       		.uleb128 0x8
 768 03e8 53020000 		.4byte	0x253
 769 03ec 03       		.uleb128 0x3
 770 03ed A3030000 		.4byte	.LASF73
 771 03f1 07       		.byte	0x7
 772 03f2 63       		.byte	0x63
 773 03f3 84030000 		.4byte	0x384
 774 03f7 0B       		.uleb128 0xb
 775 03f8 B041     		.2byte	0x41b0
 776 03fa 07       		.byte	0x7
 777 03fb 65       		.byte	0x65
 778 03fc 91050000 		.4byte	0x591
 779 0400 0C       		.uleb128 0xc
 780 0401 6E020000 		.4byte	.LASF74
 781 0405 07       		.byte	0x7
 782 0406 67       		.byte	0x67
 783 0407 91050000 		.4byte	0x591
 784 040b 00       		.byte	0
 785 040c 0C       		.uleb128 0xc
 786 040d C0020000 		.4byte	.LASF75
 787 0411 07       		.byte	0x7
 788 0412 68       		.byte	0x68
 789 0413 A1050000 		.4byte	0x5a1
 790 0417 60       		.byte	0x60
ARM GAS  C:\Users\r\AppData\Local\Temp\ccpI9fuv.s 			page 17


 791 0418 0C       		.uleb128 0xc
 792 0419 34020000 		.4byte	.LASF76
 793 041d 07       		.byte	0x7
 794 041e 69       		.byte	0x69
 795 041f CC020000 		.4byte	0x2cc
 796 0423 64       		.byte	0x64
 797 0424 0D       		.uleb128 0xd
 798 0425 10000000 		.4byte	.LASF77
 799 0429 07       		.byte	0x7
 800 042a 6E       		.byte	0x6e
 801 042b 89000000 		.4byte	0x89
 802 042f 6401     		.2byte	0x164
 803 0431 0D       		.uleb128 0xd
 804 0432 A5050000 		.4byte	.LASF78
 805 0436 07       		.byte	0x7
 806 0437 71       		.byte	0x71
 807 0438 A7050000 		.4byte	0x5a7
 808 043c 6801     		.2byte	0x168
 809 043e 0D       		.uleb128 0xd
 810 043f 66040000 		.4byte	.LASF79
 811 0443 07       		.byte	0x7
 812 0444 74       		.byte	0x74
 813 0445 A7050000 		.4byte	0x5a7
 814 0449 6C01     		.2byte	0x16c
 815 044b 0D       		.uleb128 0xd
 816 044c C8050000 		.4byte	.LASF80
 817 0450 07       		.byte	0x7
 818 0451 77       		.byte	0x77
 819 0452 89000000 		.4byte	0x89
 820 0456 7001     		.2byte	0x170
 821 0458 0D       		.uleb128 0xd
 822 0459 4A010000 		.4byte	.LASF81
 823 045d 07       		.byte	0x7
 824 045e 79       		.byte	0x79
 825 045f A7050000 		.4byte	0x5a7
 826 0463 7401     		.2byte	0x174
 827 0465 0D       		.uleb128 0xd
 828 0466 52050000 		.4byte	.LASF82
 829 046a 07       		.byte	0x7
 830 046b 7B       		.byte	0x7b
 831 046c 89000000 		.4byte	0x89
 832 0470 7801     		.2byte	0x178
 833 0472 0D       		.uleb128 0xd
 834 0473 76020000 		.4byte	.LASF83
 835 0477 07       		.byte	0x7
 836 0478 7D       		.byte	0x7d
 837 0479 AC050000 		.4byte	0x5ac
 838 047d 7C01     		.2byte	0x17c
 839 047f 0D       		.uleb128 0xd
 840 0480 2C030000 		.4byte	.LASF84
 841 0484 07       		.byte	0x7
 842 0485 7E       		.byte	0x7e
 843 0486 89000000 		.4byte	0x89
 844 048a 7C41     		.2byte	0x417c
 845 048c 0D       		.uleb128 0xd
 846 048d E8040000 		.4byte	.LASF85
 847 0491 07       		.byte	0x7
ARM GAS  C:\Users\r\AppData\Local\Temp\ccpI9fuv.s 			page 18


 848 0492 7F       		.byte	0x7f
 849 0493 89000000 		.4byte	0x89
 850 0497 8041     		.2byte	0x4180
 851 0499 0D       		.uleb128 0xd
 852 049a 03020000 		.4byte	.LASF86
 853 049e 07       		.byte	0x7
 854 049f 80       		.byte	0x80
 855 04a0 89000000 		.4byte	0x89
 856 04a4 8441     		.2byte	0x4184
 857 04a6 0E       		.uleb128 0xe
 858 04a7 63646200 		.ascii	"cdb\000"
 859 04ab 07       		.byte	0x7
 860 04ac 82       		.byte	0x82
 861 04ad BD050000 		.4byte	0x5bd
 862 04b1 8841     		.2byte	0x4188
 863 04b3 0D       		.uleb128 0xd
 864 04b4 60020000 		.4byte	.LASF87
 865 04b8 07       		.byte	0x7
 866 04b9 83       		.byte	0x83
 867 04ba C3000000 		.4byte	0xc3
 868 04be 9441     		.2byte	0x4194
 869 04c0 0E       		.uleb128 0xe
 870 04c1 6C756E00 		.ascii	"lun\000"
 871 04c5 07       		.byte	0x7
 872 04c6 84       		.byte	0x84
 873 04c7 DB000000 		.4byte	0xdb
 874 04cb 9541     		.2byte	0x4195
 875 04cd 0D       		.uleb128 0xd
 876 04ce BF050000 		.4byte	.LASF88
 877 04d2 07       		.byte	0x7
 878 04d3 85       		.byte	0x85
 879 04d4 C3000000 		.4byte	0xc3
 880 04d8 9641     		.2byte	0x4196
 881 04da 0D       		.uleb128 0xd
 882 04db 4F020000 		.4byte	.LASF89
 883 04df 07       		.byte	0x7
 884 04e0 86       		.byte	0x86
 885 04e1 97000000 		.4byte	0x97
 886 04e5 9741     		.2byte	0x4197
 887 04e7 0D       		.uleb128 0xd
 888 04e8 D2020000 		.4byte	.LASF90
 889 04ec 07       		.byte	0x7
 890 04ed 8A       		.byte	0x8a
 891 04ee 89000000 		.4byte	0x89
 892 04f2 9841     		.2byte	0x4198
 893 04f4 0D       		.uleb128 0xd
 894 04f5 61050000 		.4byte	.LASF91
 895 04f9 07       		.byte	0x7
 896 04fa 8E       		.byte	0x8e
 897 04fb C3000000 		.4byte	0xc3
 898 04ff 9C41     		.2byte	0x419c
 899 0501 0D       		.uleb128 0xd
 900 0502 EC020000 		.4byte	.LASF92
 901 0506 07       		.byte	0x7
 902 0507 90       		.byte	0x90
 903 0508 C3000000 		.4byte	0xc3
 904 050c 9D41     		.2byte	0x419d
ARM GAS  C:\Users\r\AppData\Local\Temp\ccpI9fuv.s 			page 19


 905 050e 0D       		.uleb128 0xd
 906 050f B8050000 		.4byte	.LASF93
 907 0513 07       		.byte	0x7
 908 0514 91       		.byte	0x91
 909 0515 C3000000 		.4byte	0xc3
 910 0519 9E41     		.2byte	0x419e
 911 051b 0D       		.uleb128 0xd
 912 051c 80050000 		.4byte	.LASF94
 913 0520 07       		.byte	0x7
 914 0521 93       		.byte	0x93
 915 0522 FC000000 		.4byte	0xfc
 916 0526 A041     		.2byte	0x41a0
 917 0528 0D       		.uleb128 0xd
 918 0529 AF030000 		.4byte	.LASF95
 919 052d 07       		.byte	0x7
 920 052e 95       		.byte	0x95
 921 052f C3000000 		.4byte	0xc3
 922 0533 A441     		.2byte	0x41a4
 923 0535 0D       		.uleb128 0xd
 924 0536 7B020000 		.4byte	.LASF96
 925 053a 07       		.byte	0x7
 926 053b 96       		.byte	0x96
 927 053c C3000000 		.4byte	0xc3
 928 0540 A541     		.2byte	0x41a5
 929 0542 0D       		.uleb128 0xd
 930 0543 FA010000 		.4byte	.LASF97
 931 0547 07       		.byte	0x7
 932 0548 97       		.byte	0x97
 933 0549 C3000000 		.4byte	0xc3
 934 054d A641     		.2byte	0x41a6
 935 054f 0D       		.uleb128 0xd
 936 0550 00000000 		.4byte	.LASF98
 937 0554 07       		.byte	0x7
 938 0555 98       		.byte	0x98
 939 0556 C3000000 		.4byte	0xc3
 940 055a A741     		.2byte	0x41a7
 941 055c 0D       		.uleb128 0xd
 942 055d FB020000 		.4byte	.LASF99
 943 0561 07       		.byte	0x7
 944 0562 99       		.byte	0x99
 945 0563 C3000000 		.4byte	0xc3
 946 0567 A841     		.2byte	0x41a8
 947 0569 0D       		.uleb128 0xd
 948 056a FC040000 		.4byte	.LASF100
 949 056e 07       		.byte	0x7
 950 056f 9A       		.byte	0x9a
 951 0570 C3000000 		.4byte	0xc3
 952 0574 A941     		.2byte	0x41a9
 953 0576 0D       		.uleb128 0xd
 954 0577 F6050000 		.4byte	.LASF101
 955 057b 07       		.byte	0x7
 956 057c 9B       		.byte	0x9b
 957 057d C3000000 		.4byte	0xc3
 958 0581 AA41     		.2byte	0x41aa
 959 0583 0D       		.uleb128 0xd
 960 0584 69010000 		.4byte	.LASF102
 961 0588 07       		.byte	0x7
ARM GAS  C:\Users\r\AppData\Local\Temp\ccpI9fuv.s 			page 20


 962 0589 9C       		.byte	0x9c
 963 058a A2000000 		.4byte	0xa2
 964 058e AC41     		.2byte	0x41ac
 965 0590 00       		.byte	0
 966 0591 09       		.uleb128 0x9
 967 0592 EC030000 		.4byte	0x3ec
 968 0596 A1050000 		.4byte	0x5a1
 969 059a 0A       		.uleb128 0xa
 970 059b 0A010000 		.4byte	0x10a
 971 059f 03       		.byte	0x3
 972 05a0 00       		.byte	0
 973 05a1 06       		.uleb128 0x6
 974 05a2 04       		.byte	0x4
 975 05a3 EC030000 		.4byte	0x3ec
 976 05a7 15       		.uleb128 0x15
 977 05a8 89000000 		.4byte	0x89
 978 05ac 09       		.uleb128 0x9
 979 05ad C3000000 		.4byte	0xc3
 980 05b1 BD050000 		.4byte	0x5bd
 981 05b5 0F       		.uleb128 0xf
 982 05b6 0A010000 		.4byte	0x10a
 983 05ba FF3F     		.2byte	0x3fff
 984 05bc 00       		.byte	0
 985 05bd 09       		.uleb128 0x9
 986 05be C3000000 		.4byte	0xc3
 987 05c2 CD050000 		.4byte	0x5cd
 988 05c6 0A       		.uleb128 0xa
 989 05c7 0A010000 		.4byte	0x10a
 990 05cb 0B       		.byte	0xb
 991 05cc 00       		.byte	0
 992 05cd 03       		.uleb128 0x3
 993 05ce C7020000 		.4byte	.LASF103
 994 05d2 07       		.byte	0x7
 995 05d3 9D       		.byte	0x9d
 996 05d4 F7030000 		.4byte	0x3f7
 997 05d8 16       		.uleb128 0x16
 998 05d9 0B020000 		.4byte	.LASF125
 999 05dd 01       		.byte	0x1
 1000 05de 37000000 		.4byte	0x37
 1001 05e2 0A       		.byte	0xa
 1002 05e3 3E       		.byte	0x3e
 1003 05e4 07060000 		.4byte	0x607
 1004 05e8 13       		.uleb128 0x13
 1005 05e9 68050000 		.4byte	.LASF104
 1006 05ed 01       		.byte	0x1
 1007 05ee 13       		.uleb128 0x13
 1008 05ef 52030000 		.4byte	.LASF105
 1009 05f3 02       		.byte	0x2
 1010 05f4 13       		.uleb128 0x13
 1011 05f5 8A030000 		.4byte	.LASF106
 1012 05f9 04       		.byte	0x4
 1013 05fa 13       		.uleb128 0x13
 1014 05fb 3D040000 		.4byte	.LASF107
 1015 05ff 08       		.byte	0x8
 1016 0600 13       		.uleb128 0x13
 1017 0601 66030000 		.4byte	.LASF108
 1018 0605 10       		.byte	0x10
ARM GAS  C:\Users\r\AppData\Local\Temp\ccpI9fuv.s 			page 21


 1019 0606 00       		.byte	0
 1020 0607 12       		.uleb128 0x12
 1021 0608 01       		.byte	0x1
 1022 0609 37000000 		.4byte	0x37
 1023 060d 08       		.byte	0x8
 1024 060e 15       		.byte	0x15
 1025 060f 2C060000 		.4byte	0x62c
 1026 0613 13       		.uleb128 0x13
 1027 0614 D1030000 		.4byte	.LASF109
 1028 0618 01       		.byte	0x1
 1029 0619 13       		.uleb128 0x13
 1030 061a E2010000 		.4byte	.LASF110
 1031 061e 02       		.byte	0x2
 1032 061f 13       		.uleb128 0x13
 1033 0620 55040000 		.4byte	.LASF111
 1034 0624 04       		.byte	0x4
 1035 0625 13       		.uleb128 0x13
 1036 0626 90010000 		.4byte	.LASF112
 1037 062a 08       		.byte	0x8
 1038 062b 00       		.byte	0
 1039 062c 10       		.uleb128 0x10
 1040 062d 04       		.byte	0x4
 1041 062e 08       		.byte	0x8
 1042 062f 22       		.byte	0x22
 1043 0630 41060000 		.4byte	0x641
 1044 0634 0C       		.uleb128 0xc
 1045 0635 81010000 		.4byte	.LASF113
 1046 0639 08       		.byte	0x8
 1047 063a 24       		.byte	0x24
 1048 063b 89000000 		.4byte	0x89
 1049 063f 00       		.byte	0
 1050 0640 00       		.byte	0
 1051 0641 03       		.uleb128 0x3
 1052 0642 97020000 		.4byte	.LASF114
 1053 0646 08       		.byte	0x8
 1054 0647 25       		.byte	0x25
 1055 0648 2C060000 		.4byte	0x62c
 1056 064c 17       		.uleb128 0x17
 1057 064d 4B040000 		.4byte	.LASF126
 1058 0651 01       		.byte	0x1
 1059 0652 1F       		.byte	0x1f
 1060 0653 00000000 		.4byte	.LFB64
 1061 0657 14000000 		.4byte	.LFE64-.LFB64
 1062 065b 01       		.uleb128 0x1
 1063 065c 9C       		.byte	0x9c
 1064 065d 18       		.uleb128 0x18
 1065 065e D4050000 		.4byte	.LASF127
 1066 0662 01       		.byte	0x1
 1067 0663 28       		.byte	0x28
 1068 0664 89000000 		.4byte	0x89
 1069 0668 00000000 		.4byte	.LFB65
 1070 066c 38010000 		.4byte	.LFE65-.LFB65
 1071 0670 01       		.uleb128 0x1
 1072 0671 9C       		.byte	0x9c
 1073 0672 C5060000 		.4byte	0x6c5
 1074 0676 19       		.uleb128 0x19
 1075 0677 3D030000 		.4byte	.LASF115
ARM GAS  C:\Users\r\AppData\Local\Temp\ccpI9fuv.s 			page 22


 1076 067b 01       		.byte	0x1
 1077 067c 3D       		.byte	0x3d
 1078 067d 89000000 		.4byte	0x89
 1079 0681 02       		.uleb128 0x2
 1080 0682 91       		.byte	0x91
 1081 0683 74       		.sleb128 -12
 1082 0684 19       		.uleb128 0x19
 1083 0685 76010000 		.4byte	.LASF116
 1084 0689 01       		.byte	0x1
 1085 068a 4A       		.byte	0x4a
 1086 068b B8000000 		.4byte	0xb8
 1087 068f 02       		.uleb128 0x2
 1088 0690 91       		.byte	0x91
 1089 0691 6C       		.sleb128 -20
 1090 0692 1A       		.uleb128 0x1a
 1091 0693 38000000 		.4byte	.LBB2
 1092 0697 3A000000 		.4byte	.LBE2-.LBB2
 1093 069b AC060000 		.4byte	0x6ac
 1094 069f 1B       		.uleb128 0x1b
 1095 06a0 6900     		.ascii	"i\000"
 1096 06a2 01       		.byte	0x1
 1097 06a3 41       		.byte	0x41
 1098 06a4 89000000 		.4byte	0x89
 1099 06a8 02       		.uleb128 0x2
 1100 06a9 91       		.byte	0x91
 1101 06aa 70       		.sleb128 -16
 1102 06ab 00       		.byte	0
 1103 06ac 1C       		.uleb128 0x1c
 1104 06ad EA000000 		.4byte	.LBB3
 1105 06b1 22000000 		.4byte	.LBE3-.LBB3
 1106 06b5 19       		.uleb128 0x19
 1107 06b6 5A010000 		.4byte	.LASF117
 1108 06ba 01       		.byte	0x1
 1109 06bb 64       		.byte	0x64
 1110 06bc 97000000 		.4byte	0x97
 1111 06c0 02       		.uleb128 0x2
 1112 06c1 91       		.byte	0x91
 1113 06c2 6B       		.sleb128 -21
 1114 06c3 00       		.byte	0
 1115 06c4 00       		.byte	0
 1116 06c5 1D       		.uleb128 0x1d
 1117 06c6 1A010000 		.4byte	.LASF118
 1118 06ca 09       		.byte	0x9
 1119 06cb 1207     		.2byte	0x712
 1120 06cd D1060000 		.4byte	0x6d1
 1121 06d1 15       		.uleb128 0x15
 1122 06d2 AD000000 		.4byte	0xad
 1123 06d6 1E       		.uleb128 0x1e
 1124 06d7 14030000 		.4byte	.LASF119
 1125 06db 07       		.byte	0x7
 1126 06dc 9F       		.byte	0x9f
 1127 06dd CD050000 		.4byte	0x5cd
 1128 06e1 1E       		.uleb128 0x1e
 1129 06e2 C8030000 		.4byte	.LASF120
 1130 06e6 08       		.byte	0x8
 1131 06e7 30       		.byte	0x30
 1132 06e8 41060000 		.4byte	0x641
ARM GAS  C:\Users\r\AppData\Local\Temp\ccpI9fuv.s 			page 23


 1133 06ec 1F       		.uleb128 0x1f
 1134 06ed 13010000 		.4byte	.LASF121
 1135 06f1 01       		.byte	0x1
 1136 06f2 1D       		.byte	0x1d
 1137 06f3 11010000 		.4byte	0x111
 1138 06f7 05       		.uleb128 0x5
 1139 06f8 03       		.byte	0x3
 1140 06f9 00000000 		.4byte	Notice
 1141 06fd 00       		.byte	0
 1142              		.section	.debug_abbrev,"",%progbits
 1143              	.Ldebug_abbrev0:
 1144 0000 01       		.uleb128 0x1
 1145 0001 11       		.uleb128 0x11
 1146 0002 01       		.byte	0x1
 1147 0003 25       		.uleb128 0x25
 1148 0004 0E       		.uleb128 0xe
 1149 0005 13       		.uleb128 0x13
 1150 0006 0B       		.uleb128 0xb
 1151 0007 03       		.uleb128 0x3
 1152 0008 0E       		.uleb128 0xe
 1153 0009 1B       		.uleb128 0x1b
 1154 000a 0E       		.uleb128 0xe
 1155 000b 55       		.uleb128 0x55
 1156 000c 17       		.uleb128 0x17
 1157 000d 11       		.uleb128 0x11
 1158 000e 01       		.uleb128 0x1
 1159 000f 10       		.uleb128 0x10
 1160 0010 17       		.uleb128 0x17
 1161 0011 00       		.byte	0
 1162 0012 00       		.byte	0
 1163 0013 02       		.uleb128 0x2
 1164 0014 24       		.uleb128 0x24
 1165 0015 00       		.byte	0
 1166 0016 0B       		.uleb128 0xb
 1167 0017 0B       		.uleb128 0xb
 1168 0018 3E       		.uleb128 0x3e
 1169 0019 0B       		.uleb128 0xb
 1170 001a 03       		.uleb128 0x3
 1171 001b 0E       		.uleb128 0xe
 1172 001c 00       		.byte	0
 1173 001d 00       		.byte	0
 1174 001e 03       		.uleb128 0x3
 1175 001f 16       		.uleb128 0x16
 1176 0020 00       		.byte	0
 1177 0021 03       		.uleb128 0x3
 1178 0022 0E       		.uleb128 0xe
 1179 0023 3A       		.uleb128 0x3a
 1180 0024 0B       		.uleb128 0xb
 1181 0025 3B       		.uleb128 0x3b
 1182 0026 0B       		.uleb128 0xb
 1183 0027 49       		.uleb128 0x49
 1184 0028 13       		.uleb128 0x13
 1185 0029 00       		.byte	0
 1186 002a 00       		.byte	0
 1187 002b 04       		.uleb128 0x4
 1188 002c 24       		.uleb128 0x24
 1189 002d 00       		.byte	0
ARM GAS  C:\Users\r\AppData\Local\Temp\ccpI9fuv.s 			page 24


 1190 002e 0B       		.uleb128 0xb
 1191 002f 0B       		.uleb128 0xb
 1192 0030 3E       		.uleb128 0x3e
 1193 0031 0B       		.uleb128 0xb
 1194 0032 03       		.uleb128 0x3
 1195 0033 08       		.uleb128 0x8
 1196 0034 00       		.byte	0
 1197 0035 00       		.byte	0
 1198 0036 05       		.uleb128 0x5
 1199 0037 16       		.uleb128 0x16
 1200 0038 00       		.byte	0
 1201 0039 03       		.uleb128 0x3
 1202 003a 0E       		.uleb128 0xe
 1203 003b 3A       		.uleb128 0x3a
 1204 003c 0B       		.uleb128 0xb
 1205 003d 3B       		.uleb128 0x3b
 1206 003e 05       		.uleb128 0x5
 1207 003f 49       		.uleb128 0x49
 1208 0040 13       		.uleb128 0x13
 1209 0041 00       		.byte	0
 1210 0042 00       		.byte	0
 1211 0043 06       		.uleb128 0x6
 1212 0044 0F       		.uleb128 0xf
 1213 0045 00       		.byte	0
 1214 0046 0B       		.uleb128 0xb
 1215 0047 0B       		.uleb128 0xb
 1216 0048 49       		.uleb128 0x49
 1217 0049 13       		.uleb128 0x13
 1218 004a 00       		.byte	0
 1219 004b 00       		.byte	0
 1220 004c 07       		.uleb128 0x7
 1221 004d 15       		.uleb128 0x15
 1222 004e 00       		.byte	0
 1223 004f 27       		.uleb128 0x27
 1224 0050 19       		.uleb128 0x19
 1225 0051 00       		.byte	0
 1226 0052 00       		.byte	0
 1227 0053 08       		.uleb128 0x8
 1228 0054 26       		.uleb128 0x26
 1229 0055 00       		.byte	0
 1230 0056 49       		.uleb128 0x49
 1231 0057 13       		.uleb128 0x13
 1232 0058 00       		.byte	0
 1233 0059 00       		.byte	0
 1234 005a 09       		.uleb128 0x9
 1235 005b 01       		.uleb128 0x1
 1236 005c 01       		.byte	0x1
 1237 005d 49       		.uleb128 0x49
 1238 005e 13       		.uleb128 0x13
 1239 005f 01       		.uleb128 0x1
 1240 0060 13       		.uleb128 0x13
 1241 0061 00       		.byte	0
 1242 0062 00       		.byte	0
 1243 0063 0A       		.uleb128 0xa
 1244 0064 21       		.uleb128 0x21
 1245 0065 00       		.byte	0
 1246 0066 49       		.uleb128 0x49
ARM GAS  C:\Users\r\AppData\Local\Temp\ccpI9fuv.s 			page 25


 1247 0067 13       		.uleb128 0x13
 1248 0068 2F       		.uleb128 0x2f
 1249 0069 0B       		.uleb128 0xb
 1250 006a 00       		.byte	0
 1251 006b 00       		.byte	0
 1252 006c 0B       		.uleb128 0xb
 1253 006d 13       		.uleb128 0x13
 1254 006e 01       		.byte	0x1
 1255 006f 0B       		.uleb128 0xb
 1256 0070 05       		.uleb128 0x5
 1257 0071 3A       		.uleb128 0x3a
 1258 0072 0B       		.uleb128 0xb
 1259 0073 3B       		.uleb128 0x3b
 1260 0074 0B       		.uleb128 0xb
 1261 0075 01       		.uleb128 0x1
 1262 0076 13       		.uleb128 0x13
 1263 0077 00       		.byte	0
 1264 0078 00       		.byte	0
 1265 0079 0C       		.uleb128 0xc
 1266 007a 0D       		.uleb128 0xd
 1267 007b 00       		.byte	0
 1268 007c 03       		.uleb128 0x3
 1269 007d 0E       		.uleb128 0xe
 1270 007e 3A       		.uleb128 0x3a
 1271 007f 0B       		.uleb128 0xb
 1272 0080 3B       		.uleb128 0x3b
 1273 0081 0B       		.uleb128 0xb
 1274 0082 49       		.uleb128 0x49
 1275 0083 13       		.uleb128 0x13
 1276 0084 38       		.uleb128 0x38
 1277 0085 0B       		.uleb128 0xb
 1278 0086 00       		.byte	0
 1279 0087 00       		.byte	0
 1280 0088 0D       		.uleb128 0xd
 1281 0089 0D       		.uleb128 0xd
 1282 008a 00       		.byte	0
 1283 008b 03       		.uleb128 0x3
 1284 008c 0E       		.uleb128 0xe
 1285 008d 3A       		.uleb128 0x3a
 1286 008e 0B       		.uleb128 0xb
 1287 008f 3B       		.uleb128 0x3b
 1288 0090 0B       		.uleb128 0xb
 1289 0091 49       		.uleb128 0x49
 1290 0092 13       		.uleb128 0x13
 1291 0093 38       		.uleb128 0x38
 1292 0094 05       		.uleb128 0x5
 1293 0095 00       		.byte	0
 1294 0096 00       		.byte	0
 1295 0097 0E       		.uleb128 0xe
 1296 0098 0D       		.uleb128 0xd
 1297 0099 00       		.byte	0
 1298 009a 03       		.uleb128 0x3
 1299 009b 08       		.uleb128 0x8
 1300 009c 3A       		.uleb128 0x3a
 1301 009d 0B       		.uleb128 0xb
 1302 009e 3B       		.uleb128 0x3b
 1303 009f 0B       		.uleb128 0xb
ARM GAS  C:\Users\r\AppData\Local\Temp\ccpI9fuv.s 			page 26


 1304 00a0 49       		.uleb128 0x49
 1305 00a1 13       		.uleb128 0x13
 1306 00a2 38       		.uleb128 0x38
 1307 00a3 05       		.uleb128 0x5
 1308 00a4 00       		.byte	0
 1309 00a5 00       		.byte	0
 1310 00a6 0F       		.uleb128 0xf
 1311 00a7 21       		.uleb128 0x21
 1312 00a8 00       		.byte	0
 1313 00a9 49       		.uleb128 0x49
 1314 00aa 13       		.uleb128 0x13
 1315 00ab 2F       		.uleb128 0x2f
 1316 00ac 05       		.uleb128 0x5
 1317 00ad 00       		.byte	0
 1318 00ae 00       		.byte	0
 1319 00af 10       		.uleb128 0x10
 1320 00b0 13       		.uleb128 0x13
 1321 00b1 01       		.byte	0x1
 1322 00b2 0B       		.uleb128 0xb
 1323 00b3 0B       		.uleb128 0xb
 1324 00b4 3A       		.uleb128 0x3a
 1325 00b5 0B       		.uleb128 0xb
 1326 00b6 3B       		.uleb128 0x3b
 1327 00b7 0B       		.uleb128 0xb
 1328 00b8 01       		.uleb128 0x1
 1329 00b9 13       		.uleb128 0x13
 1330 00ba 00       		.byte	0
 1331 00bb 00       		.byte	0
 1332 00bc 11       		.uleb128 0x11
 1333 00bd 0D       		.uleb128 0xd
 1334 00be 00       		.byte	0
 1335 00bf 03       		.uleb128 0x3
 1336 00c0 08       		.uleb128 0x8
 1337 00c1 3A       		.uleb128 0x3a
 1338 00c2 0B       		.uleb128 0xb
 1339 00c3 3B       		.uleb128 0x3b
 1340 00c4 0B       		.uleb128 0xb
 1341 00c5 49       		.uleb128 0x49
 1342 00c6 13       		.uleb128 0x13
 1343 00c7 38       		.uleb128 0x38
 1344 00c8 0B       		.uleb128 0xb
 1345 00c9 00       		.byte	0
 1346 00ca 00       		.byte	0
 1347 00cb 12       		.uleb128 0x12
 1348 00cc 04       		.uleb128 0x4
 1349 00cd 01       		.byte	0x1
 1350 00ce 0B       		.uleb128 0xb
 1351 00cf 0B       		.uleb128 0xb
 1352 00d0 49       		.uleb128 0x49
 1353 00d1 13       		.uleb128 0x13
 1354 00d2 3A       		.uleb128 0x3a
 1355 00d3 0B       		.uleb128 0xb
 1356 00d4 3B       		.uleb128 0x3b
 1357 00d5 0B       		.uleb128 0xb
 1358 00d6 01       		.uleb128 0x1
 1359 00d7 13       		.uleb128 0x13
 1360 00d8 00       		.byte	0
ARM GAS  C:\Users\r\AppData\Local\Temp\ccpI9fuv.s 			page 27


 1361 00d9 00       		.byte	0
 1362 00da 13       		.uleb128 0x13
 1363 00db 28       		.uleb128 0x28
 1364 00dc 00       		.byte	0
 1365 00dd 03       		.uleb128 0x3
 1366 00de 0E       		.uleb128 0xe
 1367 00df 1C       		.uleb128 0x1c
 1368 00e0 0B       		.uleb128 0xb
 1369 00e1 00       		.byte	0
 1370 00e2 00       		.byte	0
 1371 00e3 14       		.uleb128 0x14
 1372 00e4 28       		.uleb128 0x28
 1373 00e5 00       		.byte	0
 1374 00e6 03       		.uleb128 0x3
 1375 00e7 0E       		.uleb128 0xe
 1376 00e8 1C       		.uleb128 0x1c
 1377 00e9 0D       		.uleb128 0xd
 1378 00ea 00       		.byte	0
 1379 00eb 00       		.byte	0
 1380 00ec 15       		.uleb128 0x15
 1381 00ed 35       		.uleb128 0x35
 1382 00ee 00       		.byte	0
 1383 00ef 49       		.uleb128 0x49
 1384 00f0 13       		.uleb128 0x13
 1385 00f1 00       		.byte	0
 1386 00f2 00       		.byte	0
 1387 00f3 16       		.uleb128 0x16
 1388 00f4 04       		.uleb128 0x4
 1389 00f5 01       		.byte	0x1
 1390 00f6 03       		.uleb128 0x3
 1391 00f7 0E       		.uleb128 0xe
 1392 00f8 0B       		.uleb128 0xb
 1393 00f9 0B       		.uleb128 0xb
 1394 00fa 49       		.uleb128 0x49
 1395 00fb 13       		.uleb128 0x13
 1396 00fc 3A       		.uleb128 0x3a
 1397 00fd 0B       		.uleb128 0xb
 1398 00fe 3B       		.uleb128 0x3b
 1399 00ff 0B       		.uleb128 0xb
 1400 0100 01       		.uleb128 0x1
 1401 0101 13       		.uleb128 0x13
 1402 0102 00       		.byte	0
 1403 0103 00       		.byte	0
 1404 0104 17       		.uleb128 0x17
 1405 0105 2E       		.uleb128 0x2e
 1406 0106 00       		.byte	0
 1407 0107 3F       		.uleb128 0x3f
 1408 0108 19       		.uleb128 0x19
 1409 0109 03       		.uleb128 0x3
 1410 010a 0E       		.uleb128 0xe
 1411 010b 3A       		.uleb128 0x3a
 1412 010c 0B       		.uleb128 0xb
 1413 010d 3B       		.uleb128 0x3b
 1414 010e 0B       		.uleb128 0xb
 1415 010f 11       		.uleb128 0x11
 1416 0110 01       		.uleb128 0x1
 1417 0111 12       		.uleb128 0x12
ARM GAS  C:\Users\r\AppData\Local\Temp\ccpI9fuv.s 			page 28


 1418 0112 06       		.uleb128 0x6
 1419 0113 40       		.uleb128 0x40
 1420 0114 18       		.uleb128 0x18
 1421 0115 9642     		.uleb128 0x2116
 1422 0117 19       		.uleb128 0x19
 1423 0118 00       		.byte	0
 1424 0119 00       		.byte	0
 1425 011a 18       		.uleb128 0x18
 1426 011b 2E       		.uleb128 0x2e
 1427 011c 01       		.byte	0x1
 1428 011d 3F       		.uleb128 0x3f
 1429 011e 19       		.uleb128 0x19
 1430 011f 03       		.uleb128 0x3
 1431 0120 0E       		.uleb128 0xe
 1432 0121 3A       		.uleb128 0x3a
 1433 0122 0B       		.uleb128 0xb
 1434 0123 3B       		.uleb128 0x3b
 1435 0124 0B       		.uleb128 0xb
 1436 0125 49       		.uleb128 0x49
 1437 0126 13       		.uleb128 0x13
 1438 0127 11       		.uleb128 0x11
 1439 0128 01       		.uleb128 0x1
 1440 0129 12       		.uleb128 0x12
 1441 012a 06       		.uleb128 0x6
 1442 012b 40       		.uleb128 0x40
 1443 012c 18       		.uleb128 0x18
 1444 012d 9642     		.uleb128 0x2116
 1445 012f 19       		.uleb128 0x19
 1446 0130 01       		.uleb128 0x1
 1447 0131 13       		.uleb128 0x13
 1448 0132 00       		.byte	0
 1449 0133 00       		.byte	0
 1450 0134 19       		.uleb128 0x19
 1451 0135 34       		.uleb128 0x34
 1452 0136 00       		.byte	0
 1453 0137 03       		.uleb128 0x3
 1454 0138 0E       		.uleb128 0xe
 1455 0139 3A       		.uleb128 0x3a
 1456 013a 0B       		.uleb128 0xb
 1457 013b 3B       		.uleb128 0x3b
 1458 013c 0B       		.uleb128 0xb
 1459 013d 49       		.uleb128 0x49
 1460 013e 13       		.uleb128 0x13
 1461 013f 02       		.uleb128 0x2
 1462 0140 18       		.uleb128 0x18
 1463 0141 00       		.byte	0
 1464 0142 00       		.byte	0
 1465 0143 1A       		.uleb128 0x1a
 1466 0144 0B       		.uleb128 0xb
 1467 0145 01       		.byte	0x1
 1468 0146 11       		.uleb128 0x11
 1469 0147 01       		.uleb128 0x1
 1470 0148 12       		.uleb128 0x12
 1471 0149 06       		.uleb128 0x6
 1472 014a 01       		.uleb128 0x1
 1473 014b 13       		.uleb128 0x13
 1474 014c 00       		.byte	0
ARM GAS  C:\Users\r\AppData\Local\Temp\ccpI9fuv.s 			page 29


 1475 014d 00       		.byte	0
 1476 014e 1B       		.uleb128 0x1b
 1477 014f 34       		.uleb128 0x34
 1478 0150 00       		.byte	0
 1479 0151 03       		.uleb128 0x3
 1480 0152 08       		.uleb128 0x8
 1481 0153 3A       		.uleb128 0x3a
 1482 0154 0B       		.uleb128 0xb
 1483 0155 3B       		.uleb128 0x3b
 1484 0156 0B       		.uleb128 0xb
 1485 0157 49       		.uleb128 0x49
 1486 0158 13       		.uleb128 0x13
 1487 0159 02       		.uleb128 0x2
 1488 015a 18       		.uleb128 0x18
 1489 015b 00       		.byte	0
 1490 015c 00       		.byte	0
 1491 015d 1C       		.uleb128 0x1c
 1492 015e 0B       		.uleb128 0xb
 1493 015f 01       		.byte	0x1
 1494 0160 11       		.uleb128 0x11
 1495 0161 01       		.uleb128 0x1
 1496 0162 12       		.uleb128 0x12
 1497 0163 06       		.uleb128 0x6
 1498 0164 00       		.byte	0
 1499 0165 00       		.byte	0
 1500 0166 1D       		.uleb128 0x1d
 1501 0167 34       		.uleb128 0x34
 1502 0168 00       		.byte	0
 1503 0169 03       		.uleb128 0x3
 1504 016a 0E       		.uleb128 0xe
 1505 016b 3A       		.uleb128 0x3a
 1506 016c 0B       		.uleb128 0xb
 1507 016d 3B       		.uleb128 0x3b
 1508 016e 05       		.uleb128 0x5
 1509 016f 49       		.uleb128 0x49
 1510 0170 13       		.uleb128 0x13
 1511 0171 3F       		.uleb128 0x3f
 1512 0172 19       		.uleb128 0x19
 1513 0173 3C       		.uleb128 0x3c
 1514 0174 19       		.uleb128 0x19
 1515 0175 00       		.byte	0
 1516 0176 00       		.byte	0
 1517 0177 1E       		.uleb128 0x1e
 1518 0178 34       		.uleb128 0x34
 1519 0179 00       		.byte	0
 1520 017a 03       		.uleb128 0x3
 1521 017b 0E       		.uleb128 0xe
 1522 017c 3A       		.uleb128 0x3a
 1523 017d 0B       		.uleb128 0xb
 1524 017e 3B       		.uleb128 0x3b
 1525 017f 0B       		.uleb128 0xb
 1526 0180 49       		.uleb128 0x49
 1527 0181 13       		.uleb128 0x13
 1528 0182 3F       		.uleb128 0x3f
 1529 0183 19       		.uleb128 0x19
 1530 0184 3C       		.uleb128 0x3c
 1531 0185 19       		.uleb128 0x19
ARM GAS  C:\Users\r\AppData\Local\Temp\ccpI9fuv.s 			page 30


 1532 0186 00       		.byte	0
 1533 0187 00       		.byte	0
 1534 0188 1F       		.uleb128 0x1f
 1535 0189 34       		.uleb128 0x34
 1536 018a 00       		.byte	0
 1537 018b 03       		.uleb128 0x3
 1538 018c 0E       		.uleb128 0xe
 1539 018d 3A       		.uleb128 0x3a
 1540 018e 0B       		.uleb128 0xb
 1541 018f 3B       		.uleb128 0x3b
 1542 0190 0B       		.uleb128 0xb
 1543 0191 49       		.uleb128 0x49
 1544 0192 13       		.uleb128 0x13
 1545 0193 3F       		.uleb128 0x3f
 1546 0194 19       		.uleb128 0x19
 1547 0195 02       		.uleb128 0x2
 1548 0196 18       		.uleb128 0x18
 1549 0197 00       		.byte	0
 1550 0198 00       		.byte	0
 1551 0199 00       		.byte	0
 1552              		.section	.debug_aranges,"",%progbits
 1553 0000 24000000 		.4byte	0x24
 1554 0004 0200     		.2byte	0x2
 1555 0006 00000000 		.4byte	.Ldebug_info0
 1556 000a 04       		.byte	0x4
 1557 000b 00       		.byte	0
 1558 000c 0000     		.2byte	0
 1559 000e 0000     		.2byte	0
 1560 0010 00000000 		.4byte	.LFB64
 1561 0014 14000000 		.4byte	.LFE64-.LFB64
 1562 0018 00000000 		.4byte	.LFB65
 1563 001c 38010000 		.4byte	.LFE65-.LFB65
 1564 0020 00000000 		.4byte	0
 1565 0024 00000000 		.4byte	0
 1566              		.section	.debug_ranges,"",%progbits
 1567              	.Ldebug_ranges0:
 1568 0000 00000000 		.4byte	.LFB64
 1569 0004 14000000 		.4byte	.LFE64
 1570 0008 00000000 		.4byte	.LFB65
 1571 000c 38010000 		.4byte	.LFE65
 1572 0010 00000000 		.4byte	0
 1573 0014 00000000 		.4byte	0
 1574              		.section	.debug_line,"",%progbits
 1575              	.Ldebug_line0:
 1576 0000 1E020000 		.section	.debug_str,"MS",%progbits,1
 1576      0200AC01 
 1576      00000201 
 1576      FB0E0D00 
 1576      01010101 
 1577              	.LASF98:
 1578 0000 6D736743 		.ascii	"msgCount\000"
 1578      6F756E74 
 1578      00
 1579              	.LASF18:
 1580 0009 75696E74 		.ascii	"uint16\000"
 1580      313600
 1581              	.LASF77:
ARM GAS  C:\Users\r\AppData\Local\Temp\ccpI9fuv.s 			page 31


 1582 0010 61746E46 		.ascii	"atnFlag\000"
 1582      6C616700 
 1583              	.LASF47:
 1584 0018 666C6167 		.ascii	"flags6\000"
 1584      733600
 1585              	.LASF53:
 1586 001f 5F5F7363 		.ascii	"__scsiphase_cd\000"
 1586      73697068 
 1586      6173655F 
 1586      636400
 1587              	.LASF3:
 1588 002e 5F5F7569 		.ascii	"__uint8_t\000"
 1588      6E74385F 
 1588      7400
 1589              	.LASF36:
 1590 0038 72657669 		.ascii	"revision\000"
 1590      73696F6E 
 1590      00
 1591              	.LASF46:
 1592 0041 73656C65 		.ascii	"selectionDelay\000"
 1592      6374696F 
 1592      6E44656C 
 1592      617900
 1593              	.LASF122:
 1594 0050 474E5520 		.ascii	"GNU C11 5.4.1 20160609 (release) [ARM/embedded-5-br"
 1594      43313120 
 1594      352E342E 
 1594      31203230 
 1594      31363036 
 1595 0083 616E6368 		.ascii	"anch revision 237715] -mcpu=cortex-m3 -mthumb -g -O"
 1595      20726576 
 1595      6973696F 
 1595      6E203233 
 1595      37373135 
 1596 00b6 30202D66 		.ascii	"0 -ffunction-sections -ffat-lto-objects\000"
 1596      66756E63 
 1596      74696F6E 
 1596      2D736563 
 1596      74696F6E 
 1597              	.LASF32:
 1598 00de 73656374 		.ascii	"sectorsPerTrack\000"
 1598      6F727350 
 1598      65725472 
 1598      61636B00 
 1599              	.LASF70:
 1600 00ee 756E6974 		.ascii	"unitAttention\000"
 1600      41747465 
 1600      6E74696F 
 1600      6E00
 1601              	.LASF11:
 1602 00fc 6C6F6E67 		.ascii	"long long unsigned int\000"
 1602      206C6F6E 
 1602      6720756E 
 1602      7369676E 
 1602      65642069 
 1603              	.LASF121:
 1604 0113 4E6F7469 		.ascii	"Notice\000"
ARM GAS  C:\Users\r\AppData\Local\Temp\ccpI9fuv.s 			page 32


 1604      636500
 1605              	.LASF118:
 1606 011a 49544D5F 		.ascii	"ITM_RxBuffer\000"
 1606      52784275 
 1606      66666572 
 1606      00
 1607              	.LASF63:
 1608 0127 44415441 		.ascii	"DATA_OUT\000"
 1608      5F4F5554 
 1608      00
 1609              	.LASF10:
 1610 0130 6C6F6E67 		.ascii	"long long int\000"
 1610      206C6F6E 
 1610      6720696E 
 1610      7400
 1611              	.LASF0:
 1612 013e 7369676E 		.ascii	"signed char\000"
 1612      65642063 
 1612      68617200 
 1613              	.LASF81:
 1614 014a 73656C44 		.ascii	"selDBX\000"
 1614      425800
 1615              	.LASF55:
 1616 0151 4255535F 		.ascii	"BUS_FREE\000"
 1616      46524545 
 1616      00
 1617              	.LASF117:
 1618 015a 696E7465 		.ascii	"interruptState\000"
 1618      72727570 
 1618      74537461 
 1618      746500
 1619              	.LASF102:
 1620 0169 6C617374 		.ascii	"lastSenseASC\000"
 1620      53656E73 
 1620      65415343 
 1620      00
 1621              	.LASF116:
 1622 0176 6C617374 		.ascii	"lastSDPoll\000"
 1622      5344506F 
 1622      6C6C00
 1623              	.LASF113:
 1624 0181 73746174 		.ascii	"state\000"
 1624      6500
 1625              	.LASF7:
 1626 0187 6C6F6E67 		.ascii	"long int\000"
 1626      20696E74 
 1626      00
 1627              	.LASF112:
 1628 0190 4449534B 		.ascii	"DISK_WP\000"
 1628      5F575000 
 1629              	.LASF50:
 1630 0198 636F6465 		.ascii	"code\000"
 1630      00
 1631              	.LASF40:
 1632 019d 6D6F6465 		.ascii	"modePages\000"
 1632      50616765 
 1632      7300
ARM GAS  C:\Users\r\AppData\Local\Temp\ccpI9fuv.s 			page 33


 1633              	.LASF14:
 1634 01a7 75696E74 		.ascii	"uint16_t\000"
 1634      31365F74 
 1634      00
 1635              	.LASF21:
 1636 01b0 646F7562 		.ascii	"double\000"
 1636      6C6500
 1637              	.LASF72:
 1638 01b7 72657365 		.ascii	"reserverId\000"
 1638      72766572 
 1638      496400
 1639              	.LASF62:
 1640 01c2 44415441 		.ascii	"DATA_IN\000"
 1640      5F494E00 
 1641              	.LASF61:
 1642 01ca 434F4D4D 		.ascii	"COMMAND\000"
 1642      414E4400 
 1643              	.LASF27:
 1644 01d2 666C6167 		.ascii	"flagsDEPRECATED\000"
 1644      73444550 
 1644      52454341 
 1644      54454400 
 1645              	.LASF110:
 1646 01e2 4449534B 		.ascii	"DISK_PRESENT\000"
 1646      5F505245 
 1646      53454E54 
 1646      00
 1647              	.LASF8:
 1648 01ef 5F5F7569 		.ascii	"__uint32_t\000"
 1648      6E743332 
 1648      5F7400
 1649              	.LASF97:
 1650 01fa 72737443 		.ascii	"rstCount\000"
 1650      6F756E74 
 1650      00
 1651              	.LASF86:
 1652 0203 64617461 		.ascii	"dataLen\000"
 1652      4C656E00 
 1653              	.LASF125:
 1654 020b 46696C74 		.ascii	"FilteredInputs\000"
 1654      65726564 
 1654      496E7075 
 1654      747300
 1655              	.LASF12:
 1656 021a 756E7369 		.ascii	"unsigned int\000"
 1656      676E6564 
 1656      20696E74 
 1656      00
 1657              	.LASF45:
 1658 0227 73746172 		.ascii	"startupDelay\000"
 1658      74757044 
 1658      656C6179 
 1658      00
 1659              	.LASF76:
 1660 0234 626F6172 		.ascii	"boardCfg\000"
 1660      64436667 
 1660      00
ARM GAS  C:\Users\r\AppData\Local\Temp\ccpI9fuv.s 			page 34


 1661              	.LASF9:
 1662 023d 6C6F6E67 		.ascii	"long unsigned int\000"
 1662      20756E73 
 1662      69676E65 
 1662      6420696E 
 1662      7400
 1663              	.LASF89:
 1664 024f 636F6D70 		.ascii	"compatMode\000"
 1664      61744D6F 
 1664      646500
 1665              	.LASF69:
 1666 025a 73656E73 		.ascii	"sense\000"
 1666      6500
 1667              	.LASF87:
 1668 0260 6364624C 		.ascii	"cdbLen\000"
 1668      656E00
 1669              	.LASF25:
 1670 0267 73637369 		.ascii	"scsiId\000"
 1670      496400
 1671              	.LASF74:
 1672 026e 74617267 		.ascii	"targets\000"
 1672      65747300 
 1673              	.LASF83:
 1674 0276 64617461 		.ascii	"data\000"
 1674      00
 1675              	.LASF96:
 1676 027b 73656C43 		.ascii	"selCount\000"
 1676      6F756E74 
 1676      00
 1677              	.LASF5:
 1678 0284 73686F72 		.ascii	"short unsigned int\000"
 1678      7420756E 
 1678      7369676E 
 1678      65642069 
 1678      6E7400
 1679              	.LASF114:
 1680 0297 426C6F63 		.ascii	"BlockDevice\000"
 1680      6B446576 
 1680      69636500 
 1681              	.LASF19:
 1682 02a3 696E7438 		.ascii	"int8\000"
 1682      00
 1683              	.LASF33:
 1684 02a8 68656164 		.ascii	"headsPerCylinder\000"
 1684      73506572 
 1684      43796C69 
 1684      6E646572 
 1684      00
 1685              	.LASF38:
 1686 02b9 71756972 		.ascii	"quirks\000"
 1686      6B7300
 1687              	.LASF75:
 1688 02c0 74617267 		.ascii	"target\000"
 1688      657400
 1689              	.LASF103:
 1690 02c7 53637369 		.ascii	"ScsiDevice\000"
 1690      44657669 
ARM GAS  C:\Users\r\AppData\Local\Temp\ccpI9fuv.s 			page 35


 1690      636500
 1691              	.LASF90:
 1692 02d2 696E6974 		.ascii	"initiatorId\000"
 1692      6961746F 
 1692      72496400 
 1693              	.LASF35:
 1694 02de 70726F64 		.ascii	"prodId\000"
 1694      496400
 1695              	.LASF41:
 1696 02e5 756E7573 		.ascii	"unused\000"
 1696      656400
 1697              	.LASF92:
 1698 02ec 6D736749 		.ascii	"msgIn\000"
 1698      6E00
 1699              	.LASF24:
 1700 02f2 73697A65 		.ascii	"sizetype\000"
 1700      74797065 
 1700      00
 1701              	.LASF99:
 1702 02fb 77617463 		.ascii	"watchdogTick\000"
 1702      68646F67 
 1702      5469636B 
 1702      00
 1703              	.LASF30:
 1704 0308 73637369 		.ascii	"scsiSectors\000"
 1704      53656374 
 1704      6F727300 
 1705              	.LASF119:
 1706 0314 73637369 		.ascii	"scsiDev\000"
 1706      44657600 
 1707              	.LASF17:
 1708 031c 75696E74 		.ascii	"uint8\000"
 1708      3800
 1709              	.LASF51:
 1710 0322 53637369 		.ascii	"ScsiSense\000"
 1710      53656E73 
 1710      6500
 1711              	.LASF84:
 1712 032c 64617461 		.ascii	"dataPtr\000"
 1712      50747200 
 1713              	.LASF39:
 1714 0334 72657365 		.ascii	"reserved\000"
 1714      72766564 
 1714      00
 1715              	.LASF115:
 1716 033d 64656C61 		.ascii	"delaySeconds\000"
 1716      79536563 
 1716      6F6E6473 
 1716      00
 1717              	.LASF68:
 1718 034a 6C697665 		.ascii	"liveCfg\000"
 1718      43666700 
 1719              	.LASF105:
 1720 0352 53435349 		.ascii	"SCSI_Filt_BSY\000"
 1720      5F46696C 
 1720      745F4253 
 1720      5900
ARM GAS  C:\Users\r\AppData\Local\Temp\ccpI9fuv.s 			page 36


 1721              	.LASF20:
 1722 0360 666C6F61 		.ascii	"float\000"
 1722      7400
 1723              	.LASF108:
 1724 0366 53435349 		.ascii	"SCSI_Filt_ACK\000"
 1724      5F46696C 
 1724      745F4143 
 1724      4B00
 1725              	.LASF15:
 1726 0374 696E7433 		.ascii	"int32_t\000"
 1726      325F7400 
 1727              	.LASF1:
 1728 037c 756E7369 		.ascii	"unsigned char\000"
 1728      676E6564 
 1728      20636861 
 1728      7200
 1729              	.LASF106:
 1730 038a 53435349 		.ascii	"SCSI_Filt_SEL\000"
 1730      5F46696C 
 1730      745F5345 
 1730      4C00
 1731              	.LASF26:
 1732 0398 64657669 		.ascii	"deviceType\000"
 1732      63655479 
 1732      706500
 1733              	.LASF73:
 1734 03a3 54617267 		.ascii	"TargetState\000"
 1734      65745374 
 1734      61746500 
 1735              	.LASF95:
 1736 03af 636D6443 		.ascii	"cmdCount\000"
 1736      6F756E74 
 1736      00
 1737              	.LASF2:
 1738 03b8 73686F72 		.ascii	"short int\000"
 1738      7420696E 
 1738      7400
 1739              	.LASF43:
 1740 03c2 6D616769 		.ascii	"magic\000"
 1740      6300
 1741              	.LASF120:
 1742 03c8 626C6F63 		.ascii	"blockDev\000"
 1742      6B446576 
 1742      00
 1743              	.LASF109:
 1744 03d1 4449534B 		.ascii	"DISK_STARTED\000"
 1744      5F535441 
 1744      52544544 
 1744      00
 1745              	.LASF29:
 1746 03de 73645365 		.ascii	"sdSectorStart\000"
 1746      63746F72 
 1746      53746172 
 1746      7400
 1747              	.LASF57:
 1748 03ec 41524249 		.ascii	"ARBITRATION\000"
 1748      54524154 
ARM GAS  C:\Users\r\AppData\Local\Temp\ccpI9fuv.s 			page 37


 1748      494F4E00 
 1749              	.LASF124:
 1750 03f8 433A5C55 		.ascii	"C:\\Users\\r\\Documents\\Data Sheets\\apple\\SCSI2S"
 1750      73657273 
 1750      5C725C44 
 1750      6F63756D 
 1750      656E7473 
 1751 0425 445C5343 		.ascii	"D\\SCSI2SD_Copy_01.cydsn\000"
 1751      53493253 
 1751      445F436F 
 1751      70795F30 
 1751      312E6379 
 1752              	.LASF107:
 1753 043d 53435349 		.ascii	"SCSI_Filt_RST\000"
 1753      5F46696C 
 1753      745F5253 
 1753      5400
 1754              	.LASF126:
 1755 044b 736F756E 		.ascii	"soundInit\000"
 1755      64496E69 
 1755      7400
 1756              	.LASF111:
 1757 0455 4449534B 		.ascii	"DISK_INITIALISED\000"
 1757      5F494E49 
 1757      5449414C 
 1757      49534544 
 1757      00
 1758              	.LASF79:
 1759 0466 73656C46 		.ascii	"selFlag\000"
 1759      6C616700 
 1760              	.LASF65:
 1761 046e 4D455353 		.ascii	"MESSAGE_OUT\000"
 1761      4147455F 
 1761      4F555400 
 1762              	.LASF58:
 1763 047a 53454C45 		.ascii	"SELECTION\000"
 1763      4354494F 
 1763      4E00
 1764              	.LASF16:
 1765 0484 75696E74 		.ascii	"uint32_t\000"
 1765      33325F74 
 1765      00
 1766              	.LASF52:
 1767 048d 5F5F7363 		.ascii	"__scsiphase_msg\000"
 1767      73697068 
 1767      6173655F 
 1767      6D736700 
 1768              	.LASF31:
 1769 049d 62797465 		.ascii	"bytesPerSector\000"
 1769      73506572 
 1769      53656374 
 1769      6F7200
 1770              	.LASF23:
 1771 04ac 6C6F6E67 		.ascii	"long double\000"
 1771      20646F75 
 1771      626C6500 
 1772              	.LASF22:
ARM GAS  C:\Users\r\AppData\Local\Temp\ccpI9fuv.s 			page 38


 1773 04b8 63686172 		.ascii	"char\000"
 1773      00
 1774              	.LASF42:
 1775 04bd 54617267 		.ascii	"TargetConfig\000"
 1775      6574436F 
 1775      6E666967 
 1775      00
 1776              	.LASF71:
 1777 04ca 72657365 		.ascii	"reservedId\000"
 1777      72766564 
 1777      496400
 1778              	.LASF4:
 1779 04d5 5F5F7569 		.ascii	"__uint16_t\000"
 1779      6E743136 
 1779      5F7400
 1780              	.LASF66:
 1781 04e0 4C697665 		.ascii	"LiveCfg\000"
 1781      43666700 
 1782              	.LASF85:
 1783 04e8 73617665 		.ascii	"savedDataPtr\000"
 1783      64446174 
 1783      61507472 
 1783      00
 1784              	.LASF34:
 1785 04f5 76656E64 		.ascii	"vendor\000"
 1785      6F7200
 1786              	.LASF100:
 1787 04fc 6C617374 		.ascii	"lastStatus\000"
 1787      53746174 
 1787      757300
 1788              	.LASF6:
 1789 0507 5F5F696E 		.ascii	"__int32_t\000"
 1789      7433325F 
 1789      7400
 1790              	.LASF60:
 1791 0511 53544154 		.ascii	"STATUS\000"
 1791      555300
 1792              	.LASF54:
 1793 0518 5F5F7363 		.ascii	"__scsiphase_io\000"
 1793      73697068 
 1793      6173655F 
 1793      696F00
 1794              	.LASF28:
 1795 0527 64657669 		.ascii	"deviceTypeModifier\000"
 1795      63655479 
 1795      70654D6F 
 1795      64696669 
 1795      657200
 1796              	.LASF59:
 1797 053a 52455345 		.ascii	"RESELECTION\000"
 1797      4C454354 
 1797      494F4E00 
 1798              	.LASF49:
 1799 0546 426F6172 		.ascii	"BoardConfig\000"
 1799      64436F6E 
 1799      66696700 
 1800              	.LASF82:
ARM GAS  C:\Users\r\AppData\Local\Temp\ccpI9fuv.s 			page 39


 1801 0552 70686173 		.ascii	"phase\000"
 1801      6500
 1802              	.LASF67:
 1803 0558 74617267 		.ascii	"targetId\000"
 1803      65744964 
 1803      00
 1804              	.LASF91:
 1805 0561 73746174 		.ascii	"status\000"
 1805      757300
 1806              	.LASF104:
 1807 0568 53435349 		.ascii	"SCSI_Filt_ATN\000"
 1807      5F46696C 
 1807      745F4154 
 1807      4E00
 1808              	.LASF48:
 1809 0576 73637369 		.ascii	"scsiSpeed\000"
 1809      53706565 
 1809      6400
 1810              	.LASF94:
 1811 0580 706F7374 		.ascii	"postDataOutHook\000"
 1811      44617461 
 1811      4F757448 
 1811      6F6F6B00 
 1812              	.LASF13:
 1813 0590 75696E74 		.ascii	"uint8_t\000"
 1813      385F7400 
 1814              	.LASF44:
 1815 0598 666C6167 		.ascii	"flags\000"
 1815      7300
 1816              	.LASF37:
 1817 059e 73657269 		.ascii	"serial\000"
 1817      616C00
 1818              	.LASF78:
 1819 05a5 72657365 		.ascii	"resetFlag\000"
 1819      74466C61 
 1819      6700
 1820              	.LASF56:
 1821 05af 4255535F 		.ascii	"BUS_BUSY\000"
 1821      42555359 
 1821      00
 1822              	.LASF93:
 1823 05b8 6D73674F 		.ascii	"msgOut\000"
 1823      757400
 1824              	.LASF88:
 1825 05bf 64697363 		.ascii	"discPriv\000"
 1825      50726976 
 1825      00
 1826              	.LASF80:
 1827 05c8 70617269 		.ascii	"parityError\000"
 1827      74794572 
 1827      726F7200 
 1828              	.LASF127:
 1829 05d4 6D61696E 		.ascii	"main\000"
 1829      00
 1830              	.LASF123:
 1831 05d9 2E2E5C2E 		.ascii	"..\\..\\src\\main_cy8c52sound.c\000"
 1831      2E5C7372 
ARM GAS  C:\Users\r\AppData\Local\Temp\ccpI9fuv.s 			page 40


 1831      635C6D61 
 1831      696E5F63 
 1831      79386335 
 1832              	.LASF101:
 1833 05f6 6C617374 		.ascii	"lastSense\000"
 1833      53656E73 
 1833      6500
 1834              	.LASF64:
 1835 0600 4D455353 		.ascii	"MESSAGE_IN\000"
 1835      4147455F 
 1835      494E00
 1836              		.ident	"GCC: (GNU Tools for ARM Embedded Processors) 5.4.1 20160609 (release) [ARM/embedded-5-bran
