ARM GAS  C:\Users\r\AppData\Local\Temp\cczR2ehK.s 			page 1


   1              		.syntax unified
   2              		.cpu cortex-m3
   3              		.fpu softvfp
   4              		.eabi_attribute 20, 1
   5              		.eabi_attribute 21, 1
   6              		.eabi_attribute 23, 3
   7              		.eabi_attribute 24, 1
   8              		.eabi_attribute 25, 1
   9              		.eabi_attribute 26, 1
  10              		.eabi_attribute 30, 6
  11              		.eabi_attribute 34, 1
  12              		.eabi_attribute 18, 4
  13              		.thumb
  14              		.syntax unified
  15              		.file	"mo.c"
  16              		.text
  17              	.Ltext0:
  18              		.cfi_sections	.debug_frame
  19              		.section	.text.scsiMOCommand,"ax",%progbits
  20              		.align	2
  21              		.global	scsiMOCommand
  22              		.thumb
  23              		.thumb_func
  24              		.type	scsiMOCommand, %function
  25              	scsiMOCommand:
  26              	.LFB64:
  27              		.file 1 "..\\..\\src\\mo.c"
   1:..\..\src/mo.c **** //	Copyright (C) 2015 Michael McMaster <michael@codesrc.com>
   2:..\..\src/mo.c **** //
   3:..\..\src/mo.c **** //	This file is part of SCSI2SD.
   4:..\..\src/mo.c **** //
   5:..\..\src/mo.c **** //	SCSI2SD is free software: you can redistribute it and/or modify
   6:..\..\src/mo.c **** //	it under the terms of the GNU General Public License as published by
   7:..\..\src/mo.c **** //	the Free Software Foundation, either version 3 of the License, or
   8:..\..\src/mo.c **** //	(at your option) any later version.
   9:..\..\src/mo.c **** //
  10:..\..\src/mo.c **** //	SCSI2SD is distributed in the hope that it will be useful,
  11:..\..\src/mo.c **** //	but WITHOUT ANY WARRANTY; without even the implied warranty of
  12:..\..\src/mo.c **** //	MERCHANTABILITY or FITNESS FOR A PARTICULAR PURPOSE.  See the
  13:..\..\src/mo.c **** //	GNU General Public License for more details.
  14:..\..\src/mo.c **** //
  15:..\..\src/mo.c **** //	You should have received a copy of the GNU General Public License
  16:..\..\src/mo.c **** //	along with SCSI2SD.  If not, see <http://www.gnu.org/licenses/>.
  17:..\..\src/mo.c **** 
  18:..\..\src/mo.c **** #include "device.h"
  19:..\..\src/mo.c **** #include "scsi.h"
  20:..\..\src/mo.c **** #include "config.h"
  21:..\..\src/mo.c **** #include "mo.h"
  22:..\..\src/mo.c **** 
  23:..\..\src/mo.c **** 
  24:..\..\src/mo.c **** // Handle magneto-optical scsi device commands
  25:..\..\src/mo.c **** int scsiMOCommand()
  26:..\..\src/mo.c **** {
  28              		.loc 1 26 0
  29              		.cfi_startproc
  30              		@ args = 0, pretend = 0, frame = 8
  31              		@ frame_needed = 1, uses_anonymous_args = 0
ARM GAS  C:\Users\r\AppData\Local\Temp\cczR2ehK.s 			page 2


  32              		@ link register save eliminated.
  33 0000 80B4     		push	{r7}
  34              		.cfi_def_cfa_offset 4
  35              		.cfi_offset 7, -4
  36 0002 83B0     		sub	sp, sp, #12
  37              		.cfi_def_cfa_offset 16
  38 0004 00AF     		add	r7, sp, #0
  39              		.cfi_def_cfa_register 7
  27:..\..\src/mo.c **** 	int commandHandled = 0;
  40              		.loc 1 27 0
  41 0006 0023     		movs	r3, #0
  42 0008 7B60     		str	r3, [r7, #4]
  28:..\..\src/mo.c **** 
  29:..\..\src/mo.c **** 	uint8 command = scsiDev.cdb[0];
  43              		.loc 1 29 0
  44 000a 0A4B     		ldr	r3, .L5
  45 000c 03F58343 		add	r3, r3, #16768
  46 0010 0833     		adds	r3, r3, #8
  47 0012 1B78     		ldrb	r3, [r3]
  48 0014 FB70     		strb	r3, [r7, #3]
  30:..\..\src/mo.c **** 	if ((command == 0x2C) || // ERASE(10)
  49              		.loc 1 30 0
  50 0016 FB78     		ldrb	r3, [r7, #3]	@ zero_extendqisi2
  51 0018 2C2B     		cmp	r3, #44
  52 001a 02D0     		beq	.L2
  53              		.loc 1 30 0 is_stmt 0 discriminator 1
  54 001c FB78     		ldrb	r3, [r7, #3]	@ zero_extendqisi2
  55 001e AC2B     		cmp	r3, #172
  56 0020 01D1     		bne	.L3
  57              	.L2:
  31:..\..\src/mo.c **** 		(command == 0xAC)) // ERASE(12)
  32:..\..\src/mo.c **** 	{
  33:..\..\src/mo.c **** 		// TODO consider sending an erase command to the SD card.
  34:..\..\src/mo.c **** 
  35:..\..\src/mo.c **** 		commandHandled = 1;
  58              		.loc 1 35 0 is_stmt 1
  59 0022 0123     		movs	r3, #1
  60 0024 7B60     		str	r3, [r7, #4]
  61              	.L3:
  36:..\..\src/mo.c **** 	}
  37:..\..\src/mo.c **** 
  38:..\..\src/mo.c **** 	return commandHandled;
  62              		.loc 1 38 0
  63 0026 7B68     		ldr	r3, [r7, #4]
  39:..\..\src/mo.c **** }...
  64              		.loc 1 39 0
  65 0028 1846     		mov	r0, r3
  66 002a 0C37     		adds	r7, r7, #12
  67              		.cfi_def_cfa_offset 4
  68 002c BD46     		mov	sp, r7
  69              		.cfi_def_cfa_register 13
  70              		@ sp needed
  71 002e 80BC     		pop	{r7}
  72              		.cfi_restore 7
  73              		.cfi_def_cfa_offset 0
  74 0030 7047     		bx	lr
  75              	.L6:
ARM GAS  C:\Users\r\AppData\Local\Temp\cczR2ehK.s 			page 3


  76 0032 00BF     		.align	2
  77              	.L5:
  78 0034 00000000 		.word	scsiDev
  79              		.cfi_endproc
  80              	.LFE64:
  81              		.size	scsiMOCommand, .-scsiMOCommand
  82              		.text
  83              	.Letext0:
  84              		.file 2 "c:\\program files (x86)\\cypress\\psoc creator\\4.2\\psoc creator\\import\\gnu\\arm\\5.4.
  85              		.file 3 "c:\\program files (x86)\\cypress\\psoc creator\\4.2\\psoc creator\\import\\gnu\\arm\\5.4.
  86              		.file 4 "Generated_Source\\PSoC5/cytypes.h"
  87              		.file 5 "../../../include/scsi2sd.h"
  88              		.file 6 "..\\..\\src\\sense.h"
  89              		.file 7 "..\\..\\src\\scsi.h"
  90              		.file 8 "Generated_Source\\PSoC5/core_cm3.h"
  91              		.section	.debug_info,"",%progbits
  92              	.Ldebug_info0:
  93 0000 BB050000 		.4byte	0x5bb
  94 0004 0400     		.2byte	0x4
  95 0006 00000000 		.4byte	.Ldebug_abbrev0
  96 000a 04       		.byte	0x4
  97 000b 01       		.uleb128 0x1
  98 000c DC030000 		.4byte	.LASF94
  99 0010 0C       		.byte	0xc
 100 0011 01030000 		.4byte	.LASF95
 101 0015 B0010000 		.4byte	.LASF96
 102 0019 00000000 		.4byte	.Ldebug_ranges0+0
 103 001d 00000000 		.4byte	0
 104 0021 00000000 		.4byte	.Ldebug_line0
 105 0025 02       		.uleb128 0x2
 106 0026 01       		.byte	0x1
 107 0027 06       		.byte	0x6
 108 0028 22020000 		.4byte	.LASF0
 109 002c 03       		.uleb128 0x3
 110 002d 95010000 		.4byte	.LASF3
 111 0031 02       		.byte	0x2
 112 0032 1D       		.byte	0x1d
 113 0033 37000000 		.4byte	0x37
 114 0037 02       		.uleb128 0x2
 115 0038 01       		.byte	0x1
 116 0039 08       		.byte	0x8
 117 003a 0A020000 		.4byte	.LASF1
 118 003e 02       		.uleb128 0x2
 119 003f 02       		.byte	0x2
 120 0040 05       		.byte	0x5
 121 0041 55000000 		.4byte	.LASF2
 122 0045 03       		.uleb128 0x3
 123 0046 B2000000 		.4byte	.LASF4
 124 004a 02       		.byte	0x2
 125 004b 2B       		.byte	0x2b
 126 004c 50000000 		.4byte	0x50
 127 0050 02       		.uleb128 0x2
 128 0051 02       		.byte	0x2
 129 0052 07       		.byte	0x7
 130 0053 B0020000 		.4byte	.LASF5
 131 0057 03       		.uleb128 0x3
 132 0058 18020000 		.4byte	.LASF6
ARM GAS  C:\Users\r\AppData\Local\Temp\cczR2ehK.s 			page 4


 133 005c 02       		.byte	0x2
 134 005d 3F       		.byte	0x3f
 135 005e 62000000 		.4byte	0x62
 136 0062 02       		.uleb128 0x2
 137 0063 04       		.byte	0x4
 138 0064 05       		.byte	0x5
 139 0065 6F010000 		.4byte	.LASF7
 140 0069 03       		.uleb128 0x3
 141 006a A7000000 		.4byte	.LASF8
 142 006e 02       		.byte	0x2
 143 006f 41       		.byte	0x41
 144 0070 74000000 		.4byte	0x74
 145 0074 02       		.uleb128 0x2
 146 0075 04       		.byte	0x4
 147 0076 07       		.byte	0x7
 148 0077 2B030000 		.4byte	.LASF9
 149 007b 02       		.uleb128 0x2
 150 007c 08       		.byte	0x8
 151 007d 05       		.byte	0x5
 152 007e 55010000 		.4byte	.LASF10
 153 0082 02       		.uleb128 0x2
 154 0083 08       		.byte	0x8
 155 0084 07       		.byte	0x7
 156 0085 34020000 		.4byte	.LASF11
 157 0089 04       		.uleb128 0x4
 158 008a 04       		.byte	0x4
 159 008b 05       		.byte	0x5
 160 008c 696E7400 		.ascii	"int\000"
 161 0090 02       		.uleb128 0x2
 162 0091 04       		.byte	0x4
 163 0092 07       		.byte	0x7
 164 0093 60020000 		.4byte	.LASF12
 165 0097 03       		.uleb128 0x3
 166 0098 71030000 		.4byte	.LASF13
 167 009c 03       		.byte	0x3
 168 009d 18       		.byte	0x18
 169 009e 2C000000 		.4byte	0x2c
 170 00a2 03       		.uleb128 0x3
 171 00a3 78020000 		.4byte	.LASF14
 172 00a7 03       		.byte	0x3
 173 00a8 24       		.byte	0x24
 174 00a9 45000000 		.4byte	0x45
 175 00ad 03       		.uleb128 0x3
 176 00ae F2020000 		.4byte	.LASF15
 177 00b2 03       		.byte	0x3
 178 00b3 2C       		.byte	0x2c
 179 00b4 57000000 		.4byte	0x57
 180 00b8 03       		.uleb128 0x3
 181 00b9 1B010000 		.4byte	.LASF16
 182 00bd 03       		.byte	0x3
 183 00be 30       		.byte	0x30
 184 00bf 69000000 		.4byte	0x69
 185 00c3 05       		.uleb128 0x5
 186 00c4 10030000 		.4byte	.LASF17
 187 00c8 04       		.byte	0x4
 188 00c9 E401     		.2byte	0x1e4
 189 00cb 37000000 		.4byte	0x37
ARM GAS  C:\Users\r\AppData\Local\Temp\cczR2ehK.s 			page 5


 190 00cf 05       		.uleb128 0x5
 191 00d0 EA000000 		.4byte	.LASF18
 192 00d4 04       		.byte	0x4
 193 00d5 E501     		.2byte	0x1e5
 194 00d7 50000000 		.4byte	0x50
 195 00db 05       		.uleb128 0x5
 196 00dc 63010000 		.4byte	.LASF19
 197 00e0 04       		.byte	0x4
 198 00e1 E701     		.2byte	0x1e7
 199 00e3 25000000 		.4byte	0x25
 200 00e7 02       		.uleb128 0x2
 201 00e8 04       		.byte	0x4
 202 00e9 04       		.byte	0x4
 203 00ea 48010000 		.4byte	.LASF20
 204 00ee 02       		.uleb128 0x2
 205 00ef 08       		.byte	0x8
 206 00f0 04       		.byte	0x4
 207 00f1 8D030000 		.4byte	.LASF21
 208 00f5 02       		.uleb128 0x2
 209 00f6 01       		.byte	0x1
 210 00f7 08       		.byte	0x8
 211 00f8 E4020000 		.4byte	.LASF22
 212 00fc 06       		.uleb128 0x6
 213 00fd 04       		.byte	0x4
 214 00fe 02010000 		.4byte	0x102
 215 0102 07       		.uleb128 0x7
 216 0103 02       		.uleb128 0x2
 217 0104 08       		.byte	0x8
 218 0105 04       		.byte	0x4
 219 0106 9B000000 		.4byte	.LASF23
 220 010a 02       		.uleb128 0x2
 221 010b 04       		.byte	0x4
 222 010c 07       		.byte	0x7
 223 010d 7E000000 		.4byte	.LASF24
 224 0111 08       		.uleb128 0x8
 225 0112 F5000000 		.4byte	0xf5
 226 0116 21010000 		.4byte	0x121
 227 011a 09       		.uleb128 0x9
 228 011b 0A010000 		.4byte	0x10a
 229 011f 07       		.byte	0x7
 230 0120 00       		.byte	0
 231 0121 0A       		.uleb128 0xa
 232 0122 0010     		.2byte	0x1000
 233 0124 05       		.byte	0x5
 234 0125 98       		.byte	0x98
 235 0126 06020000 		.4byte	0x206
 236 012a 0B       		.uleb128 0xb
 237 012b 49030000 		.4byte	.LASF25
 238 012f 05       		.byte	0x5
 239 0130 9C       		.byte	0x9c
 240 0131 97000000 		.4byte	0x97
 241 0135 00       		.byte	0
 242 0136 0B       		.uleb128 0xb
 243 0137 79030000 		.4byte	.LASF26
 244 013b 05       		.byte	0x5
 245 013c 9E       		.byte	0x9e
 246 013d 97000000 		.4byte	0x97
ARM GAS  C:\Users\r\AppData\Local\Temp\cczR2ehK.s 			page 6


 247 0141 01       		.byte	0x1
 248 0142 0B       		.uleb128 0xb
 249 0143 86040000 		.4byte	.LASF27
 250 0147 05       		.byte	0x5
 251 0148 9F       		.byte	0x9f
 252 0149 97000000 		.4byte	0x97
 253 014d 02       		.byte	0x2
 254 014e 0B       		.uleb128 0xb
 255 014f 96040000 		.4byte	.LASF28
 256 0153 05       		.byte	0x5
 257 0154 A0       		.byte	0xa0
 258 0155 97000000 		.4byte	0x97
 259 0159 03       		.byte	0x3
 260 015a 0B       		.uleb128 0xb
 261 015b 9B020000 		.4byte	.LASF29
 262 015f 05       		.byte	0x5
 263 0160 A2       		.byte	0xa2
 264 0161 B8000000 		.4byte	0xb8
 265 0165 04       		.byte	0x4
 266 0166 0B       		.uleb128 0xb
 267 0167 BD000000 		.4byte	.LASF30
 268 016b 05       		.byte	0x5
 269 016c A3       		.byte	0xa3
 270 016d B8000000 		.4byte	0xb8
 271 0171 08       		.byte	0x8
 272 0172 0B       		.uleb128 0xb
 273 0173 5F000000 		.4byte	.LASF31
 274 0177 05       		.byte	0x5
 275 0178 A5       		.byte	0xa5
 276 0179 A2000000 		.4byte	0xa2
 277 017d 0C       		.byte	0xc
 278 017e 0B       		.uleb128 0xb
 279 017f 6E000000 		.4byte	.LASF32
 280 0183 05       		.byte	0x5
 281 0184 A8       		.byte	0xa8
 282 0185 A2000000 		.4byte	0xa2
 283 0189 0E       		.byte	0xe
 284 018a 0B       		.uleb128 0xb
 285 018b F1000000 		.4byte	.LASF33
 286 018f 05       		.byte	0x5
 287 0190 AB       		.byte	0xab
 288 0191 A2000000 		.4byte	0xa2
 289 0195 10       		.byte	0x10
 290 0196 0B       		.uleb128 0xb
 291 0197 4E010000 		.4byte	.LASF34
 292 019b 05       		.byte	0x5
 293 019c AE       		.byte	0xae
 294 019d 11010000 		.4byte	0x111
 295 01a1 12       		.byte	0x12
 296 01a2 0B       		.uleb128 0xb
 297 01a3 09000000 		.4byte	.LASF35
 298 01a7 05       		.byte	0x5
 299 01a8 AF       		.byte	0xaf
 300 01a9 06020000 		.4byte	0x206
 301 01ad 1A       		.byte	0x1a
 302 01ae 0B       		.uleb128 0xb
 303 01af 8C010000 		.4byte	.LASF36
ARM GAS  C:\Users\r\AppData\Local\Temp\cczR2ehK.s 			page 7


 304 01b3 05       		.byte	0x5
 305 01b4 B0       		.byte	0xb0
 306 01b5 16020000 		.4byte	0x216
 307 01b9 2A       		.byte	0x2a
 308 01ba 0B       		.uleb128 0xb
 309 01bb FA020000 		.4byte	.LASF37
 310 01bf 05       		.byte	0x5
 311 01c0 B1       		.byte	0xb1
 312 01c1 06020000 		.4byte	0x206
 313 01c5 2E       		.byte	0x2e
 314 01c6 0B       		.uleb128 0xb
 315 01c7 D2020000 		.4byte	.LASF38
 316 01cb 05       		.byte	0x5
 317 01cc B3       		.byte	0xb3
 318 01cd A2000000 		.4byte	0xa2
 319 01d1 3E       		.byte	0x3e
 320 01d2 0B       		.uleb128 0xb
 321 01d3 DA000000 		.4byte	.LASF39
 322 01d7 05       		.byte	0x5
 323 01d8 B5       		.byte	0xb5
 324 01d9 26020000 		.4byte	0x226
 325 01dd 40       		.byte	0x40
 326 01de 0C       		.uleb128 0xc
 327 01df C8030000 		.4byte	.LASF40
 328 01e3 05       		.byte	0x5
 329 01e4 B7       		.byte	0xb7
 330 01e5 37020000 		.4byte	0x237
 331 01e9 0004     		.2byte	0x400
 332 01eb 0D       		.uleb128 0xd
 333 01ec 76706400 		.ascii	"vpd\000"
 334 01f0 05       		.byte	0x5
 335 01f1 B8       		.byte	0xb8
 336 01f2 37020000 		.4byte	0x237
 337 01f6 0008     		.2byte	0x800
 338 01f8 0C       		.uleb128 0xc
 339 01f9 77040000 		.4byte	.LASF41
 340 01fd 05       		.byte	0x5
 341 01fe B9       		.byte	0xb9
 342 01ff 37020000 		.4byte	0x237
 343 0203 000C     		.2byte	0xc00
 344 0205 00       		.byte	0
 345 0206 08       		.uleb128 0x8
 346 0207 F5000000 		.4byte	0xf5
 347 020b 16020000 		.4byte	0x216
 348 020f 09       		.uleb128 0x9
 349 0210 0A010000 		.4byte	0x10a
 350 0214 0F       		.byte	0xf
 351 0215 00       		.byte	0
 352 0216 08       		.uleb128 0x8
 353 0217 F5000000 		.4byte	0xf5
 354 021b 26020000 		.4byte	0x226
 355 021f 09       		.uleb128 0x9
 356 0220 0A010000 		.4byte	0x10a
 357 0224 03       		.byte	0x3
 358 0225 00       		.byte	0
 359 0226 08       		.uleb128 0x8
 360 0227 97000000 		.4byte	0x97
ARM GAS  C:\Users\r\AppData\Local\Temp\cczR2ehK.s 			page 8


 361 022b 37020000 		.4byte	0x237
 362 022f 0E       		.uleb128 0xe
 363 0230 0A010000 		.4byte	0x10a
 364 0234 BF03     		.2byte	0x3bf
 365 0236 00       		.byte	0
 366 0237 08       		.uleb128 0x8
 367 0238 97000000 		.4byte	0x97
 368 023c 48020000 		.4byte	0x248
 369 0240 0E       		.uleb128 0xe
 370 0241 0A010000 		.4byte	0x10a
 371 0245 FF03     		.2byte	0x3ff
 372 0247 00       		.byte	0
 373 0248 03       		.uleb128 0x3
 374 0249 4B020000 		.4byte	.LASF42
 375 024d 05       		.byte	0x5
 376 024e BA       		.byte	0xba
 377 024f 21010000 		.4byte	0x121
 378 0253 0A       		.uleb128 0xa
 379 0254 0001     		.2byte	0x100
 380 0256 05       		.byte	0x5
 381 0257 BC       		.byte	0xbc
 382 0258 B1020000 		.4byte	0x2b1
 383 025c 0B       		.uleb128 0xb
 384 025d 94030000 		.4byte	.LASF43
 385 0261 05       		.byte	0x5
 386 0262 BE       		.byte	0xbe
 387 0263 16020000 		.4byte	0x216
 388 0267 00       		.byte	0
 389 0268 0B       		.uleb128 0xb
 390 0269 2E020000 		.4byte	.LASF44
 391 026d 05       		.byte	0x5
 392 026e BF       		.byte	0xbf
 393 026f 97000000 		.4byte	0x97
 394 0273 04       		.byte	0x4
 395 0274 0B       		.uleb128 0xb
 396 0275 28000000 		.4byte	.LASF45
 397 0279 05       		.byte	0x5
 398 027a C0       		.byte	0xc0
 399 027b 97000000 		.4byte	0x97
 400 027f 05       		.byte	0x5
 401 0280 0B       		.uleb128 0xb
 402 0281 C3020000 		.4byte	.LASF46
 403 0285 05       		.byte	0x5
 404 0286 C1       		.byte	0xc1
 405 0287 97000000 		.4byte	0x97
 406 028b 06       		.byte	0x6
 407 028c 0B       		.uleb128 0xb
 408 028d 87000000 		.4byte	.LASF47
 409 0291 05       		.byte	0x5
 410 0292 C2       		.byte	0xc2
 411 0293 97000000 		.4byte	0x97
 412 0297 07       		.byte	0x7
 413 0298 0B       		.uleb128 0xb
 414 0299 02010000 		.4byte	.LASF48
 415 029d 05       		.byte	0x5
 416 029e C4       		.byte	0xc4
 417 029f 97000000 		.4byte	0x97
ARM GAS  C:\Users\r\AppData\Local\Temp\cczR2ehK.s 			page 9


 418 02a3 08       		.byte	0x8
 419 02a4 0B       		.uleb128 0xb
 420 02a5 DA000000 		.4byte	.LASF39
 421 02a9 05       		.byte	0x5
 422 02aa C7       		.byte	0xc7
 423 02ab B1020000 		.4byte	0x2b1
 424 02af 09       		.byte	0x9
 425 02b0 00       		.byte	0
 426 02b1 08       		.uleb128 0x8
 427 02b2 97000000 		.4byte	0x97
 428 02b6 C1020000 		.4byte	0x2c1
 429 02ba 09       		.uleb128 0x9
 430 02bb 0A010000 		.4byte	0x10a
 431 02bf F6       		.byte	0xf6
 432 02c0 00       		.byte	0
 433 02c1 03       		.uleb128 0x3
 434 02c2 80010000 		.4byte	.LASF49
 435 02c6 05       		.byte	0x5
 436 02c7 C8       		.byte	0xc8
 437 02c8 53020000 		.4byte	0x253
 438 02cc 0F       		.uleb128 0xf
 439 02cd 04       		.byte	0x4
 440 02ce 06       		.byte	0x6
 441 02cf AA       		.byte	0xaa
 442 02d0 ED020000 		.4byte	0x2ed
 443 02d4 0B       		.uleb128 0xb
 444 02d5 0C010000 		.4byte	.LASF50
 445 02d9 06       		.byte	0x6
 446 02da AC       		.byte	0xac
 447 02db C3000000 		.4byte	0xc3
 448 02df 00       		.byte	0
 449 02e0 10       		.uleb128 0x10
 450 02e1 61736300 		.ascii	"asc\000"
 451 02e5 06       		.byte	0x6
 452 02e6 AD       		.byte	0xad
 453 02e7 CF000000 		.4byte	0xcf
 454 02eb 02       		.byte	0x2
 455 02ec 00       		.byte	0
 456 02ed 03       		.uleb128 0x3
 457 02ee D2030000 		.4byte	.LASF51
 458 02f2 06       		.byte	0x6
 459 02f3 AE       		.byte	0xae
 460 02f4 CC020000 		.4byte	0x2cc
 461 02f8 0F       		.uleb128 0xf
 462 02f9 02       		.byte	0x2
 463 02fa 07       		.byte	0x7
 464 02fb 4E       		.byte	0x4e
 465 02fc 0D030000 		.4byte	0x30d
 466 0300 0B       		.uleb128 0xb
 467 0301 5F000000 		.4byte	.LASF31
 468 0305 07       		.byte	0x7
 469 0306 50       		.byte	0x50
 470 0307 A2000000 		.4byte	0xa2
 471 030b 00       		.byte	0
 472 030c 00       		.byte	0
 473 030d 03       		.uleb128 0x3
 474 030e 02020000 		.4byte	.LASF52
ARM GAS  C:\Users\r\AppData\Local\Temp\cczR2ehK.s 			page 10


 475 0312 07       		.byte	0x7
 476 0313 51       		.byte	0x51
 477 0314 F8020000 		.4byte	0x2f8
 478 0318 0F       		.uleb128 0xf
 479 0319 18       		.byte	0x18
 480 031a 07       		.byte	0x7
 481 031b 53       		.byte	0x53
 482 031c 75030000 		.4byte	0x375
 483 0320 0B       		.uleb128 0xb
 484 0321 E9020000 		.4byte	.LASF53
 485 0325 07       		.byte	0x7
 486 0326 55       		.byte	0x55
 487 0327 97000000 		.4byte	0x97
 488 032b 00       		.byte	0
 489 032c 10       		.uleb128 0x10
 490 032d 63666700 		.ascii	"cfg\000"
 491 0331 07       		.byte	0x7
 492 0332 57       		.byte	0x57
 493 0333 75030000 		.4byte	0x375
 494 0337 04       		.byte	0x4
 495 0338 0B       		.uleb128 0xb
 496 0339 5E030000 		.4byte	.LASF54
 497 033d 07       		.byte	0x7
 498 033e 59       		.byte	0x59
 499 033f 0D030000 		.4byte	0x30d
 500 0343 08       		.byte	0x8
 501 0344 0B       		.uleb128 0xb
 502 0345 9F010000 		.4byte	.LASF55
 503 0349 07       		.byte	0x7
 504 034a 5B       		.byte	0x5b
 505 034b ED020000 		.4byte	0x2ed
 506 034f 0A       		.byte	0xa
 507 0350 0B       		.uleb128 0xb
 508 0351 3A000000 		.4byte	.LASF56
 509 0355 07       		.byte	0x7
 510 0356 5D       		.byte	0x5d
 511 0357 CF000000 		.4byte	0xcf
 512 035b 0E       		.byte	0xe
 513 035c 0B       		.uleb128 0xb
 514 035d 6D020000 		.4byte	.LASF57
 515 0361 07       		.byte	0x7
 516 0362 61       		.byte	0x61
 517 0363 89000000 		.4byte	0x89
 518 0367 10       		.byte	0x10
 519 0368 0B       		.uleb128 0xb
 520 0369 BD030000 		.4byte	.LASF58
 521 036d 07       		.byte	0x7
 522 036e 62       		.byte	0x62
 523 036f 89000000 		.4byte	0x89
 524 0373 14       		.byte	0x14
 525 0374 00       		.byte	0
 526 0375 06       		.uleb128 0x6
 527 0376 04       		.byte	0x4
 528 0377 7B030000 		.4byte	0x37b
 529 037b 11       		.uleb128 0x11
 530 037c 48020000 		.4byte	0x248
 531 0380 03       		.uleb128 0x3
ARM GAS  C:\Users\r\AppData\Local\Temp\cczR2ehK.s 			page 11


 532 0381 33010000 		.4byte	.LASF59
 533 0385 07       		.byte	0x7
 534 0386 63       		.byte	0x63
 535 0387 18030000 		.4byte	0x318
 536 038b 0A       		.uleb128 0xa
 537 038c B041     		.2byte	0x41b0
 538 038e 07       		.byte	0x7
 539 038f 65       		.byte	0x65
 540 0390 25050000 		.4byte	0x525
 541 0394 0B       		.uleb128 0xb
 542 0395 C9000000 		.4byte	.LASF60
 543 0399 07       		.byte	0x7
 544 039a 67       		.byte	0x67
 545 039b 25050000 		.4byte	0x525
 546 039f 00       		.byte	0
 547 03a0 0B       		.uleb128 0xb
 548 03a1 4E000000 		.4byte	.LASF61
 549 03a5 07       		.byte	0x7
 550 03a6 68       		.byte	0x68
 551 03a7 35050000 		.4byte	0x535
 552 03ab 60       		.byte	0x60
 553 03ac 0B       		.uleb128 0xb
 554 03ad 16030000 		.4byte	.LASF62
 555 03b1 07       		.byte	0x7
 556 03b2 69       		.byte	0x69
 557 03b3 C1020000 		.4byte	0x2c1
 558 03b7 64       		.byte	0x64
 559 03b8 0C       		.uleb128 0xc
 560 03b9 78010000 		.4byte	.LASF63
 561 03bd 07       		.byte	0x7
 562 03be 6E       		.byte	0x6e
 563 03bf 89000000 		.4byte	0x89
 564 03c3 6401     		.2byte	0x164
 565 03c5 0C       		.uleb128 0xc
 566 03c6 11010000 		.4byte	.LASF64
 567 03ca 07       		.byte	0x7
 568 03cb 71       		.byte	0x71
 569 03cc 3B050000 		.4byte	0x53b
 570 03d0 6801     		.2byte	0x168
 571 03d2 0C       		.uleb128 0xc
 572 03d3 58020000 		.4byte	.LASF65
 573 03d7 07       		.byte	0x7
 574 03d8 74       		.byte	0x74
 575 03d9 3B050000 		.4byte	0x53b
 576 03dd 6C01     		.2byte	0x16c
 577 03df 0C       		.uleb128 0xc
 578 03e0 1F030000 		.4byte	.LASF66
 579 03e4 07       		.byte	0x7
 580 03e5 77       		.byte	0x77
 581 03e6 89000000 		.4byte	0x89
 582 03ea 7001     		.2byte	0x170
 583 03ec 0C       		.uleb128 0xc
 584 03ed 68010000 		.4byte	.LASF67
 585 03f1 07       		.byte	0x7
 586 03f2 79       		.byte	0x79
 587 03f3 3B050000 		.4byte	0x53b
 588 03f7 7401     		.2byte	0x174
ARM GAS  C:\Users\r\AppData\Local\Temp\cczR2ehK.s 			page 12


 589 03f9 0C       		.uleb128 0xc
 590 03fa 95000000 		.4byte	.LASF68
 591 03fe 07       		.byte	0x7
 592 03ff 7B       		.byte	0x7b
 593 0400 89000000 		.4byte	0x89
 594 0404 7801     		.2byte	0x178
 595 0406 0C       		.uleb128 0xc
 596 0407 35000000 		.4byte	.LASF69
 597 040b 07       		.byte	0x7
 598 040c 7D       		.byte	0x7d
 599 040d 40050000 		.4byte	0x540
 600 0411 7C01     		.2byte	0x17c
 601 0413 0C       		.uleb128 0xc
 602 0414 89020000 		.4byte	.LASF70
 603 0418 07       		.byte	0x7
 604 0419 7E       		.byte	0x7e
 605 041a 89000000 		.4byte	0x89
 606 041e 7C41     		.2byte	0x417c
 607 0420 0C       		.uleb128 0xc
 608 0421 F5010000 		.4byte	.LASF71
 609 0425 07       		.byte	0x7
 610 0426 7F       		.byte	0x7f
 611 0427 89000000 		.4byte	0x89
 612 042b 8041     		.2byte	0x4180
 613 042d 0C       		.uleb128 0xc
 614 042e 10000000 		.4byte	.LASF72
 615 0432 07       		.byte	0x7
 616 0433 80       		.byte	0x80
 617 0434 89000000 		.4byte	0x89
 618 0438 8441     		.2byte	0x4184
 619 043a 0D       		.uleb128 0xd
 620 043b 63646200 		.ascii	"cdb\000"
 621 043f 07       		.byte	0x7
 622 0440 82       		.byte	0x82
 623 0441 51050000 		.4byte	0x551
 624 0445 8841     		.2byte	0x4188
 625 0447 0C       		.uleb128 0xc
 626 0448 E3000000 		.4byte	.LASF73
 627 044c 07       		.byte	0x7
 628 044d 83       		.byte	0x83
 629 044e C3000000 		.4byte	0xc3
 630 0452 9441     		.2byte	0x4194
 631 0454 0D       		.uleb128 0xd
 632 0455 6C756E00 		.ascii	"lun\000"
 633 0459 07       		.byte	0x7
 634 045a 84       		.byte	0x84
 635 045b DB000000 		.4byte	0xdb
 636 045f 9541     		.2byte	0x4195
 637 0461 0C       		.uleb128 0xc
 638 0462 9A030000 		.4byte	.LASF74
 639 0466 07       		.byte	0x7
 640 0467 85       		.byte	0x85
 641 0468 C3000000 		.4byte	0xc3
 642 046c 9641     		.2byte	0x4196
 643 046e 0C       		.uleb128 0xc
 644 046f A5010000 		.4byte	.LASF75
 645 0473 07       		.byte	0x7
ARM GAS  C:\Users\r\AppData\Local\Temp\cczR2ehK.s 			page 13


 646 0474 86       		.byte	0x86
 647 0475 97000000 		.4byte	0x97
 648 0479 9741     		.2byte	0x4197
 649 047b 0C       		.uleb128 0xc
 650 047c 3D030000 		.4byte	.LASF76
 651 0480 07       		.byte	0x7
 652 0481 8A       		.byte	0x8a
 653 0482 89000000 		.4byte	0x89
 654 0486 9841     		.2byte	0x4198
 655 0488 0C       		.uleb128 0xc
 656 0489 A9020000 		.4byte	.LASF77
 657 048d 07       		.byte	0x7
 658 048e 8E       		.byte	0x8e
 659 048f C3000000 		.4byte	0xc3
 660 0493 9C41     		.2byte	0x419c
 661 0495 0C       		.uleb128 0xc
 662 0496 48000000 		.4byte	.LASF78
 663 049a 07       		.byte	0x7
 664 049b 90       		.byte	0x90
 665 049c C3000000 		.4byte	0xc3
 666 04a0 9D41     		.2byte	0x419d
 667 04a2 0C       		.uleb128 0xc
 668 04a3 8E000000 		.4byte	.LASF79
 669 04a7 07       		.byte	0x7
 670 04a8 91       		.byte	0x91
 671 04a9 C3000000 		.4byte	0xc3
 672 04ad 9E41     		.2byte	0x419e
 673 04af 0C       		.uleb128 0xc
 674 04b0 18000000 		.4byte	.LASF80
 675 04b4 07       		.byte	0x7
 676 04b5 93       		.byte	0x93
 677 04b6 FC000000 		.4byte	0xfc
 678 04ba A041     		.2byte	0x41a0
 679 04bc 0C       		.uleb128 0xc
 680 04bd D1000000 		.4byte	.LASF81
 681 04c1 07       		.byte	0x7
 682 04c2 95       		.byte	0x95
 683 04c3 C3000000 		.4byte	0xc3
 684 04c7 A441     		.2byte	0x41a4
 685 04c9 0C       		.uleb128 0xc
 686 04ca 3F010000 		.4byte	.LASF82
 687 04ce 07       		.byte	0x7
 688 04cf 96       		.byte	0x96
 689 04d0 C3000000 		.4byte	0xc3
 690 04d4 A541     		.2byte	0x41a5
 691 04d6 0C       		.uleb128 0xc
 692 04d7 00000000 		.4byte	.LASF83
 693 04db 07       		.byte	0x7
 694 04dc 97       		.byte	0x97
 695 04dd C3000000 		.4byte	0xc3
 696 04e1 A641     		.2byte	0x41a6
 697 04e3 0C       		.uleb128 0xc
 698 04e4 84030000 		.4byte	.LASF84
 699 04e8 07       		.byte	0x7
 700 04e9 98       		.byte	0x98
 701 04ea C3000000 		.4byte	0xc3
 702 04ee A741     		.2byte	0x41a7
ARM GAS  C:\Users\r\AppData\Local\Temp\cczR2ehK.s 			page 14


 703 04f0 0C       		.uleb128 0xc
 704 04f1 6A040000 		.4byte	.LASF85
 705 04f5 07       		.byte	0x7
 706 04f6 99       		.byte	0x99
 707 04f7 C3000000 		.4byte	0xc3
 708 04fb A841     		.2byte	0x41a8
 709 04fd 0C       		.uleb128 0xc
 710 04fe D9020000 		.4byte	.LASF86
 711 0502 07       		.byte	0x7
 712 0503 9A       		.byte	0x9a
 713 0504 C3000000 		.4byte	0xc3
 714 0508 A941     		.2byte	0x41a9
 715 050a 0C       		.uleb128 0xc
 716 050b 91020000 		.4byte	.LASF87
 717 050f 07       		.byte	0x7
 718 0510 9B       		.byte	0x9b
 719 0511 C3000000 		.4byte	0xc3
 720 0515 AA41     		.2byte	0x41aa
 721 0517 0C       		.uleb128 0xc
 722 0518 A3030000 		.4byte	.LASF88
 723 051c 07       		.byte	0x7
 724 051d 9C       		.byte	0x9c
 725 051e A2000000 		.4byte	0xa2
 726 0522 AC41     		.2byte	0x41ac
 727 0524 00       		.byte	0
 728 0525 08       		.uleb128 0x8
 729 0526 80030000 		.4byte	0x380
 730 052a 35050000 		.4byte	0x535
 731 052e 09       		.uleb128 0x9
 732 052f 0A010000 		.4byte	0x10a
 733 0533 03       		.byte	0x3
 734 0534 00       		.byte	0
 735 0535 06       		.uleb128 0x6
 736 0536 04       		.byte	0x4
 737 0537 80030000 		.4byte	0x380
 738 053b 12       		.uleb128 0x12
 739 053c 89000000 		.4byte	0x89
 740 0540 08       		.uleb128 0x8
 741 0541 C3000000 		.4byte	0xc3
 742 0545 51050000 		.4byte	0x551
 743 0549 0E       		.uleb128 0xe
 744 054a 0A010000 		.4byte	0x10a
 745 054e FF3F     		.2byte	0x3fff
 746 0550 00       		.byte	0
 747 0551 08       		.uleb128 0x8
 748 0552 C3000000 		.4byte	0xc3
 749 0556 61050000 		.4byte	0x561
 750 055a 09       		.uleb128 0x9
 751 055b 0A010000 		.4byte	0x10a
 752 055f 0B       		.byte	0xb
 753 0560 00       		.byte	0
 754 0561 03       		.uleb128 0x3
 755 0562 66030000 		.4byte	.LASF89
 756 0566 07       		.byte	0x7
 757 0567 9D       		.byte	0x9d
 758 0568 8B030000 		.4byte	0x38b
 759 056c 13       		.uleb128 0x13
ARM GAS  C:\Users\r\AppData\Local\Temp\cczR2ehK.s 			page 15


 760 056d 50030000 		.4byte	.LASF97
 761 0571 01       		.byte	0x1
 762 0572 19       		.byte	0x19
 763 0573 89000000 		.4byte	0x89
 764 0577 00000000 		.4byte	.LFB64
 765 057b 38000000 		.4byte	.LFE64-.LFB64
 766 057f 01       		.uleb128 0x1
 767 0580 9C       		.byte	0x9c
 768 0581 A2050000 		.4byte	0x5a2
 769 0585 14       		.uleb128 0x14
 770 0586 24010000 		.4byte	.LASF90
 771 058a 01       		.byte	0x1
 772 058b 1B       		.byte	0x1b
 773 058c 89000000 		.4byte	0x89
 774 0590 02       		.uleb128 0x2
 775 0591 91       		.byte	0x91
 776 0592 74       		.sleb128 -12
 777 0593 14       		.uleb128 0x14
 778 0594 7E040000 		.4byte	.LASF91
 779 0598 01       		.byte	0x1
 780 0599 1D       		.byte	0x1d
 781 059a C3000000 		.4byte	0xc3
 782 059e 02       		.uleb128 0x2
 783 059f 91       		.byte	0x91
 784 05a0 73       		.sleb128 -13
 785 05a1 00       		.byte	0
 786 05a2 15       		.uleb128 0x15
 787 05a3 B0030000 		.4byte	.LASF92
 788 05a7 08       		.byte	0x8
 789 05a8 1207     		.2byte	0x712
 790 05aa AE050000 		.4byte	0x5ae
 791 05ae 12       		.uleb128 0x12
 792 05af AD000000 		.4byte	0xad
 793 05b3 16       		.uleb128 0x16
 794 05b4 81020000 		.4byte	.LASF93
 795 05b8 07       		.byte	0x7
 796 05b9 9F       		.byte	0x9f
 797 05ba 61050000 		.4byte	0x561
 798 05be 00       		.byte	0
 799              		.section	.debug_abbrev,"",%progbits
 800              	.Ldebug_abbrev0:
 801 0000 01       		.uleb128 0x1
 802 0001 11       		.uleb128 0x11
 803 0002 01       		.byte	0x1
 804 0003 25       		.uleb128 0x25
 805 0004 0E       		.uleb128 0xe
 806 0005 13       		.uleb128 0x13
 807 0006 0B       		.uleb128 0xb
 808 0007 03       		.uleb128 0x3
 809 0008 0E       		.uleb128 0xe
 810 0009 1B       		.uleb128 0x1b
 811 000a 0E       		.uleb128 0xe
 812 000b 55       		.uleb128 0x55
 813 000c 17       		.uleb128 0x17
 814 000d 11       		.uleb128 0x11
 815 000e 01       		.uleb128 0x1
 816 000f 10       		.uleb128 0x10
ARM GAS  C:\Users\r\AppData\Local\Temp\cczR2ehK.s 			page 16


 817 0010 17       		.uleb128 0x17
 818 0011 00       		.byte	0
 819 0012 00       		.byte	0
 820 0013 02       		.uleb128 0x2
 821 0014 24       		.uleb128 0x24
 822 0015 00       		.byte	0
 823 0016 0B       		.uleb128 0xb
 824 0017 0B       		.uleb128 0xb
 825 0018 3E       		.uleb128 0x3e
 826 0019 0B       		.uleb128 0xb
 827 001a 03       		.uleb128 0x3
 828 001b 0E       		.uleb128 0xe
 829 001c 00       		.byte	0
 830 001d 00       		.byte	0
 831 001e 03       		.uleb128 0x3
 832 001f 16       		.uleb128 0x16
 833 0020 00       		.byte	0
 834 0021 03       		.uleb128 0x3
 835 0022 0E       		.uleb128 0xe
 836 0023 3A       		.uleb128 0x3a
 837 0024 0B       		.uleb128 0xb
 838 0025 3B       		.uleb128 0x3b
 839 0026 0B       		.uleb128 0xb
 840 0027 49       		.uleb128 0x49
 841 0028 13       		.uleb128 0x13
 842 0029 00       		.byte	0
 843 002a 00       		.byte	0
 844 002b 04       		.uleb128 0x4
 845 002c 24       		.uleb128 0x24
 846 002d 00       		.byte	0
 847 002e 0B       		.uleb128 0xb
 848 002f 0B       		.uleb128 0xb
 849 0030 3E       		.uleb128 0x3e
 850 0031 0B       		.uleb128 0xb
 851 0032 03       		.uleb128 0x3
 852 0033 08       		.uleb128 0x8
 853 0034 00       		.byte	0
 854 0035 00       		.byte	0
 855 0036 05       		.uleb128 0x5
 856 0037 16       		.uleb128 0x16
 857 0038 00       		.byte	0
 858 0039 03       		.uleb128 0x3
 859 003a 0E       		.uleb128 0xe
 860 003b 3A       		.uleb128 0x3a
 861 003c 0B       		.uleb128 0xb
 862 003d 3B       		.uleb128 0x3b
 863 003e 05       		.uleb128 0x5
 864 003f 49       		.uleb128 0x49
 865 0040 13       		.uleb128 0x13
 866 0041 00       		.byte	0
 867 0042 00       		.byte	0
 868 0043 06       		.uleb128 0x6
 869 0044 0F       		.uleb128 0xf
 870 0045 00       		.byte	0
 871 0046 0B       		.uleb128 0xb
 872 0047 0B       		.uleb128 0xb
 873 0048 49       		.uleb128 0x49
ARM GAS  C:\Users\r\AppData\Local\Temp\cczR2ehK.s 			page 17


 874 0049 13       		.uleb128 0x13
 875 004a 00       		.byte	0
 876 004b 00       		.byte	0
 877 004c 07       		.uleb128 0x7
 878 004d 15       		.uleb128 0x15
 879 004e 00       		.byte	0
 880 004f 27       		.uleb128 0x27
 881 0050 19       		.uleb128 0x19
 882 0051 00       		.byte	0
 883 0052 00       		.byte	0
 884 0053 08       		.uleb128 0x8
 885 0054 01       		.uleb128 0x1
 886 0055 01       		.byte	0x1
 887 0056 49       		.uleb128 0x49
 888 0057 13       		.uleb128 0x13
 889 0058 01       		.uleb128 0x1
 890 0059 13       		.uleb128 0x13
 891 005a 00       		.byte	0
 892 005b 00       		.byte	0
 893 005c 09       		.uleb128 0x9
 894 005d 21       		.uleb128 0x21
 895 005e 00       		.byte	0
 896 005f 49       		.uleb128 0x49
 897 0060 13       		.uleb128 0x13
 898 0061 2F       		.uleb128 0x2f
 899 0062 0B       		.uleb128 0xb
 900 0063 00       		.byte	0
 901 0064 00       		.byte	0
 902 0065 0A       		.uleb128 0xa
 903 0066 13       		.uleb128 0x13
 904 0067 01       		.byte	0x1
 905 0068 0B       		.uleb128 0xb
 906 0069 05       		.uleb128 0x5
 907 006a 3A       		.uleb128 0x3a
 908 006b 0B       		.uleb128 0xb
 909 006c 3B       		.uleb128 0x3b
 910 006d 0B       		.uleb128 0xb
 911 006e 01       		.uleb128 0x1
 912 006f 13       		.uleb128 0x13
 913 0070 00       		.byte	0
 914 0071 00       		.byte	0
 915 0072 0B       		.uleb128 0xb
 916 0073 0D       		.uleb128 0xd
 917 0074 00       		.byte	0
 918 0075 03       		.uleb128 0x3
 919 0076 0E       		.uleb128 0xe
 920 0077 3A       		.uleb128 0x3a
 921 0078 0B       		.uleb128 0xb
 922 0079 3B       		.uleb128 0x3b
 923 007a 0B       		.uleb128 0xb
 924 007b 49       		.uleb128 0x49
 925 007c 13       		.uleb128 0x13
 926 007d 38       		.uleb128 0x38
 927 007e 0B       		.uleb128 0xb
 928 007f 00       		.byte	0
 929 0080 00       		.byte	0
 930 0081 0C       		.uleb128 0xc
ARM GAS  C:\Users\r\AppData\Local\Temp\cczR2ehK.s 			page 18


 931 0082 0D       		.uleb128 0xd
 932 0083 00       		.byte	0
 933 0084 03       		.uleb128 0x3
 934 0085 0E       		.uleb128 0xe
 935 0086 3A       		.uleb128 0x3a
 936 0087 0B       		.uleb128 0xb
 937 0088 3B       		.uleb128 0x3b
 938 0089 0B       		.uleb128 0xb
 939 008a 49       		.uleb128 0x49
 940 008b 13       		.uleb128 0x13
 941 008c 38       		.uleb128 0x38
 942 008d 05       		.uleb128 0x5
 943 008e 00       		.byte	0
 944 008f 00       		.byte	0
 945 0090 0D       		.uleb128 0xd
 946 0091 0D       		.uleb128 0xd
 947 0092 00       		.byte	0
 948 0093 03       		.uleb128 0x3
 949 0094 08       		.uleb128 0x8
 950 0095 3A       		.uleb128 0x3a
 951 0096 0B       		.uleb128 0xb
 952 0097 3B       		.uleb128 0x3b
 953 0098 0B       		.uleb128 0xb
 954 0099 49       		.uleb128 0x49
 955 009a 13       		.uleb128 0x13
 956 009b 38       		.uleb128 0x38
 957 009c 05       		.uleb128 0x5
 958 009d 00       		.byte	0
 959 009e 00       		.byte	0
 960 009f 0E       		.uleb128 0xe
 961 00a0 21       		.uleb128 0x21
 962 00a1 00       		.byte	0
 963 00a2 49       		.uleb128 0x49
 964 00a3 13       		.uleb128 0x13
 965 00a4 2F       		.uleb128 0x2f
 966 00a5 05       		.uleb128 0x5
 967 00a6 00       		.byte	0
 968 00a7 00       		.byte	0
 969 00a8 0F       		.uleb128 0xf
 970 00a9 13       		.uleb128 0x13
 971 00aa 01       		.byte	0x1
 972 00ab 0B       		.uleb128 0xb
 973 00ac 0B       		.uleb128 0xb
 974 00ad 3A       		.uleb128 0x3a
 975 00ae 0B       		.uleb128 0xb
 976 00af 3B       		.uleb128 0x3b
 977 00b0 0B       		.uleb128 0xb
 978 00b1 01       		.uleb128 0x1
 979 00b2 13       		.uleb128 0x13
 980 00b3 00       		.byte	0
 981 00b4 00       		.byte	0
 982 00b5 10       		.uleb128 0x10
 983 00b6 0D       		.uleb128 0xd
 984 00b7 00       		.byte	0
 985 00b8 03       		.uleb128 0x3
 986 00b9 08       		.uleb128 0x8
 987 00ba 3A       		.uleb128 0x3a
ARM GAS  C:\Users\r\AppData\Local\Temp\cczR2ehK.s 			page 19


 988 00bb 0B       		.uleb128 0xb
 989 00bc 3B       		.uleb128 0x3b
 990 00bd 0B       		.uleb128 0xb
 991 00be 49       		.uleb128 0x49
 992 00bf 13       		.uleb128 0x13
 993 00c0 38       		.uleb128 0x38
 994 00c1 0B       		.uleb128 0xb
 995 00c2 00       		.byte	0
 996 00c3 00       		.byte	0
 997 00c4 11       		.uleb128 0x11
 998 00c5 26       		.uleb128 0x26
 999 00c6 00       		.byte	0
 1000 00c7 49       		.uleb128 0x49
 1001 00c8 13       		.uleb128 0x13
 1002 00c9 00       		.byte	0
 1003 00ca 00       		.byte	0
 1004 00cb 12       		.uleb128 0x12
 1005 00cc 35       		.uleb128 0x35
 1006 00cd 00       		.byte	0
 1007 00ce 49       		.uleb128 0x49
 1008 00cf 13       		.uleb128 0x13
 1009 00d0 00       		.byte	0
 1010 00d1 00       		.byte	0
 1011 00d2 13       		.uleb128 0x13
 1012 00d3 2E       		.uleb128 0x2e
 1013 00d4 01       		.byte	0x1
 1014 00d5 3F       		.uleb128 0x3f
 1015 00d6 19       		.uleb128 0x19
 1016 00d7 03       		.uleb128 0x3
 1017 00d8 0E       		.uleb128 0xe
 1018 00d9 3A       		.uleb128 0x3a
 1019 00da 0B       		.uleb128 0xb
 1020 00db 3B       		.uleb128 0x3b
 1021 00dc 0B       		.uleb128 0xb
 1022 00dd 27       		.uleb128 0x27
 1023 00de 19       		.uleb128 0x19
 1024 00df 49       		.uleb128 0x49
 1025 00e0 13       		.uleb128 0x13
 1026 00e1 11       		.uleb128 0x11
 1027 00e2 01       		.uleb128 0x1
 1028 00e3 12       		.uleb128 0x12
 1029 00e4 06       		.uleb128 0x6
 1030 00e5 40       		.uleb128 0x40
 1031 00e6 18       		.uleb128 0x18
 1032 00e7 9742     		.uleb128 0x2117
 1033 00e9 19       		.uleb128 0x19
 1034 00ea 01       		.uleb128 0x1
 1035 00eb 13       		.uleb128 0x13
 1036 00ec 00       		.byte	0
 1037 00ed 00       		.byte	0
 1038 00ee 14       		.uleb128 0x14
 1039 00ef 34       		.uleb128 0x34
 1040 00f0 00       		.byte	0
 1041 00f1 03       		.uleb128 0x3
 1042 00f2 0E       		.uleb128 0xe
 1043 00f3 3A       		.uleb128 0x3a
 1044 00f4 0B       		.uleb128 0xb
ARM GAS  C:\Users\r\AppData\Local\Temp\cczR2ehK.s 			page 20


 1045 00f5 3B       		.uleb128 0x3b
 1046 00f6 0B       		.uleb128 0xb
 1047 00f7 49       		.uleb128 0x49
 1048 00f8 13       		.uleb128 0x13
 1049 00f9 02       		.uleb128 0x2
 1050 00fa 18       		.uleb128 0x18
 1051 00fb 00       		.byte	0
 1052 00fc 00       		.byte	0
 1053 00fd 15       		.uleb128 0x15
 1054 00fe 34       		.uleb128 0x34
 1055 00ff 00       		.byte	0
 1056 0100 03       		.uleb128 0x3
 1057 0101 0E       		.uleb128 0xe
 1058 0102 3A       		.uleb128 0x3a
 1059 0103 0B       		.uleb128 0xb
 1060 0104 3B       		.uleb128 0x3b
 1061 0105 05       		.uleb128 0x5
 1062 0106 49       		.uleb128 0x49
 1063 0107 13       		.uleb128 0x13
 1064 0108 3F       		.uleb128 0x3f
 1065 0109 19       		.uleb128 0x19
 1066 010a 3C       		.uleb128 0x3c
 1067 010b 19       		.uleb128 0x19
 1068 010c 00       		.byte	0
 1069 010d 00       		.byte	0
 1070 010e 16       		.uleb128 0x16
 1071 010f 34       		.uleb128 0x34
 1072 0110 00       		.byte	0
 1073 0111 03       		.uleb128 0x3
 1074 0112 0E       		.uleb128 0xe
 1075 0113 3A       		.uleb128 0x3a
 1076 0114 0B       		.uleb128 0xb
 1077 0115 3B       		.uleb128 0x3b
 1078 0116 0B       		.uleb128 0xb
 1079 0117 49       		.uleb128 0x49
 1080 0118 13       		.uleb128 0x13
 1081 0119 3F       		.uleb128 0x3f
 1082 011a 19       		.uleb128 0x19
 1083 011b 3C       		.uleb128 0x3c
 1084 011c 19       		.uleb128 0x19
 1085 011d 00       		.byte	0
 1086 011e 00       		.byte	0
 1087 011f 00       		.byte	0
 1088              		.section	.debug_aranges,"",%progbits
 1089 0000 1C000000 		.4byte	0x1c
 1090 0004 0200     		.2byte	0x2
 1091 0006 00000000 		.4byte	.Ldebug_info0
 1092 000a 04       		.byte	0x4
 1093 000b 00       		.byte	0
 1094 000c 0000     		.2byte	0
 1095 000e 0000     		.2byte	0
 1096 0010 00000000 		.4byte	.LFB64
 1097 0014 38000000 		.4byte	.LFE64-.LFB64
 1098 0018 00000000 		.4byte	0
 1099 001c 00000000 		.4byte	0
 1100              		.section	.debug_ranges,"",%progbits
 1101              	.Ldebug_ranges0:
ARM GAS  C:\Users\r\AppData\Local\Temp\cczR2ehK.s 			page 21


 1102 0000 00000000 		.4byte	.LFB64
 1103 0004 38000000 		.4byte	.LFE64
 1104 0008 00000000 		.4byte	0
 1105 000c 00000000 		.4byte	0
 1106              		.section	.debug_line,"",%progbits
 1107              	.Ldebug_line0:
 1108 0000 A9010000 		.section	.debug_str,"MS",%progbits,1
 1108      02008701 
 1108      00000201 
 1108      FB0E0D00 
 1108      01010101 
 1109              	.LASF83:
 1110 0000 72737443 		.ascii	"rstCount\000"
 1110      6F756E74 
 1110      00
 1111              	.LASF35:
 1112 0009 70726F64 		.ascii	"prodId\000"
 1112      496400
 1113              	.LASF72:
 1114 0010 64617461 		.ascii	"dataLen\000"
 1114      4C656E00 
 1115              	.LASF80:
 1116 0018 706F7374 		.ascii	"postDataOutHook\000"
 1116      44617461 
 1116      4F757448 
 1116      6F6F6B00 
 1117              	.LASF45:
 1118 0028 73746172 		.ascii	"startupDelay\000"
 1118      74757044 
 1118      656C6179 
 1118      00
 1119              	.LASF69:
 1120 0035 64617461 		.ascii	"data\000"
 1120      00
 1121              	.LASF56:
 1122 003a 756E6974 		.ascii	"unitAttention\000"
 1122      41747465 
 1122      6E74696F 
 1122      6E00
 1123              	.LASF78:
 1124 0048 6D736749 		.ascii	"msgIn\000"
 1124      6E00
 1125              	.LASF61:
 1126 004e 74617267 		.ascii	"target\000"
 1126      657400
 1127              	.LASF2:
 1128 0055 73686F72 		.ascii	"short int\000"
 1128      7420696E 
 1128      7400
 1129              	.LASF31:
 1130 005f 62797465 		.ascii	"bytesPerSector\000"
 1130      73506572 
 1130      53656374 
 1130      6F7200
 1131              	.LASF32:
 1132 006e 73656374 		.ascii	"sectorsPerTrack\000"
 1132      6F727350 
ARM GAS  C:\Users\r\AppData\Local\Temp\cczR2ehK.s 			page 22


 1132      65725472 
 1132      61636B00 
 1133              	.LASF24:
 1134 007e 73697A65 		.ascii	"sizetype\000"
 1134      74797065 
 1134      00
 1135              	.LASF47:
 1136 0087 666C6167 		.ascii	"flags6\000"
 1136      733600
 1137              	.LASF79:
 1138 008e 6D73674F 		.ascii	"msgOut\000"
 1138      757400
 1139              	.LASF68:
 1140 0095 70686173 		.ascii	"phase\000"
 1140      6500
 1141              	.LASF23:
 1142 009b 6C6F6E67 		.ascii	"long double\000"
 1142      20646F75 
 1142      626C6500 
 1143              	.LASF8:
 1144 00a7 5F5F7569 		.ascii	"__uint32_t\000"
 1144      6E743332 
 1144      5F7400
 1145              	.LASF4:
 1146 00b2 5F5F7569 		.ascii	"__uint16_t\000"
 1146      6E743136 
 1146      5F7400
 1147              	.LASF30:
 1148 00bd 73637369 		.ascii	"scsiSectors\000"
 1148      53656374 
 1148      6F727300 
 1149              	.LASF60:
 1150 00c9 74617267 		.ascii	"targets\000"
 1150      65747300 
 1151              	.LASF81:
 1152 00d1 636D6443 		.ascii	"cmdCount\000"
 1152      6F756E74 
 1152      00
 1153              	.LASF39:
 1154 00da 72657365 		.ascii	"reserved\000"
 1154      72766564 
 1154      00
 1155              	.LASF73:
 1156 00e3 6364624C 		.ascii	"cdbLen\000"
 1156      656E00
 1157              	.LASF18:
 1158 00ea 75696E74 		.ascii	"uint16\000"
 1158      313600
 1159              	.LASF33:
 1160 00f1 68656164 		.ascii	"headsPerCylinder\000"
 1160      73506572 
 1160      43796C69 
 1160      6E646572 
 1160      00
 1161              	.LASF48:
 1162 0102 73637369 		.ascii	"scsiSpeed\000"
 1162      53706565 
ARM GAS  C:\Users\r\AppData\Local\Temp\cczR2ehK.s 			page 23


 1162      6400
 1163              	.LASF50:
 1164 010c 636F6465 		.ascii	"code\000"
 1164      00
 1165              	.LASF64:
 1166 0111 72657365 		.ascii	"resetFlag\000"
 1166      74466C61 
 1166      6700
 1167              	.LASF16:
 1168 011b 75696E74 		.ascii	"uint32_t\000"
 1168      33325F74 
 1168      00
 1169              	.LASF90:
 1170 0124 636F6D6D 		.ascii	"commandHandled\000"
 1170      616E6448 
 1170      616E646C 
 1170      656400
 1171              	.LASF59:
 1172 0133 54617267 		.ascii	"TargetState\000"
 1172      65745374 
 1172      61746500 
 1173              	.LASF82:
 1174 013f 73656C43 		.ascii	"selCount\000"
 1174      6F756E74 
 1174      00
 1175              	.LASF20:
 1176 0148 666C6F61 		.ascii	"float\000"
 1176      7400
 1177              	.LASF34:
 1178 014e 76656E64 		.ascii	"vendor\000"
 1178      6F7200
 1179              	.LASF10:
 1180 0155 6C6F6E67 		.ascii	"long long int\000"
 1180      206C6F6E 
 1180      6720696E 
 1180      7400
 1181              	.LASF19:
 1182 0163 696E7438 		.ascii	"int8\000"
 1182      00
 1183              	.LASF67:
 1184 0168 73656C44 		.ascii	"selDBX\000"
 1184      425800
 1185              	.LASF7:
 1186 016f 6C6F6E67 		.ascii	"long int\000"
 1186      20696E74 
 1186      00
 1187              	.LASF63:
 1188 0178 61746E46 		.ascii	"atnFlag\000"
 1188      6C616700 
 1189              	.LASF49:
 1190 0180 426F6172 		.ascii	"BoardConfig\000"
 1190      64436F6E 
 1190      66696700 
 1191              	.LASF36:
 1192 018c 72657669 		.ascii	"revision\000"
 1192      73696F6E 
 1192      00
ARM GAS  C:\Users\r\AppData\Local\Temp\cczR2ehK.s 			page 24


 1193              	.LASF3:
 1194 0195 5F5F7569 		.ascii	"__uint8_t\000"
 1194      6E74385F 
 1194      7400
 1195              	.LASF55:
 1196 019f 73656E73 		.ascii	"sense\000"
 1196      6500
 1197              	.LASF75:
 1198 01a5 636F6D70 		.ascii	"compatMode\000"
 1198      61744D6F 
 1198      646500
 1199              	.LASF96:
 1200 01b0 433A5C55 		.ascii	"C:\\Users\\r\\Documents\\Data Sheets\\apple\\SCSI2S"
 1200      73657273 
 1200      5C725C44 
 1200      6F63756D 
 1200      656E7473 
 1201 01dd 445C5343 		.ascii	"D\\SCSI2SD_Copy_01.cydsn\000"
 1201      53493253 
 1201      445F436F 
 1201      70795F30 
 1201      312E6379 
 1202              	.LASF71:
 1203 01f5 73617665 		.ascii	"savedDataPtr\000"
 1203      64446174 
 1203      61507472 
 1203      00
 1204              	.LASF52:
 1205 0202 4C697665 		.ascii	"LiveCfg\000"
 1205      43666700 
 1206              	.LASF1:
 1207 020a 756E7369 		.ascii	"unsigned char\000"
 1207      676E6564 
 1207      20636861 
 1207      7200
 1208              	.LASF6:
 1209 0218 5F5F696E 		.ascii	"__int32_t\000"
 1209      7433325F 
 1209      7400
 1210              	.LASF0:
 1211 0222 7369676E 		.ascii	"signed char\000"
 1211      65642063 
 1211      68617200 
 1212              	.LASF44:
 1213 022e 666C6167 		.ascii	"flags\000"
 1213      7300
 1214              	.LASF11:
 1215 0234 6C6F6E67 		.ascii	"long long unsigned int\000"
 1215      206C6F6E 
 1215      6720756E 
 1215      7369676E 
 1215      65642069 
 1216              	.LASF42:
 1217 024b 54617267 		.ascii	"TargetConfig\000"
 1217      6574436F 
 1217      6E666967 
 1217      00
ARM GAS  C:\Users\r\AppData\Local\Temp\cczR2ehK.s 			page 25


 1218              	.LASF65:
 1219 0258 73656C46 		.ascii	"selFlag\000"
 1219      6C616700 
 1220              	.LASF12:
 1221 0260 756E7369 		.ascii	"unsigned int\000"
 1221      676E6564 
 1221      20696E74 
 1221      00
 1222              	.LASF57:
 1223 026d 72657365 		.ascii	"reservedId\000"
 1223      72766564 
 1223      496400
 1224              	.LASF14:
 1225 0278 75696E74 		.ascii	"uint16_t\000"
 1225      31365F74 
 1225      00
 1226              	.LASF93:
 1227 0281 73637369 		.ascii	"scsiDev\000"
 1227      44657600 
 1228              	.LASF70:
 1229 0289 64617461 		.ascii	"dataPtr\000"
 1229      50747200 
 1230              	.LASF87:
 1231 0291 6C617374 		.ascii	"lastSense\000"
 1231      53656E73 
 1231      6500
 1232              	.LASF29:
 1233 029b 73645365 		.ascii	"sdSectorStart\000"
 1233      63746F72 
 1233      53746172 
 1233      7400
 1234              	.LASF77:
 1235 02a9 73746174 		.ascii	"status\000"
 1235      757300
 1236              	.LASF5:
 1237 02b0 73686F72 		.ascii	"short unsigned int\000"
 1237      7420756E 
 1237      7369676E 
 1237      65642069 
 1237      6E7400
 1238              	.LASF46:
 1239 02c3 73656C65 		.ascii	"selectionDelay\000"
 1239      6374696F 
 1239      6E44656C 
 1239      617900
 1240              	.LASF38:
 1241 02d2 71756972 		.ascii	"quirks\000"
 1241      6B7300
 1242              	.LASF86:
 1243 02d9 6C617374 		.ascii	"lastStatus\000"
 1243      53746174 
 1243      757300
 1244              	.LASF22:
 1245 02e4 63686172 		.ascii	"char\000"
 1245      00
 1246              	.LASF53:
 1247 02e9 74617267 		.ascii	"targetId\000"
ARM GAS  C:\Users\r\AppData\Local\Temp\cczR2ehK.s 			page 26


 1247      65744964 
 1247      00
 1248              	.LASF15:
 1249 02f2 696E7433 		.ascii	"int32_t\000"
 1249      325F7400 
 1250              	.LASF37:
 1251 02fa 73657269 		.ascii	"serial\000"
 1251      616C00
 1252              	.LASF95:
 1253 0301 2E2E5C2E 		.ascii	"..\\..\\src\\mo.c\000"
 1253      2E5C7372 
 1253      635C6D6F 
 1253      2E6300
 1254              	.LASF17:
 1255 0310 75696E74 		.ascii	"uint8\000"
 1255      3800
 1256              	.LASF62:
 1257 0316 626F6172 		.ascii	"boardCfg\000"
 1257      64436667 
 1257      00
 1258              	.LASF66:
 1259 031f 70617269 		.ascii	"parityError\000"
 1259      74794572 
 1259      726F7200 
 1260              	.LASF9:
 1261 032b 6C6F6E67 		.ascii	"long unsigned int\000"
 1261      20756E73 
 1261      69676E65 
 1261      6420696E 
 1261      7400
 1262              	.LASF76:
 1263 033d 696E6974 		.ascii	"initiatorId\000"
 1263      6961746F 
 1263      72496400 
 1264              	.LASF25:
 1265 0349 73637369 		.ascii	"scsiId\000"
 1265      496400
 1266              	.LASF97:
 1267 0350 73637369 		.ascii	"scsiMOCommand\000"
 1267      4D4F436F 
 1267      6D6D616E 
 1267      6400
 1268              	.LASF54:
 1269 035e 6C697665 		.ascii	"liveCfg\000"
 1269      43666700 
 1270              	.LASF89:
 1271 0366 53637369 		.ascii	"ScsiDevice\000"
 1271      44657669 
 1271      636500
 1272              	.LASF13:
 1273 0371 75696E74 		.ascii	"uint8_t\000"
 1273      385F7400 
 1274              	.LASF26:
 1275 0379 64657669 		.ascii	"deviceType\000"
 1275      63655479 
 1275      706500
 1276              	.LASF84:
ARM GAS  C:\Users\r\AppData\Local\Temp\cczR2ehK.s 			page 27


 1277 0384 6D736743 		.ascii	"msgCount\000"
 1277      6F756E74 
 1277      00
 1278              	.LASF21:
 1279 038d 646F7562 		.ascii	"double\000"
 1279      6C6500
 1280              	.LASF43:
 1281 0394 6D616769 		.ascii	"magic\000"
 1281      6300
 1282              	.LASF74:
 1283 039a 64697363 		.ascii	"discPriv\000"
 1283      50726976 
 1283      00
 1284              	.LASF88:
 1285 03a3 6C617374 		.ascii	"lastSenseASC\000"
 1285      53656E73 
 1285      65415343 
 1285      00
 1286              	.LASF92:
 1287 03b0 49544D5F 		.ascii	"ITM_RxBuffer\000"
 1287      52784275 
 1287      66666572 
 1287      00
 1288              	.LASF58:
 1289 03bd 72657365 		.ascii	"reserverId\000"
 1289      72766572 
 1289      496400
 1290              	.LASF40:
 1291 03c8 6D6F6465 		.ascii	"modePages\000"
 1291      50616765 
 1291      7300
 1292              	.LASF51:
 1293 03d2 53637369 		.ascii	"ScsiSense\000"
 1293      53656E73 
 1293      6500
 1294              	.LASF94:
 1295 03dc 474E5520 		.ascii	"GNU C11 5.4.1 20160609 (release) [ARM/embedded-5-br"
 1295      43313120 
 1295      352E342E 
 1295      31203230 
 1295      31363036 
 1296 040f 616E6368 		.ascii	"anch revision 237715] -mcpu=cortex-m3 -mthumb -g -O"
 1296      20726576 
 1296      6973696F 
 1296      6E203233 
 1296      37373135 
 1297 0442 30202D66 		.ascii	"0 -ffunction-sections -ffat-lto-objects\000"
 1297      66756E63 
 1297      74696F6E 
 1297      2D736563 
 1297      74696F6E 
 1298              	.LASF85:
 1299 046a 77617463 		.ascii	"watchdogTick\000"
 1299      68646F67 
 1299      5469636B 
 1299      00
 1300              	.LASF41:
ARM GAS  C:\Users\r\AppData\Local\Temp\cczR2ehK.s 			page 28


 1301 0477 756E7573 		.ascii	"unused\000"
 1301      656400
 1302              	.LASF91:
 1303 047e 636F6D6D 		.ascii	"command\000"
 1303      616E6400 
 1304              	.LASF27:
 1305 0486 666C6167 		.ascii	"flagsDEPRECATED\000"
 1305      73444550 
 1305      52454341 
 1305      54454400 
 1306              	.LASF28:
 1307 0496 64657669 		.ascii	"deviceTypeModifier\000"
 1307      63655479 
 1307      70654D6F 
 1307      64696669 
 1307      657200
 1308              		.ident	"GCC: (GNU Tools for ARM Embedded Processors) 5.4.1 20160609 (release) [ARM/embedded-5-bran
