ARM GAS  C:\Users\r\AppData\Local\Temp\ccotKZ8b.s 			page 1


   1              		.syntax unified
   2              		.cpu cortex-m3
   3              		.fpu softvfp
   4              		.eabi_attribute 20, 1
   5              		.eabi_attribute 21, 1
   6              		.eabi_attribute 23, 3
   7              		.eabi_attribute 24, 1
   8              		.eabi_attribute 25, 1
   9              		.eabi_attribute 26, 1
  10              		.eabi_attribute 30, 6
  11              		.eabi_attribute 34, 1
  12              		.eabi_attribute 18, 4
  13              		.thumb
  14              		.syntax unified
  15              		.file	"SCSI_RX_DMA_dma.c"
  16              		.text
  17              	.Ltext0:
  18              		.cfi_sections	.debug_frame
  19              		.global	SCSI_RX_DMA_DmaHandle
  20              		.data
  21              		.type	SCSI_RX_DMA_DmaHandle, %object
  22              		.size	SCSI_RX_DMA_DmaHandle, 1
  23              	SCSI_RX_DMA_DmaHandle:
  24 0000 FF       		.byte	-1
  25              		.section	.text.SCSI_RX_DMA_DmaInitialize,"ax",%progbits
  26              		.align	2
  27              		.global	SCSI_RX_DMA_DmaInitialize
  28              		.thumb
  29              		.thumb_func
  30              		.type	SCSI_RX_DMA_DmaInitialize, %function
  31              	SCSI_RX_DMA_DmaInitialize:
  32              	.LFB0:
  33              		.file 1 "Generated_Source\\PSoC5\\SCSI_RX_DMA_dma.c"
   1:Generated_Source\PSoC5/SCSI_RX_DMA_dma.c **** /***************************************************************************
   2:Generated_Source\PSoC5/SCSI_RX_DMA_dma.c **** * File Name: SCSI_RX_DMA_dma.c  
   3:Generated_Source\PSoC5/SCSI_RX_DMA_dma.c **** * Version 1.70
   4:Generated_Source\PSoC5/SCSI_RX_DMA_dma.c **** *
   5:Generated_Source\PSoC5/SCSI_RX_DMA_dma.c **** *  Description:
   6:Generated_Source\PSoC5/SCSI_RX_DMA_dma.c **** *   Provides an API for the DMAC component. The API includes functions
   7:Generated_Source\PSoC5/SCSI_RX_DMA_dma.c **** *   for the DMA controller, DMA channels and Transfer Descriptors.
   8:Generated_Source\PSoC5/SCSI_RX_DMA_dma.c **** *
   9:Generated_Source\PSoC5/SCSI_RX_DMA_dma.c **** *
  10:Generated_Source\PSoC5/SCSI_RX_DMA_dma.c **** *   Note:
  11:Generated_Source\PSoC5/SCSI_RX_DMA_dma.c **** *     This module requires the developer to finish or fill in the auto
  12:Generated_Source\PSoC5/SCSI_RX_DMA_dma.c **** *     generated funcions and setup the dma channel and TD's.
  13:Generated_Source\PSoC5/SCSI_RX_DMA_dma.c **** *
  14:Generated_Source\PSoC5/SCSI_RX_DMA_dma.c **** ********************************************************************************
  15:Generated_Source\PSoC5/SCSI_RX_DMA_dma.c **** * Copyright 2008-2010, Cypress Semiconductor Corporation.  All rights reserved.
  16:Generated_Source\PSoC5/SCSI_RX_DMA_dma.c **** * You may use this file only in accordance with the license, terms, conditions, 
  17:Generated_Source\PSoC5/SCSI_RX_DMA_dma.c **** * disclaimers, and limitations in the end user license agreement accompanying 
  18:Generated_Source\PSoC5/SCSI_RX_DMA_dma.c **** * the software package with which this file was provided.
  19:Generated_Source\PSoC5/SCSI_RX_DMA_dma.c **** ********************************************************************************/
  20:Generated_Source\PSoC5/SCSI_RX_DMA_dma.c **** #include <CYLIB.H>
  21:Generated_Source\PSoC5/SCSI_RX_DMA_dma.c **** #include <CYDMAC.H>
  22:Generated_Source\PSoC5/SCSI_RX_DMA_dma.c **** #include <SCSI_RX_DMA_dma.H>
  23:Generated_Source\PSoC5/SCSI_RX_DMA_dma.c **** 
  24:Generated_Source\PSoC5/SCSI_RX_DMA_dma.c **** 
ARM GAS  C:\Users\r\AppData\Local\Temp\ccotKZ8b.s 			page 2


  25:Generated_Source\PSoC5/SCSI_RX_DMA_dma.c **** 
  26:Generated_Source\PSoC5/SCSI_RX_DMA_dma.c **** /****************************************************************************
  27:Generated_Source\PSoC5/SCSI_RX_DMA_dma.c **** * 
  28:Generated_Source\PSoC5/SCSI_RX_DMA_dma.c **** * The following defines are available in Cyfitter.h
  29:Generated_Source\PSoC5/SCSI_RX_DMA_dma.c **** * 
  30:Generated_Source\PSoC5/SCSI_RX_DMA_dma.c **** * 
  31:Generated_Source\PSoC5/SCSI_RX_DMA_dma.c **** * 
  32:Generated_Source\PSoC5/SCSI_RX_DMA_dma.c **** * SCSI_RX_DMA__DRQ_CTL_REG
  33:Generated_Source\PSoC5/SCSI_RX_DMA_dma.c **** * 
  34:Generated_Source\PSoC5/SCSI_RX_DMA_dma.c **** * 
  35:Generated_Source\PSoC5/SCSI_RX_DMA_dma.c **** * SCSI_RX_DMA__DRQ_NUMBER
  36:Generated_Source\PSoC5/SCSI_RX_DMA_dma.c **** * 
  37:Generated_Source\PSoC5/SCSI_RX_DMA_dma.c **** * Number of TD's used by this channel.
  38:Generated_Source\PSoC5/SCSI_RX_DMA_dma.c **** * SCSI_RX_DMA__NUMBEROF_TDS
  39:Generated_Source\PSoC5/SCSI_RX_DMA_dma.c **** * 
  40:Generated_Source\PSoC5/SCSI_RX_DMA_dma.c **** * Priority of this channel.
  41:Generated_Source\PSoC5/SCSI_RX_DMA_dma.c **** * SCSI_RX_DMA__PRIORITY
  42:Generated_Source\PSoC5/SCSI_RX_DMA_dma.c **** * 
  43:Generated_Source\PSoC5/SCSI_RX_DMA_dma.c **** * True if SCSI_RX_DMA_TERMIN_SEL is used.
  44:Generated_Source\PSoC5/SCSI_RX_DMA_dma.c **** * SCSI_RX_DMA__TERMIN_EN
  45:Generated_Source\PSoC5/SCSI_RX_DMA_dma.c **** * 
  46:Generated_Source\PSoC5/SCSI_RX_DMA_dma.c **** * TERMIN interrupt line to signal terminate.
  47:Generated_Source\PSoC5/SCSI_RX_DMA_dma.c **** * SCSI_RX_DMA__TERMIN_SEL
  48:Generated_Source\PSoC5/SCSI_RX_DMA_dma.c **** * 
  49:Generated_Source\PSoC5/SCSI_RX_DMA_dma.c **** * 
  50:Generated_Source\PSoC5/SCSI_RX_DMA_dma.c **** * True if SCSI_RX_DMA_TERMOUT0_SEL is used.
  51:Generated_Source\PSoC5/SCSI_RX_DMA_dma.c **** * SCSI_RX_DMA__TERMOUT0_EN
  52:Generated_Source\PSoC5/SCSI_RX_DMA_dma.c **** * 
  53:Generated_Source\PSoC5/SCSI_RX_DMA_dma.c **** * 
  54:Generated_Source\PSoC5/SCSI_RX_DMA_dma.c **** * TERMOUT0 interrupt line to signal completion.
  55:Generated_Source\PSoC5/SCSI_RX_DMA_dma.c **** * SCSI_RX_DMA__TERMOUT0_SEL
  56:Generated_Source\PSoC5/SCSI_RX_DMA_dma.c **** * 
  57:Generated_Source\PSoC5/SCSI_RX_DMA_dma.c **** * 
  58:Generated_Source\PSoC5/SCSI_RX_DMA_dma.c **** * True if SCSI_RX_DMA_TERMOUT1_SEL is used.
  59:Generated_Source\PSoC5/SCSI_RX_DMA_dma.c **** * SCSI_RX_DMA__TERMOUT1_EN
  60:Generated_Source\PSoC5/SCSI_RX_DMA_dma.c **** * 
  61:Generated_Source\PSoC5/SCSI_RX_DMA_dma.c **** * 
  62:Generated_Source\PSoC5/SCSI_RX_DMA_dma.c **** * TERMOUT1 interrupt line to signal completion.
  63:Generated_Source\PSoC5/SCSI_RX_DMA_dma.c **** * SCSI_RX_DMA__TERMOUT1_SEL
  64:Generated_Source\PSoC5/SCSI_RX_DMA_dma.c **** * 
  65:Generated_Source\PSoC5/SCSI_RX_DMA_dma.c **** ****************************************************************************/
  66:Generated_Source\PSoC5/SCSI_RX_DMA_dma.c **** 
  67:Generated_Source\PSoC5/SCSI_RX_DMA_dma.c **** 
  68:Generated_Source\PSoC5/SCSI_RX_DMA_dma.c **** /* Zero based index of SCSI_RX_DMA dma channel */
  69:Generated_Source\PSoC5/SCSI_RX_DMA_dma.c **** uint8 SCSI_RX_DMA_DmaHandle = DMA_INVALID_CHANNEL;
  70:Generated_Source\PSoC5/SCSI_RX_DMA_dma.c **** 
  71:Generated_Source\PSoC5/SCSI_RX_DMA_dma.c **** /*********************************************************************
  72:Generated_Source\PSoC5/SCSI_RX_DMA_dma.c **** * Function Name: uint8 SCSI_RX_DMA_DmaInitalize
  73:Generated_Source\PSoC5/SCSI_RX_DMA_dma.c **** **********************************************************************
  74:Generated_Source\PSoC5/SCSI_RX_DMA_dma.c **** * Summary:
  75:Generated_Source\PSoC5/SCSI_RX_DMA_dma.c **** *   Allocates and initialises a channel of the DMAC to be used by the
  76:Generated_Source\PSoC5/SCSI_RX_DMA_dma.c **** *   caller.
  77:Generated_Source\PSoC5/SCSI_RX_DMA_dma.c **** *
  78:Generated_Source\PSoC5/SCSI_RX_DMA_dma.c **** * Parameters:
  79:Generated_Source\PSoC5/SCSI_RX_DMA_dma.c **** *   BurstCount.
  80:Generated_Source\PSoC5/SCSI_RX_DMA_dma.c **** *       
  81:Generated_Source\PSoC5/SCSI_RX_DMA_dma.c **** *       
ARM GAS  C:\Users\r\AppData\Local\Temp\ccotKZ8b.s 			page 3


  82:Generated_Source\PSoC5/SCSI_RX_DMA_dma.c **** *   ReqestPerBurst.
  83:Generated_Source\PSoC5/SCSI_RX_DMA_dma.c **** *       
  84:Generated_Source\PSoC5/SCSI_RX_DMA_dma.c **** *       
  85:Generated_Source\PSoC5/SCSI_RX_DMA_dma.c **** *   UpperSrcAddress.
  86:Generated_Source\PSoC5/SCSI_RX_DMA_dma.c **** *       
  87:Generated_Source\PSoC5/SCSI_RX_DMA_dma.c **** *       
  88:Generated_Source\PSoC5/SCSI_RX_DMA_dma.c **** *   UpperDestAddress.
  89:Generated_Source\PSoC5/SCSI_RX_DMA_dma.c **** *       
  90:Generated_Source\PSoC5/SCSI_RX_DMA_dma.c **** *
  91:Generated_Source\PSoC5/SCSI_RX_DMA_dma.c **** * Return:
  92:Generated_Source\PSoC5/SCSI_RX_DMA_dma.c **** *   The channel that can be used by the caller for DMA activity.
  93:Generated_Source\PSoC5/SCSI_RX_DMA_dma.c **** *   DMA_INVALID_CHANNEL (0xFF) if there are no channels left. 
  94:Generated_Source\PSoC5/SCSI_RX_DMA_dma.c **** *
  95:Generated_Source\PSoC5/SCSI_RX_DMA_dma.c **** *
  96:Generated_Source\PSoC5/SCSI_RX_DMA_dma.c **** *******************************************************************/
  97:Generated_Source\PSoC5/SCSI_RX_DMA_dma.c **** uint8 SCSI_RX_DMA_DmaInitialize(uint8 BurstCount, uint8 ReqestPerBurst, uint16 UpperSrcAddress, uin
  98:Generated_Source\PSoC5/SCSI_RX_DMA_dma.c **** {
  34              		.loc 1 98 0
  35              		.cfi_startproc
  36              		@ args = 0, pretend = 0, frame = 8
  37              		@ frame_needed = 1, uses_anonymous_args = 0
  38 0000 90B5     		push	{r4, r7, lr}
  39              		.cfi_def_cfa_offset 12
  40              		.cfi_offset 4, -12
  41              		.cfi_offset 7, -8
  42              		.cfi_offset 14, -4
  43 0002 85B0     		sub	sp, sp, #20
  44              		.cfi_def_cfa_offset 32
  45 0004 02AF     		add	r7, sp, #8
  46              		.cfi_def_cfa 7, 24
  47 0006 0446     		mov	r4, r0
  48 0008 0846     		mov	r0, r1
  49 000a 1146     		mov	r1, r2
  50 000c 1A46     		mov	r2, r3
  51 000e 2346     		mov	r3, r4
  52 0010 FB71     		strb	r3, [r7, #7]
  53 0012 0346     		mov	r3, r0
  54 0014 BB71     		strb	r3, [r7, #6]
  55 0016 0B46     		mov	r3, r1	@ movhi
  56 0018 BB80     		strh	r3, [r7, #4]	@ movhi
  57 001a 1346     		mov	r3, r2	@ movhi
  58 001c 7B80     		strh	r3, [r7, #2]	@ movhi
  99:Generated_Source\PSoC5/SCSI_RX_DMA_dma.c **** 
 100:Generated_Source\PSoC5/SCSI_RX_DMA_dma.c ****     /* Allocate a DMA channel. */
 101:Generated_Source\PSoC5/SCSI_RX_DMA_dma.c ****     SCSI_RX_DMA_DmaHandle = (uint8)SCSI_RX_DMA__DRQ_NUMBER;
  59              		.loc 1 101 0
  60 001e 104B     		ldr	r3, .L3
  61 0020 0022     		movs	r2, #0
  62 0022 1A70     		strb	r2, [r3]
 102:Generated_Source\PSoC5/SCSI_RX_DMA_dma.c **** 
 103:Generated_Source\PSoC5/SCSI_RX_DMA_dma.c ****     /* Configure the channel. */
 104:Generated_Source\PSoC5/SCSI_RX_DMA_dma.c ****     (void)CyDmaChSetConfiguration(SCSI_RX_DMA_DmaHandle,
  63              		.loc 1 104 0
  64 0024 0E4B     		ldr	r3, .L3
  65 0026 1878     		ldrb	r0, [r3]	@ zero_extendqisi2
  66 0028 BA79     		ldrb	r2, [r7, #6]	@ zero_extendqisi2
  67 002a F979     		ldrb	r1, [r7, #7]	@ zero_extendqisi2
ARM GAS  C:\Users\r\AppData\Local\Temp\ccotKZ8b.s 			page 4


  68 002c 0023     		movs	r3, #0
  69 002e 0193     		str	r3, [sp, #4]
  70 0030 0023     		movs	r3, #0
  71 0032 0093     		str	r3, [sp]
  72 0034 0023     		movs	r3, #0
  73 0036 FFF7FEFF 		bl	CyDmaChSetConfiguration
 105:Generated_Source\PSoC5/SCSI_RX_DMA_dma.c ****                                   BurstCount,
 106:Generated_Source\PSoC5/SCSI_RX_DMA_dma.c ****                                   ReqestPerBurst,
 107:Generated_Source\PSoC5/SCSI_RX_DMA_dma.c ****                                   (uint8)SCSI_RX_DMA__TERMOUT0_SEL,
 108:Generated_Source\PSoC5/SCSI_RX_DMA_dma.c ****                                   (uint8)SCSI_RX_DMA__TERMOUT1_SEL,
 109:Generated_Source\PSoC5/SCSI_RX_DMA_dma.c ****                                   (uint8)SCSI_RX_DMA__TERMIN_SEL);
 110:Generated_Source\PSoC5/SCSI_RX_DMA_dma.c **** 
 111:Generated_Source\PSoC5/SCSI_RX_DMA_dma.c ****     /* Set the extended address for the transfers */
 112:Generated_Source\PSoC5/SCSI_RX_DMA_dma.c ****     (void)CyDmaChSetExtendedAddress(SCSI_RX_DMA_DmaHandle, UpperSrcAddress, UpperDestAddress);
  74              		.loc 1 112 0
  75 003a 094B     		ldr	r3, .L3
  76 003c 1B78     		ldrb	r3, [r3]	@ zero_extendqisi2
  77 003e 7A88     		ldrh	r2, [r7, #2]
  78 0040 B988     		ldrh	r1, [r7, #4]
  79 0042 1846     		mov	r0, r3
  80 0044 FFF7FEFF 		bl	CyDmaChSetExtendedAddress
 113:Generated_Source\PSoC5/SCSI_RX_DMA_dma.c **** 
 114:Generated_Source\PSoC5/SCSI_RX_DMA_dma.c ****     /* Set the priority for this channel */
 115:Generated_Source\PSoC5/SCSI_RX_DMA_dma.c ****     (void)CyDmaChPriority(SCSI_RX_DMA_DmaHandle, (uint8)SCSI_RX_DMA__PRIORITY);
  81              		.loc 1 115 0
  82 0048 054B     		ldr	r3, .L3
  83 004a 1B78     		ldrb	r3, [r3]	@ zero_extendqisi2
  84 004c 0221     		movs	r1, #2
  85 004e 1846     		mov	r0, r3
  86 0050 FFF7FEFF 		bl	CyDmaChPriority
 116:Generated_Source\PSoC5/SCSI_RX_DMA_dma.c ****     
 117:Generated_Source\PSoC5/SCSI_RX_DMA_dma.c ****     return SCSI_RX_DMA_DmaHandle;
  87              		.loc 1 117 0
  88 0054 024B     		ldr	r3, .L3
  89 0056 1B78     		ldrb	r3, [r3]	@ zero_extendqisi2
 118:Generated_Source\PSoC5/SCSI_RX_DMA_dma.c **** }
  90              		.loc 1 118 0
  91 0058 1846     		mov	r0, r3
  92 005a 0C37     		adds	r7, r7, #12
  93              		.cfi_def_cfa_offset 12
  94 005c BD46     		mov	sp, r7
  95              		.cfi_def_cfa_register 13
  96              		@ sp needed
  97 005e 90BD     		pop	{r4, r7, pc}
  98              	.L4:
  99              		.align	2
 100              	.L3:
 101 0060 00000000 		.word	SCSI_RX_DMA_DmaHandle
 102              		.cfi_endproc
 103              	.LFE0:
 104              		.size	SCSI_RX_DMA_DmaInitialize, .-SCSI_RX_DMA_DmaInitialize
 105              		.section	.text.SCSI_RX_DMA_DmaRelease,"ax",%progbits
 106              		.align	2
 107              		.global	SCSI_RX_DMA_DmaRelease
 108              		.thumb
 109              		.thumb_func
 110              		.type	SCSI_RX_DMA_DmaRelease, %function
ARM GAS  C:\Users\r\AppData\Local\Temp\ccotKZ8b.s 			page 5


 111              	SCSI_RX_DMA_DmaRelease:
 112              	.LFB1:
 119:Generated_Source\PSoC5/SCSI_RX_DMA_dma.c **** 
 120:Generated_Source\PSoC5/SCSI_RX_DMA_dma.c **** /*********************************************************************
 121:Generated_Source\PSoC5/SCSI_RX_DMA_dma.c **** * Function Name: void SCSI_RX_DMA_DmaRelease
 122:Generated_Source\PSoC5/SCSI_RX_DMA_dma.c **** **********************************************************************
 123:Generated_Source\PSoC5/SCSI_RX_DMA_dma.c **** * Summary:
 124:Generated_Source\PSoC5/SCSI_RX_DMA_dma.c **** *   Frees the channel associated with SCSI_RX_DMA.
 125:Generated_Source\PSoC5/SCSI_RX_DMA_dma.c **** *
 126:Generated_Source\PSoC5/SCSI_RX_DMA_dma.c **** *
 127:Generated_Source\PSoC5/SCSI_RX_DMA_dma.c **** * Parameters:
 128:Generated_Source\PSoC5/SCSI_RX_DMA_dma.c **** *   void.
 129:Generated_Source\PSoC5/SCSI_RX_DMA_dma.c **** *
 130:Generated_Source\PSoC5/SCSI_RX_DMA_dma.c **** *
 131:Generated_Source\PSoC5/SCSI_RX_DMA_dma.c **** *
 132:Generated_Source\PSoC5/SCSI_RX_DMA_dma.c **** * Return:
 133:Generated_Source\PSoC5/SCSI_RX_DMA_dma.c **** *   void.
 134:Generated_Source\PSoC5/SCSI_RX_DMA_dma.c **** *
 135:Generated_Source\PSoC5/SCSI_RX_DMA_dma.c **** *******************************************************************/
 136:Generated_Source\PSoC5/SCSI_RX_DMA_dma.c **** void SCSI_RX_DMA_DmaRelease(void) 
 137:Generated_Source\PSoC5/SCSI_RX_DMA_dma.c **** {
 113              		.loc 1 137 0
 114              		.cfi_startproc
 115              		@ args = 0, pretend = 0, frame = 0
 116              		@ frame_needed = 1, uses_anonymous_args = 0
 117 0000 80B5     		push	{r7, lr}
 118              		.cfi_def_cfa_offset 8
 119              		.cfi_offset 7, -8
 120              		.cfi_offset 14, -4
 121 0002 00AF     		add	r7, sp, #0
 122              		.cfi_def_cfa_register 7
 138:Generated_Source\PSoC5/SCSI_RX_DMA_dma.c ****     /* Disable the channel */
 139:Generated_Source\PSoC5/SCSI_RX_DMA_dma.c ****     (void)CyDmaChDisable(SCSI_RX_DMA_DmaHandle);
 123              		.loc 1 139 0
 124 0004 034B     		ldr	r3, .L6
 125 0006 1B78     		ldrb	r3, [r3]	@ zero_extendqisi2
 126 0008 1846     		mov	r0, r3
 127 000a FFF7FEFF 		bl	CyDmaChDisable
 140:Generated_Source\PSoC5/SCSI_RX_DMA_dma.c **** }
 128              		.loc 1 140 0
 129 000e 00BF     		nop
 130 0010 80BD     		pop	{r7, pc}
 131              	.L7:
 132 0012 00BF     		.align	2
 133              	.L6:
 134 0014 00000000 		.word	SCSI_RX_DMA_DmaHandle
 135              		.cfi_endproc
 136              	.LFE1:
 137              		.size	SCSI_RX_DMA_DmaRelease, .-SCSI_RX_DMA_DmaRelease
 138              		.text
 139              	.Letext0:
 140              		.file 2 "Generated_Source\\PSoC5/cytypes.h"
 141              		.section	.debug_info,"",%progbits
 142              	.Ldebug_info0:
 143 0000 17010000 		.4byte	0x117
 144 0004 0400     		.2byte	0x4
 145 0006 00000000 		.4byte	.Ldebug_abbrev0
ARM GAS  C:\Users\r\AppData\Local\Temp\ccotKZ8b.s 			page 6


 146 000a 04       		.byte	0x4
 147 000b 01       		.uleb128 0x1
 148 000c C1000000 		.4byte	.LASF20
 149 0010 0C       		.byte	0xc
 150 0011 7B000000 		.4byte	.LASF21
 151 0015 E8010000 		.4byte	.LASF22
 152 0019 00000000 		.4byte	.Ldebug_ranges0+0
 153 001d 00000000 		.4byte	0
 154 0021 00000000 		.4byte	.Ldebug_line0
 155 0025 02       		.uleb128 0x2
 156 0026 04       		.byte	0x4
 157 0027 05       		.byte	0x5
 158 0028 696E7400 		.ascii	"int\000"
 159 002c 03       		.uleb128 0x3
 160 002d 04       		.byte	0x4
 161 002e 07       		.byte	0x7
 162 002f 35000000 		.4byte	.LASF0
 163 0033 03       		.uleb128 0x3
 164 0034 08       		.byte	0x8
 165 0035 05       		.byte	0x5
 166 0036 00000000 		.4byte	.LASF1
 167 003a 03       		.uleb128 0x3
 168 003b 08       		.byte	0x8
 169 003c 04       		.byte	0x4
 170 003d BA010000 		.4byte	.LASF2
 171 0041 03       		.uleb128 0x3
 172 0042 01       		.byte	0x1
 173 0043 06       		.byte	0x6
 174 0044 85010000 		.4byte	.LASF3
 175 0048 03       		.uleb128 0x3
 176 0049 01       		.byte	0x1
 177 004a 08       		.byte	0x8
 178 004b 4F010000 		.4byte	.LASF4
 179 004f 03       		.uleb128 0x3
 180 0050 02       		.byte	0x2
 181 0051 05       		.byte	0x5
 182 0052 D7010000 		.4byte	.LASF5
 183 0056 03       		.uleb128 0x3
 184 0057 02       		.byte	0x2
 185 0058 07       		.byte	0x7
 186 0059 72010000 		.4byte	.LASF6
 187 005d 03       		.uleb128 0x3
 188 005e 04       		.byte	0x4
 189 005f 05       		.byte	0x5
 190 0060 62010000 		.4byte	.LASF7
 191 0064 03       		.uleb128 0x3
 192 0065 04       		.byte	0x4
 193 0066 07       		.byte	0x7
 194 0067 69000000 		.4byte	.LASF8
 195 006b 03       		.uleb128 0x3
 196 006c 08       		.byte	0x8
 197 006d 07       		.byte	0x7
 198 006e A4000000 		.4byte	.LASF9
 199 0072 03       		.uleb128 0x3
 200 0073 04       		.byte	0x4
 201 0074 07       		.byte	0x7
 202 0075 2D020000 		.4byte	.LASF10
ARM GAS  C:\Users\r\AppData\Local\Temp\ccotKZ8b.s 			page 7


 203 0079 03       		.uleb128 0x3
 204 007a 01       		.byte	0x1
 205 007b 08       		.byte	0x8
 206 007c 5D010000 		.4byte	.LASF11
 207 0080 04       		.uleb128 0x4
 208 0081 63000000 		.4byte	.LASF12
 209 0085 02       		.byte	0x2
 210 0086 E401     		.2byte	0x1e4
 211 0088 48000000 		.4byte	0x48
 212 008c 04       		.uleb128 0x4
 213 008d E1010000 		.4byte	.LASF13
 214 0091 02       		.byte	0x2
 215 0092 E501     		.2byte	0x1e5
 216 0094 56000000 		.4byte	0x56
 217 0098 03       		.uleb128 0x3
 218 0099 04       		.byte	0x4
 219 009a 04       		.byte	0x4
 220 009b BB000000 		.4byte	.LASF14
 221 009f 03       		.uleb128 0x3
 222 00a0 08       		.byte	0x8
 223 00a1 04       		.byte	0x4
 224 00a2 6B010000 		.4byte	.LASF15
 225 00a6 05       		.uleb128 0x5
 226 00a7 A0010000 		.4byte	.LASF23
 227 00ab 01       		.byte	0x1
 228 00ac 61       		.byte	0x61
 229 00ad 80000000 		.4byte	0x80
 230 00b1 00000000 		.4byte	.LFB0
 231 00b5 64000000 		.4byte	.LFE0-.LFB0
 232 00b9 01       		.uleb128 0x1
 233 00ba 9C       		.byte	0x9c
 234 00bb F8000000 		.4byte	0xf8
 235 00bf 06       		.uleb128 0x6
 236 00c0 58000000 		.4byte	.LASF16
 237 00c4 01       		.byte	0x1
 238 00c5 61       		.byte	0x61
 239 00c6 80000000 		.4byte	0x80
 240 00ca 02       		.uleb128 0x2
 241 00cb 91       		.byte	0x91
 242 00cc 6F       		.sleb128 -17
 243 00cd 06       		.uleb128 0x6
 244 00ce 91010000 		.4byte	.LASF17
 245 00d2 01       		.byte	0x1
 246 00d3 61       		.byte	0x61
 247 00d4 80000000 		.4byte	0x80
 248 00d8 02       		.uleb128 0x2
 249 00d9 91       		.byte	0x91
 250 00da 6E       		.sleb128 -18
 251 00db 06       		.uleb128 0x6
 252 00dc 25000000 		.4byte	.LASF18
 253 00e0 01       		.byte	0x1
 254 00e1 61       		.byte	0x61
 255 00e2 8C000000 		.4byte	0x8c
 256 00e6 02       		.uleb128 0x2
 257 00e7 91       		.byte	0x91
 258 00e8 6C       		.sleb128 -20
 259 00e9 06       		.uleb128 0x6
ARM GAS  C:\Users\r\AppData\Local\Temp\ccotKZ8b.s 			page 8


 260 00ea C6010000 		.4byte	.LASF19
 261 00ee 01       		.byte	0x1
 262 00ef 61       		.byte	0x61
 263 00f0 8C000000 		.4byte	0x8c
 264 00f4 02       		.uleb128 0x2
 265 00f5 91       		.byte	0x91
 266 00f6 6A       		.sleb128 -22
 267 00f7 00       		.byte	0
 268 00f8 07       		.uleb128 0x7
 269 00f9 0E000000 		.4byte	.LASF24
 270 00fd 01       		.byte	0x1
 271 00fe 88       		.byte	0x88
 272 00ff 00000000 		.4byte	.LFB1
 273 0103 18000000 		.4byte	.LFE1-.LFB1
 274 0107 01       		.uleb128 0x1
 275 0108 9C       		.byte	0x9c
 276 0109 08       		.uleb128 0x8
 277 010a 42000000 		.4byte	.LASF25
 278 010e 01       		.byte	0x1
 279 010f 45       		.byte	0x45
 280 0110 80000000 		.4byte	0x80
 281 0114 05       		.uleb128 0x5
 282 0115 03       		.byte	0x3
 283 0116 00000000 		.4byte	SCSI_RX_DMA_DmaHandle
 284 011a 00       		.byte	0
 285              		.section	.debug_abbrev,"",%progbits
 286              	.Ldebug_abbrev0:
 287 0000 01       		.uleb128 0x1
 288 0001 11       		.uleb128 0x11
 289 0002 01       		.byte	0x1
 290 0003 25       		.uleb128 0x25
 291 0004 0E       		.uleb128 0xe
 292 0005 13       		.uleb128 0x13
 293 0006 0B       		.uleb128 0xb
 294 0007 03       		.uleb128 0x3
 295 0008 0E       		.uleb128 0xe
 296 0009 1B       		.uleb128 0x1b
 297 000a 0E       		.uleb128 0xe
 298 000b 55       		.uleb128 0x55
 299 000c 17       		.uleb128 0x17
 300 000d 11       		.uleb128 0x11
 301 000e 01       		.uleb128 0x1
 302 000f 10       		.uleb128 0x10
 303 0010 17       		.uleb128 0x17
 304 0011 00       		.byte	0
 305 0012 00       		.byte	0
 306 0013 02       		.uleb128 0x2
 307 0014 24       		.uleb128 0x24
 308 0015 00       		.byte	0
 309 0016 0B       		.uleb128 0xb
 310 0017 0B       		.uleb128 0xb
 311 0018 3E       		.uleb128 0x3e
 312 0019 0B       		.uleb128 0xb
 313 001a 03       		.uleb128 0x3
 314 001b 08       		.uleb128 0x8
 315 001c 00       		.byte	0
 316 001d 00       		.byte	0
ARM GAS  C:\Users\r\AppData\Local\Temp\ccotKZ8b.s 			page 9


 317 001e 03       		.uleb128 0x3
 318 001f 24       		.uleb128 0x24
 319 0020 00       		.byte	0
 320 0021 0B       		.uleb128 0xb
 321 0022 0B       		.uleb128 0xb
 322 0023 3E       		.uleb128 0x3e
 323 0024 0B       		.uleb128 0xb
 324 0025 03       		.uleb128 0x3
 325 0026 0E       		.uleb128 0xe
 326 0027 00       		.byte	0
 327 0028 00       		.byte	0
 328 0029 04       		.uleb128 0x4
 329 002a 16       		.uleb128 0x16
 330 002b 00       		.byte	0
 331 002c 03       		.uleb128 0x3
 332 002d 0E       		.uleb128 0xe
 333 002e 3A       		.uleb128 0x3a
 334 002f 0B       		.uleb128 0xb
 335 0030 3B       		.uleb128 0x3b
 336 0031 05       		.uleb128 0x5
 337 0032 49       		.uleb128 0x49
 338 0033 13       		.uleb128 0x13
 339 0034 00       		.byte	0
 340 0035 00       		.byte	0
 341 0036 05       		.uleb128 0x5
 342 0037 2E       		.uleb128 0x2e
 343 0038 01       		.byte	0x1
 344 0039 3F       		.uleb128 0x3f
 345 003a 19       		.uleb128 0x19
 346 003b 03       		.uleb128 0x3
 347 003c 0E       		.uleb128 0xe
 348 003d 3A       		.uleb128 0x3a
 349 003e 0B       		.uleb128 0xb
 350 003f 3B       		.uleb128 0x3b
 351 0040 0B       		.uleb128 0xb
 352 0041 27       		.uleb128 0x27
 353 0042 19       		.uleb128 0x19
 354 0043 49       		.uleb128 0x49
 355 0044 13       		.uleb128 0x13
 356 0045 11       		.uleb128 0x11
 357 0046 01       		.uleb128 0x1
 358 0047 12       		.uleb128 0x12
 359 0048 06       		.uleb128 0x6
 360 0049 40       		.uleb128 0x40
 361 004a 18       		.uleb128 0x18
 362 004b 9642     		.uleb128 0x2116
 363 004d 19       		.uleb128 0x19
 364 004e 01       		.uleb128 0x1
 365 004f 13       		.uleb128 0x13
 366 0050 00       		.byte	0
 367 0051 00       		.byte	0
 368 0052 06       		.uleb128 0x6
 369 0053 05       		.uleb128 0x5
 370 0054 00       		.byte	0
 371 0055 03       		.uleb128 0x3
 372 0056 0E       		.uleb128 0xe
 373 0057 3A       		.uleb128 0x3a
ARM GAS  C:\Users\r\AppData\Local\Temp\ccotKZ8b.s 			page 10


 374 0058 0B       		.uleb128 0xb
 375 0059 3B       		.uleb128 0x3b
 376 005a 0B       		.uleb128 0xb
 377 005b 49       		.uleb128 0x49
 378 005c 13       		.uleb128 0x13
 379 005d 02       		.uleb128 0x2
 380 005e 18       		.uleb128 0x18
 381 005f 00       		.byte	0
 382 0060 00       		.byte	0
 383 0061 07       		.uleb128 0x7
 384 0062 2E       		.uleb128 0x2e
 385 0063 00       		.byte	0
 386 0064 3F       		.uleb128 0x3f
 387 0065 19       		.uleb128 0x19
 388 0066 03       		.uleb128 0x3
 389 0067 0E       		.uleb128 0xe
 390 0068 3A       		.uleb128 0x3a
 391 0069 0B       		.uleb128 0xb
 392 006a 3B       		.uleb128 0x3b
 393 006b 0B       		.uleb128 0xb
 394 006c 27       		.uleb128 0x27
 395 006d 19       		.uleb128 0x19
 396 006e 11       		.uleb128 0x11
 397 006f 01       		.uleb128 0x1
 398 0070 12       		.uleb128 0x12
 399 0071 06       		.uleb128 0x6
 400 0072 40       		.uleb128 0x40
 401 0073 18       		.uleb128 0x18
 402 0074 9642     		.uleb128 0x2116
 403 0076 19       		.uleb128 0x19
 404 0077 00       		.byte	0
 405 0078 00       		.byte	0
 406 0079 08       		.uleb128 0x8
 407 007a 34       		.uleb128 0x34
 408 007b 00       		.byte	0
 409 007c 03       		.uleb128 0x3
 410 007d 0E       		.uleb128 0xe
 411 007e 3A       		.uleb128 0x3a
 412 007f 0B       		.uleb128 0xb
 413 0080 3B       		.uleb128 0x3b
 414 0081 0B       		.uleb128 0xb
 415 0082 49       		.uleb128 0x49
 416 0083 13       		.uleb128 0x13
 417 0084 3F       		.uleb128 0x3f
 418 0085 19       		.uleb128 0x19
 419 0086 02       		.uleb128 0x2
 420 0087 18       		.uleb128 0x18
 421 0088 00       		.byte	0
 422 0089 00       		.byte	0
 423 008a 00       		.byte	0
 424              		.section	.debug_aranges,"",%progbits
 425 0000 24000000 		.4byte	0x24
 426 0004 0200     		.2byte	0x2
 427 0006 00000000 		.4byte	.Ldebug_info0
 428 000a 04       		.byte	0x4
 429 000b 00       		.byte	0
 430 000c 0000     		.2byte	0
ARM GAS  C:\Users\r\AppData\Local\Temp\ccotKZ8b.s 			page 11


 431 000e 0000     		.2byte	0
 432 0010 00000000 		.4byte	.LFB0
 433 0014 64000000 		.4byte	.LFE0-.LFB0
 434 0018 00000000 		.4byte	.LFB1
 435 001c 18000000 		.4byte	.LFE1-.LFB1
 436 0020 00000000 		.4byte	0
 437 0024 00000000 		.4byte	0
 438              		.section	.debug_ranges,"",%progbits
 439              	.Ldebug_ranges0:
 440 0000 00000000 		.4byte	.LFB0
 441 0004 64000000 		.4byte	.LFE0
 442 0008 00000000 		.4byte	.LFB1
 443 000c 18000000 		.4byte	.LFE1
 444 0010 00000000 		.4byte	0
 445 0014 00000000 		.4byte	0
 446              		.section	.debug_line,"",%progbits
 447              	.Ldebug_line0:
 448 0000 7A000000 		.section	.debug_str,"MS",%progbits,1
 448      02004C00 
 448      00000201 
 448      FB0E0D00 
 448      01010101 
 449              	.LASF1:
 450 0000 6C6F6E67 		.ascii	"long long int\000"
 450      206C6F6E 
 450      6720696E 
 450      7400
 451              	.LASF24:
 452 000e 53435349 		.ascii	"SCSI_RX_DMA_DmaRelease\000"
 452      5F52585F 
 452      444D415F 
 452      446D6152 
 452      656C6561 
 453              	.LASF18:
 454 0025 55707065 		.ascii	"UpperSrcAddress\000"
 454      72537263 
 454      41646472 
 454      65737300 
 455              	.LASF0:
 456 0035 756E7369 		.ascii	"unsigned int\000"
 456      676E6564 
 456      20696E74 
 456      00
 457              	.LASF25:
 458 0042 53435349 		.ascii	"SCSI_RX_DMA_DmaHandle\000"
 458      5F52585F 
 458      444D415F 
 458      446D6148 
 458      616E646C 
 459              	.LASF16:
 460 0058 42757273 		.ascii	"BurstCount\000"
 460      74436F75 
 460      6E7400
 461              	.LASF12:
 462 0063 75696E74 		.ascii	"uint8\000"
 462      3800
 463              	.LASF8:
ARM GAS  C:\Users\r\AppData\Local\Temp\ccotKZ8b.s 			page 12


 464 0069 6C6F6E67 		.ascii	"long unsigned int\000"
 464      20756E73 
 464      69676E65 
 464      6420696E 
 464      7400
 465              	.LASF21:
 466 007b 47656E65 		.ascii	"Generated_Source\\PSoC5\\SCSI_RX_DMA_dma.c\000"
 466      72617465 
 466      645F536F 
 466      75726365 
 466      5C50536F 
 467              	.LASF9:
 468 00a4 6C6F6E67 		.ascii	"long long unsigned int\000"
 468      206C6F6E 
 468      6720756E 
 468      7369676E 
 468      65642069 
 469              	.LASF14:
 470 00bb 666C6F61 		.ascii	"float\000"
 470      7400
 471              	.LASF20:
 472 00c1 474E5520 		.ascii	"GNU C11 5.4.1 20160609 (release) [ARM/embedded-5-br"
 472      43313120 
 472      352E342E 
 472      31203230 
 472      31363036 
 473 00f4 616E6368 		.ascii	"anch revision 237715] -mcpu=cortex-m3 -mthumb -g -O"
 473      20726576 
 473      6973696F 
 473      6E203233 
 473      37373135 
 474 0127 30202D66 		.ascii	"0 -ffunction-sections -ffat-lto-objects\000"
 474      66756E63 
 474      74696F6E 
 474      2D736563 
 474      74696F6E 
 475              	.LASF4:
 476 014f 756E7369 		.ascii	"unsigned char\000"
 476      676E6564 
 476      20636861 
 476      7200
 477              	.LASF11:
 478 015d 63686172 		.ascii	"char\000"
 478      00
 479              	.LASF7:
 480 0162 6C6F6E67 		.ascii	"long int\000"
 480      20696E74 
 480      00
 481              	.LASF15:
 482 016b 646F7562 		.ascii	"double\000"
 482      6C6500
 483              	.LASF6:
 484 0172 73686F72 		.ascii	"short unsigned int\000"
 484      7420756E 
 484      7369676E 
 484      65642069 
 484      6E7400
ARM GAS  C:\Users\r\AppData\Local\Temp\ccotKZ8b.s 			page 13


 485              	.LASF3:
 486 0185 7369676E 		.ascii	"signed char\000"
 486      65642063 
 486      68617200 
 487              	.LASF17:
 488 0191 52657165 		.ascii	"ReqestPerBurst\000"
 488      73745065 
 488      72427572 
 488      737400
 489              	.LASF23:
 490 01a0 53435349 		.ascii	"SCSI_RX_DMA_DmaInitialize\000"
 490      5F52585F 
 490      444D415F 
 490      446D6149 
 490      6E697469 
 491              	.LASF2:
 492 01ba 6C6F6E67 		.ascii	"long double\000"
 492      20646F75 
 492      626C6500 
 493              	.LASF19:
 494 01c6 55707065 		.ascii	"UpperDestAddress\000"
 494      72446573 
 494      74416464 
 494      72657373 
 494      00
 495              	.LASF5:
 496 01d7 73686F72 		.ascii	"short int\000"
 496      7420696E 
 496      7400
 497              	.LASF13:
 498 01e1 75696E74 		.ascii	"uint16\000"
 498      313600
 499              	.LASF22:
 500 01e8 433A5C55 		.ascii	"C:\\Users\\r\\Documents\\Data Sheets\\apple\\SCSI2S"
 500      73657273 
 500      5C725C44 
 500      6F63756D 
 500      656E7473 
 501 0215 445C5343 		.ascii	"D\\SCSI2SD_Copy_01.cydsn\000"
 501      53493253 
 501      445F436F 
 501      70795F30 
 501      312E6379 
 502              	.LASF10:
 503 022d 73697A65 		.ascii	"sizetype\000"
 503      74797065 
 503      00
 504              		.ident	"GCC: (GNU Tools for ARM Embedded Processors) 5.4.1 20160609 (release) [ARM/embedded-5-bran
