ARM GAS  C:\Users\r\AppData\Local\Temp\ccFJt38u.s 			page 1


   1              		.syntax unified
   2              		.cpu cortex-m3
   3              		.fpu softvfp
   4              		.eabi_attribute 20, 1
   5              		.eabi_attribute 21, 1
   6              		.eabi_attribute 23, 3
   7              		.eabi_attribute 24, 1
   8              		.eabi_attribute 25, 1
   9              		.eabi_attribute 26, 1
  10              		.eabi_attribute 30, 6
  11              		.eabi_attribute 34, 1
  12              		.eabi_attribute 18, 4
  13              		.thumb
  14              		.syntax unified
  15              		.file	"vendor.c"
  16              		.text
  17              	.Ltext0:
  18              		.cfi_sections	.debug_frame
  19              		.section	.text.doAssignDiskParameters,"ax",%progbits
  20              		.align	2
  21              		.thumb
  22              		.thumb_func
  23              		.type	doAssignDiskParameters, %function
  24              	doAssignDiskParameters:
  25              	.LFB64:
  26              		.file 1 "..\\..\\src\\vendor.c"
   1:..\..\src/vendor.c **** //	Copyright (C) 2016 Michael McMaster <michael@codesrc.com>
   2:..\..\src/vendor.c **** //
   3:..\..\src/vendor.c **** //	This file is part of SCSI2SD.
   4:..\..\src/vendor.c **** //
   5:..\..\src/vendor.c **** //	SCSI2SD is free software: you can redistribute it and/or modify
   6:..\..\src/vendor.c **** //	it under the terms of the GNU General Public License as published by
   7:..\..\src/vendor.c **** //	the Free Software Foundation, either version 3 of the License, or
   8:..\..\src/vendor.c **** //	(at your option) any later version.
   9:..\..\src/vendor.c **** //
  10:..\..\src/vendor.c **** //	SCSI2SD is distributed in the hope that it will be useful,
  11:..\..\src/vendor.c **** //	but WITHOUT ANY WARRANTY; without even the implied warranty of
  12:..\..\src/vendor.c **** //	MERCHANTABILITY or FITNESS FOR A PARTICULAR PURPOSE.  See the
  13:..\..\src/vendor.c **** //	GNU General Public License for more details.
  14:..\..\src/vendor.c **** //
  15:..\..\src/vendor.c **** //	You should have received a copy of the GNU General Public License
  16:..\..\src/vendor.c **** //	along with SCSI2SD.  If not, see <http://www.gnu.org/licenses/>.
  17:..\..\src/vendor.c **** 
  18:..\..\src/vendor.c **** #include "device.h"
  19:..\..\src/vendor.c **** #include "scsi.h"
  20:..\..\src/vendor.c **** #include "vendor.h"
  21:..\..\src/vendor.c **** 
  22:..\..\src/vendor.c **** 
  23:..\..\src/vendor.c **** // Callback after the DATA OUT phase is complete.
  24:..\..\src/vendor.c **** static void doAssignDiskParameters(void)
  25:..\..\src/vendor.c **** {
  27              		.loc 1 25 0
  28              		.cfi_startproc
  29              		@ args = 0, pretend = 0, frame = 0
  30              		@ frame_needed = 1, uses_anonymous_args = 0
  31              		@ link register save eliminated.
  32 0000 80B4     		push	{r7}
ARM GAS  C:\Users\r\AppData\Local\Temp\ccFJt38u.s 			page 2


  33              		.cfi_def_cfa_offset 4
  34              		.cfi_offset 7, -4
  35 0002 00AF     		add	r7, sp, #0
  36              		.cfi_def_cfa_register 7
  26:..\..\src/vendor.c **** 	scsiDev.phase = STATUS;
  37              		.loc 1 26 0
  38 0004 034B     		ldr	r3, .L2
  39 0006 0622     		movs	r2, #6
  40 0008 C3F87821 		str	r2, [r3, #376]
  27:..\..\src/vendor.c **** }
  41              		.loc 1 27 0
  42 000c 00BF     		nop
  43 000e BD46     		mov	sp, r7
  44              		.cfi_def_cfa_register 13
  45              		@ sp needed
  46 0010 80BC     		pop	{r7}
  47              		.cfi_restore 7
  48              		.cfi_def_cfa_offset 0
  49 0012 7047     		bx	lr
  50              	.L3:
  51              		.align	2
  52              	.L2:
  53 0014 00000000 		.word	scsiDev
  54              		.cfi_endproc
  55              	.LFE64:
  56              		.size	doAssignDiskParameters, .-doAssignDiskParameters
  57              		.section	.text.scsiVendorCommand,"ax",%progbits
  58              		.align	2
  59              		.global	scsiVendorCommand
  60              		.thumb
  61              		.thumb_func
  62              		.type	scsiVendorCommand, %function
  63              	scsiVendorCommand:
  64              	.LFB65:
  28:..\..\src/vendor.c **** 
  29:..\..\src/vendor.c **** int scsiVendorCommand()
  30:..\..\src/vendor.c **** {
  65              		.loc 1 30 0
  66              		.cfi_startproc
  67              		@ args = 0, pretend = 0, frame = 8
  68              		@ frame_needed = 1, uses_anonymous_args = 0
  69              		@ link register save eliminated.
  70 0000 80B4     		push	{r7}
  71              		.cfi_def_cfa_offset 4
  72              		.cfi_offset 7, -4
  73 0002 83B0     		sub	sp, sp, #12
  74              		.cfi_def_cfa_offset 16
  75 0004 00AF     		add	r7, sp, #0
  76              		.cfi_def_cfa_register 7
  31:..\..\src/vendor.c **** 	int commandHandled = 1;
  77              		.loc 1 31 0
  78 0006 0123     		movs	r3, #1
  79 0008 7B60     		str	r3, [r7, #4]
  32:..\..\src/vendor.c **** 
  33:..\..\src/vendor.c **** 	uint8 command = scsiDev.cdb[0];
  80              		.loc 1 33 0
  81 000a 1C4B     		ldr	r3, .L9
ARM GAS  C:\Users\r\AppData\Local\Temp\ccFJt38u.s 			page 3


  82 000c 03F58343 		add	r3, r3, #16768
  83 0010 0833     		adds	r3, r3, #8
  84 0012 1B78     		ldrb	r3, [r3]
  85 0014 FB70     		strb	r3, [r7, #3]
  34:..\..\src/vendor.c **** 
  35:..\..\src/vendor.c **** 	if (command == 0xC0)
  86              		.loc 1 35 0
  87 0016 FB78     		ldrb	r3, [r7, #3]	@ zero_extendqisi2
  88 0018 C02B     		cmp	r3, #192
  89 001a 29D0     		beq	.L5
  36:..\..\src/vendor.c **** 	{
  37:..\..\src/vendor.c **** 		// Define flexible disk format
  38:..\..\src/vendor.c **** 		// OMTI-5204 controller
  39:..\..\src/vendor.c **** 		// http://bitsavers.informatik.uni-stuttgart.de/pdf/sms/OMTI_5x00.pdf
  40:..\..\src/vendor.c **** 		// Stub. Sectors-per-track should be configured by scsi2sd-util
  41:..\..\src/vendor.c **** 	}
  42:..\..\src/vendor.c **** 	else if (command == 0xC2)
  90              		.loc 1 42 0
  91 001c FB78     		ldrb	r3, [r7, #3]	@ zero_extendqisi2
  92 001e C22B     		cmp	r3, #194
  93 0020 10D1     		bne	.L6
  43:..\..\src/vendor.c **** 	{
  44:..\..\src/vendor.c **** 		// Assign Disk Parameters command
  45:..\..\src/vendor.c **** 		// OMTI-5204 controller
  46:..\..\src/vendor.c **** 		// http://bitsavers.informatik.uni-stuttgart.de/pdf/sms/OMTI_5x00.pdf
  47:..\..\src/vendor.c **** 		// Stub to read and discard 10 bytes.
  48:..\..\src/vendor.c **** 		scsiDev.dataLen = 10;
  94              		.loc 1 48 0
  95 0022 164B     		ldr	r3, .L9
  96 0024 03F58343 		add	r3, r3, #16768
  97 0028 0433     		adds	r3, r3, #4
  98 002a 0A22     		movs	r2, #10
  99 002c 1A60     		str	r2, [r3]
  49:..\..\src/vendor.c **** 		scsiDev.phase = DATA_OUT;
 100              		.loc 1 49 0
 101 002e 134B     		ldr	r3, .L9
 102 0030 0022     		movs	r2, #0
 103 0032 C3F87821 		str	r2, [r3, #376]
  50:..\..\src/vendor.c **** 		scsiDev.postDataOutHook = doAssignDiskParameters;
 104              		.loc 1 50 0
 105 0036 114B     		ldr	r3, .L9
 106 0038 03F58343 		add	r3, r3, #16768
 107 003c 2033     		adds	r3, r3, #32
 108 003e 104A     		ldr	r2, .L9+4
 109 0040 1A60     		str	r2, [r3]
 110 0042 15E0     		b	.L5
 111              	.L6:
  51:..\..\src/vendor.c **** 	}
  52:..\..\src/vendor.c **** 	else if (command == 0x0C)
 112              		.loc 1 52 0
 113 0044 FB78     		ldrb	r3, [r7, #3]	@ zero_extendqisi2
 114 0046 0C2B     		cmp	r3, #12
 115 0048 0AD1     		bne	.L7
  53:..\..\src/vendor.c **** 	{
  54:..\..\src/vendor.c **** 		// Initialize Drive Characteristics
  55:..\..\src/vendor.c **** 		// XEBEC S1410 controller
  56:..\..\src/vendor.c **** 		// http://bitsavers.informatik.uni-stuttgart.de/pdf/xebec/104524C_S1410Man_Aug83.pdf
ARM GAS  C:\Users\r\AppData\Local\Temp\ccFJt38u.s 			page 4


  57:..\..\src/vendor.c **** 		scsiDev.dataLen = 8;
 116              		.loc 1 57 0
 117 004a 0C4B     		ldr	r3, .L9
 118 004c 03F58343 		add	r3, r3, #16768
 119 0050 0433     		adds	r3, r3, #4
 120 0052 0822     		movs	r2, #8
 121 0054 1A60     		str	r2, [r3]
  58:..\..\src/vendor.c **** 		scsiDev.phase = DATA_OUT;
 122              		.loc 1 58 0
 123 0056 094B     		ldr	r3, .L9
 124 0058 0022     		movs	r2, #0
 125 005a C3F87821 		str	r2, [r3, #376]
 126 005e 07E0     		b	.L5
 127              	.L7:
  59:..\..\src/vendor.c **** 	}
  60:..\..\src/vendor.c **** 	else if (command == 0xE0)
 128              		.loc 1 60 0
 129 0060 FB78     		ldrb	r3, [r7, #3]	@ zero_extendqisi2
 130 0062 E02B     		cmp	r3, #224
 131 0064 04D0     		beq	.L5
  61:..\..\src/vendor.c **** 	{
  62:..\..\src/vendor.c **** 		// RAM Diagnostic
  63:..\..\src/vendor.c **** 		// XEBEC S1410 controller
  64:..\..\src/vendor.c **** 		// http://bitsavers.informatik.uni-stuttgart.de/pdf/xebec/104524C_S1410Man_Aug83.pdf
  65:..\..\src/vendor.c **** 		// Stub, return success
  66:..\..\src/vendor.c **** 	}
  67:..\..\src/vendor.c **** 	else if (command == 0xE4)
 132              		.loc 1 67 0
 133 0066 FB78     		ldrb	r3, [r7, #3]	@ zero_extendqisi2
 134 0068 E42B     		cmp	r3, #228
 135 006a 01D0     		beq	.L5
  68:..\..\src/vendor.c **** 	{
  69:..\..\src/vendor.c **** 		// Drive Diagnostic
  70:..\..\src/vendor.c **** 		// XEBEC S1410 controller
  71:..\..\src/vendor.c **** 		// Stub, return success
  72:..\..\src/vendor.c **** 	}
  73:..\..\src/vendor.c **** 	else
  74:..\..\src/vendor.c **** 	{
  75:..\..\src/vendor.c **** 		commandHandled = 0;
 136              		.loc 1 75 0
 137 006c 0023     		movs	r3, #0
 138 006e 7B60     		str	r3, [r7, #4]
 139              	.L5:
  76:..\..\src/vendor.c **** 	}
  77:..\..\src/vendor.c **** 
  78:..\..\src/vendor.c **** 	return commandHandled;
 140              		.loc 1 78 0
 141 0070 7B68     		ldr	r3, [r7, #4]
  79:..\..\src/vendor.c **** }
 142              		.loc 1 79 0
 143 0072 1846     		mov	r0, r3
 144 0074 0C37     		adds	r7, r7, #12
 145              		.cfi_def_cfa_offset 4
 146 0076 BD46     		mov	sp, r7
 147              		.cfi_def_cfa_register 13
 148              		@ sp needed
 149 0078 80BC     		pop	{r7}
ARM GAS  C:\Users\r\AppData\Local\Temp\ccFJt38u.s 			page 5


 150              		.cfi_restore 7
 151              		.cfi_def_cfa_offset 0
 152 007a 7047     		bx	lr
 153              	.L10:
 154              		.align	2
 155              	.L9:
 156 007c 00000000 		.word	scsiDev
 157 0080 00000000 		.word	doAssignDiskParameters
 158              		.cfi_endproc
 159              	.LFE65:
 160              		.size	scsiVendorCommand, .-scsiVendorCommand
 161              		.text
 162              	.Letext0:
 163              		.file 2 "c:\\program files (x86)\\cypress\\psoc creator\\4.2\\psoc creator\\import\\gnu\\arm\\5.4.
 164              		.file 3 "c:\\program files (x86)\\cypress\\psoc creator\\4.2\\psoc creator\\import\\gnu\\arm\\5.4.
 165              		.file 4 "Generated_Source\\PSoC5/cytypes.h"
 166              		.file 5 "../../../include/scsi2sd.h"
 167              		.file 6 "..\\..\\src\\sense.h"
 168              		.file 7 "..\\..\\src\\scsi.h"
 169              		.file 8 "Generated_Source\\PSoC5/core_cm3.h"
 170              		.section	.debug_info,"",%progbits
 171              	.Ldebug_info0:
 172 0000 2D060000 		.4byte	0x62d
 173 0004 0400     		.2byte	0x4
 174 0006 00000000 		.4byte	.Ldebug_abbrev0
 175 000a 04       		.byte	0x4
 176 000b 01       		.uleb128 0x1
 177 000c 93040000 		.4byte	.LASF108
 178 0010 0C       		.byte	0xc
 179 0011 E0030000 		.4byte	.LASF109
 180 0015 AA020000 		.4byte	.LASF110
 181 0019 00000000 		.4byte	.Ldebug_ranges0+0
 182 001d 00000000 		.4byte	0
 183 0021 00000000 		.4byte	.Ldebug_line0
 184 0025 02       		.uleb128 0x2
 185 0026 01       		.byte	0x1
 186 0027 06       		.byte	0x6
 187 0028 4B020000 		.4byte	.LASF0
 188 002c 03       		.uleb128 0x3
 189 002d E0010000 		.4byte	.LASF3
 190 0031 02       		.byte	0x2
 191 0032 1D       		.byte	0x1d
 192 0033 37000000 		.4byte	0x37
 193 0037 02       		.uleb128 0x2
 194 0038 01       		.byte	0x1
 195 0039 08       		.byte	0x8
 196 003a 1B020000 		.4byte	.LASF1
 197 003e 02       		.uleb128 0x2
 198 003f 02       		.byte	0x2
 199 0040 05       		.byte	0x5
 200 0041 6B000000 		.4byte	.LASF2
 201 0045 03       		.uleb128 0x3
 202 0046 D7000000 		.4byte	.LASF4
 203 004a 02       		.byte	0x2
 204 004b 2B       		.byte	0x2b
 205 004c 50000000 		.4byte	0x50
 206 0050 02       		.uleb128 0x2
ARM GAS  C:\Users\r\AppData\Local\Temp\ccFJt38u.s 			page 6


 207 0051 02       		.byte	0x2
 208 0052 07       		.byte	0x7
 209 0053 35030000 		.4byte	.LASF5
 210 0057 03       		.uleb128 0x3
 211 0058 32020000 		.4byte	.LASF6
 212 005c 02       		.byte	0x2
 213 005d 3F       		.byte	0x3f
 214 005e 62000000 		.4byte	0x62
 215 0062 02       		.uleb128 0x2
 216 0063 04       		.byte	0x4
 217 0064 05       		.byte	0x5
 218 0065 BC010000 		.4byte	.LASF7
 219 0069 03       		.uleb128 0x3
 220 006a BD000000 		.4byte	.LASF8
 221 006e 02       		.byte	0x2
 222 006f 41       		.byte	0x41
 223 0070 74000000 		.4byte	0x74
 224 0074 02       		.uleb128 0x2
 225 0075 04       		.byte	0x4
 226 0076 07       		.byte	0x7
 227 0077 B1030000 		.4byte	.LASF9
 228 007b 02       		.uleb128 0x2
 229 007c 08       		.byte	0x8
 230 007d 05       		.byte	0x5
 231 007e 89010000 		.4byte	.LASF10
 232 0082 02       		.uleb128 0x2
 233 0083 08       		.byte	0x8
 234 0084 07       		.byte	0x7
 235 0085 5D020000 		.4byte	.LASF11
 236 0089 04       		.uleb128 0x4
 237 008a 04       		.byte	0x4
 238 008b 05       		.byte	0x5
 239 008c 696E7400 		.ascii	"int\000"
 240 0090 02       		.uleb128 0x2
 241 0091 04       		.byte	0x4
 242 0092 07       		.byte	0x7
 243 0093 89020000 		.4byte	.LASF12
 244 0097 03       		.uleb128 0x3
 245 0098 0B020000 		.4byte	.LASF13
 246 009c 03       		.byte	0x3
 247 009d 18       		.byte	0x18
 248 009e 2C000000 		.4byte	0x2c
 249 00a2 03       		.uleb128 0x3
 250 00a3 A1020000 		.4byte	.LASF14
 251 00a7 03       		.byte	0x3
 252 00a8 24       		.byte	0x24
 253 00a9 45000000 		.4byte	0x45
 254 00ad 03       		.uleb128 0x3
 255 00ae 77030000 		.4byte	.LASF15
 256 00b2 03       		.byte	0x3
 257 00b3 2C       		.byte	0x2c
 258 00b4 57000000 		.4byte	0x57
 259 00b8 03       		.uleb128 0x3
 260 00b9 43010000 		.4byte	.LASF16
 261 00bd 03       		.byte	0x3
 262 00be 30       		.byte	0x30
 263 00bf 69000000 		.4byte	0x69
ARM GAS  C:\Users\r\AppData\Local\Temp\ccFJt38u.s 			page 7


 264 00c3 05       		.uleb128 0x5
 265 00c4 86030000 		.4byte	.LASF17
 266 00c8 04       		.byte	0x4
 267 00c9 E401     		.2byte	0x1e4
 268 00cb 37000000 		.4byte	0x37
 269 00cf 05       		.uleb128 0x5
 270 00d0 12010000 		.4byte	.LASF18
 271 00d4 04       		.byte	0x4
 272 00d5 E501     		.2byte	0x1e5
 273 00d7 50000000 		.4byte	0x50
 274 00db 05       		.uleb128 0x5
 275 00dc 97010000 		.4byte	.LASF19
 276 00e0 04       		.byte	0x4
 277 00e1 E701     		.2byte	0x1e7
 278 00e3 25000000 		.4byte	0x25
 279 00e7 02       		.uleb128 0x2
 280 00e8 04       		.byte	0x4
 281 00e9 04       		.byte	0x4
 282 00ea 7C010000 		.4byte	.LASF20
 283 00ee 02       		.uleb128 0x2
 284 00ef 08       		.byte	0x8
 285 00f0 04       		.byte	0x4
 286 00f1 37040000 		.4byte	.LASF21
 287 00f5 02       		.uleb128 0x2
 288 00f6 01       		.byte	0x1
 289 00f7 08       		.byte	0x8
 290 00f8 69030000 		.4byte	.LASF22
 291 00fc 06       		.uleb128 0x6
 292 00fd 04       		.byte	0x4
 293 00fe 02010000 		.4byte	0x102
 294 0102 07       		.uleb128 0x7
 295 0103 02       		.uleb128 0x2
 296 0104 08       		.byte	0x8
 297 0105 04       		.byte	0x4
 298 0106 B1000000 		.4byte	.LASF23
 299 010a 02       		.uleb128 0x2
 300 010b 04       		.byte	0x4
 301 010c 07       		.byte	0x7
 302 010d 94000000 		.4byte	.LASF24
 303 0111 08       		.uleb128 0x8
 304 0112 F5000000 		.4byte	0xf5
 305 0116 21010000 		.4byte	0x121
 306 011a 09       		.uleb128 0x9
 307 011b 0A010000 		.4byte	0x10a
 308 011f 07       		.byte	0x7
 309 0120 00       		.byte	0
 310 0121 0A       		.uleb128 0xa
 311 0122 0010     		.2byte	0x1000
 312 0124 05       		.byte	0x5
 313 0125 98       		.byte	0x98
 314 0126 06020000 		.4byte	0x206
 315 012a 0B       		.uleb128 0xb
 316 012b CF030000 		.4byte	.LASF25
 317 012f 05       		.byte	0x5
 318 0130 9C       		.byte	0x9c
 319 0131 97000000 		.4byte	0x97
 320 0135 00       		.byte	0
ARM GAS  C:\Users\r\AppData\Local\Temp\ccFJt38u.s 			page 8


 321 0136 0B       		.uleb128 0xb
 322 0137 23040000 		.4byte	.LASF26
 323 013b 05       		.byte	0x5
 324 013c 9E       		.byte	0x9e
 325 013d 97000000 		.4byte	0x97
 326 0141 01       		.byte	0x1
 327 0142 0B       		.uleb128 0xb
 328 0143 95030000 		.4byte	.LASF27
 329 0147 05       		.byte	0x5
 330 0148 9F       		.byte	0x9f
 331 0149 97000000 		.4byte	0x97
 332 014d 02       		.byte	0x2
 333 014e 0B       		.uleb128 0xb
 334 014f 46050000 		.4byte	.LASF28
 335 0153 05       		.byte	0x5
 336 0154 A0       		.byte	0xa0
 337 0155 97000000 		.4byte	0x97
 338 0159 03       		.byte	0x3
 339 015a 0B       		.uleb128 0xb
 340 015b 20030000 		.4byte	.LASF29
 341 015f 05       		.byte	0x5
 342 0160 A2       		.byte	0xa2
 343 0161 B8000000 		.4byte	0xb8
 344 0165 04       		.byte	0x4
 345 0166 0B       		.uleb128 0xb
 346 0167 E2000000 		.4byte	.LASF30
 347 016b 05       		.byte	0x5
 348 016c A3       		.byte	0xa3
 349 016d B8000000 		.4byte	0xb8
 350 0171 08       		.byte	0x8
 351 0172 0B       		.uleb128 0xb
 352 0173 75000000 		.4byte	.LASF31
 353 0177 05       		.byte	0x5
 354 0178 A5       		.byte	0xa5
 355 0179 A2000000 		.4byte	0xa2
 356 017d 0C       		.byte	0xc
 357 017e 0B       		.uleb128 0xb
 358 017f 84000000 		.4byte	.LASF32
 359 0183 05       		.byte	0x5
 360 0184 A8       		.byte	0xa8
 361 0185 A2000000 		.4byte	0xa2
 362 0189 0E       		.byte	0xe
 363 018a 0B       		.uleb128 0xb
 364 018b 19010000 		.4byte	.LASF33
 365 018f 05       		.byte	0x5
 366 0190 AB       		.byte	0xab
 367 0191 A2000000 		.4byte	0xa2
 368 0195 10       		.byte	0x10
 369 0196 0B       		.uleb128 0xb
 370 0197 82010000 		.4byte	.LASF34
 371 019b 05       		.byte	0x5
 372 019c AE       		.byte	0xae
 373 019d 11010000 		.4byte	0x111
 374 01a1 12       		.byte	0x12
 375 01a2 0B       		.uleb128 0xb
 376 01a3 1F000000 		.4byte	.LASF35
 377 01a7 05       		.byte	0x5
ARM GAS  C:\Users\r\AppData\Local\Temp\ccFJt38u.s 			page 9


 378 01a8 AF       		.byte	0xaf
 379 01a9 06020000 		.4byte	0x206
 380 01ad 1A       		.byte	0x1a
 381 01ae 0B       		.uleb128 0xb
 382 01af D7010000 		.4byte	.LASF36
 383 01b3 05       		.byte	0x5
 384 01b4 B0       		.byte	0xb0
 385 01b5 16020000 		.4byte	0x216
 386 01b9 2A       		.byte	0x2a
 387 01ba 0B       		.uleb128 0xb
 388 01bb 7F030000 		.4byte	.LASF37
 389 01bf 05       		.byte	0x5
 390 01c0 B1       		.byte	0xb1
 391 01c1 06020000 		.4byte	0x206
 392 01c5 2E       		.byte	0x2e
 393 01c6 0B       		.uleb128 0xb
 394 01c7 57030000 		.4byte	.LASF38
 395 01cb 05       		.byte	0x5
 396 01cc B3       		.byte	0xb3
 397 01cd A2000000 		.4byte	0xa2
 398 01d1 3E       		.byte	0x3e
 399 01d2 0B       		.uleb128 0xb
 400 01d3 02010000 		.4byte	.LASF39
 401 01d7 05       		.byte	0x5
 402 01d8 B5       		.byte	0xb5
 403 01d9 26020000 		.4byte	0x226
 404 01dd 40       		.byte	0x40
 405 01de 0C       		.uleb128 0xc
 406 01df 7F040000 		.4byte	.LASF40
 407 01e3 05       		.byte	0x5
 408 01e4 B7       		.byte	0xb7
 409 01e5 37020000 		.4byte	0x237
 410 01e9 0004     		.2byte	0x400
 411 01eb 0D       		.uleb128 0xd
 412 01ec 76706400 		.ascii	"vpd\000"
 413 01f0 05       		.byte	0x5
 414 01f1 B8       		.byte	0xb8
 415 01f2 37020000 		.4byte	0x237
 416 01f6 0008     		.2byte	0x800
 417 01f8 0C       		.uleb128 0xc
 418 01f9 2E050000 		.4byte	.LASF41
 419 01fd 05       		.byte	0x5
 420 01fe B9       		.byte	0xb9
 421 01ff 37020000 		.4byte	0x237
 422 0203 000C     		.2byte	0xc00
 423 0205 00       		.byte	0
 424 0206 08       		.uleb128 0x8
 425 0207 F5000000 		.4byte	0xf5
 426 020b 16020000 		.4byte	0x216
 427 020f 09       		.uleb128 0x9
 428 0210 0A010000 		.4byte	0x10a
 429 0214 0F       		.byte	0xf
 430 0215 00       		.byte	0
 431 0216 08       		.uleb128 0x8
 432 0217 F5000000 		.4byte	0xf5
 433 021b 26020000 		.4byte	0x226
 434 021f 09       		.uleb128 0x9
ARM GAS  C:\Users\r\AppData\Local\Temp\ccFJt38u.s 			page 10


 435 0220 0A010000 		.4byte	0x10a
 436 0224 03       		.byte	0x3
 437 0225 00       		.byte	0
 438 0226 08       		.uleb128 0x8
 439 0227 97000000 		.4byte	0x97
 440 022b 37020000 		.4byte	0x237
 441 022f 0E       		.uleb128 0xe
 442 0230 0A010000 		.4byte	0x10a
 443 0234 BF03     		.2byte	0x3bf
 444 0236 00       		.byte	0
 445 0237 08       		.uleb128 0x8
 446 0238 97000000 		.4byte	0x97
 447 023c 48020000 		.4byte	0x248
 448 0240 0E       		.uleb128 0xe
 449 0241 0A010000 		.4byte	0x10a
 450 0245 FF03     		.2byte	0x3ff
 451 0247 00       		.byte	0
 452 0248 03       		.uleb128 0x3
 453 0249 74020000 		.4byte	.LASF42
 454 024d 05       		.byte	0x5
 455 024e BA       		.byte	0xba
 456 024f 21010000 		.4byte	0x121
 457 0253 0A       		.uleb128 0xa
 458 0254 0001     		.2byte	0x100
 459 0256 05       		.byte	0x5
 460 0257 BC       		.byte	0xbc
 461 0258 B1020000 		.4byte	0x2b1
 462 025c 0B       		.uleb128 0xb
 463 025d C5010000 		.4byte	.LASF43
 464 0261 05       		.byte	0x5
 465 0262 BE       		.byte	0xbe
 466 0263 16020000 		.4byte	0x216
 467 0267 00       		.byte	0
 468 0268 0B       		.uleb128 0xb
 469 0269 57020000 		.4byte	.LASF44
 470 026d 05       		.byte	0x5
 471 026e BF       		.byte	0xbf
 472 026f 97000000 		.4byte	0x97
 473 0273 04       		.byte	0x4
 474 0274 0B       		.uleb128 0xb
 475 0275 3E000000 		.4byte	.LASF45
 476 0279 05       		.byte	0x5
 477 027a C0       		.byte	0xc0
 478 027b 97000000 		.4byte	0x97
 479 027f 05       		.byte	0x5
 480 0280 0B       		.uleb128 0xb
 481 0281 48030000 		.4byte	.LASF46
 482 0285 05       		.byte	0x5
 483 0286 C1       		.byte	0xc1
 484 0287 97000000 		.4byte	0x97
 485 028b 06       		.byte	0x6
 486 028c 0B       		.uleb128 0xb
 487 028d 9D000000 		.4byte	.LASF47
 488 0291 05       		.byte	0x5
 489 0292 C2       		.byte	0xc2
 490 0293 97000000 		.4byte	0x97
 491 0297 07       		.byte	0x7
ARM GAS  C:\Users\r\AppData\Local\Temp\ccFJt38u.s 			page 11


 492 0298 0B       		.uleb128 0xb
 493 0299 2A010000 		.4byte	.LASF48
 494 029d 05       		.byte	0x5
 495 029e C4       		.byte	0xc4
 496 029f 97000000 		.4byte	0x97
 497 02a3 08       		.byte	0x8
 498 02a4 0B       		.uleb128 0xb
 499 02a5 02010000 		.4byte	.LASF39
 500 02a9 05       		.byte	0x5
 501 02aa C7       		.byte	0xc7
 502 02ab B1020000 		.4byte	0x2b1
 503 02af 09       		.byte	0x9
 504 02b0 00       		.byte	0
 505 02b1 08       		.uleb128 0x8
 506 02b2 97000000 		.4byte	0x97
 507 02b6 C1020000 		.4byte	0x2c1
 508 02ba 09       		.uleb128 0x9
 509 02bb 0A010000 		.4byte	0x10a
 510 02bf F6       		.byte	0xf6
 511 02c0 00       		.byte	0
 512 02c1 03       		.uleb128 0x3
 513 02c2 CB010000 		.4byte	.LASF49
 514 02c6 05       		.byte	0x5
 515 02c7 C8       		.byte	0xc8
 516 02c8 53020000 		.4byte	0x253
 517 02cc 0F       		.uleb128 0xf
 518 02cd 04       		.byte	0x4
 519 02ce 06       		.byte	0x6
 520 02cf AA       		.byte	0xaa
 521 02d0 ED020000 		.4byte	0x2ed
 522 02d4 0B       		.uleb128 0xb
 523 02d5 34010000 		.4byte	.LASF50
 524 02d9 06       		.byte	0x6
 525 02da AC       		.byte	0xac
 526 02db C3000000 		.4byte	0xc3
 527 02df 00       		.byte	0
 528 02e0 10       		.uleb128 0x10
 529 02e1 61736300 		.ascii	"asc\000"
 530 02e5 06       		.byte	0x6
 531 02e6 AD       		.byte	0xad
 532 02e7 CF000000 		.4byte	0xcf
 533 02eb 02       		.byte	0x2
 534 02ec 00       		.byte	0
 535 02ed 03       		.uleb128 0x3
 536 02ee 89040000 		.4byte	.LASF51
 537 02f2 06       		.byte	0x6
 538 02f3 AE       		.byte	0xae
 539 02f4 CC020000 		.4byte	0x2cc
 540 02f8 11       		.uleb128 0x11
 541 02f9 01       		.byte	0x1
 542 02fa 25000000 		.4byte	0x25
 543 02fe 07       		.byte	0x7
 544 02ff 18       		.byte	0x18
 545 0300 59030000 		.4byte	0x359
 546 0304 12       		.uleb128 0x12
 547 0305 FB010000 		.4byte	.LASF52
 548 0309 01       		.byte	0x1
ARM GAS  C:\Users\r\AppData\Local\Temp\ccFJt38u.s 			page 12


 549 030a 12       		.uleb128 0x12
 550 030b 3C020000 		.4byte	.LASF53
 551 030f 02       		.byte	0x2
 552 0310 12       		.uleb128 0x12
 553 0311 C8000000 		.4byte	.LASF54
 554 0315 04       		.byte	0x4
 555 0316 13       		.uleb128 0x13
 556 0317 9C010000 		.4byte	.LASF55
 557 031b 7F       		.sleb128 -1
 558 031c 13       		.uleb128 0x13
 559 031d 09000000 		.4byte	.LASF56
 560 0321 7E       		.sleb128 -2
 561 0322 13       		.uleb128 0x13
 562 0323 4C010000 		.4byte	.LASF57
 563 0327 7D       		.sleb128 -3
 564 0328 13       		.uleb128 0x13
 565 0329 D6030000 		.4byte	.LASF58
 566 032d 7C       		.sleb128 -4
 567 032e 13       		.uleb128 0x13
 568 032f F6000000 		.4byte	.LASF59
 569 0333 7B       		.sleb128 -5
 570 0334 12       		.uleb128 0x12
 571 0335 B5010000 		.4byte	.LASF60
 572 0339 06       		.byte	0x6
 573 033a 12       		.uleb128 0x12
 574 033b AD010000 		.4byte	.LASF61
 575 033f 02       		.byte	0x2
 576 0340 12       		.uleb128 0x12
 577 0341 59050000 		.4byte	.LASF62
 578 0345 04       		.byte	0x4
 579 0346 12       		.uleb128 0x12
 580 0347 3D050000 		.4byte	.LASF63
 581 034b 00       		.byte	0
 582 034c 12       		.uleb128 0x12
 583 034d 06040000 		.4byte	.LASF64
 584 0351 07       		.byte	0x7
 585 0352 12       		.uleb128 0x12
 586 0353 3E040000 		.4byte	.LASF65
 587 0357 03       		.byte	0x3
 588 0358 00       		.byte	0
 589 0359 0F       		.uleb128 0xf
 590 035a 02       		.byte	0x2
 591 035b 07       		.byte	0x7
 592 035c 4E       		.byte	0x4e
 593 035d 6E030000 		.4byte	0x36e
 594 0361 0B       		.uleb128 0xb
 595 0362 75000000 		.4byte	.LASF31
 596 0366 07       		.byte	0x7
 597 0367 50       		.byte	0x50
 598 0368 A2000000 		.4byte	0xa2
 599 036c 00       		.byte	0
 600 036d 00       		.byte	0
 601 036e 03       		.uleb128 0x3
 602 036f 13020000 		.4byte	.LASF66
 603 0373 07       		.byte	0x7
 604 0374 51       		.byte	0x51
 605 0375 59030000 		.4byte	0x359
ARM GAS  C:\Users\r\AppData\Local\Temp\ccFJt38u.s 			page 13


 606 0379 0F       		.uleb128 0xf
 607 037a 18       		.byte	0x18
 608 037b 07       		.byte	0x7
 609 037c 53       		.byte	0x53
 610 037d D6030000 		.4byte	0x3d6
 611 0381 0B       		.uleb128 0xb
 612 0382 6E030000 		.4byte	.LASF67
 613 0386 07       		.byte	0x7
 614 0387 55       		.byte	0x55
 615 0388 97000000 		.4byte	0x97
 616 038c 00       		.byte	0
 617 038d 10       		.uleb128 0x10
 618 038e 63666700 		.ascii	"cfg\000"
 619 0392 07       		.byte	0x7
 620 0393 57       		.byte	0x57
 621 0394 D6030000 		.4byte	0x3d6
 622 0398 04       		.byte	0x4
 623 0399 0B       		.uleb128 0xb
 624 039a F3030000 		.4byte	.LASF68
 625 039e 07       		.byte	0x7
 626 039f 59       		.byte	0x59
 627 03a0 6E030000 		.4byte	0x36e
 628 03a4 08       		.byte	0x8
 629 03a5 0B       		.uleb128 0xb
 630 03a6 EA010000 		.4byte	.LASF69
 631 03aa 07       		.byte	0x7
 632 03ab 5B       		.byte	0x5b
 633 03ac ED020000 		.4byte	0x2ed
 634 03b0 0A       		.byte	0xa
 635 03b1 0B       		.uleb128 0xb
 636 03b2 50000000 		.4byte	.LASF70
 637 03b6 07       		.byte	0x7
 638 03b7 5D       		.byte	0x5d
 639 03b8 CF000000 		.4byte	0xcf
 640 03bc 0E       		.byte	0xe
 641 03bd 0B       		.uleb128 0xb
 642 03be 96020000 		.4byte	.LASF71
 643 03c2 07       		.byte	0x7
 644 03c3 61       		.byte	0x61
 645 03c4 89000000 		.4byte	0x89
 646 03c8 10       		.byte	0x10
 647 03c9 0B       		.uleb128 0xb
 648 03ca 74040000 		.4byte	.LASF72
 649 03ce 07       		.byte	0x7
 650 03cf 62       		.byte	0x62
 651 03d0 89000000 		.4byte	0x89
 652 03d4 14       		.byte	0x14
 653 03d5 00       		.byte	0
 654 03d6 06       		.uleb128 0x6
 655 03d7 04       		.byte	0x4
 656 03d8 DC030000 		.4byte	0x3dc
 657 03dc 14       		.uleb128 0x14
 658 03dd 48020000 		.4byte	0x248
 659 03e1 03       		.uleb128 0x3
 660 03e2 67010000 		.4byte	.LASF73
 661 03e6 07       		.byte	0x7
 662 03e7 63       		.byte	0x63
ARM GAS  C:\Users\r\AppData\Local\Temp\ccFJt38u.s 			page 14


 663 03e8 79030000 		.4byte	0x379
 664 03ec 0A       		.uleb128 0xa
 665 03ed B041     		.2byte	0x41b0
 666 03ef 07       		.byte	0x7
 667 03f0 65       		.byte	0x65
 668 03f1 86050000 		.4byte	0x586
 669 03f5 0B       		.uleb128 0xb
 670 03f6 EE000000 		.4byte	.LASF74
 671 03fa 07       		.byte	0x7
 672 03fb 67       		.byte	0x67
 673 03fc 86050000 		.4byte	0x586
 674 0400 00       		.byte	0
 675 0401 0B       		.uleb128 0xb
 676 0402 64000000 		.4byte	.LASF75
 677 0406 07       		.byte	0x7
 678 0407 68       		.byte	0x68
 679 0408 96050000 		.4byte	0x596
 680 040c 60       		.byte	0x60
 681 040d 0B       		.uleb128 0xb
 682 040e 8C030000 		.4byte	.LASF76
 683 0412 07       		.byte	0x7
 684 0413 69       		.byte	0x69
 685 0414 C1020000 		.4byte	0x2c1
 686 0418 64       		.byte	0x64
 687 0419 0C       		.uleb128 0xc
 688 041a A5010000 		.4byte	.LASF77
 689 041e 07       		.byte	0x7
 690 041f 6E       		.byte	0x6e
 691 0420 89000000 		.4byte	0x89
 692 0424 6401     		.2byte	0x164
 693 0426 0C       		.uleb128 0xc
 694 0427 39010000 		.4byte	.LASF78
 695 042b 07       		.byte	0x7
 696 042c 71       		.byte	0x71
 697 042d 9C050000 		.4byte	0x59c
 698 0431 6801     		.2byte	0x168
 699 0433 0C       		.uleb128 0xc
 700 0434 81020000 		.4byte	.LASF79
 701 0438 07       		.byte	0x7
 702 0439 74       		.byte	0x74
 703 043a 9C050000 		.4byte	0x59c
 704 043e 6C01     		.2byte	0x16c
 705 0440 0C       		.uleb128 0xc
 706 0441 A5030000 		.4byte	.LASF80
 707 0445 07       		.byte	0x7
 708 0446 77       		.byte	0x77
 709 0447 89000000 		.4byte	0x89
 710 044b 7001     		.2byte	0x170
 711 044d 0C       		.uleb128 0xc
 712 044e 53040000 		.4byte	.LASF81
 713 0452 07       		.byte	0x7
 714 0453 79       		.byte	0x79
 715 0454 9C050000 		.4byte	0x59c
 716 0458 7401     		.2byte	0x174
 717 045a 0C       		.uleb128 0xc
 718 045b AB000000 		.4byte	.LASF82
 719 045f 07       		.byte	0x7
ARM GAS  C:\Users\r\AppData\Local\Temp\ccFJt38u.s 			page 15


 720 0460 7B       		.byte	0x7b
 721 0461 89000000 		.4byte	0x89
 722 0465 7801     		.2byte	0x178
 723 0467 0C       		.uleb128 0xc
 724 0468 4B000000 		.4byte	.LASF83
 725 046c 07       		.byte	0x7
 726 046d 7D       		.byte	0x7d
 727 046e A1050000 		.4byte	0x5a1
 728 0472 7C01     		.2byte	0x17c
 729 0474 0C       		.uleb128 0xc
 730 0475 0E030000 		.4byte	.LASF84
 731 0479 07       		.byte	0x7
 732 047a 7E       		.byte	0x7e
 733 047b 89000000 		.4byte	0x89
 734 047f 7C41     		.2byte	0x417c
 735 0481 0C       		.uleb128 0xc
 736 0482 12000000 		.4byte	.LASF85
 737 0486 07       		.byte	0x7
 738 0487 7F       		.byte	0x7f
 739 0488 89000000 		.4byte	0x89
 740 048c 8041     		.2byte	0x4180
 741 048e 0C       		.uleb128 0xc
 742 048f 26000000 		.4byte	.LASF86
 743 0493 07       		.byte	0x7
 744 0494 80       		.byte	0x80
 745 0495 89000000 		.4byte	0x89
 746 0499 8441     		.2byte	0x4184
 747 049b 0D       		.uleb128 0xd
 748 049c 63646200 		.ascii	"cdb\000"
 749 04a0 07       		.byte	0x7
 750 04a1 82       		.byte	0x82
 751 04a2 B2050000 		.4byte	0x5b2
 752 04a6 8841     		.2byte	0x4188
 753 04a8 0C       		.uleb128 0xc
 754 04a9 0B010000 		.4byte	.LASF87
 755 04ad 07       		.byte	0x7
 756 04ae 83       		.byte	0x83
 757 04af C3000000 		.4byte	0xc3
 758 04b3 9441     		.2byte	0x4194
 759 04b5 0D       		.uleb128 0xd
 760 04b6 6C756E00 		.ascii	"lun\000"
 761 04ba 07       		.byte	0x7
 762 04bb 84       		.byte	0x84
 763 04bc DB000000 		.4byte	0xdb
 764 04c0 9541     		.2byte	0x4195
 765 04c2 0C       		.uleb128 0xc
 766 04c3 4A040000 		.4byte	.LASF88
 767 04c7 07       		.byte	0x7
 768 04c8 85       		.byte	0x85
 769 04c9 C3000000 		.4byte	0xc3
 770 04cd 9641     		.2byte	0x4196
 771 04cf 0C       		.uleb128 0xc
 772 04d0 F0010000 		.4byte	.LASF89
 773 04d4 07       		.byte	0x7
 774 04d5 86       		.byte	0x86
 775 04d6 97000000 		.4byte	0x97
 776 04da 9741     		.2byte	0x4197
ARM GAS  C:\Users\r\AppData\Local\Temp\ccFJt38u.s 			page 16


 777 04dc 0C       		.uleb128 0xc
 778 04dd C3030000 		.4byte	.LASF90
 779 04e1 07       		.byte	0x7
 780 04e2 8A       		.byte	0x8a
 781 04e3 89000000 		.4byte	0x89
 782 04e7 9841     		.2byte	0x4198
 783 04e9 0C       		.uleb128 0xc
 784 04ea 2E030000 		.4byte	.LASF91
 785 04ee 07       		.byte	0x7
 786 04ef 8E       		.byte	0x8e
 787 04f0 C3000000 		.4byte	0xc3
 788 04f4 9C41     		.2byte	0x419c
 789 04f6 0C       		.uleb128 0xc
 790 04f7 5E000000 		.4byte	.LASF92
 791 04fb 07       		.byte	0x7
 792 04fc 90       		.byte	0x90
 793 04fd C3000000 		.4byte	0xc3
 794 0501 9D41     		.2byte	0x419d
 795 0503 0C       		.uleb128 0xc
 796 0504 A4000000 		.4byte	.LASF93
 797 0508 07       		.byte	0x7
 798 0509 91       		.byte	0x91
 799 050a C3000000 		.4byte	0xc3
 800 050e 9E41     		.2byte	0x419e
 801 0510 0C       		.uleb128 0xc
 802 0511 2E000000 		.4byte	.LASF94
 803 0515 07       		.byte	0x7
 804 0516 93       		.byte	0x93
 805 0517 FC000000 		.4byte	0xfc
 806 051b A041     		.2byte	0x41a0
 807 051d 0C       		.uleb128 0xc
 808 051e 29020000 		.4byte	.LASF95
 809 0522 07       		.byte	0x7
 810 0523 95       		.byte	0x95
 811 0524 C3000000 		.4byte	0xc3
 812 0528 A441     		.2byte	0x41a4
 813 052a 0C       		.uleb128 0xc
 814 052b 73010000 		.4byte	.LASF96
 815 052f 07       		.byte	0x7
 816 0530 96       		.byte	0x96
 817 0531 C3000000 		.4byte	0xc3
 818 0535 A541     		.2byte	0x41a5
 819 0537 0C       		.uleb128 0xc
 820 0538 00000000 		.4byte	.LASF97
 821 053c 07       		.byte	0x7
 822 053d 97       		.byte	0x97
 823 053e C3000000 		.4byte	0xc3
 824 0542 A641     		.2byte	0x41a6
 825 0544 0C       		.uleb128 0xc
 826 0545 2E040000 		.4byte	.LASF98
 827 0549 07       		.byte	0x7
 828 054a 98       		.byte	0x98
 829 054b C3000000 		.4byte	0xc3
 830 054f A741     		.2byte	0x41a7
 831 0551 0C       		.uleb128 0xc
 832 0552 21050000 		.4byte	.LASF99
 833 0556 07       		.byte	0x7
ARM GAS  C:\Users\r\AppData\Local\Temp\ccFJt38u.s 			page 17


 834 0557 99       		.byte	0x99
 835 0558 C3000000 		.4byte	0xc3
 836 055c A841     		.2byte	0x41a8
 837 055e 0C       		.uleb128 0xc
 838 055f 5E030000 		.4byte	.LASF100
 839 0563 07       		.byte	0x7
 840 0564 9A       		.byte	0x9a
 841 0565 C3000000 		.4byte	0xc3
 842 0569 A941     		.2byte	0x41a9
 843 056b 0C       		.uleb128 0xc
 844 056c 16030000 		.4byte	.LASF101
 845 0570 07       		.byte	0x7
 846 0571 9B       		.byte	0x9b
 847 0572 C3000000 		.4byte	0xc3
 848 0576 AA41     		.2byte	0x41aa
 849 0578 0C       		.uleb128 0xc
 850 0579 5A040000 		.4byte	.LASF102
 851 057d 07       		.byte	0x7
 852 057e 9C       		.byte	0x9c
 853 057f A2000000 		.4byte	0xa2
 854 0583 AC41     		.2byte	0x41ac
 855 0585 00       		.byte	0
 856 0586 08       		.uleb128 0x8
 857 0587 E1030000 		.4byte	0x3e1
 858 058b 96050000 		.4byte	0x596
 859 058f 09       		.uleb128 0x9
 860 0590 0A010000 		.4byte	0x10a
 861 0594 03       		.byte	0x3
 862 0595 00       		.byte	0
 863 0596 06       		.uleb128 0x6
 864 0597 04       		.byte	0x4
 865 0598 E1030000 		.4byte	0x3e1
 866 059c 15       		.uleb128 0x15
 867 059d 89000000 		.4byte	0x89
 868 05a1 08       		.uleb128 0x8
 869 05a2 C3000000 		.4byte	0xc3
 870 05a6 B2050000 		.4byte	0x5b2
 871 05aa 0E       		.uleb128 0xe
 872 05ab 0A010000 		.4byte	0x10a
 873 05af FF3F     		.2byte	0x3fff
 874 05b1 00       		.byte	0
 875 05b2 08       		.uleb128 0x8
 876 05b3 C3000000 		.4byte	0xc3
 877 05b7 C2050000 		.4byte	0x5c2
 878 05bb 09       		.uleb128 0x9
 879 05bc 0A010000 		.4byte	0x10a
 880 05c0 0B       		.byte	0xb
 881 05c1 00       		.byte	0
 882 05c2 03       		.uleb128 0x3
 883 05c3 FB030000 		.4byte	.LASF103
 884 05c7 07       		.byte	0x7
 885 05c8 9D       		.byte	0x9d
 886 05c9 EC030000 		.4byte	0x3ec
 887 05cd 16       		.uleb128 0x16
 888 05ce F7020000 		.4byte	.LASF111
 889 05d2 01       		.byte	0x1
 890 05d3 18       		.byte	0x18
ARM GAS  C:\Users\r\AppData\Local\Temp\ccFJt38u.s 			page 18


 891 05d4 00000000 		.4byte	.LFB64
 892 05d8 18000000 		.4byte	.LFE64-.LFB64
 893 05dc 01       		.uleb128 0x1
 894 05dd 9C       		.byte	0x9c
 895 05de 17       		.uleb128 0x17
 896 05df 11040000 		.4byte	.LASF112
 897 05e3 01       		.byte	0x1
 898 05e4 1D       		.byte	0x1d
 899 05e5 89000000 		.4byte	0x89
 900 05e9 00000000 		.4byte	.LFB65
 901 05ed 84000000 		.4byte	.LFE65-.LFB65
 902 05f1 01       		.uleb128 0x1
 903 05f2 9C       		.byte	0x9c
 904 05f3 14060000 		.4byte	0x614
 905 05f7 18       		.uleb128 0x18
 906 05f8 58010000 		.4byte	.LASF104
 907 05fc 01       		.byte	0x1
 908 05fd 1F       		.byte	0x1f
 909 05fe 89000000 		.4byte	0x89
 910 0602 02       		.uleb128 0x2
 911 0603 91       		.byte	0x91
 912 0604 74       		.sleb128 -12
 913 0605 18       		.uleb128 0x18
 914 0606 35050000 		.4byte	.LASF105
 915 060a 01       		.byte	0x1
 916 060b 21       		.byte	0x21
 917 060c C3000000 		.4byte	0xc3
 918 0610 02       		.uleb128 0x2
 919 0611 91       		.byte	0x91
 920 0612 73       		.sleb128 -13
 921 0613 00       		.byte	0
 922 0614 19       		.uleb128 0x19
 923 0615 67040000 		.4byte	.LASF106
 924 0619 08       		.byte	0x8
 925 061a 1207     		.2byte	0x712
 926 061c 20060000 		.4byte	0x620
 927 0620 15       		.uleb128 0x15
 928 0621 AD000000 		.4byte	0xad
 929 0625 1A       		.uleb128 0x1a
 930 0626 EF020000 		.4byte	.LASF107
 931 062a 07       		.byte	0x7
 932 062b 9F       		.byte	0x9f
 933 062c C2050000 		.4byte	0x5c2
 934 0630 00       		.byte	0
 935              		.section	.debug_abbrev,"",%progbits
 936              	.Ldebug_abbrev0:
 937 0000 01       		.uleb128 0x1
 938 0001 11       		.uleb128 0x11
 939 0002 01       		.byte	0x1
 940 0003 25       		.uleb128 0x25
 941 0004 0E       		.uleb128 0xe
 942 0005 13       		.uleb128 0x13
 943 0006 0B       		.uleb128 0xb
 944 0007 03       		.uleb128 0x3
 945 0008 0E       		.uleb128 0xe
 946 0009 1B       		.uleb128 0x1b
 947 000a 0E       		.uleb128 0xe
ARM GAS  C:\Users\r\AppData\Local\Temp\ccFJt38u.s 			page 19


 948 000b 55       		.uleb128 0x55
 949 000c 17       		.uleb128 0x17
 950 000d 11       		.uleb128 0x11
 951 000e 01       		.uleb128 0x1
 952 000f 10       		.uleb128 0x10
 953 0010 17       		.uleb128 0x17
 954 0011 00       		.byte	0
 955 0012 00       		.byte	0
 956 0013 02       		.uleb128 0x2
 957 0014 24       		.uleb128 0x24
 958 0015 00       		.byte	0
 959 0016 0B       		.uleb128 0xb
 960 0017 0B       		.uleb128 0xb
 961 0018 3E       		.uleb128 0x3e
 962 0019 0B       		.uleb128 0xb
 963 001a 03       		.uleb128 0x3
 964 001b 0E       		.uleb128 0xe
 965 001c 00       		.byte	0
 966 001d 00       		.byte	0
 967 001e 03       		.uleb128 0x3
 968 001f 16       		.uleb128 0x16
 969 0020 00       		.byte	0
 970 0021 03       		.uleb128 0x3
 971 0022 0E       		.uleb128 0xe
 972 0023 3A       		.uleb128 0x3a
 973 0024 0B       		.uleb128 0xb
 974 0025 3B       		.uleb128 0x3b
 975 0026 0B       		.uleb128 0xb
 976 0027 49       		.uleb128 0x49
 977 0028 13       		.uleb128 0x13
 978 0029 00       		.byte	0
 979 002a 00       		.byte	0
 980 002b 04       		.uleb128 0x4
 981 002c 24       		.uleb128 0x24
 982 002d 00       		.byte	0
 983 002e 0B       		.uleb128 0xb
 984 002f 0B       		.uleb128 0xb
 985 0030 3E       		.uleb128 0x3e
 986 0031 0B       		.uleb128 0xb
 987 0032 03       		.uleb128 0x3
 988 0033 08       		.uleb128 0x8
 989 0034 00       		.byte	0
 990 0035 00       		.byte	0
 991 0036 05       		.uleb128 0x5
 992 0037 16       		.uleb128 0x16
 993 0038 00       		.byte	0
 994 0039 03       		.uleb128 0x3
 995 003a 0E       		.uleb128 0xe
 996 003b 3A       		.uleb128 0x3a
 997 003c 0B       		.uleb128 0xb
 998 003d 3B       		.uleb128 0x3b
 999 003e 05       		.uleb128 0x5
 1000 003f 49       		.uleb128 0x49
 1001 0040 13       		.uleb128 0x13
 1002 0041 00       		.byte	0
 1003 0042 00       		.byte	0
 1004 0043 06       		.uleb128 0x6
ARM GAS  C:\Users\r\AppData\Local\Temp\ccFJt38u.s 			page 20


 1005 0044 0F       		.uleb128 0xf
 1006 0045 00       		.byte	0
 1007 0046 0B       		.uleb128 0xb
 1008 0047 0B       		.uleb128 0xb
 1009 0048 49       		.uleb128 0x49
 1010 0049 13       		.uleb128 0x13
 1011 004a 00       		.byte	0
 1012 004b 00       		.byte	0
 1013 004c 07       		.uleb128 0x7
 1014 004d 15       		.uleb128 0x15
 1015 004e 00       		.byte	0
 1016 004f 27       		.uleb128 0x27
 1017 0050 19       		.uleb128 0x19
 1018 0051 00       		.byte	0
 1019 0052 00       		.byte	0
 1020 0053 08       		.uleb128 0x8
 1021 0054 01       		.uleb128 0x1
 1022 0055 01       		.byte	0x1
 1023 0056 49       		.uleb128 0x49
 1024 0057 13       		.uleb128 0x13
 1025 0058 01       		.uleb128 0x1
 1026 0059 13       		.uleb128 0x13
 1027 005a 00       		.byte	0
 1028 005b 00       		.byte	0
 1029 005c 09       		.uleb128 0x9
 1030 005d 21       		.uleb128 0x21
 1031 005e 00       		.byte	0
 1032 005f 49       		.uleb128 0x49
 1033 0060 13       		.uleb128 0x13
 1034 0061 2F       		.uleb128 0x2f
 1035 0062 0B       		.uleb128 0xb
 1036 0063 00       		.byte	0
 1037 0064 00       		.byte	0
 1038 0065 0A       		.uleb128 0xa
 1039 0066 13       		.uleb128 0x13
 1040 0067 01       		.byte	0x1
 1041 0068 0B       		.uleb128 0xb
 1042 0069 05       		.uleb128 0x5
 1043 006a 3A       		.uleb128 0x3a
 1044 006b 0B       		.uleb128 0xb
 1045 006c 3B       		.uleb128 0x3b
 1046 006d 0B       		.uleb128 0xb
 1047 006e 01       		.uleb128 0x1
 1048 006f 13       		.uleb128 0x13
 1049 0070 00       		.byte	0
 1050 0071 00       		.byte	0
 1051 0072 0B       		.uleb128 0xb
 1052 0073 0D       		.uleb128 0xd
 1053 0074 00       		.byte	0
 1054 0075 03       		.uleb128 0x3
 1055 0076 0E       		.uleb128 0xe
 1056 0077 3A       		.uleb128 0x3a
 1057 0078 0B       		.uleb128 0xb
 1058 0079 3B       		.uleb128 0x3b
 1059 007a 0B       		.uleb128 0xb
 1060 007b 49       		.uleb128 0x49
 1061 007c 13       		.uleb128 0x13
ARM GAS  C:\Users\r\AppData\Local\Temp\ccFJt38u.s 			page 21


 1062 007d 38       		.uleb128 0x38
 1063 007e 0B       		.uleb128 0xb
 1064 007f 00       		.byte	0
 1065 0080 00       		.byte	0
 1066 0081 0C       		.uleb128 0xc
 1067 0082 0D       		.uleb128 0xd
 1068 0083 00       		.byte	0
 1069 0084 03       		.uleb128 0x3
 1070 0085 0E       		.uleb128 0xe
 1071 0086 3A       		.uleb128 0x3a
 1072 0087 0B       		.uleb128 0xb
 1073 0088 3B       		.uleb128 0x3b
 1074 0089 0B       		.uleb128 0xb
 1075 008a 49       		.uleb128 0x49
 1076 008b 13       		.uleb128 0x13
 1077 008c 38       		.uleb128 0x38
 1078 008d 05       		.uleb128 0x5
 1079 008e 00       		.byte	0
 1080 008f 00       		.byte	0
 1081 0090 0D       		.uleb128 0xd
 1082 0091 0D       		.uleb128 0xd
 1083 0092 00       		.byte	0
 1084 0093 03       		.uleb128 0x3
 1085 0094 08       		.uleb128 0x8
 1086 0095 3A       		.uleb128 0x3a
 1087 0096 0B       		.uleb128 0xb
 1088 0097 3B       		.uleb128 0x3b
 1089 0098 0B       		.uleb128 0xb
 1090 0099 49       		.uleb128 0x49
 1091 009a 13       		.uleb128 0x13
 1092 009b 38       		.uleb128 0x38
 1093 009c 05       		.uleb128 0x5
 1094 009d 00       		.byte	0
 1095 009e 00       		.byte	0
 1096 009f 0E       		.uleb128 0xe
 1097 00a0 21       		.uleb128 0x21
 1098 00a1 00       		.byte	0
 1099 00a2 49       		.uleb128 0x49
 1100 00a3 13       		.uleb128 0x13
 1101 00a4 2F       		.uleb128 0x2f
 1102 00a5 05       		.uleb128 0x5
 1103 00a6 00       		.byte	0
 1104 00a7 00       		.byte	0
 1105 00a8 0F       		.uleb128 0xf
 1106 00a9 13       		.uleb128 0x13
 1107 00aa 01       		.byte	0x1
 1108 00ab 0B       		.uleb128 0xb
 1109 00ac 0B       		.uleb128 0xb
 1110 00ad 3A       		.uleb128 0x3a
 1111 00ae 0B       		.uleb128 0xb
 1112 00af 3B       		.uleb128 0x3b
 1113 00b0 0B       		.uleb128 0xb
 1114 00b1 01       		.uleb128 0x1
 1115 00b2 13       		.uleb128 0x13
 1116 00b3 00       		.byte	0
 1117 00b4 00       		.byte	0
 1118 00b5 10       		.uleb128 0x10
ARM GAS  C:\Users\r\AppData\Local\Temp\ccFJt38u.s 			page 22


 1119 00b6 0D       		.uleb128 0xd
 1120 00b7 00       		.byte	0
 1121 00b8 03       		.uleb128 0x3
 1122 00b9 08       		.uleb128 0x8
 1123 00ba 3A       		.uleb128 0x3a
 1124 00bb 0B       		.uleb128 0xb
 1125 00bc 3B       		.uleb128 0x3b
 1126 00bd 0B       		.uleb128 0xb
 1127 00be 49       		.uleb128 0x49
 1128 00bf 13       		.uleb128 0x13
 1129 00c0 38       		.uleb128 0x38
 1130 00c1 0B       		.uleb128 0xb
 1131 00c2 00       		.byte	0
 1132 00c3 00       		.byte	0
 1133 00c4 11       		.uleb128 0x11
 1134 00c5 04       		.uleb128 0x4
 1135 00c6 01       		.byte	0x1
 1136 00c7 0B       		.uleb128 0xb
 1137 00c8 0B       		.uleb128 0xb
 1138 00c9 49       		.uleb128 0x49
 1139 00ca 13       		.uleb128 0x13
 1140 00cb 3A       		.uleb128 0x3a
 1141 00cc 0B       		.uleb128 0xb
 1142 00cd 3B       		.uleb128 0x3b
 1143 00ce 0B       		.uleb128 0xb
 1144 00cf 01       		.uleb128 0x1
 1145 00d0 13       		.uleb128 0x13
 1146 00d1 00       		.byte	0
 1147 00d2 00       		.byte	0
 1148 00d3 12       		.uleb128 0x12
 1149 00d4 28       		.uleb128 0x28
 1150 00d5 00       		.byte	0
 1151 00d6 03       		.uleb128 0x3
 1152 00d7 0E       		.uleb128 0xe
 1153 00d8 1C       		.uleb128 0x1c
 1154 00d9 0B       		.uleb128 0xb
 1155 00da 00       		.byte	0
 1156 00db 00       		.byte	0
 1157 00dc 13       		.uleb128 0x13
 1158 00dd 28       		.uleb128 0x28
 1159 00de 00       		.byte	0
 1160 00df 03       		.uleb128 0x3
 1161 00e0 0E       		.uleb128 0xe
 1162 00e1 1C       		.uleb128 0x1c
 1163 00e2 0D       		.uleb128 0xd
 1164 00e3 00       		.byte	0
 1165 00e4 00       		.byte	0
 1166 00e5 14       		.uleb128 0x14
 1167 00e6 26       		.uleb128 0x26
 1168 00e7 00       		.byte	0
 1169 00e8 49       		.uleb128 0x49
 1170 00e9 13       		.uleb128 0x13
 1171 00ea 00       		.byte	0
 1172 00eb 00       		.byte	0
 1173 00ec 15       		.uleb128 0x15
 1174 00ed 35       		.uleb128 0x35
 1175 00ee 00       		.byte	0
ARM GAS  C:\Users\r\AppData\Local\Temp\ccFJt38u.s 			page 23


 1176 00ef 49       		.uleb128 0x49
 1177 00f0 13       		.uleb128 0x13
 1178 00f1 00       		.byte	0
 1179 00f2 00       		.byte	0
 1180 00f3 16       		.uleb128 0x16
 1181 00f4 2E       		.uleb128 0x2e
 1182 00f5 00       		.byte	0
 1183 00f6 03       		.uleb128 0x3
 1184 00f7 0E       		.uleb128 0xe
 1185 00f8 3A       		.uleb128 0x3a
 1186 00f9 0B       		.uleb128 0xb
 1187 00fa 3B       		.uleb128 0x3b
 1188 00fb 0B       		.uleb128 0xb
 1189 00fc 27       		.uleb128 0x27
 1190 00fd 19       		.uleb128 0x19
 1191 00fe 11       		.uleb128 0x11
 1192 00ff 01       		.uleb128 0x1
 1193 0100 12       		.uleb128 0x12
 1194 0101 06       		.uleb128 0x6
 1195 0102 40       		.uleb128 0x40
 1196 0103 18       		.uleb128 0x18
 1197 0104 9742     		.uleb128 0x2117
 1198 0106 19       		.uleb128 0x19
 1199 0107 00       		.byte	0
 1200 0108 00       		.byte	0
 1201 0109 17       		.uleb128 0x17
 1202 010a 2E       		.uleb128 0x2e
 1203 010b 01       		.byte	0x1
 1204 010c 3F       		.uleb128 0x3f
 1205 010d 19       		.uleb128 0x19
 1206 010e 03       		.uleb128 0x3
 1207 010f 0E       		.uleb128 0xe
 1208 0110 3A       		.uleb128 0x3a
 1209 0111 0B       		.uleb128 0xb
 1210 0112 3B       		.uleb128 0x3b
 1211 0113 0B       		.uleb128 0xb
 1212 0114 27       		.uleb128 0x27
 1213 0115 19       		.uleb128 0x19
 1214 0116 49       		.uleb128 0x49
 1215 0117 13       		.uleb128 0x13
 1216 0118 11       		.uleb128 0x11
 1217 0119 01       		.uleb128 0x1
 1218 011a 12       		.uleb128 0x12
 1219 011b 06       		.uleb128 0x6
 1220 011c 40       		.uleb128 0x40
 1221 011d 18       		.uleb128 0x18
 1222 011e 9742     		.uleb128 0x2117
 1223 0120 19       		.uleb128 0x19
 1224 0121 01       		.uleb128 0x1
 1225 0122 13       		.uleb128 0x13
 1226 0123 00       		.byte	0
 1227 0124 00       		.byte	0
 1228 0125 18       		.uleb128 0x18
 1229 0126 34       		.uleb128 0x34
 1230 0127 00       		.byte	0
 1231 0128 03       		.uleb128 0x3
 1232 0129 0E       		.uleb128 0xe
ARM GAS  C:\Users\r\AppData\Local\Temp\ccFJt38u.s 			page 24


 1233 012a 3A       		.uleb128 0x3a
 1234 012b 0B       		.uleb128 0xb
 1235 012c 3B       		.uleb128 0x3b
 1236 012d 0B       		.uleb128 0xb
 1237 012e 49       		.uleb128 0x49
 1238 012f 13       		.uleb128 0x13
 1239 0130 02       		.uleb128 0x2
 1240 0131 18       		.uleb128 0x18
 1241 0132 00       		.byte	0
 1242 0133 00       		.byte	0
 1243 0134 19       		.uleb128 0x19
 1244 0135 34       		.uleb128 0x34
 1245 0136 00       		.byte	0
 1246 0137 03       		.uleb128 0x3
 1247 0138 0E       		.uleb128 0xe
 1248 0139 3A       		.uleb128 0x3a
 1249 013a 0B       		.uleb128 0xb
 1250 013b 3B       		.uleb128 0x3b
 1251 013c 05       		.uleb128 0x5
 1252 013d 49       		.uleb128 0x49
 1253 013e 13       		.uleb128 0x13
 1254 013f 3F       		.uleb128 0x3f
 1255 0140 19       		.uleb128 0x19
 1256 0141 3C       		.uleb128 0x3c
 1257 0142 19       		.uleb128 0x19
 1258 0143 00       		.byte	0
 1259 0144 00       		.byte	0
 1260 0145 1A       		.uleb128 0x1a
 1261 0146 34       		.uleb128 0x34
 1262 0147 00       		.byte	0
 1263 0148 03       		.uleb128 0x3
 1264 0149 0E       		.uleb128 0xe
 1265 014a 3A       		.uleb128 0x3a
 1266 014b 0B       		.uleb128 0xb
 1267 014c 3B       		.uleb128 0x3b
 1268 014d 0B       		.uleb128 0xb
 1269 014e 49       		.uleb128 0x49
 1270 014f 13       		.uleb128 0x13
 1271 0150 3F       		.uleb128 0x3f
 1272 0151 19       		.uleb128 0x19
 1273 0152 3C       		.uleb128 0x3c
 1274 0153 19       		.uleb128 0x19
 1275 0154 00       		.byte	0
 1276 0155 00       		.byte	0
 1277 0156 00       		.byte	0
 1278              		.section	.debug_aranges,"",%progbits
 1279 0000 24000000 		.4byte	0x24
 1280 0004 0200     		.2byte	0x2
 1281 0006 00000000 		.4byte	.Ldebug_info0
 1282 000a 04       		.byte	0x4
 1283 000b 00       		.byte	0
 1284 000c 0000     		.2byte	0
 1285 000e 0000     		.2byte	0
 1286 0010 00000000 		.4byte	.LFB64
 1287 0014 18000000 		.4byte	.LFE64-.LFB64
 1288 0018 00000000 		.4byte	.LFB65
 1289 001c 84000000 		.4byte	.LFE65-.LFB65
ARM GAS  C:\Users\r\AppData\Local\Temp\ccFJt38u.s 			page 25


 1290 0020 00000000 		.4byte	0
 1291 0024 00000000 		.4byte	0
 1292              		.section	.debug_ranges,"",%progbits
 1293              	.Ldebug_ranges0:
 1294 0000 00000000 		.4byte	.LFB64
 1295 0004 18000000 		.4byte	.LFE64
 1296 0008 00000000 		.4byte	.LFB65
 1297 000c 84000000 		.4byte	.LFE65
 1298 0010 00000000 		.4byte	0
 1299 0014 00000000 		.4byte	0
 1300              		.section	.debug_line,"",%progbits
 1301              	.Ldebug_line0:
 1302 0000 C0010000 		.section	.debug_str,"MS",%progbits,1
 1302      02008B01 
 1302      00000201 
 1302      FB0E0D00 
 1302      01010101 
 1303              	.LASF97:
 1304 0000 72737443 		.ascii	"rstCount\000"
 1304      6F756E74 
 1304      00
 1305              	.LASF56:
 1306 0009 4255535F 		.ascii	"BUS_BUSY\000"
 1306      42555359 
 1306      00
 1307              	.LASF85:
 1308 0012 73617665 		.ascii	"savedDataPtr\000"
 1308      64446174 
 1308      61507472 
 1308      00
 1309              	.LASF35:
 1310 001f 70726F64 		.ascii	"prodId\000"
 1310      496400
 1311              	.LASF86:
 1312 0026 64617461 		.ascii	"dataLen\000"
 1312      4C656E00 
 1313              	.LASF94:
 1314 002e 706F7374 		.ascii	"postDataOutHook\000"
 1314      44617461 
 1314      4F757448 
 1314      6F6F6B00 
 1315              	.LASF45:
 1316 003e 73746172 		.ascii	"startupDelay\000"
 1316      74757044 
 1316      656C6179 
 1316      00
 1317              	.LASF83:
 1318 004b 64617461 		.ascii	"data\000"
 1318      00
 1319              	.LASF70:
 1320 0050 756E6974 		.ascii	"unitAttention\000"
 1320      41747465 
 1320      6E74696F 
 1320      6E00
 1321              	.LASF92:
 1322 005e 6D736749 		.ascii	"msgIn\000"
 1322      6E00
ARM GAS  C:\Users\r\AppData\Local\Temp\ccFJt38u.s 			page 26


 1323              	.LASF75:
 1324 0064 74617267 		.ascii	"target\000"
 1324      657400
 1325              	.LASF2:
 1326 006b 73686F72 		.ascii	"short int\000"
 1326      7420696E 
 1326      7400
 1327              	.LASF31:
 1328 0075 62797465 		.ascii	"bytesPerSector\000"
 1328      73506572 
 1328      53656374 
 1328      6F7200
 1329              	.LASF32:
 1330 0084 73656374 		.ascii	"sectorsPerTrack\000"
 1330      6F727350 
 1330      65725472 
 1330      61636B00 
 1331              	.LASF24:
 1332 0094 73697A65 		.ascii	"sizetype\000"
 1332      74797065 
 1332      00
 1333              	.LASF47:
 1334 009d 666C6167 		.ascii	"flags6\000"
 1334      733600
 1335              	.LASF93:
 1336 00a4 6D73674F 		.ascii	"msgOut\000"
 1336      757400
 1337              	.LASF82:
 1338 00ab 70686173 		.ascii	"phase\000"
 1338      6500
 1339              	.LASF23:
 1340 00b1 6C6F6E67 		.ascii	"long double\000"
 1340      20646F75 
 1340      626C6500 
 1341              	.LASF8:
 1342 00bd 5F5F7569 		.ascii	"__uint32_t\000"
 1342      6E743332 
 1342      5F7400
 1343              	.LASF54:
 1344 00c8 5F5F7363 		.ascii	"__scsiphase_io\000"
 1344      73697068 
 1344      6173655F 
 1344      696F00
 1345              	.LASF4:
 1346 00d7 5F5F7569 		.ascii	"__uint16_t\000"
 1346      6E743136 
 1346      5F7400
 1347              	.LASF30:
 1348 00e2 73637369 		.ascii	"scsiSectors\000"
 1348      53656374 
 1348      6F727300 
 1349              	.LASF74:
 1350 00ee 74617267 		.ascii	"targets\000"
 1350      65747300 
 1351              	.LASF59:
 1352 00f6 52455345 		.ascii	"RESELECTION\000"
 1352      4C454354 
ARM GAS  C:\Users\r\AppData\Local\Temp\ccFJt38u.s 			page 27


 1352      494F4E00 
 1353              	.LASF39:
 1354 0102 72657365 		.ascii	"reserved\000"
 1354      72766564 
 1354      00
 1355              	.LASF87:
 1356 010b 6364624C 		.ascii	"cdbLen\000"
 1356      656E00
 1357              	.LASF18:
 1358 0112 75696E74 		.ascii	"uint16\000"
 1358      313600
 1359              	.LASF33:
 1360 0119 68656164 		.ascii	"headsPerCylinder\000"
 1360      73506572 
 1360      43796C69 
 1360      6E646572 
 1360      00
 1361              	.LASF48:
 1362 012a 73637369 		.ascii	"scsiSpeed\000"
 1362      53706565 
 1362      6400
 1363              	.LASF50:
 1364 0134 636F6465 		.ascii	"code\000"
 1364      00
 1365              	.LASF78:
 1366 0139 72657365 		.ascii	"resetFlag\000"
 1366      74466C61 
 1366      6700
 1367              	.LASF16:
 1368 0143 75696E74 		.ascii	"uint32_t\000"
 1368      33325F74 
 1368      00
 1369              	.LASF57:
 1370 014c 41524249 		.ascii	"ARBITRATION\000"
 1370      54524154 
 1370      494F4E00 
 1371              	.LASF104:
 1372 0158 636F6D6D 		.ascii	"commandHandled\000"
 1372      616E6448 
 1372      616E646C 
 1372      656400
 1373              	.LASF73:
 1374 0167 54617267 		.ascii	"TargetState\000"
 1374      65745374 
 1374      61746500 
 1375              	.LASF96:
 1376 0173 73656C43 		.ascii	"selCount\000"
 1376      6F756E74 
 1376      00
 1377              	.LASF20:
 1378 017c 666C6F61 		.ascii	"float\000"
 1378      7400
 1379              	.LASF34:
 1380 0182 76656E64 		.ascii	"vendor\000"
 1380      6F7200
 1381              	.LASF10:
 1382 0189 6C6F6E67 		.ascii	"long long int\000"
ARM GAS  C:\Users\r\AppData\Local\Temp\ccFJt38u.s 			page 28


 1382      206C6F6E 
 1382      6720696E 
 1382      7400
 1383              	.LASF19:
 1384 0197 696E7438 		.ascii	"int8\000"
 1384      00
 1385              	.LASF55:
 1386 019c 4255535F 		.ascii	"BUS_FREE\000"
 1386      46524545 
 1386      00
 1387              	.LASF77:
 1388 01a5 61746E46 		.ascii	"atnFlag\000"
 1388      6C616700 
 1389              	.LASF61:
 1390 01ad 434F4D4D 		.ascii	"COMMAND\000"
 1390      414E4400 
 1391              	.LASF60:
 1392 01b5 53544154 		.ascii	"STATUS\000"
 1392      555300
 1393              	.LASF7:
 1394 01bc 6C6F6E67 		.ascii	"long int\000"
 1394      20696E74 
 1394      00
 1395              	.LASF43:
 1396 01c5 6D616769 		.ascii	"magic\000"
 1396      6300
 1397              	.LASF49:
 1398 01cb 426F6172 		.ascii	"BoardConfig\000"
 1398      64436F6E 
 1398      66696700 
 1399              	.LASF36:
 1400 01d7 72657669 		.ascii	"revision\000"
 1400      73696F6E 
 1400      00
 1401              	.LASF3:
 1402 01e0 5F5F7569 		.ascii	"__uint8_t\000"
 1402      6E74385F 
 1402      7400
 1403              	.LASF69:
 1404 01ea 73656E73 		.ascii	"sense\000"
 1404      6500
 1405              	.LASF89:
 1406 01f0 636F6D70 		.ascii	"compatMode\000"
 1406      61744D6F 
 1406      646500
 1407              	.LASF52:
 1408 01fb 5F5F7363 		.ascii	"__scsiphase_msg\000"
 1408      73697068 
 1408      6173655F 
 1408      6D736700 
 1409              	.LASF13:
 1410 020b 75696E74 		.ascii	"uint8_t\000"
 1410      385F7400 
 1411              	.LASF66:
 1412 0213 4C697665 		.ascii	"LiveCfg\000"
 1412      43666700 
 1413              	.LASF1:
ARM GAS  C:\Users\r\AppData\Local\Temp\ccFJt38u.s 			page 29


 1414 021b 756E7369 		.ascii	"unsigned char\000"
 1414      676E6564 
 1414      20636861 
 1414      7200
 1415              	.LASF95:
 1416 0229 636D6443 		.ascii	"cmdCount\000"
 1416      6F756E74 
 1416      00
 1417              	.LASF6:
 1418 0232 5F5F696E 		.ascii	"__int32_t\000"
 1418      7433325F 
 1418      7400
 1419              	.LASF53:
 1420 023c 5F5F7363 		.ascii	"__scsiphase_cd\000"
 1420      73697068 
 1420      6173655F 
 1420      636400
 1421              	.LASF0:
 1422 024b 7369676E 		.ascii	"signed char\000"
 1422      65642063 
 1422      68617200 
 1423              	.LASF44:
 1424 0257 666C6167 		.ascii	"flags\000"
 1424      7300
 1425              	.LASF11:
 1426 025d 6C6F6E67 		.ascii	"long long unsigned int\000"
 1426      206C6F6E 
 1426      6720756E 
 1426      7369676E 
 1426      65642069 
 1427              	.LASF42:
 1428 0274 54617267 		.ascii	"TargetConfig\000"
 1428      6574436F 
 1428      6E666967 
 1428      00
 1429              	.LASF79:
 1430 0281 73656C46 		.ascii	"selFlag\000"
 1430      6C616700 
 1431              	.LASF12:
 1432 0289 756E7369 		.ascii	"unsigned int\000"
 1432      676E6564 
 1432      20696E74 
 1432      00
 1433              	.LASF71:
 1434 0296 72657365 		.ascii	"reservedId\000"
 1434      72766564 
 1434      496400
 1435              	.LASF14:
 1436 02a1 75696E74 		.ascii	"uint16_t\000"
 1436      31365F74 
 1436      00
 1437              	.LASF110:
 1438 02aa 433A5C55 		.ascii	"C:\\Users\\r\\Documents\\Data Sheets\\apple\\SCSI2S"
 1438      73657273 
 1438      5C725C44 
 1438      6F63756D 
 1438      656E7473 
ARM GAS  C:\Users\r\AppData\Local\Temp\ccFJt38u.s 			page 30


 1439 02d7 445C5343 		.ascii	"D\\SCSI2SD_Copy_01.cydsn\000"
 1439      53493253 
 1439      445F436F 
 1439      70795F30 
 1439      312E6379 
 1440              	.LASF107:
 1441 02ef 73637369 		.ascii	"scsiDev\000"
 1441      44657600 
 1442              	.LASF111:
 1443 02f7 646F4173 		.ascii	"doAssignDiskParameters\000"
 1443      7369676E 
 1443      4469736B 
 1443      50617261 
 1443      6D657465 
 1444              	.LASF84:
 1445 030e 64617461 		.ascii	"dataPtr\000"
 1445      50747200 
 1446              	.LASF101:
 1447 0316 6C617374 		.ascii	"lastSense\000"
 1447      53656E73 
 1447      6500
 1448              	.LASF29:
 1449 0320 73645365 		.ascii	"sdSectorStart\000"
 1449      63746F72 
 1449      53746172 
 1449      7400
 1450              	.LASF91:
 1451 032e 73746174 		.ascii	"status\000"
 1451      757300
 1452              	.LASF5:
 1453 0335 73686F72 		.ascii	"short unsigned int\000"
 1453      7420756E 
 1453      7369676E 
 1453      65642069 
 1453      6E7400
 1454              	.LASF46:
 1455 0348 73656C65 		.ascii	"selectionDelay\000"
 1455      6374696F 
 1455      6E44656C 
 1455      617900
 1456              	.LASF38:
 1457 0357 71756972 		.ascii	"quirks\000"
 1457      6B7300
 1458              	.LASF100:
 1459 035e 6C617374 		.ascii	"lastStatus\000"
 1459      53746174 
 1459      757300
 1460              	.LASF22:
 1461 0369 63686172 		.ascii	"char\000"
 1461      00
 1462              	.LASF67:
 1463 036e 74617267 		.ascii	"targetId\000"
 1463      65744964 
 1463      00
 1464              	.LASF15:
 1465 0377 696E7433 		.ascii	"int32_t\000"
 1465      325F7400 
ARM GAS  C:\Users\r\AppData\Local\Temp\ccFJt38u.s 			page 31


 1466              	.LASF37:
 1467 037f 73657269 		.ascii	"serial\000"
 1467      616C00
 1468              	.LASF17:
 1469 0386 75696E74 		.ascii	"uint8\000"
 1469      3800
 1470              	.LASF76:
 1471 038c 626F6172 		.ascii	"boardCfg\000"
 1471      64436667 
 1471      00
 1472              	.LASF27:
 1473 0395 666C6167 		.ascii	"flagsDEPRECATED\000"
 1473      73444550 
 1473      52454341 
 1473      54454400 
 1474              	.LASF80:
 1475 03a5 70617269 		.ascii	"parityError\000"
 1475      74794572 
 1475      726F7200 
 1476              	.LASF9:
 1477 03b1 6C6F6E67 		.ascii	"long unsigned int\000"
 1477      20756E73 
 1477      69676E65 
 1477      6420696E 
 1477      7400
 1478              	.LASF90:
 1479 03c3 696E6974 		.ascii	"initiatorId\000"
 1479      6961746F 
 1479      72496400 
 1480              	.LASF25:
 1481 03cf 73637369 		.ascii	"scsiId\000"
 1481      496400
 1482              	.LASF58:
 1483 03d6 53454C45 		.ascii	"SELECTION\000"
 1483      4354494F 
 1483      4E00
 1484              	.LASF109:
 1485 03e0 2E2E5C2E 		.ascii	"..\\..\\src\\vendor.c\000"
 1485      2E5C7372 
 1485      635C7665 
 1485      6E646F72 
 1485      2E6300
 1486              	.LASF68:
 1487 03f3 6C697665 		.ascii	"liveCfg\000"
 1487      43666700 
 1488              	.LASF103:
 1489 03fb 53637369 		.ascii	"ScsiDevice\000"
 1489      44657669 
 1489      636500
 1490              	.LASF64:
 1491 0406 4D455353 		.ascii	"MESSAGE_IN\000"
 1491      4147455F 
 1491      494E00
 1492              	.LASF112:
 1493 0411 73637369 		.ascii	"scsiVendorCommand\000"
 1493      56656E64 
 1493      6F72436F 
ARM GAS  C:\Users\r\AppData\Local\Temp\ccFJt38u.s 			page 32


 1493      6D6D616E 
 1493      6400
 1494              	.LASF26:
 1495 0423 64657669 		.ascii	"deviceType\000"
 1495      63655479 
 1495      706500
 1496              	.LASF98:
 1497 042e 6D736743 		.ascii	"msgCount\000"
 1497      6F756E74 
 1497      00
 1498              	.LASF21:
 1499 0437 646F7562 		.ascii	"double\000"
 1499      6C6500
 1500              	.LASF65:
 1501 043e 4D455353 		.ascii	"MESSAGE_OUT\000"
 1501      4147455F 
 1501      4F555400 
 1502              	.LASF88:
 1503 044a 64697363 		.ascii	"discPriv\000"
 1503      50726976 
 1503      00
 1504              	.LASF81:
 1505 0453 73656C44 		.ascii	"selDBX\000"
 1505      425800
 1506              	.LASF102:
 1507 045a 6C617374 		.ascii	"lastSenseASC\000"
 1507      53656E73 
 1507      65415343 
 1507      00
 1508              	.LASF106:
 1509 0467 49544D5F 		.ascii	"ITM_RxBuffer\000"
 1509      52784275 
 1509      66666572 
 1509      00
 1510              	.LASF72:
 1511 0474 72657365 		.ascii	"reserverId\000"
 1511      72766572 
 1511      496400
 1512              	.LASF40:
 1513 047f 6D6F6465 		.ascii	"modePages\000"
 1513      50616765 
 1513      7300
 1514              	.LASF51:
 1515 0489 53637369 		.ascii	"ScsiSense\000"
 1515      53656E73 
 1515      6500
 1516              	.LASF108:
 1517 0493 474E5520 		.ascii	"GNU C11 5.4.1 20160609 (release) [ARM/embedded-5-br"
 1517      43313120 
 1517      352E342E 
 1517      31203230 
 1517      31363036 
 1518 04c6 616E6368 		.ascii	"anch revision 237715] -mcpu=cortex-m3 -mthumb -g -O"
 1518      20726576 
 1518      6973696F 
 1518      6E203233 
 1518      37373135 
ARM GAS  C:\Users\r\AppData\Local\Temp\ccFJt38u.s 			page 33


 1519 04f9 30202D66 		.ascii	"0 -ffunction-sections -ffat-lto-objects\000"
 1519      66756E63 
 1519      74696F6E 
 1519      2D736563 
 1519      74696F6E 
 1520              	.LASF99:
 1521 0521 77617463 		.ascii	"watchdogTick\000"
 1521      68646F67 
 1521      5469636B 
 1521      00
 1522              	.LASF41:
 1523 052e 756E7573 		.ascii	"unused\000"
 1523      656400
 1524              	.LASF105:
 1525 0535 636F6D6D 		.ascii	"command\000"
 1525      616E6400 
 1526              	.LASF63:
 1527 053d 44415441 		.ascii	"DATA_OUT\000"
 1527      5F4F5554 
 1527      00
 1528              	.LASF28:
 1529 0546 64657669 		.ascii	"deviceTypeModifier\000"
 1529      63655479 
 1529      70654D6F 
 1529      64696669 
 1529      657200
 1530              	.LASF62:
 1531 0559 44415441 		.ascii	"DATA_IN\000"
 1531      5F494E00 
 1532              		.ident	"GCC: (GNU Tools for ARM Embedded Processors) 5.4.1 20160609 (release) [ARM/embedded-5-bran
